2025-11-20 18:43:37.883 [info] [main] Log level: Info
2025-11-20 18:43:37.883 [info] [main] Validating found git in: "git"
2025-11-20 18:43:37.883 [info] [main] Using git "2.43.0" from "git"
2025-11-20 18:43:37.883 [info] [Model][doInitialScan] Initial repository scan started
2025-11-20 18:43:37.883 [info] > git rev-parse --show-toplevel [8ms]
2025-11-20 18:43:37.883 [info] > git rev-parse --git-dir --git-common-dir --show-superproject-working-tree [14ms]
2025-11-20 18:43:37.883 [info] [Model][openRepository] Opened repository (path): /home/rishy/Documents/Beaklevision
2025-11-20 18:43:37.883 [info] [Model][openRepository] Opened repository (real path): /home/rishy/Documents/Beaklevision
2025-11-20 18:43:37.883 [info] [Model][openRepository] Opened repository (kind): repository
2025-11-20 18:43:37.883 [info] > git config --get commit.template [6ms]
2025-11-20 18:43:37.883 [info] > git rev-parse --show-toplevel [23ms]
2025-11-20 18:43:37.891 [info] > git rev-parse --show-toplevel [4ms]
2025-11-20 18:43:37.891 [info] > git for-each-ref --format=%(refname)%00%(upstream:short)%00%(objectname)%00%(upstream:track)%00%(upstream:remotename)%00%(upstream:remoteref) refs/heads/dev refs/remotes/dev [8ms]
2025-11-20 18:43:37.931 [info] > git rev-parse --show-toplevel [17ms]
2025-11-20 18:43:37.948 [info] > git status -z -uall [6ms]
2025-11-20 18:43:37.948 [info] > git rev-parse --show-toplevel [11ms]
2025-11-20 18:43:37.949 [info] [Model][doInitialScan] Initial repository scan completed - repositories (1), closed repositories (0), parent repositories (0), unsafe repositories (0)
2025-11-20 18:43:37.951 [info] > git for-each-ref --sort -committerdate --format %(refname)%00%(objectname)%00%(*objectname) [4ms]
2025-11-20 18:43:37.979 [info] > git for-each-ref --format=%(refname)%00%(upstream:short)%00%(objectname)%00%(upstream:track)%00%(upstream:remotename)%00%(upstream:remoteref) refs/heads/dev refs/remotes/dev [9ms]
2025-11-20 18:43:37.997 [info] > git config --get commit.template [19ms]
2025-11-20 18:43:38.003 [info] > git config --get --local branch.dev.vscode-merge-base [18ms]
2025-11-20 18:43:38.004 [warning] [Git][config] git config failed: Failed to execute git
2025-11-20 18:43:38.013 [info] > git for-each-ref --format=%(refname)%00%(upstream:short)%00%(objectname)%00%(upstream:track)%00%(upstream:remotename)%00%(upstream:remoteref) refs/heads/dev refs/remotes/dev [10ms]
2025-11-20 18:43:38.031 [info] > git status -z -uall [11ms]
2025-11-20 18:43:38.031 [info] > git for-each-ref --sort -committerdate --format %(refname)%00%(objectname)%00%(*objectname) [6ms]
2025-11-20 18:43:38.034 [info] > git reflog dev --grep-reflog=branch: Created from *. [22ms]
2025-11-20 18:43:38.052 [info] > git symbolic-ref --short refs/remotes/origin/HEAD [12ms]
2025-11-20 18:43:38.061 [info] > git for-each-ref --format=%(refname)%00%(upstream:short)%00%(objectname)%00%(upstream:track)%00%(upstream:remotename)%00%(upstream:remoteref) refs/heads/origin/dev refs/remotes/origin/dev [2ms]
2025-11-20 18:43:38.075 [info] > git config --add --local branch.dev.vscode-merge-base origin/dev [3ms]
2025-11-20 18:43:38.097 [info] > git config --get commit.template [11ms]
2025-11-20 18:43:38.099 [info] > git for-each-ref --format=%(refname)%00%(upstream:short)%00%(objectname)%00%(upstream:track)%00%(upstream:remotename)%00%(upstream:remoteref) refs/heads/dev refs/remotes/dev [3ms]
2025-11-20 18:43:38.116 [info] > git status -z -uall [8ms]
2025-11-20 18:43:38.139 [info] > git for-each-ref --sort -committerdate --format %(refname)%00%(objectname)%00%(*objectname) [23ms]
2025-11-20 18:43:38.159 [info] > git merge-base refs/heads/dev refs/remotes/origin/dev [10ms]
2025-11-20 18:43:38.176 [info] > git diff --name-status -z --diff-filter=ADMR --find-renames=50% d005bdc2dd6e553d7b10a6676ce4ef5c6a4b2857...refs/remotes/origin/dev -- [6ms]
2025-11-20 18:43:38.176 [info] > git merge-base refs/heads/dev refs/remotes/origin/dev [19ms]
2025-11-20 18:43:38.246 [info] > git diff --name-status -z --diff-filter=ADMR --find-renames=50% d005bdc2dd6e553d7b10a6676ce4ef5c6a4b2857...refs/remotes/origin/dev -- [60ms]
2025-11-20 18:43:38.295 [info] > git show --textconv :backend/src/tba/client.py [7ms]
2025-11-20 18:43:38.304 [info] > git ls-files --stage -- backend/src/tba/client.py [10ms]
2025-11-20 18:43:38.315 [info] > git cat-file -s 6acbcc4cd76b6cd8c09fc5febfcac664d7ca8c84 [2ms]
2025-11-20 18:43:38.399 [info] > git blame --root --incremental d005bdc2dd6e553d7b10a6676ce4ef5c6a4b2857 -- backend/src/tba/client.py [11ms]
2025-11-20 18:43:38.409 [info] > git check-ignore -v -z --stdin [11ms]
2025-11-20 18:43:48.578 [info] [main] Log level: Info
2025-11-20 18:43:48.578 [info] [main] Validating found git in: "git"
2025-11-20 18:43:48.578 [info] [main] Using git "2.43.0" from "git"
2025-11-20 18:43:48.578 [info] [Model][doInitialScan] Initial repository scan started
2025-11-20 18:43:48.578 [info] > git rev-parse --show-toplevel [4ms]
2025-11-20 18:43:48.586 [info] > git rev-parse --git-dir --git-common-dir --show-superproject-working-tree [3ms]
2025-11-20 18:43:48.594 [info] [Model][openRepository] Opened repository (path): /home/rishy/Documents/blog_os
2025-11-20 18:43:48.594 [info] [Model][openRepository] Opened repository (real path): /home/rishy/Documents/blog_os
2025-11-20 18:43:48.594 [info] [Model][openRepository] Opened repository (kind): repository
2025-11-20 18:43:48.607 [info] > git rev-parse --show-toplevel [2ms]
2025-11-20 18:43:48.607 [info] > git config --get commit.template [7ms]
2025-11-20 18:43:48.616 [info] [Git][getRemotes] No remotes found in the git config file
2025-11-20 18:43:48.617 [info] > git rev-parse --show-toplevel [5ms]
2025-11-20 18:43:48.622 [info] > git for-each-ref --format=%(refname)%00%(upstream:short)%00%(objectname)%00%(upstream:track)%00%(upstream:remotename)%00%(upstream:remoteref) refs/heads/master refs/remotes/master [6ms]
2025-11-20 18:43:48.622 [warning] [Git][getBranch] No such branch: master
2025-11-20 18:43:48.633 [info] > git status -z -uall [6ms]
2025-11-20 18:43:48.634 [info] > git rev-parse --git-dir --git-common-dir --show-superproject-working-tree [12ms]
2025-11-20 18:43:48.637 [info] [Model][openRepository] Opened repository (path): /home/rishy/Documents/blog_os/kernel
2025-11-20 18:43:48.637 [info] [Model][openRepository] Opened repository (real path): /home/rishy/Documents/blog_os/kernel
2025-11-20 18:43:48.637 [info] [Model][openRepository] Opened repository (kind): repository
2025-11-20 18:43:48.646 [info] > git for-each-ref --sort -committerdate --format %(refname)%00%(objectname)%00%(*objectname) [14ms]
2025-11-20 18:43:48.662 [info] > git for-each-ref --format=%(refname)%00%(upstream:short)%00%(objectname)%00%(upstream:track)%00%(upstream:remotename)%00%(upstream:remoteref) refs/heads/master refs/remotes/master [7ms]
2025-11-20 18:43:48.662 [warning] [Git][getBranch] No such branch: master
2025-11-20 18:43:48.662 [error] [GitHistoryProvider][resolveHEADMergeBase] Failed to resolve merge base for master: Error: No such branch: master.
2025-11-20 18:43:48.662 [info] > git rev-parse --show-toplevel [16ms]
2025-11-20 18:43:48.663 [info] > git config --get commit.template [22ms]
2025-11-20 18:43:48.670 [info] > git config --get commit.template [9ms]
2025-11-20 18:43:48.676 [info] [Git][getRemotes] No remotes found in the git config file
2025-11-20 18:43:48.676 [info] > git rev-parse --show-toplevel [6ms]
2025-11-20 18:43:48.678 [info] [Model][doInitialScan] Initial repository scan completed - repositories (2), closed repositories (0), parent repositories (0), unsafe repositories (0)
2025-11-20 18:43:48.682 [info] [Git][getRemotes] No remotes found in the git config file
2025-11-20 18:43:48.682 [info] > git for-each-ref --format=%(refname)%00%(upstream:short)%00%(objectname)%00%(upstream:track)%00%(upstream:remotename)%00%(upstream:remoteref) refs/heads/master refs/remotes/master [6ms]
2025-11-20 18:43:48.683 [warning] [Git][getBranch] No such branch: master
2025-11-20 18:43:48.703 [info] > git status -z -uall [16ms]
2025-11-20 18:43:48.703 [info] > git for-each-ref --sort -committerdate --format %(refname)%00%(objectname)%00%(*objectname) [12ms]
2025-11-20 18:43:48.712 [info] > git for-each-ref --format=%(refname)%00%(upstream:short)%00%(objectname)%00%(upstream:track)%00%(upstream:remotename)%00%(upstream:remoteref) refs/heads/master refs/remotes/master [30ms]
2025-11-20 18:43:48.712 [warning] [Git][getBranch] No such branch: master
2025-11-20 18:43:48.725 [info] > git status -z -uall [9ms]
2025-11-20 18:43:48.726 [info] > git for-each-ref --format=%(refname)%00%(upstream:short)%00%(objectname)%00%(upstream:track)%00%(upstream:remotename)%00%(upstream:remoteref) refs/heads/master refs/remotes/master [16ms]
2025-11-20 18:43:48.726 [warning] [Git][getBranch] No such branch: master
2025-11-20 18:43:48.726 [error] [GitHistoryProvider][resolveHEADMergeBase] Failed to resolve merge base for master: Error: No such branch: master.
2025-11-20 18:43:48.727 [info] > git config --get commit.template [2ms]
2025-11-20 18:43:48.727 [info] > git for-each-ref --sort -committerdate --format %(refname)%00%(objectname)%00%(*objectname) [7ms]
2025-11-20 18:43:48.734 [info] [Git][getRemotes] No remotes found in the git config file
2025-11-20 18:43:48.736 [info] > git for-each-ref --format=%(refname)%00%(upstream:short)%00%(objectname)%00%(upstream:track)%00%(upstream:remotename)%00%(upstream:remoteref) refs/heads/master refs/remotes/master [2ms]
2025-11-20 18:43:48.736 [warning] [Git][getBranch] No such branch: master
2025-11-20 18:43:48.745 [info] > git status -z -uall [5ms]
2025-11-20 18:43:48.746 [info] > git for-each-ref --sort -committerdate --format %(refname)%00%(objectname)%00%(*objectname) [1ms]
2025-11-20 18:43:49.179 [info] > git check-ignore -v -z --stdin [9ms]
2025-11-20 18:43:49.179 [info] > git check-ignore -v -z --stdin [5ms]
2025-11-20 18:43:54.873 [info] > git check-ignore -v -z --stdin [2ms]
2025-11-20 18:43:56.204 [info] > git check-ignore -v -z --stdin [2ms]
2025-11-20 18:44:02.249 [info] > git check-ignore -v -z --stdin [1ms]
2025-11-20 18:44:03.551 [info] > git check-ignore -v -z --stdin [1ms]
2025-11-20 18:44:04.843 [info] > git check-ignore -v -z --stdin [2ms]
2025-11-20 18:45:16.000 [info] > git config --get commit.template [5ms]
2025-11-20 18:45:16.005 [info] [Git][getRemotes] No remotes found in the git config file
2025-11-20 18:45:16.005 [info] [Git][getRemotes] No remotes found in the git config file
2025-11-20 18:45:16.009 [info] > git for-each-ref --format=%(refname)%00%(upstream:short)%00%(objectname)%00%(upstream:track)%00%(upstream:remotename)%00%(upstream:remoteref) refs/heads/master refs/remotes/master [4ms]
2025-11-20 18:45:16.010 [warning] [Git][getBranch] No such branch: master
2025-11-20 18:45:16.019 [info] > git config --get commit.template [19ms]
2025-11-20 18:45:16.019 [info] > git status -z -uall [5ms]
2025-11-20 18:45:16.019 [info] > git for-each-ref --format=%(refname)%00%(upstream:short)%00%(objectname)%00%(upstream:track)%00%(upstream:remotename)%00%(upstream:remoteref) refs/heads/master refs/remotes/master [10ms]
2025-11-20 18:45:16.019 [warning] [Git][getBranch] No such branch: master
2025-11-20 18:45:16.029 [info] > git status -z -uall [5ms]
2025-11-20 18:45:16.030 [info] > git for-each-ref --sort -committerdate --format %(refname)%00%(objectname)%00%(*objectname) [12ms]
2025-11-20 18:45:16.031 [info] > git for-each-ref --sort -committerdate --format %(refname)%00%(objectname)%00%(*objectname) [2ms]
2025-11-20 18:45:21.044 [info] > git config --get commit.template [5ms]
2025-11-20 18:45:21.048 [info] [Git][getRemotes] No remotes found in the git config file
2025-11-20 18:45:21.053 [info] [Git][getRemotes] No remotes found in the git config file
2025-11-20 18:45:21.053 [info] > git for-each-ref --format=%(refname)%00%(upstream:short)%00%(objectname)%00%(upstream:track)%00%(upstream:remotename)%00%(upstream:remoteref) refs/heads/master refs/remotes/master [5ms]
2025-11-20 18:45:21.053 [warning] [Git][getBranch] No such branch: master
2025-11-20 18:45:21.062 [info] > git config --get commit.template [19ms]
2025-11-20 18:45:21.063 [info] > git status -z -uall [5ms]
2025-11-20 18:45:21.063 [info] > git for-each-ref --format=%(refname)%00%(upstream:short)%00%(objectname)%00%(upstream:track)%00%(upstream:remotename)%00%(upstream:remoteref) refs/heads/master refs/remotes/master [10ms]
2025-11-20 18:45:21.063 [warning] [Git][getBranch] No such branch: master
2025-11-20 18:45:21.072 [info] > git status -z -uall [5ms]
2025-11-20 18:45:21.072 [info] > git for-each-ref --sort -committerdate --format %(refname)%00%(objectname)%00%(*objectname) [10ms]
2025-11-20 18:45:21.074 [info] > git for-each-ref --sort -committerdate --format %(refname)%00%(objectname)%00%(*objectname) [3ms]
2025-11-20 18:45:35.769 [info] [Git][getRemotes] No remotes found in the git config file
2025-11-20 18:45:35.770 [info] > git config --get commit.template [7ms]
2025-11-20 18:45:35.770 [info] > git for-each-ref --format=%(refname)%00%(upstream:short)%00%(objectname)%00%(upstream:track)%00%(upstream:remotename)%00%(upstream:remoteref) refs/heads/master refs/remotes/master [1ms]
2025-11-20 18:45:35.770 [warning] [Git][getBranch] No such branch: master
2025-11-20 18:45:35.782 [info] > git status -z -uall [7ms]
2025-11-20 18:45:35.783 [info] > git for-each-ref --sort -committerdate --format %(refname)%00%(objectname)%00%(*objectname) [2ms]
2025-11-20 18:45:58.666 [info] [Git][getRemotes] No remotes found in the git config file
2025-11-20 18:45:58.667 [info] > git config --get commit.template [4ms]
2025-11-20 18:45:58.668 [info] > git for-each-ref --format=%(refname)%00%(upstream:short)%00%(objectname)%00%(upstream:track)%00%(upstream:remotename)%00%(upstream:remoteref) refs/heads/master refs/remotes/master [2ms]
2025-11-20 18:45:58.668 [warning] [Git][getBranch] No such branch: master
2025-11-20 18:45:58.677 [info] > git status -z -uall [5ms]
2025-11-20 18:45:58.678 [info] > git for-each-ref --sort -committerdate --format %(refname)%00%(objectname)%00%(*objectname) [1ms]
2025-11-20 18:45:58.995 [info] [Git][getRemotes] No remotes found in the git config file
2025-11-20 18:45:58.995 [info] > git config --get commit.template [5ms]
2025-11-20 18:45:58.996 [info] > git for-each-ref --format=%(refname)%00%(upstream:short)%00%(objectname)%00%(upstream:track)%00%(upstream:remotename)%00%(upstream:remoteref) refs/heads/master refs/remotes/master [1ms]
2025-11-20 18:45:58.996 [warning] [Git][getBranch] No such branch: master
2025-11-20 18:45:59.005 [info] > git status -z -uall [5ms]
2025-11-20 18:45:59.006 [info] > git for-each-ref --sort -committerdate --format %(refname)%00%(objectname)%00%(*objectname) [2ms]
2025-11-20 18:46:15.574 [info] [Git][getRemotes] No remotes found in the git config file
2025-11-20 18:46:15.575 [info] > git config --get commit.template [6ms]
2025-11-20 18:46:15.576 [info] > git for-each-ref --format=%(refname)%00%(upstream:short)%00%(objectname)%00%(upstream:track)%00%(upstream:remotename)%00%(upstream:remoteref) refs/heads/master refs/remotes/master [2ms]
2025-11-20 18:46:15.576 [warning] [Git][getBranch] No such branch: master
2025-11-20 18:46:15.586 [info] > git status -z -uall [6ms]
2025-11-20 18:46:15.586 [info] > git for-each-ref --sort -committerdate --format %(refname)%00%(objectname)%00%(*objectname) [1ms]
2025-11-20 18:46:15.865 [info] [Git][getRemotes] No remotes found in the git config file
2025-11-20 18:46:15.866 [info] > git config --get commit.template [6ms]
2025-11-20 18:46:15.867 [info] > git for-each-ref --format=%(refname)%00%(upstream:short)%00%(objectname)%00%(upstream:track)%00%(upstream:remotename)%00%(upstream:remoteref) refs/heads/master refs/remotes/master [2ms]
2025-11-20 18:46:15.867 [warning] [Git][getBranch] No such branch: master
2025-11-20 18:46:15.879 [info] > git status -z -uall [6ms]
2025-11-20 18:46:15.880 [info] > git for-each-ref --sort -committerdate --format %(refname)%00%(objectname)%00%(*objectname) [2ms]
2025-11-20 18:46:40.526 [info] [Git][getRemotes] No remotes found in the git config file
2025-11-20 18:46:40.527 [info] > git config --get commit.template [6ms]
2025-11-20 18:46:40.528 [info] > git for-each-ref --format=%(refname)%00%(upstream:short)%00%(objectname)%00%(upstream:track)%00%(upstream:remotename)%00%(upstream:remoteref) refs/heads/master refs/remotes/master [2ms]
2025-11-20 18:46:40.528 [warning] [Git][getBranch] No such branch: master
2025-11-20 18:46:40.538 [info] > git status -z -uall [5ms]
2025-11-20 18:46:40.539 [info] > git for-each-ref --sort -committerdate --format %(refname)%00%(objectname)%00%(*objectname) [1ms]
2025-11-20 18:46:40.818 [info] [Git][getRemotes] No remotes found in the git config file
2025-11-20 18:46:40.818 [info] > git config --get commit.template [5ms]
2025-11-20 18:46:40.819 [info] > git for-each-ref --format=%(refname)%00%(upstream:short)%00%(objectname)%00%(upstream:track)%00%(upstream:remotename)%00%(upstream:remoteref) refs/heads/master refs/remotes/master [1ms]
2025-11-20 18:46:40.819 [warning] [Git][getBranch] No such branch: master
2025-11-20 18:46:40.829 [info] > git status -z -uall [5ms]
2025-11-20 18:46:40.831 [info] > git for-each-ref --sort -committerdate --format %(refname)%00%(objectname)%00%(*objectname) [2ms]
2025-11-20 18:46:45.551 [info] [Git][getRemotes] No remotes found in the git config file
2025-11-20 18:46:45.551 [info] > git config --get commit.template [5ms]
2025-11-20 18:46:45.553 [info] > git for-each-ref --format=%(refname)%00%(upstream:short)%00%(objectname)%00%(upstream:track)%00%(upstream:remotename)%00%(upstream:remoteref) refs/heads/master refs/remotes/master [2ms]
2025-11-20 18:46:45.553 [warning] [Git][getBranch] No such branch: master
2025-11-20 18:46:45.562 [info] > git status -z -uall [5ms]
2025-11-20 18:46:45.563 [info] > git for-each-ref --sort -committerdate --format %(refname)%00%(objectname)%00%(*objectname) [2ms]
2025-11-20 18:46:45.842 [info] [Git][getRemotes] No remotes found in the git config file
2025-11-20 18:46:45.843 [info] > git config --get commit.template [5ms]
2025-11-20 18:46:45.844 [info] > git for-each-ref --format=%(refname)%00%(upstream:short)%00%(objectname)%00%(upstream:track)%00%(upstream:remotename)%00%(upstream:remoteref) refs/heads/master refs/remotes/master [2ms]
2025-11-20 18:46:45.844 [warning] [Git][getBranch] No such branch: master
2025-11-20 18:46:45.853 [info] > git status -z -uall [5ms]
2025-11-20 18:46:45.854 [info] > git for-each-ref --sort -committerdate --format %(refname)%00%(objectname)%00%(*objectname) [1ms]
2025-11-20 18:47:00.247 [info] [Git][getRemotes] No remotes found in the git config file
2025-11-20 18:47:00.247 [info] > git config --get commit.template [5ms]
2025-11-20 18:47:00.249 [info] > git for-each-ref --format=%(refname)%00%(upstream:short)%00%(objectname)%00%(upstream:track)%00%(upstream:remotename)%00%(upstream:remoteref) refs/heads/master refs/remotes/master [2ms]
2025-11-20 18:47:00.249 [warning] [Git][getBranch] No such branch: master
2025-11-20 18:47:00.259 [info] > git status -z -uall [5ms]
2025-11-20 18:47:00.260 [info] > git for-each-ref --sort -committerdate --format %(refname)%00%(objectname)%00%(*objectname) [2ms]
2025-11-20 18:47:00.538 [info] [Git][getRemotes] No remotes found in the git config file
2025-11-20 18:47:00.539 [info] > git config --get commit.template [5ms]
2025-11-20 18:47:00.540 [info] > git for-each-ref --format=%(refname)%00%(upstream:short)%00%(objectname)%00%(upstream:track)%00%(upstream:remotename)%00%(upstream:remoteref) refs/heads/master refs/remotes/master [2ms]
2025-11-20 18:47:00.540 [warning] [Git][getBranch] No such branch: master
2025-11-20 18:47:00.551 [info] > git status -z -uall [6ms]
2025-11-20 18:47:00.552 [info] > git for-each-ref --sort -committerdate --format %(refname)%00%(objectname)%00%(*objectname) [1ms]
2025-11-20 18:47:20.792 [info] [Git][getRemotes] No remotes found in the git config file
2025-11-20 18:47:20.793 [info] > git config --get commit.template [5ms]
2025-11-20 18:47:20.794 [info] > git for-each-ref --format=%(refname)%00%(upstream:short)%00%(objectname)%00%(upstream:track)%00%(upstream:remotename)%00%(upstream:remoteref) refs/heads/master refs/remotes/master [2ms]
2025-11-20 18:47:20.794 [warning] [Git][getBranch] No such branch: master
2025-11-20 18:47:20.803 [info] > git status -z -uall [4ms]
2025-11-20 18:47:20.805 [info] > git for-each-ref --sort -committerdate --format %(refname)%00%(objectname)%00%(*objectname) [2ms]
2025-11-20 18:47:21.080 [info] [Git][getRemotes] No remotes found in the git config file
2025-11-20 18:47:21.080 [info] > git config --get commit.template [5ms]
2025-11-20 18:47:21.081 [info] > git for-each-ref --format=%(refname)%00%(upstream:short)%00%(objectname)%00%(upstream:track)%00%(upstream:remotename)%00%(upstream:remoteref) refs/heads/master refs/remotes/master [1ms]
2025-11-20 18:47:21.081 [warning] [Git][getBranch] No such branch: master
2025-11-20 18:47:21.092 [info] > git status -z -uall [6ms]
2025-11-20 18:47:21.093 [info] > git for-each-ref --sort -committerdate --format %(refname)%00%(objectname)%00%(*objectname) [1ms]
2025-11-20 18:47:25.818 [info] [Git][getRemotes] No remotes found in the git config file
2025-11-20 18:47:25.819 [info] > git config --get commit.template [6ms]
2025-11-20 18:47:25.820 [info] > git for-each-ref --format=%(refname)%00%(upstream:short)%00%(objectname)%00%(upstream:track)%00%(upstream:remotename)%00%(upstream:remoteref) refs/heads/master refs/remotes/master [2ms]
2025-11-20 18:47:25.820 [warning] [Git][getBranch] No such branch: master
2025-11-20 18:47:25.830 [info] > git status -z -uall [6ms]
2025-11-20 18:47:25.831 [info] > git for-each-ref --sort -committerdate --format %(refname)%00%(objectname)%00%(*objectname) [2ms]
2025-11-20 18:47:26.106 [info] [Git][getRemotes] No remotes found in the git config file
2025-11-20 18:47:26.107 [info] > git config --get commit.template [6ms]
2025-11-20 18:47:26.108 [info] > git for-each-ref --format=%(refname)%00%(upstream:short)%00%(objectname)%00%(upstream:track)%00%(upstream:remotename)%00%(upstream:remoteref) refs/heads/master refs/remotes/master [2ms]
2025-11-20 18:47:26.108 [warning] [Git][getBranch] No such branch: master
2025-11-20 18:47:26.119 [info] > git status -z -uall [6ms]
2025-11-20 18:47:26.120 [info] > git for-each-ref --sort -committerdate --format %(refname)%00%(objectname)%00%(*objectname) [1ms]
2025-11-20 18:47:31.353 [info] [Git][getRemotes] No remotes found in the git config file
2025-11-20 18:47:31.353 [info] > git config --get commit.template [4ms]
2025-11-20 18:47:31.354 [info] > git for-each-ref --format=%(refname)%00%(upstream:short)%00%(objectname)%00%(upstream:track)%00%(upstream:remotename)%00%(upstream:remoteref) refs/heads/master refs/remotes/master [2ms]
2025-11-20 18:47:31.354 [warning] [Git][getBranch] No such branch: master
2025-11-20 18:47:31.363 [info] > git status -z -uall [5ms]
2025-11-20 18:47:31.364 [info] > git for-each-ref --sort -committerdate --format %(refname)%00%(objectname)%00%(*objectname) [1ms]
2025-11-20 18:47:31.621 [info] [Git][getRemotes] No remotes found in the git config file
2025-11-20 18:47:31.622 [info] > git config --get commit.template [5ms]
2025-11-20 18:47:31.623 [info] > git for-each-ref --format=%(refname)%00%(upstream:short)%00%(objectname)%00%(upstream:track)%00%(upstream:remotename)%00%(upstream:remoteref) refs/heads/master refs/remotes/master [2ms]
2025-11-20 18:47:31.623 [warning] [Git][getBranch] No such branch: master
2025-11-20 18:47:31.632 [info] > git status -z -uall [5ms]
2025-11-20 18:47:31.634 [info] > git for-each-ref --sort -committerdate --format %(refname)%00%(objectname)%00%(*objectname) [2ms]
2025-11-20 18:47:36.376 [info] [Git][getRemotes] No remotes found in the git config file
2025-11-20 18:47:36.377 [info] > git config --get commit.template [7ms]
2025-11-20 18:47:36.378 [info] > git for-each-ref --format=%(refname)%00%(upstream:short)%00%(objectname)%00%(upstream:track)%00%(upstream:remotename)%00%(upstream:remoteref) refs/heads/master refs/remotes/master [2ms]
2025-11-20 18:47:36.378 [warning] [Git][getBranch] No such branch: master
2025-11-20 18:47:36.387 [info] > git status -z -uall [5ms]
2025-11-20 18:47:36.388 [info] > git for-each-ref --sort -committerdate --format %(refname)%00%(objectname)%00%(*objectname) [2ms]
2025-11-20 18:47:36.645 [info] [Git][getRemotes] No remotes found in the git config file
2025-11-20 18:47:36.645 [info] > git config --get commit.template [5ms]
2025-11-20 18:47:36.646 [info] > git for-each-ref --format=%(refname)%00%(upstream:short)%00%(objectname)%00%(upstream:track)%00%(upstream:remotename)%00%(upstream:remoteref) refs/heads/master refs/remotes/master [1ms]
2025-11-20 18:47:36.646 [warning] [Git][getBranch] No such branch: master
2025-11-20 18:47:36.656 [info] > git status -z -uall [5ms]
2025-11-20 18:47:36.657 [info] > git for-each-ref --sort -committerdate --format %(refname)%00%(objectname)%00%(*objectname) [2ms]
2025-11-20 18:47:49.782 [info] [Git][getRemotes] No remotes found in the git config file
2025-11-20 18:47:49.783 [info] > git config --get commit.template [5ms]
2025-11-20 18:47:49.784 [info] > git for-each-ref --format=%(refname)%00%(upstream:short)%00%(objectname)%00%(upstream:track)%00%(upstream:remotename)%00%(upstream:remoteref) refs/heads/master refs/remotes/master [2ms]
2025-11-20 18:47:49.784 [warning] [Git][getBranch] No such branch: master
2025-11-20 18:47:49.793 [info] > git status -z -uall [5ms]
2025-11-20 18:47:49.794 [info] > git for-each-ref --sort -committerdate --format %(refname)%00%(objectname)%00%(*objectname) [1ms]
2025-11-20 18:47:50.066 [info] [Git][getRemotes] No remotes found in the git config file
2025-11-20 18:47:50.071 [info] > git config --get commit.template [5ms]
2025-11-20 18:47:50.072 [info] > git for-each-ref --format=%(refname)%00%(upstream:short)%00%(objectname)%00%(upstream:track)%00%(upstream:remotename)%00%(upstream:remoteref) refs/heads/master refs/remotes/master [2ms]
2025-11-20 18:47:50.072 [warning] [Git][getBranch] No such branch: master
2025-11-20 18:47:50.081 [info] > git status -z -uall [5ms]
2025-11-20 18:47:50.082 [info] > git for-each-ref --sort -committerdate --format %(refname)%00%(objectname)%00%(*objectname) [1ms]
