2025-11-19 20:31:53.654 [info] [main] Log level: Info
2025-11-19 20:31:53.654 [info] [main] Validating found git in: "git"
2025-11-19 20:31:53.654 [info] [main] Using git "2.43.0" from "git"
2025-11-19 20:31:53.654 [info] [Model][doInitialScan] Initial repository scan started
2025-11-19 20:31:53.654 [info] [Model][doInitialScan] Initial repository scan completed - repositories (0), closed repositories (0), parent repositories (0), unsafe repositories (0)
2025-11-19 20:32:03.296 [info] [main] Log level: Info
2025-11-19 20:32:03.296 [info] [main] Validating found git in: "git"
2025-11-19 20:32:03.296 [info] [main] Using git "2.43.0" from "git"
2025-11-19 20:32:03.296 [info] [Model][doInitialScan] Initial repository scan started
2025-11-19 20:32:03.296 [info] > git rev-parse --show-toplevel [5ms]
2025-11-19 20:32:03.306 [info] > git rev-parse --git-dir --git-common-dir --show-superproject-working-tree [5ms]
2025-11-19 20:32:03.314 [info] [Model][openRepository] Opened repository (path): /home/rishy/Documents/Beaklevision
2025-11-19 20:32:03.314 [info] [Model][openRepository] Opened repository (real path): /home/rishy/Documents/Beaklevision
2025-11-19 20:32:03.314 [info] [Model][openRepository] Opened repository (kind): repository
2025-11-19 20:32:03.323 [info] > git rev-parse --show-toplevel [3ms]
2025-11-19 20:32:03.335 [info] > git for-each-ref --format=%(refname)%00%(upstream:short)%00%(objectname)%00%(upstream:track)%00%(upstream:remotename)%00%(upstream:remoteref) refs/heads/frontend-implement-/team/number refs/remotes/frontend-implement-/team/number [7ms]
2025-11-19 20:32:03.346 [info] > git status -z -uall [6ms]
2025-11-19 20:32:03.346 [info] > git rev-parse --show-toplevel [12ms]
2025-11-19 20:32:03.351 [info] > git for-each-ref --sort -committerdate --format %(refname)%00%(objectname)%00%(*objectname) [5ms]
2025-11-19 20:32:03.370 [info] > git rev-parse --show-toplevel [20ms]
2025-11-19 20:32:03.372 [info] [Model][doInitialScan] Initial repository scan completed - repositories (1), closed repositories (0), parent repositories (0), unsafe repositories (0)
2025-11-19 20:32:03.374 [info] > git for-each-ref --format=%(refname)%00%(upstream:short)%00%(objectname)%00%(upstream:track)%00%(upstream:remotename)%00%(upstream:remoteref) refs/heads/frontend-implement-/team/number refs/remotes/frontend-implement-/team/number [6ms]
2025-11-19 20:32:03.385 [info] > git config --get --local branch.frontend-implement-/team/number.vscode-merge-base [6ms]
2025-11-19 20:32:03.385 [warning] [Git][config] git config failed: Failed to execute git
2025-11-19 20:32:03.390 [info] > git for-each-ref --format=%(refname)%00%(upstream:short)%00%(objectname)%00%(upstream:track)%00%(upstream:remotename)%00%(upstream:remoteref) refs/heads/frontend-implement-/team/number refs/remotes/frontend-implement-/team/number [6ms]
2025-11-19 20:32:03.399 [info] > git status -z -uall [5ms]
2025-11-19 20:32:03.400 [info] > git reflog frontend-implement-/team/number --grep-reflog=branch: Created from *. [10ms]
2025-11-19 20:32:03.404 [info] > git for-each-ref --sort -committerdate --format %(refname)%00%(objectname)%00%(*objectname) [5ms]
2025-11-19 20:32:03.407 [info] > git reflog HEAD --grep-reflog=checkout: moving from .* to frontend-implement-/team/number [3ms]
2025-11-19 20:32:03.417 [info] > git for-each-ref --format=%(refname)%00%(upstream:short)%00%(objectname)%00%(upstream:track)%00%(upstream:remotename)%00%(upstream:remoteref) refs/heads/dev refs/remotes/dev [5ms]
2025-11-19 20:32:03.424 [info] > git for-each-ref --format=%(refname)%00%(upstream:short)%00%(objectname)%00%(upstream:track)%00%(upstream:remotename)%00%(upstream:remoteref) refs/remotes/origin/dev [2ms]
2025-11-19 20:32:03.431 [info] > git config --add --local branch.frontend-implement-/team/number.vscode-merge-base origin/dev [2ms]
2025-11-19 20:32:03.438 [info] > git for-each-ref --format=%(refname)%00%(upstream:short)%00%(objectname)%00%(upstream:track)%00%(upstream:remotename)%00%(upstream:remoteref) refs/heads/frontend-implement-/team/number refs/remotes/frontend-implement-/team/number [2ms]
2025-11-19 20:32:03.447 [info] > git status -z -uall [5ms]
2025-11-19 20:32:03.449 [info] > git for-each-ref --sort -committerdate --format %(refname)%00%(objectname)%00%(*objectname) [2ms]
2025-11-19 20:32:03.463 [info] > git merge-base refs/heads/frontend-implement-/team/number refs/remotes/origin/frontend-implement-/team/number [6ms]
2025-11-19 20:32:03.469 [info] > git merge-base refs/heads/frontend-implement-/team/number refs/remotes/origin/frontend-implement-/team/number [7ms]
2025-11-19 20:32:03.473 [info] > git diff --name-status -z --diff-filter=ADMR --find-renames=50% 667a1a4a9d6d7cb164d673f5cf7461b61d87e696...refs/remotes/origin/frontend-implement-/team/number -- [5ms]
2025-11-19 20:32:03.475 [info] > git diff --name-status -z --diff-filter=ADMR --find-renames=50% 667a1a4a9d6d7cb164d673f5cf7461b61d87e696...refs/remotes/origin/frontend-implement-/team/number -- [2ms]
2025-11-19 20:32:03.829 [info] > git check-ignore -v -z --stdin [2ms]
2025-11-19 20:32:04.523 [info] > git for-each-ref --format=%(refname)%00%(upstream:short)%00%(objectname)%00%(upstream:track)%00%(upstream:remotename)%00%(upstream:remoteref) refs/heads/frontend-implement-/team/number refs/remotes/frontend-implement-/team/number [3ms]
2025-11-19 20:32:04.531 [info] > git status -z -uall [4ms]
2025-11-19 20:32:04.533 [info] > git for-each-ref --sort -committerdate --format %(refname)%00%(objectname)%00%(*objectname) [2ms]
2025-11-19 20:32:05.186 [info] > git log --format=%H%n%aN%n%aE%n%at%n%ct%n%P%n%D%n%B -z --shortstat --diff-merges=first-parent -n50 --skip=0 --topo-order --decorate=full --stdin [72ms]
2025-11-19 20:32:05.292 [info] > git merge-base frontend-implement-/team/number origin/frontend-implement-/team/number [2ms]
2025-11-19 20:32:05.687 [info] > git check-ignore -v -z --stdin [2ms]
2025-11-19 20:32:08.516 [info] > git -c user.useConfigOnly=true commit --quiet --allow-empty-message --file - [4ms]
2025-11-19 20:32:08.516 [info] error: Committing is not possible because you have unmerged files.
hint: Fix them up in the work tree, and then use 'git add/rm <file>'
hint: as appropriate to mark resolution and make a commit.
fatal: Exiting because of an unresolved conflict.
2025-11-19 20:32:08.523 [info] > git for-each-ref --format=%(refname)%00%(upstream:short)%00%(objectname)%00%(upstream:track)%00%(upstream:remotename)%00%(upstream:remoteref) refs/heads/frontend-implement-/team/number refs/remotes/frontend-implement-/team/number [2ms]
2025-11-19 20:32:08.534 [info] > git status -z -uall [6ms]
2025-11-19 20:32:08.535 [info] > git for-each-ref --sort -committerdate --format %(refname)%00%(objectname)%00%(*objectname) [2ms]
2025-11-19 20:32:19.323 [info] > git log --format=%H%n%aN%n%aE%n%at%n%ct%n%P%n%D%n%B -z --shortstat --diff-merges=first-parent -n50 --skip=0 --topo-order --decorate=full --stdin [79ms]
2025-11-19 20:32:19.378 [info] > git merge-base frontend-implement-/team/number origin/frontend-implement-/team/number [2ms]
2025-11-19 20:32:23.080 [info] > git check-ignore -v -z --stdin [2ms]
2025-11-19 20:32:30.387 [info] > git log --format=%H%n%aN%n%aE%n%at%n%ct%n%P%n%D%n%B -z --shortstat --diff-merges=first-parent -n50 --skip=0 --topo-order --decorate=full --stdin [69ms]
2025-11-19 20:32:30.452 [info] > git merge-base frontend-implement-/team/number origin/frontend-implement-/team/number [2ms]
2025-11-19 20:32:33.211 [info] > git show -s --decorate=full --shortstat --format=%H%n%aN%n%aE%n%at%n%ct%n%P%n%D%n%B -z MERGE_HEAD -- [5ms]
2025-11-19 20:32:33.211 [info] > git show -s --decorate=full --shortstat --format=%H%n%aN%n%aE%n%at%n%ct%n%P%n%D%n%B -z HEAD -- [9ms]
2025-11-19 20:32:33.213 [info] > git diff --name-status -z --diff-filter=ADMR MERGE_HEAD...HEAD -- [3ms]
2025-11-19 20:32:33.221 [info] > git diff --name-status -z --diff-filter=ADMR HEAD...MERGE_HEAD -- [3ms]
2025-11-19 20:32:33.292 [info] > git show --textconv :1:backend/src/tba/client.py [32ms]
2025-11-19 20:32:33.292 [info] > git show --textconv d005bdc2dd6e553d7b10a6676ce4ef5c6a4b2857:backend/src/tba/client.py [25ms]
2025-11-19 20:32:33.292 [info] > git show --textconv 667a1a4a9d6d7cb164d673f5cf7461b61d87e696:backend/src/tba/client.py [19ms]
2025-11-19 20:32:33.292 [info] > git ls-tree -l d005bdc2dd6e553d7b10a6676ce4ef5c6a4b2857 -- backend/src/tba/client.py [6ms]
2025-11-19 20:32:33.293 [info] > git ls-files --stage -- backend/src/tba/client.py [13ms]
2025-11-19 20:32:33.300 [info] > git cat-file -s 3fc5796b4f90f015840fe193ac706ba8fc92e51c [2ms]
2025-11-19 20:32:33.300 [info] > git ls-tree -l 667a1a4a9d6d7cb164d673f5cf7461b61d87e696 -- backend/src/tba/client.py [9ms]
2025-11-19 20:32:41.794 [info] > git for-each-ref --format=%(refname)%00%(upstream:short)%00%(objectname)%00%(upstream:track)%00%(upstream:remotename)%00%(upstream:remoteref) refs/heads/frontend-implement-/team/number refs/remotes/frontend-implement-/team/number [2ms]
2025-11-19 20:32:41.806 [info] > git status -z -uall [6ms]
2025-11-19 20:32:41.808 [info] > git for-each-ref --sort -committerdate --format %(refname)%00%(objectname)%00%(*objectname) [2ms]
2025-11-19 20:32:53.850 [info] > git for-each-ref --format=%(refname)%00%(upstream:short)%00%(objectname)%00%(upstream:track)%00%(upstream:remotename)%00%(upstream:remoteref) refs/heads/frontend-implement-/team/number refs/remotes/frontend-implement-/team/number [2ms]
2025-11-19 20:32:53.862 [info] > git status -z -uall [6ms]
2025-11-19 20:32:53.864 [info] > git for-each-ref --sort -committerdate --format %(refname)%00%(objectname)%00%(*objectname) [2ms]
2025-11-19 20:33:59.554 [info] > git -c user.useConfigOnly=true commit --quiet --allow-empty-message --file - [3ms]
2025-11-19 20:33:59.554 [info] error: Committing is not possible because you have unmerged files.
hint: Fix them up in the work tree, and then use 'git add/rm <file>'
hint: as appropriate to mark resolution and make a commit.
fatal: Exiting because of an unresolved conflict.
2025-11-19 20:33:59.562 [info] > git for-each-ref --format=%(refname)%00%(upstream:short)%00%(objectname)%00%(upstream:track)%00%(upstream:remotename)%00%(upstream:remoteref) refs/heads/frontend-implement-/team/number refs/remotes/frontend-implement-/team/number [2ms]
2025-11-19 20:33:59.572 [info] > git status -z -uall [6ms]
2025-11-19 20:33:59.575 [info] > git for-each-ref --sort -committerdate --format %(refname)%00%(objectname)%00%(*objectname) [2ms]
2025-11-19 20:33:59.777 [info] > git ls-tree -l d005bdc2dd6e553d7b10a6676ce4ef5c6a4b2857 -- backend/src/tba/client.py [6ms]
2025-11-19 20:33:59.778 [info] > git ls-tree -l 667a1a4a9d6d7cb164d673f5cf7461b61d87e696 -- backend/src/tba/client.py [1ms]
2025-11-19 20:33:59.949 [info] > git for-each-ref --format=%(refname)%00%(upstream:short)%00%(objectname)%00%(upstream:track)%00%(upstream:remotename)%00%(upstream:remoteref) refs/heads/frontend-implement-/team/number refs/remotes/frontend-implement-/team/number [2ms]
2025-11-19 20:33:59.960 [info] > git status -z -uall [5ms]
2025-11-19 20:33:59.962 [info] > git for-each-ref --sort -committerdate --format %(refname)%00%(objectname)%00%(*objectname) [2ms]
2025-11-19 20:34:00.219 [info] > git ls-tree -l d005bdc2dd6e553d7b10a6676ce4ef5c6a4b2857 -- backend/src/tba/client.py [6ms]
2025-11-19 20:34:00.221 [info] > git ls-tree -l 667a1a4a9d6d7cb164d673f5cf7461b61d87e696 -- backend/src/tba/client.py [2ms]
2025-11-19 20:34:02.020 [info] > git ls-tree -l d005bdc2dd6e553d7b10a6676ce4ef5c6a4b2857 -- backend/src/tba/client.py [9ms]
2025-11-19 20:34:02.021 [info] > git ls-tree -l 667a1a4a9d6d7cb164d673f5cf7461b61d87e696 -- backend/src/tba/client.py [2ms]
2025-11-19 20:34:04.734 [info] > git check-ignore -v -z --stdin [2ms]
2025-11-19 20:34:06.068 [info] > git show -s --decorate=full --shortstat --format=%H%n%aN%n%aE%n%at%n%ct%n%P%n%D%n%B -z MERGE_HEAD -- [6ms]
2025-11-19 20:34:06.068 [info] > git show -s --decorate=full --shortstat --format=%H%n%aN%n%aE%n%at%n%ct%n%P%n%D%n%B -z HEAD -- [11ms]
2025-11-19 20:34:06.070 [info] > git diff --name-status -z --diff-filter=ADMR MERGE_HEAD...HEAD -- [2ms]
2025-11-19 20:34:06.079 [info] > git diff --name-status -z --diff-filter=ADMR HEAD...MERGE_HEAD -- [3ms]
2025-11-19 20:34:06.167 [info] > git show --textconv :1:backend/src/migrations/atlas.sum [32ms]
2025-11-19 20:34:06.167 [info] > git show --textconv d005bdc2dd6e553d7b10a6676ce4ef5c6a4b2857:backend/src/migrations/atlas.sum [23ms]
2025-11-19 20:34:06.167 [info] > git show --textconv 667a1a4a9d6d7cb164d673f5cf7461b61d87e696:backend/src/migrations/atlas.sum [16ms]
2025-11-19 20:34:06.167 [info] > git ls-tree -l d005bdc2dd6e553d7b10a6676ce4ef5c6a4b2857 -- backend/src/migrations/atlas.sum [6ms]
2025-11-19 20:34:06.168 [info] > git ls-files --stage -- backend/src/migrations/atlas.sum [12ms]
2025-11-19 20:34:06.175 [info] > git cat-file -s 753771b975fa67e75ab7ab8c64fc3cd305f38631 [2ms]
2025-11-19 20:34:06.175 [info] > git ls-tree -l 667a1a4a9d6d7cb164d673f5cf7461b61d87e696 -- backend/src/migrations/atlas.sum [9ms]
2025-11-19 20:34:12.815 [info] > git ls-tree -l d005bdc2dd6e553d7b10a6676ce4ef5c6a4b2857 -- backend/src/migrations/atlas.sum [5ms]
2025-11-19 20:34:12.817 [info] > git ls-tree -l 667a1a4a9d6d7cb164d673f5cf7461b61d87e696 -- backend/src/migrations/atlas.sum [2ms]
2025-11-19 20:34:16.744 [info] > git ls-tree -l d005bdc2dd6e553d7b10a6676ce4ef5c6a4b2857 -- backend/src/migrations/atlas.sum [8ms]
2025-11-19 20:34:16.745 [info] > git ls-tree -l 667a1a4a9d6d7cb164d673f5cf7461b61d87e696 -- backend/src/migrations/atlas.sum [2ms]
2025-11-19 20:34:19.981 [info] > git for-each-ref --format=%(refname)%00%(upstream:short)%00%(objectname)%00%(upstream:track)%00%(upstream:remotename)%00%(upstream:remoteref) refs/heads/frontend-implement-/team/number refs/remotes/frontend-implement-/team/number [3ms]
2025-11-19 20:34:19.994 [info] > git status -z -uall [6ms]
2025-11-19 20:34:19.996 [info] > git for-each-ref --sort -committerdate --format %(refname)%00%(objectname)%00%(*objectname) [2ms]
2025-11-19 20:34:28.050 [info] > git add -A -- backend/src/migrations/atlas.sum [3ms]
2025-11-19 20:34:28.059 [info] > git for-each-ref --format=%(refname)%00%(upstream:short)%00%(objectname)%00%(upstream:track)%00%(upstream:remotename)%00%(upstream:remoteref) refs/heads/frontend-implement-/team/number refs/remotes/frontend-implement-/team/number [2ms]
2025-11-19 20:34:28.070 [info] > git status -z -uall [6ms]
2025-11-19 20:34:28.072 [info] > git for-each-ref --sort -committerdate --format %(refname)%00%(objectname)%00%(*objectname) [2ms]
2025-11-19 20:34:29.203 [info] > git for-each-ref --format=%(refname)%00%(upstream:short)%00%(objectname)%00%(upstream:track)%00%(upstream:remotename)%00%(upstream:remoteref) refs/heads/frontend-implement-/team/number refs/remotes/frontend-implement-/team/number [2ms]
2025-11-19 20:34:29.216 [info] > git status -z -uall [7ms]
2025-11-19 20:34:29.218 [info] > git for-each-ref --sort -committerdate --format %(refname)%00%(objectname)%00%(*objectname) [2ms]
2025-11-19 20:34:29.317 [info] > git ls-tree -l d005bdc2dd6e553d7b10a6676ce4ef5c6a4b2857 -- backend/src/tba/client.py [7ms]
2025-11-19 20:34:29.318 [info] > git ls-files --stage -- backend/src/tba/client.py [14ms]
2025-11-19 20:34:29.326 [info] > git cat-file -s 3fc5796b4f90f015840fe193ac706ba8fc92e51c [2ms]
2025-11-19 20:34:29.327 [info] > git ls-tree -l 667a1a4a9d6d7cb164d673f5cf7461b61d87e696 -- backend/src/tba/client.py [10ms]
2025-11-19 20:34:29.336 [info] > git show --textconv d005bdc2dd6e553d7b10a6676ce4ef5c6a4b2857:backend/src/tba/client.py [2ms]
2025-11-19 20:34:29.364 [info] > git show --textconv :1:backend/src/tba/client.py [8ms]
2025-11-19 20:34:29.365 [info] > git show --textconv 667a1a4a9d6d7cb164d673f5cf7461b61d87e696:backend/src/tba/client.py [2ms]
2025-11-19 20:34:33.484 [info] > git show -s --decorate=full --shortstat --format=%H%n%aN%n%aE%n%at%n%ct%n%P%n%D%n%B -z MERGE_HEAD -- [6ms]
2025-11-19 20:34:33.484 [info] > git show -s --decorate=full --shortstat --format=%H%n%aN%n%aE%n%at%n%ct%n%P%n%D%n%B -z HEAD -- [11ms]
2025-11-19 20:34:33.486 [info] > git diff --name-status -z --diff-filter=ADMR MERGE_HEAD...HEAD -- [3ms]
2025-11-19 20:34:33.494 [info] > git diff --name-status -z --diff-filter=ADMR HEAD...MERGE_HEAD -- [3ms]
2025-11-19 20:34:33.546 [info] > git show --textconv :1:backend/openapi.json [25ms]
2025-11-19 20:34:33.546 [info] > git show --textconv d005bdc2dd6e553d7b10a6676ce4ef5c6a4b2857:backend/openapi.json [20ms]
2025-11-19 20:34:33.546 [info] > git show --textconv 667a1a4a9d6d7cb164d673f5cf7461b61d87e696:backend/openapi.json [15ms]
2025-11-19 20:34:33.546 [info] > git ls-tree -l d005bdc2dd6e553d7b10a6676ce4ef5c6a4b2857 -- backend/openapi.json [6ms]
2025-11-19 20:34:33.546 [info] > git ls-files --stage -- backend/openapi.json [11ms]
2025-11-19 20:34:33.554 [info] > git cat-file -s c2ceb3007083d4863f9419c71a15ed795029c89b [2ms]
2025-11-19 20:34:33.555 [info] > git ls-tree -l 667a1a4a9d6d7cb164d673f5cf7461b61d87e696 -- backend/openapi.json [11ms]
2025-11-19 20:34:34.228 [info] > git for-each-ref --format=%(refname)%00%(upstream:short)%00%(objectname)%00%(upstream:track)%00%(upstream:remotename)%00%(upstream:remoteref) refs/heads/frontend-implement-/team/number refs/remotes/frontend-implement-/team/number [2ms]
2025-11-19 20:34:34.241 [info] > git status -z -uall [7ms]
2025-11-19 20:34:34.243 [info] > git for-each-ref --sort -committerdate --format %(refname)%00%(objectname)%00%(*objectname) [3ms]
2025-11-19 20:34:43.726 [info] > git add -A -- backend/openapi.json [3ms]
2025-11-19 20:34:43.735 [info] > git for-each-ref --format=%(refname)%00%(upstream:short)%00%(objectname)%00%(upstream:track)%00%(upstream:remotename)%00%(upstream:remoteref) refs/heads/frontend-implement-/team/number refs/remotes/frontend-implement-/team/number [2ms]
2025-11-19 20:34:43.747 [info] > git status -z -uall [6ms]
2025-11-19 20:34:43.749 [info] > git for-each-ref --sort -committerdate --format %(refname)%00%(objectname)%00%(*objectname) [2ms]
2025-11-19 20:34:44.870 [info] > git for-each-ref --format=%(refname)%00%(upstream:short)%00%(objectname)%00%(upstream:track)%00%(upstream:remotename)%00%(upstream:remoteref) refs/heads/frontend-implement-/team/number refs/remotes/frontend-implement-/team/number [2ms]
2025-11-19 20:34:44.883 [info] > git status -z -uall [7ms]
2025-11-19 20:34:44.885 [info] > git for-each-ref --sort -committerdate --format %(refname)%00%(objectname)%00%(*objectname) [3ms]
2025-11-19 20:34:44.981 [info] > git ls-tree -l d005bdc2dd6e553d7b10a6676ce4ef5c6a4b2857 -- backend/src/tba/client.py [6ms]
2025-11-19 20:34:44.982 [info] > git ls-files --stage -- backend/src/tba/client.py [14ms]
2025-11-19 20:34:44.989 [info] > git cat-file -s 3fc5796b4f90f015840fe193ac706ba8fc92e51c [3ms]
2025-11-19 20:34:44.989 [info] > git ls-tree -l 667a1a4a9d6d7cb164d673f5cf7461b61d87e696 -- backend/src/tba/client.py [8ms]
2025-11-19 20:34:44.999 [info] > git show --textconv d005bdc2dd6e553d7b10a6676ce4ef5c6a4b2857:backend/src/tba/client.py [3ms]
2025-11-19 20:34:45.016 [info] > git show --textconv :1:backend/src/tba/client.py [7ms]
2025-11-19 20:34:45.018 [info] > git show --textconv 667a1a4a9d6d7cb164d673f5cf7461b61d87e696:backend/src/tba/client.py [3ms]
2025-11-19 20:34:46.553 [info] > git check-ignore -v -z --stdin [2ms]
2025-11-19 20:34:48.675 [info] > git show -s --decorate=full --shortstat --format=%H%n%aN%n%aE%n%at%n%ct%n%P%n%D%n%B -z MERGE_HEAD -- [6ms]
2025-11-19 20:34:48.675 [info] > git show -s --decorate=full --shortstat --format=%H%n%aN%n%aE%n%at%n%ct%n%P%n%D%n%B -z HEAD -- [12ms]
2025-11-19 20:34:48.677 [info] > git diff --name-status -z --diff-filter=ADMR MERGE_HEAD...HEAD -- [2ms]
2025-11-19 20:34:48.685 [info] > git diff --name-status -z --diff-filter=ADMR HEAD...MERGE_HEAD -- [3ms]
2025-11-19 20:34:48.744 [info] > git show --textconv :1:backend/src/models/matches.py [35ms]
2025-11-19 20:34:48.744 [info] > git show --textconv d005bdc2dd6e553d7b10a6676ce4ef5c6a4b2857:backend/src/models/matches.py [27ms]
2025-11-19 20:34:48.744 [info] > git show --textconv 667a1a4a9d6d7cb164d673f5cf7461b61d87e696:backend/src/models/matches.py [19ms]
2025-11-19 20:34:48.744 [info] > git ls-tree -l d005bdc2dd6e553d7b10a6676ce4ef5c6a4b2857 -- backend/src/models/matches.py [7ms]
2025-11-19 20:34:48.745 [info] > git ls-files --stage -- backend/src/models/matches.py [14ms]
2025-11-19 20:34:48.752 [info] > git cat-file -s de236e0d19f930f01121942c91090f3cd09a3340 [2ms]
2025-11-19 20:34:48.753 [info] > git ls-tree -l 667a1a4a9d6d7cb164d673f5cf7461b61d87e696 -- backend/src/models/matches.py [10ms]
2025-11-19 20:34:49.896 [info] > git for-each-ref --format=%(refname)%00%(upstream:short)%00%(objectname)%00%(upstream:track)%00%(upstream:remotename)%00%(upstream:remoteref) refs/heads/frontend-implement-/team/number refs/remotes/frontend-implement-/team/number [2ms]
2025-11-19 20:34:49.911 [info] > git status -z -uall [8ms]
2025-11-19 20:34:49.913 [info] > git for-each-ref --sort -committerdate --format %(refname)%00%(objectname)%00%(*objectname) [3ms]
2025-11-19 20:34:57.445 [info] > git add -A -- backend/src/models/matches.py [3ms]
2025-11-19 20:34:57.455 [info] > git for-each-ref --format=%(refname)%00%(upstream:short)%00%(objectname)%00%(upstream:track)%00%(upstream:remotename)%00%(upstream:remoteref) refs/heads/frontend-implement-/team/number refs/remotes/frontend-implement-/team/number [2ms]
2025-11-19 20:34:57.469 [info] > git status -z -uall [7ms]
2025-11-19 20:34:57.470 [info] > git for-each-ref --sort -committerdate --format %(refname)%00%(objectname)%00%(*objectname) [2ms]
2025-11-19 20:34:58.580 [info] > git for-each-ref --format=%(refname)%00%(upstream:short)%00%(objectname)%00%(upstream:track)%00%(upstream:remotename)%00%(upstream:remoteref) refs/heads/frontend-implement-/team/number refs/remotes/frontend-implement-/team/number [2ms]
2025-11-19 20:34:58.594 [info] > git status -z -uall [7ms]
2025-11-19 20:34:58.596 [info] > git for-each-ref --sort -committerdate --format %(refname)%00%(objectname)%00%(*objectname) [3ms]
2025-11-19 20:34:58.692 [info] > git ls-tree -l d005bdc2dd6e553d7b10a6676ce4ef5c6a4b2857 -- backend/src/tba/client.py [6ms]
2025-11-19 20:34:58.693 [info] > git ls-files --stage -- backend/src/tba/client.py [14ms]
2025-11-19 20:34:58.702 [info] > git cat-file -s 3fc5796b4f90f015840fe193ac706ba8fc92e51c [4ms]
2025-11-19 20:34:58.702 [info] > git ls-tree -l 667a1a4a9d6d7cb164d673f5cf7461b61d87e696 -- backend/src/tba/client.py [10ms]
2025-11-19 20:34:58.712 [info] > git show --textconv d005bdc2dd6e553d7b10a6676ce4ef5c6a4b2857:backend/src/tba/client.py [2ms]
2025-11-19 20:34:58.737 [info] > git show --textconv :1:backend/src/tba/client.py [8ms]
2025-11-19 20:34:58.739 [info] > git show --textconv 667a1a4a9d6d7cb164d673f5cf7461b61d87e696:backend/src/tba/client.py [2ms]
2025-11-19 20:34:59.815 [info] > git check-ignore -v -z --stdin [2ms]
2025-11-19 20:35:01.462 [info] > git show -s --decorate=full --shortstat --format=%H%n%aN%n%aE%n%at%n%ct%n%P%n%D%n%B -z MERGE_HEAD -- [7ms]
2025-11-19 20:35:01.462 [info] > git show -s --decorate=full --shortstat --format=%H%n%aN%n%aE%n%at%n%ct%n%P%n%D%n%B -z HEAD -- [13ms]
2025-11-19 20:35:01.463 [info] > git diff --name-status -z --diff-filter=ADMR MERGE_HEAD...HEAD -- [2ms]
2025-11-19 20:35:01.472 [info] > git diff --name-status -z --diff-filter=ADMR HEAD...MERGE_HEAD -- [3ms]
2025-11-19 20:35:01.530 [info] > git show --textconv :1:backend/src/routes/events.py [35ms]
2025-11-19 20:35:01.530 [info] > git show --textconv d005bdc2dd6e553d7b10a6676ce4ef5c6a4b2857:backend/src/routes/events.py [27ms]
2025-11-19 20:35:01.530 [info] > git show --textconv 667a1a4a9d6d7cb164d673f5cf7461b61d87e696:backend/src/routes/events.py [19ms]
2025-11-19 20:35:01.531 [info] > git ls-tree -l d005bdc2dd6e553d7b10a6676ce4ef5c6a4b2857 -- backend/src/routes/events.py [8ms]
2025-11-19 20:35:01.531 [info] > git ls-files --stage -- backend/src/routes/events.py [14ms]
2025-11-19 20:35:01.538 [info] > git cat-file -s 682711ea2ac8d8fbeed162b11c43955aeb50bcab [1ms]
2025-11-19 20:35:01.539 [info] > git ls-tree -l 667a1a4a9d6d7cb164d673f5cf7461b61d87e696 -- backend/src/routes/events.py [10ms]
2025-11-19 20:35:03.608 [info] > git for-each-ref --format=%(refname)%00%(upstream:short)%00%(objectname)%00%(upstream:track)%00%(upstream:remotename)%00%(upstream:remoteref) refs/heads/frontend-implement-/team/number refs/remotes/frontend-implement-/team/number [3ms]
2025-11-19 20:35:03.620 [info] > git status -z -uall [7ms]
2025-11-19 20:35:03.621 [info] > git for-each-ref --sort -committerdate --format %(refname)%00%(objectname)%00%(*objectname) [2ms]
2025-11-19 20:35:20.812 [info] > git add -A -- backend/src/routes/events.py [3ms]
2025-11-19 20:35:20.821 [info] > git for-each-ref --format=%(refname)%00%(upstream:short)%00%(objectname)%00%(upstream:track)%00%(upstream:remotename)%00%(upstream:remoteref) refs/heads/frontend-implement-/team/number refs/remotes/frontend-implement-/team/number [1ms]
2025-11-19 20:35:20.834 [info] > git status -z -uall [6ms]
2025-11-19 20:35:20.836 [info] > git for-each-ref --sort -committerdate --format %(refname)%00%(objectname)%00%(*objectname) [2ms]
2025-11-19 20:35:22.060 [info] > git ls-tree -l d005bdc2dd6e553d7b10a6676ce4ef5c6a4b2857 -- backend/src/tba/client.py [6ms]
2025-11-19 20:35:22.060 [info] > git ls-files --stage -- backend/src/tba/client.py [12ms]
2025-11-19 20:35:22.066 [info] > git ls-tree -l 667a1a4a9d6d7cb164d673f5cf7461b61d87e696 -- backend/src/tba/client.py [6ms]
2025-11-19 20:35:22.073 [info] > git cat-file -s 3fc5796b4f90f015840fe193ac706ba8fc92e51c [7ms]
2025-11-19 20:35:22.079 [info] > git show --textconv d005bdc2dd6e553d7b10a6676ce4ef5c6a4b2857:backend/src/tba/client.py [6ms]
2025-11-19 20:35:22.086 [info] > git show --textconv 667a1a4a9d6d7cb164d673f5cf7461b61d87e696:backend/src/tba/client.py [7ms]
2025-11-19 20:35:22.087 [info] > git show --textconv :1:backend/src/tba/client.py [1ms]
2025-11-19 20:35:23.050 [info] > git for-each-ref --format=%(refname)%00%(upstream:short)%00%(objectname)%00%(upstream:track)%00%(upstream:remotename)%00%(upstream:remoteref) refs/heads/frontend-implement-/team/number refs/remotes/frontend-implement-/team/number [2ms]
2025-11-19 20:35:23.062 [info] > git status -z -uall [6ms]
2025-11-19 20:35:23.065 [info] > git for-each-ref --sort -committerdate --format %(refname)%00%(objectname)%00%(*objectname) [3ms]
2025-11-19 20:35:24.666 [info] > git show -s --decorate=full --shortstat --format=%H%n%aN%n%aE%n%at%n%ct%n%P%n%D%n%B -z MERGE_HEAD -- [6ms]
2025-11-19 20:35:24.666 [info] > git show -s --decorate=full --shortstat --format=%H%n%aN%n%aE%n%at%n%ct%n%P%n%D%n%B -z HEAD -- [11ms]
2025-11-19 20:35:24.668 [info] > git diff --name-status -z --diff-filter=ADMR MERGE_HEAD...HEAD -- [3ms]
2025-11-19 20:35:24.677 [info] > git diff --name-status -z --diff-filter=ADMR HEAD...MERGE_HEAD -- [3ms]
2025-11-19 20:35:24.737 [info] > git show --textconv :1:backend/src/routes/matches.py [36ms]
2025-11-19 20:35:24.737 [info] > git show --textconv d005bdc2dd6e553d7b10a6676ce4ef5c6a4b2857:backend/src/routes/matches.py [27ms]
2025-11-19 20:35:24.737 [info] > git show --textconv 667a1a4a9d6d7cb164d673f5cf7461b61d87e696:backend/src/routes/matches.py [19ms]
2025-11-19 20:35:24.737 [info] > git ls-tree -l d005bdc2dd6e553d7b10a6676ce4ef5c6a4b2857 -- backend/src/routes/matches.py [7ms]
2025-11-19 20:35:24.738 [info] > git ls-files --stage -- backend/src/routes/matches.py [14ms]
2025-11-19 20:35:24.751 [info] > git cat-file -s e8525fbf294089732fe6882f1adbe3d93d96279e [8ms]
2025-11-19 20:35:24.751 [info] > git ls-tree -l 667a1a4a9d6d7cb164d673f5cf7461b61d87e696 -- backend/src/routes/matches.py [15ms]
2025-11-19 20:35:24.753 [info] > git hash-object -t tree /dev/null [4ms]
2025-11-19 20:35:24.753 [warning] [GitFileSystemProvider][readFile] File not found - git:/home/rishy/Documents/Beaklevision/backend/src/routes/matches.py?%7B%22path%22%3A%22%2Fhome%2Frishy%2FDocuments%2FBeaklevision%2Fbackend%2Fsrc%2Froutes%2Fmatches.py%22%2C%22ref%22%3A%22%3A1%22%7D
2025-11-19 20:35:43.210 [info] > git for-each-ref --format=%(refname)%00%(upstream:short)%00%(objectname)%00%(upstream:track)%00%(upstream:remotename)%00%(upstream:remoteref) refs/heads/frontend-implement-/team/number refs/remotes/frontend-implement-/team/number [2ms]
2025-11-19 20:35:43.223 [info] > git status -z -uall [7ms]
2025-11-19 20:35:43.224 [info] > git for-each-ref --sort -committerdate --format %(refname)%00%(objectname)%00%(*objectname) [1ms]
2025-11-19 20:35:47.519 [info] > git check-ignore -v -z --stdin [2ms]
2025-11-19 20:35:48.983 [info] > git show -s --decorate=full --shortstat --format=%H%n%aN%n%aE%n%at%n%ct%n%P%n%D%n%B -z MERGE_HEAD -- [6ms]
2025-11-19 20:35:48.983 [info] > git show -s --decorate=full --shortstat --format=%H%n%aN%n%aE%n%at%n%ct%n%P%n%D%n%B -z HEAD -- [12ms]
2025-11-19 20:35:48.985 [info] > git diff --name-status -z --diff-filter=ADMR MERGE_HEAD...HEAD -- [2ms]
2025-11-19 20:35:48.994 [info] > git diff --name-status -z --diff-filter=ADMR HEAD...MERGE_HEAD -- [3ms]
2025-11-19 20:35:49.086 [info] > git show --textconv :1:backend/src/services/event.py [69ms]
2025-11-19 20:35:49.086 [info] > git show --textconv d005bdc2dd6e553d7b10a6676ce4ef5c6a4b2857:backend/src/services/event.py [37ms]
2025-11-19 20:35:49.086 [info] > git show --textconv 667a1a4a9d6d7cb164d673f5cf7461b61d87e696:backend/src/services/event.py [29ms]
2025-11-19 20:35:49.087 [info] > git ls-tree -l d005bdc2dd6e553d7b10a6676ce4ef5c6a4b2857 -- backend/src/services/event.py [14ms]
2025-11-19 20:35:49.087 [info] > git ls-files --stage -- backend/src/services/event.py [22ms]
2025-11-19 20:35:49.095 [info] > git cat-file -s 73fc1c5da4774289f8f1693f02bfcdb42c860cc1 [2ms]
2025-11-19 20:35:49.096 [info] > git ls-tree -l 667a1a4a9d6d7cb164d673f5cf7461b61d87e696 -- backend/src/services/event.py [11ms]
2025-11-19 20:36:01.624 [info] > git add -A -- backend/src/services/event.py [2ms]
2025-11-19 20:36:01.633 [info] > git for-each-ref --format=%(refname)%00%(upstream:short)%00%(objectname)%00%(upstream:track)%00%(upstream:remotename)%00%(upstream:remoteref) refs/heads/frontend-implement-/team/number refs/remotes/frontend-implement-/team/number [2ms]
2025-11-19 20:36:01.649 [info] > git status -z -uall [8ms]
2025-11-19 20:36:01.650 [info] > git for-each-ref --sort -committerdate --format %(refname)%00%(objectname)%00%(*objectname) [3ms]
2025-11-19 20:36:02.893 [info] > git ls-tree -l d005bdc2dd6e553d7b10a6676ce4ef5c6a4b2857 -- backend/src/routes/matches.py [7ms]
2025-11-19 20:36:02.894 [info] > git ls-tree -l 667a1a4a9d6d7cb164d673f5cf7461b61d87e696 -- backend/src/tba/client.py [14ms]
2025-11-19 20:36:02.894 [info] > git ls-tree -l d005bdc2dd6e553d7b10a6676ce4ef5c6a4b2857 -- backend/src/tba/client.py [20ms]
2025-11-19 20:36:02.894 [info] > git ls-files --stage -- backend/src/tba/client.py [26ms]
2025-11-19 20:36:02.901 [info] > git ls-tree -l 667a1a4a9d6d7cb164d673f5cf7461b61d87e696 -- backend/src/routes/matches.py [9ms]
2025-11-19 20:36:02.920 [info] > git show --textconv d005bdc2dd6e553d7b10a6676ce4ef5c6a4b2857:backend/src/routes/matches.py [12ms]
2025-11-19 20:36:02.920 [info] > git show --textconv 667a1a4a9d6d7cb164d673f5cf7461b61d87e696:backend/src/tba/client.py [6ms]
2025-11-19 20:36:02.921 [info] > git cat-file -s 3fc5796b4f90f015840fe193ac706ba8fc92e51c [21ms]
2025-11-19 20:36:02.928 [info] > git show --textconv d005bdc2dd6e553d7b10a6676ce4ef5c6a4b2857:backend/src/tba/client.py [9ms]
2025-11-19 20:36:02.935 [info] > git show --textconv 667a1a4a9d6d7cb164d673f5cf7461b61d87e696:backend/src/routes/matches.py [7ms]
2025-11-19 20:36:02.937 [info] > git show --textconv :1:backend/src/tba/client.py [2ms]
2025-11-19 20:36:03.870 [info] > git for-each-ref --format=%(refname)%00%(upstream:short)%00%(objectname)%00%(upstream:track)%00%(upstream:remotename)%00%(upstream:remoteref) refs/heads/frontend-implement-/team/number refs/remotes/frontend-implement-/team/number [2ms]
2025-11-19 20:36:03.883 [info] > git status -z -uall [6ms]
2025-11-19 20:36:03.885 [info] > git for-each-ref --sort -committerdate --format %(refname)%00%(objectname)%00%(*objectname) [3ms]
2025-11-19 20:36:06.348 [info] > git show -s --decorate=full --shortstat --format=%H%n%aN%n%aE%n%at%n%ct%n%P%n%D%n%B -z MERGE_HEAD -- [6ms]
2025-11-19 20:36:06.348 [info] > git show -s --decorate=full --shortstat --format=%H%n%aN%n%aE%n%at%n%ct%n%P%n%D%n%B -z HEAD -- [12ms]
2025-11-19 20:36:06.350 [info] > git diff --name-status -z --diff-filter=ADMR MERGE_HEAD...HEAD -- [3ms]
2025-11-19 20:36:06.358 [info] > git diff --name-status -z --diff-filter=ADMR HEAD...MERGE_HEAD -- [2ms]
2025-11-19 20:36:06.426 [info] > git show --textconv :1:backend/src/services/match.py [45ms]
2025-11-19 20:36:06.426 [info] > git show --textconv d005bdc2dd6e553d7b10a6676ce4ef5c6a4b2857:backend/src/services/match.py [36ms]
2025-11-19 20:36:06.426 [info] > git show --textconv 667a1a4a9d6d7cb164d673f5cf7461b61d87e696:backend/src/services/match.py [28ms]
2025-11-19 20:36:06.427 [info] > git ls-tree -l d005bdc2dd6e553d7b10a6676ce4ef5c6a4b2857 -- backend/src/services/match.py [11ms]
2025-11-19 20:36:06.427 [info] > git ls-files --stage -- backend/src/services/match.py [20ms]
2025-11-19 20:36:06.438 [info] > git cat-file -s 174aa7f566fdc9492deab02e75877c544df391a2 [3ms]
2025-11-19 20:36:06.438 [info] > git ls-tree -l 667a1a4a9d6d7cb164d673f5cf7461b61d87e696 -- backend/src/services/match.py [14ms]
2025-11-19 20:36:28.177 [info] > git add -A -- backend/src/services/match.py [3ms]
2025-11-19 20:36:28.187 [info] > git for-each-ref --format=%(refname)%00%(upstream:short)%00%(objectname)%00%(upstream:track)%00%(upstream:remotename)%00%(upstream:remoteref) refs/heads/frontend-implement-/team/number refs/remotes/frontend-implement-/team/number [2ms]
2025-11-19 20:36:28.203 [info] > git status -z -uall [10ms]
2025-11-19 20:36:28.204 [info] > git for-each-ref --sort -committerdate --format %(refname)%00%(objectname)%00%(*objectname) [2ms]
2025-11-19 20:36:29.320 [info] > git for-each-ref --format=%(refname)%00%(upstream:short)%00%(objectname)%00%(upstream:track)%00%(upstream:remotename)%00%(upstream:remoteref) refs/heads/frontend-implement-/team/number refs/remotes/frontend-implement-/team/number [2ms]
2025-11-19 20:36:29.334 [info] > git status -z -uall [7ms]
2025-11-19 20:36:29.336 [info] > git for-each-ref --sort -committerdate --format %(refname)%00%(objectname)%00%(*objectname) [3ms]
2025-11-19 20:36:29.447 [info] > git ls-tree -l d005bdc2dd6e553d7b10a6676ce4ef5c6a4b2857 -- backend/src/routes/matches.py [8ms]
2025-11-19 20:36:29.448 [info] > git ls-tree -l 667a1a4a9d6d7cb164d673f5cf7461b61d87e696 -- backend/src/tba/client.py [16ms]
2025-11-19 20:36:29.448 [info] > git ls-tree -l d005bdc2dd6e553d7b10a6676ce4ef5c6a4b2857 -- backend/src/tba/client.py [23ms]
2025-11-19 20:36:29.448 [info] > git ls-files --stage -- backend/src/tba/client.py [30ms]
2025-11-19 20:36:29.457 [info] > git cat-file -s 3fc5796b4f90f015840fe193ac706ba8fc92e51c [2ms]
2025-11-19 20:36:29.457 [info] > git ls-tree -l 667a1a4a9d6d7cb164d673f5cf7461b61d87e696 -- backend/src/routes/matches.py [11ms]
2025-11-19 20:36:29.480 [info] > git show --textconv d005bdc2dd6e553d7b10a6676ce4ef5c6a4b2857:backend/src/routes/matches.py [15ms]
2025-11-19 20:36:29.480 [info] > git show --textconv 667a1a4a9d6d7cb164d673f5cf7461b61d87e696:backend/src/tba/client.py [9ms]
2025-11-19 20:36:29.481 [info] > git show --textconv d005bdc2dd6e553d7b10a6676ce4ef5c6a4b2857:backend/src/tba/client.py [3ms]
2025-11-19 20:36:29.497 [info] > git show --textconv :1:backend/src/tba/client.py [8ms]
2025-11-19 20:36:29.498 [info] > git show --textconv 667a1a4a9d6d7cb164d673f5cf7461b61d87e696:backend/src/routes/matches.py [2ms]
2025-11-19 20:36:34.348 [info] > git for-each-ref --format=%(refname)%00%(upstream:short)%00%(objectname)%00%(upstream:track)%00%(upstream:remotename)%00%(upstream:remoteref) refs/heads/frontend-implement-/team/number refs/remotes/frontend-implement-/team/number [2ms]
2025-11-19 20:36:34.360 [info] > git status -z -uall [6ms]
2025-11-19 20:36:34.362 [info] > git for-each-ref --sort -committerdate --format %(refname)%00%(objectname)%00%(*objectname) [2ms]
2025-11-19 20:36:39.373 [info] > git for-each-ref --format=%(refname)%00%(upstream:short)%00%(objectname)%00%(upstream:track)%00%(upstream:remotename)%00%(upstream:remoteref) refs/heads/frontend-implement-/team/number refs/remotes/frontend-implement-/team/number [2ms]
2025-11-19 20:36:39.387 [info] > git status -z -uall [7ms]
2025-11-19 20:36:39.389 [info] > git for-each-ref --sort -committerdate --format %(refname)%00%(objectname)%00%(*objectname) [3ms]
2025-11-19 20:36:43.031 [info] > git show -s --decorate=full --shortstat --format=%H%n%aN%n%aE%n%at%n%ct%n%P%n%D%n%B -z MERGE_HEAD -- [6ms]
2025-11-19 20:36:43.031 [info] > git show -s --decorate=full --shortstat --format=%H%n%aN%n%aE%n%at%n%ct%n%P%n%D%n%B -z HEAD -- [11ms]
2025-11-19 20:36:43.033 [info] > git diff --name-status -z --diff-filter=ADMR MERGE_HEAD...HEAD -- [2ms]
2025-11-19 20:36:43.042 [info] > git diff --name-status -z --diff-filter=ADMR HEAD...MERGE_HEAD -- [3ms]
2025-11-19 20:36:43.090 [info] > git show --textconv :1:backend/src/services/tba.py [27ms]
2025-11-19 20:36:43.090 [info] > git show --textconv d005bdc2dd6e553d7b10a6676ce4ef5c6a4b2857:backend/src/services/tba.py [21ms]
2025-11-19 20:36:43.090 [info] > git show --textconv 667a1a4a9d6d7cb164d673f5cf7461b61d87e696:backend/src/services/tba.py [15ms]
2025-11-19 20:36:43.090 [info] > git ls-tree -l d005bdc2dd6e553d7b10a6676ce4ef5c6a4b2857 -- backend/src/services/tba.py [6ms]
2025-11-19 20:36:43.091 [info] > git ls-files --stage -- backend/src/services/tba.py [11ms]
2025-11-19 20:36:43.098 [info] > git ls-tree -l 667a1a4a9d6d7cb164d673f5cf7461b61d87e696 -- backend/src/services/tba.py [9ms]
2025-11-19 20:36:43.098 [info] > git cat-file -s 64db04256bb759b531dd505e05418949d9fa7585 [2ms]
2025-11-19 20:36:59.973 [info] > git add -A -- backend/src/services/tba.py [3ms]
2025-11-19 20:36:59.983 [info] > git for-each-ref --format=%(refname)%00%(upstream:short)%00%(objectname)%00%(upstream:track)%00%(upstream:remotename)%00%(upstream:remoteref) refs/heads/frontend-implement-/team/number refs/remotes/frontend-implement-/team/number [2ms]
2025-11-19 20:36:59.997 [info] > git status -z -uall [7ms]
2025-11-19 20:36:59.998 [info] > git for-each-ref --sort -committerdate --format %(refname)%00%(objectname)%00%(*objectname) [2ms]
2025-11-19 20:37:01.109 [info] > git for-each-ref --format=%(refname)%00%(upstream:short)%00%(objectname)%00%(upstream:track)%00%(upstream:remotename)%00%(upstream:remoteref) refs/heads/frontend-implement-/team/number refs/remotes/frontend-implement-/team/number [2ms]
2025-11-19 20:37:01.122 [info] > git status -z -uall [6ms]
2025-11-19 20:37:01.124 [info] > git for-each-ref --sort -committerdate --format %(refname)%00%(objectname)%00%(*objectname) [2ms]
2025-11-19 20:37:01.220 [info] > git ls-tree -l d005bdc2dd6e553d7b10a6676ce4ef5c6a4b2857 -- backend/src/tba/client.py [6ms]
2025-11-19 20:37:01.221 [info] > git ls-files --stage -- backend/src/tba/client.py [12ms]
2025-11-19 20:37:01.229 [info] > git cat-file -s 3fc5796b4f90f015840fe193ac706ba8fc92e51c [3ms]
2025-11-19 20:37:01.229 [info] > git ls-tree -l 667a1a4a9d6d7cb164d673f5cf7461b61d87e696 -- backend/src/tba/client.py [9ms]
2025-11-19 20:37:01.238 [info] > git show --textconv d005bdc2dd6e553d7b10a6676ce4ef5c6a4b2857:backend/src/tba/client.py [2ms]
2025-11-19 20:37:01.256 [info] > git show --textconv :1:backend/src/tba/client.py [8ms]
2025-11-19 20:37:01.257 [info] > git show --textconv 667a1a4a9d6d7cb164d673f5cf7461b61d87e696:backend/src/tba/client.py [2ms]
2025-11-19 20:37:02.062 [info] > git check-ignore -v -z --stdin [2ms]
2025-11-19 20:37:03.249 [info] > git show -s --decorate=full --shortstat --format=%H%n%aN%n%aE%n%at%n%ct%n%P%n%D%n%B -z MERGE_HEAD -- [5ms]
2025-11-19 20:37:03.249 [info] > git show -s --decorate=full --shortstat --format=%H%n%aN%n%aE%n%at%n%ct%n%P%n%D%n%B -z HEAD -- [10ms]
2025-11-19 20:37:03.251 [info] > git diff --name-status -z --diff-filter=ADMR MERGE_HEAD...HEAD -- [3ms]
2025-11-19 20:37:03.260 [info] > git diff --name-status -z --diff-filter=ADMR HEAD...MERGE_HEAD -- [3ms]
2025-11-19 20:37:03.312 [info] > git show --textconv :1:frontend/src/client/transformers.gen.ts [30ms]
2025-11-19 20:37:03.312 [info] > git show --textconv d005bdc2dd6e553d7b10a6676ce4ef5c6a4b2857:frontend/src/client/transformers.gen.ts [23ms]
2025-11-19 20:37:03.312 [info] > git show --textconv 667a1a4a9d6d7cb164d673f5cf7461b61d87e696:frontend/src/client/transformers.gen.ts [16ms]
2025-11-19 20:37:03.312 [info] > git ls-tree -l d005bdc2dd6e553d7b10a6676ce4ef5c6a4b2857 -- frontend/src/client/transformers.gen.ts [6ms]
2025-11-19 20:37:03.312 [info] > git ls-files --stage -- frontend/src/client/transformers.gen.ts [10ms]
2025-11-19 20:37:03.319 [info] > git cat-file -s 79d7c178e8fc849324c4c6cd71f9d177ba7356cd [3ms]
2025-11-19 20:37:03.319 [info] > git ls-tree -l 667a1a4a9d6d7cb164d673f5cf7461b61d87e696 -- frontend/src/client/transformers.gen.ts [8ms]
2025-11-19 20:37:06.135 [info] > git for-each-ref --format=%(refname)%00%(upstream:short)%00%(objectname)%00%(upstream:track)%00%(upstream:remotename)%00%(upstream:remoteref) refs/heads/frontend-implement-/team/number refs/remotes/frontend-implement-/team/number [2ms]
2025-11-19 20:37:06.147 [info] > git status -z -uall [6ms]
2025-11-19 20:37:06.149 [info] > git for-each-ref --sort -committerdate --format %(refname)%00%(objectname)%00%(*objectname) [2ms]
2025-11-19 20:37:07.817 [info] > git add -A -- frontend/src/client/transformers.gen.ts [3ms]
2025-11-19 20:37:07.827 [info] > git for-each-ref --format=%(refname)%00%(upstream:short)%00%(objectname)%00%(upstream:track)%00%(upstream:remotename)%00%(upstream:remoteref) refs/heads/frontend-implement-/team/number refs/remotes/frontend-implement-/team/number [3ms]
2025-11-19 20:37:07.837 [info] > git status -z -uall [5ms]
2025-11-19 20:37:07.839 [info] > git for-each-ref --sort -committerdate --format %(refname)%00%(objectname)%00%(*objectname) [2ms]
2025-11-19 20:37:09.081 [info] > git ls-tree -l d005bdc2dd6e553d7b10a6676ce4ef5c6a4b2857 -- backend/src/tba/client.py [5ms]
2025-11-19 20:37:09.082 [info] > git ls-files --stage -- backend/src/tba/client.py [12ms]
2025-11-19 20:37:09.086 [info] > git ls-tree -l 667a1a4a9d6d7cb164d673f5cf7461b61d87e696 -- backend/src/tba/client.py [5ms]
2025-11-19 20:37:09.092 [info] > git cat-file -s 3fc5796b4f90f015840fe193ac706ba8fc92e51c [6ms]
2025-11-19 20:37:09.097 [info] > git show --textconv d005bdc2dd6e553d7b10a6676ce4ef5c6a4b2857:backend/src/tba/client.py [6ms]
2025-11-19 20:37:09.103 [info] > git show --textconv 667a1a4a9d6d7cb164d673f5cf7461b61d87e696:backend/src/tba/client.py [6ms]
2025-11-19 20:37:09.104 [info] > git show --textconv :1:backend/src/tba/client.py [2ms]
2025-11-19 20:37:11.161 [info] > git for-each-ref --format=%(refname)%00%(upstream:short)%00%(objectname)%00%(upstream:track)%00%(upstream:remotename)%00%(upstream:remoteref) refs/heads/frontend-implement-/team/number refs/remotes/frontend-implement-/team/number [2ms]
2025-11-19 20:37:11.175 [info] > git status -z -uall [7ms]
2025-11-19 20:37:11.177 [info] > git for-each-ref --sort -committerdate --format %(refname)%00%(objectname)%00%(*objectname) [3ms]
2025-11-19 20:37:12.674 [info] > git show -s --decorate=full --shortstat --format=%H%n%aN%n%aE%n%at%n%ct%n%P%n%D%n%B -z MERGE_HEAD -- [6ms]
2025-11-19 20:37:12.674 [info] > git show -s --decorate=full --shortstat --format=%H%n%aN%n%aE%n%at%n%ct%n%P%n%D%n%B -z HEAD -- [11ms]
2025-11-19 20:37:12.676 [info] > git diff --name-status -z --diff-filter=ADMR MERGE_HEAD...HEAD -- [3ms]
2025-11-19 20:37:12.684 [info] > git diff --name-status -z --diff-filter=ADMR HEAD...MERGE_HEAD -- [2ms]
2025-11-19 20:37:12.740 [info] > git show --textconv :1:frontend/src/client/types.gen.ts [32ms]
2025-11-19 20:37:12.740 [info] > git show --textconv d005bdc2dd6e553d7b10a6676ce4ef5c6a4b2857:frontend/src/client/types.gen.ts [24ms]
2025-11-19 20:37:12.740 [info] > git show --textconv 667a1a4a9d6d7cb164d673f5cf7461b61d87e696:frontend/src/client/types.gen.ts [17ms]
2025-11-19 20:37:12.740 [info] > git ls-tree -l d005bdc2dd6e553d7b10a6676ce4ef5c6a4b2857 -- frontend/src/client/types.gen.ts [6ms]
2025-11-19 20:37:12.740 [info] > git ls-files --stage -- frontend/src/client/types.gen.ts [11ms]
2025-11-19 20:37:12.749 [info] > git cat-file -s 80fbe6decfc7ffc1cedadd3affb13ba497a23f92 [3ms]
2025-11-19 20:37:12.749 [info] > git ls-tree -l 667a1a4a9d6d7cb164d673f5cf7461b61d87e696 -- frontend/src/client/types.gen.ts [10ms]
2025-11-19 20:37:15.667 [info] > git add -A -- frontend/src/client/types.gen.ts [3ms]
2025-11-19 20:37:15.677 [info] > git for-each-ref --format=%(refname)%00%(upstream:short)%00%(objectname)%00%(upstream:track)%00%(upstream:remotename)%00%(upstream:remoteref) refs/heads/frontend-implement-/team/number refs/remotes/frontend-implement-/team/number [3ms]
2025-11-19 20:37:15.690 [info] > git status -z -uall [7ms]
2025-11-19 20:37:15.692 [info] > git for-each-ref --sort -committerdate --format %(refname)%00%(objectname)%00%(*objectname) [2ms]
2025-11-19 20:37:16.803 [info] > git for-each-ref --format=%(refname)%00%(upstream:short)%00%(objectname)%00%(upstream:track)%00%(upstream:remotename)%00%(upstream:remoteref) refs/heads/frontend-implement-/team/number refs/remotes/frontend-implement-/team/number [2ms]
2025-11-19 20:37:16.816 [info] > git status -z -uall [6ms]
2025-11-19 20:37:16.818 [info] > git for-each-ref --sort -committerdate --format %(refname)%00%(objectname)%00%(*objectname) [2ms]
2025-11-19 20:37:16.917 [info] > git ls-tree -l d005bdc2dd6e553d7b10a6676ce4ef5c6a4b2857 -- backend/src/tba/client.py [7ms]
2025-11-19 20:37:16.917 [info] > git ls-files --stage -- backend/src/tba/client.py [13ms]
2025-11-19 20:37:16.925 [info] > git cat-file -s 3fc5796b4f90f015840fe193ac706ba8fc92e51c [2ms]
2025-11-19 20:37:16.925 [info] > git ls-tree -l 667a1a4a9d6d7cb164d673f5cf7461b61d87e696 -- backend/src/tba/client.py [9ms]
2025-11-19 20:37:16.934 [info] > git show --textconv d005bdc2dd6e553d7b10a6676ce4ef5c6a4b2857:backend/src/tba/client.py [2ms]
2025-11-19 20:37:16.952 [info] > git show --textconv :1:backend/src/tba/client.py [7ms]
2025-11-19 20:37:16.954 [info] > git show --textconv 667a1a4a9d6d7cb164d673f5cf7461b61d87e696:backend/src/tba/client.py [2ms]
2025-11-19 20:37:20.668 [info] > git -c user.useConfigOnly=true commit --quiet --allow-empty-message --file - [4ms]
2025-11-19 20:37:20.668 [info] error: Committing is not possible because you have unmerged files.
hint: Fix them up in the work tree, and then use 'git add/rm <file>'
hint: as appropriate to mark resolution and make a commit.
fatal: Exiting because of an unresolved conflict.
2025-11-19 20:37:20.677 [info] > git for-each-ref --format=%(refname)%00%(upstream:short)%00%(objectname)%00%(upstream:track)%00%(upstream:remotename)%00%(upstream:remoteref) refs/heads/frontend-implement-/team/number refs/remotes/frontend-implement-/team/number [2ms]
2025-11-19 20:37:20.692 [info] > git status -z -uall [8ms]
2025-11-19 20:37:20.693 [info] > git for-each-ref --sort -committerdate --format %(refname)%00%(objectname)%00%(*objectname) [2ms]
2025-11-19 20:37:21.860 [info] > git for-each-ref --format=%(refname)%00%(upstream:short)%00%(objectname)%00%(upstream:track)%00%(upstream:remotename)%00%(upstream:remoteref) refs/heads/frontend-implement-/team/number refs/remotes/frontend-implement-/team/number [2ms]
2025-11-19 20:37:21.875 [info] > git status -z -uall [7ms]
2025-11-19 20:37:21.876 [info] > git for-each-ref --sort -committerdate --format %(refname)%00%(objectname)%00%(*objectname) [2ms]
2025-11-19 20:37:27.013 [info] > git for-each-ref --format=%(refname)%00%(upstream:short)%00%(objectname)%00%(upstream:track)%00%(upstream:remotename)%00%(upstream:remoteref) refs/heads/frontend-implement-/team/number refs/remotes/frontend-implement-/team/number [2ms]
2025-11-19 20:37:27.025 [info] > git status -z -uall [6ms]
2025-11-19 20:37:27.027 [info] > git for-each-ref --sort -committerdate --format %(refname)%00%(objectname)%00%(*objectname) [3ms]
2025-11-19 20:37:50.745 [info] > git for-each-ref --format=%(refname)%00%(upstream:short)%00%(objectname)%00%(upstream:track)%00%(upstream:remotename)%00%(upstream:remoteref) refs/heads/frontend-implement-/team/number refs/remotes/frontend-implement-/team/number [2ms]
2025-11-19 20:37:50.757 [info] > git status -z -uall [6ms]
2025-11-19 20:37:50.759 [info] > git for-each-ref --sort -committerdate --format %(refname)%00%(objectname)%00%(*objectname) [2ms]
2025-11-19 20:37:55.771 [info] > git for-each-ref --format=%(refname)%00%(upstream:short)%00%(objectname)%00%(upstream:track)%00%(upstream:remotename)%00%(upstream:remoteref) refs/heads/frontend-implement-/team/number refs/remotes/frontend-implement-/team/number [2ms]
2025-11-19 20:37:55.784 [info] > git status -z -uall [6ms]
2025-11-19 20:37:55.786 [info] > git for-each-ref --sort -committerdate --format %(refname)%00%(objectname)%00%(*objectname) [2ms]
2025-11-19 20:38:18.788 [info] > git for-each-ref --format=%(refname)%00%(upstream:short)%00%(objectname)%00%(upstream:track)%00%(upstream:remotename)%00%(upstream:remoteref) refs/heads/frontend-implement-/team/number refs/remotes/frontend-implement-/team/number [2ms]
2025-11-19 20:38:18.801 [info] > git status -z -uall [7ms]
2025-11-19 20:38:18.802 [info] > git for-each-ref --sort -committerdate --format %(refname)%00%(objectname)%00%(*objectname) [2ms]
2025-11-19 20:38:18.901 [info] > git ls-tree -l d005bdc2dd6e553d7b10a6676ce4ef5c6a4b2857 -- backend/src/tba/client.py [7ms]
2025-11-19 20:38:18.901 [info] > git ls-files --stage -- backend/src/tba/client.py [13ms]
2025-11-19 20:38:18.909 [info] > git ls-tree -l 667a1a4a9d6d7cb164d673f5cf7461b61d87e696 -- backend/src/tba/client.py [9ms]
2025-11-19 20:38:18.915 [info] > git cat-file -s 5239a3a49a965f83d939c5b8cd13e2579002d4d2 [8ms]
2025-11-19 20:38:18.917 [info] > git show --textconv d005bdc2dd6e553d7b10a6676ce4ef5c6a4b2857:backend/src/tba/client.py [2ms]
2025-11-19 20:38:18.952 [info] > git show --textconv 667a1a4a9d6d7cb164d673f5cf7461b61d87e696:backend/src/tba/client.py [9ms]
2025-11-19 20:38:18.953 [info] > git show --textconv :1:backend/src/tba/client.py [2ms]
2025-11-19 20:38:18.954 [warning] [GitFileSystemProvider][readFile] File not found - git:/home/rishy/Documents/Beaklevision/backend/src/tba/client.py?%7B%22path%22%3A%22%2Fhome%2Frishy%2FDocuments%2FBeaklevision%2Fbackend%2Fsrc%2Ftba%2Fclient.py%22%2C%22ref%22%3A%22%3A1%22%7D
2025-11-19 20:38:19.145 [info] > git show --textconv :backend/src/routes/matches.py [21ms]
2025-11-19 20:38:19.145 [info] > git show --textconv HEAD:backend/src/routes/matches.py [14ms]
2025-11-19 20:38:19.145 [info] > git ls-files --stage -- backend/src/routes/matches.py [7ms]
2025-11-19 20:38:19.154 [info] > git ls-tree -l HEAD -- backend/src/routes/matches.py [10ms]
2025-11-19 20:38:19.156 [info] > git cat-file -s eca35dc2024f08b25629e88fe0440266c5c4aaf1 [3ms]
2025-11-19 20:38:19.176 [info] > git blame --root --incremental 667a1a4a9d6d7cb164d673f5cf7461b61d87e696 -- backend/src/routes/matches.py [3ms]
2025-11-19 20:38:23.816 [info] > git for-each-ref --format=%(refname)%00%(upstream:short)%00%(objectname)%00%(upstream:track)%00%(upstream:remotename)%00%(upstream:remoteref) refs/heads/frontend-implement-/team/number refs/remotes/frontend-implement-/team/number [2ms]
2025-11-19 20:38:23.830 [info] > git status -z -uall [7ms]
2025-11-19 20:38:23.832 [info] > git for-each-ref --sort -committerdate --format %(refname)%00%(objectname)%00%(*objectname) [3ms]
2025-11-19 20:38:26.306 [info] > git ls-files --stage -- backend/src/routes/matches.py [7ms]
2025-11-19 20:38:26.311 [info] > git ls-tree -l 667a1a4a9d6d7cb164d673f5cf7461b61d87e696 -- backend/src/tba/client.py [17ms]
2025-11-19 20:38:26.311 [info] > git ls-tree -l d005bdc2dd6e553d7b10a6676ce4ef5c6a4b2857 -- backend/src/tba/client.py [23ms]
2025-11-19 20:38:26.312 [info] > git ls-files --stage -- backend/src/tba/client.py [30ms]
2025-11-19 20:38:26.318 [info] > git cat-file -s eca35dc2024f08b25629e88fe0440266c5c4aaf1 [7ms]
2025-11-19 20:38:26.318 [info] > git ls-tree -l HEAD -- backend/src/routes/matches.py [13ms]
2025-11-19 20:38:26.331 [info] > git show --textconv 667a1a4a9d6d7cb164d673f5cf7461b61d87e696:backend/src/tba/client.py [7ms]
2025-11-19 20:38:26.331 [info] > git cat-file -s 5239a3a49a965f83d939c5b8cd13e2579002d4d2 [14ms]
2025-11-19 20:38:26.344 [info] > git show --textconv d005bdc2dd6e553d7b10a6676ce4ef5c6a4b2857:backend/src/tba/client.py [14ms]
2025-11-19 20:38:26.344 [info] > git show --textconv :backend/src/routes/matches.py [7ms]
2025-11-19 20:38:26.350 [info] > git show --textconv HEAD:backend/src/routes/matches.py [7ms]
2025-11-19 20:38:26.352 [info] > git show --textconv :1:backend/src/tba/client.py [2ms]
2025-11-19 20:38:26.352 [warning] [GitFileSystemProvider][readFile] File not found - git:/home/rishy/Documents/Beaklevision/backend/src/tba/client.py?%7B%22path%22%3A%22%2Fhome%2Frishy%2FDocuments%2FBeaklevision%2Fbackend%2Fsrc%2Ftba%2Fclient.py%22%2C%22ref%22%3A%22%3A1%22%7D
2025-11-19 20:38:28.332 [info] > git ls-files --stage -- backend/src/routes/matches.py [6ms]
2025-11-19 20:38:28.337 [info] > git ls-tree -l 667a1a4a9d6d7cb164d673f5cf7461b61d87e696 -- backend/src/tba/client.py [17ms]
2025-11-19 20:38:28.337 [info] > git ls-tree -l d005bdc2dd6e553d7b10a6676ce4ef5c6a4b2857 -- backend/src/tba/client.py [24ms]
2025-11-19 20:38:28.338 [info] > git ls-files --stage -- backend/src/tba/client.py [31ms]
2025-11-19 20:38:28.344 [info] > git cat-file -s eca35dc2024f08b25629e88fe0440266c5c4aaf1 [7ms]
2025-11-19 20:38:28.345 [info] > git ls-tree -l HEAD -- backend/src/routes/matches.py [13ms]
2025-11-19 20:38:28.357 [info] > git show --textconv 667a1a4a9d6d7cb164d673f5cf7461b61d87e696:backend/src/tba/client.py [6ms]
2025-11-19 20:38:28.357 [info] > git cat-file -s 5239a3a49a965f83d939c5b8cd13e2579002d4d2 [14ms]
2025-11-19 20:38:28.370 [info] > git show --textconv d005bdc2dd6e553d7b10a6676ce4ef5c6a4b2857:backend/src/tba/client.py [13ms]
2025-11-19 20:38:28.370 [info] > git show --textconv :backend/src/routes/matches.py [6ms]
2025-11-19 20:38:28.376 [info] > git show --textconv HEAD:backend/src/routes/matches.py [7ms]
2025-11-19 20:38:28.378 [info] > git show --textconv :1:backend/src/tba/client.py [2ms]
2025-11-19 20:38:28.378 [warning] [GitFileSystemProvider][readFile] File not found - git:/home/rishy/Documents/Beaklevision/backend/src/tba/client.py?%7B%22path%22%3A%22%2Fhome%2Frishy%2FDocuments%2FBeaklevision%2Fbackend%2Fsrc%2Ftba%2Fclient.py%22%2C%22ref%22%3A%22%3A1%22%7D
2025-11-19 20:38:28.848 [info] > git config --get commit.template [7ms]
2025-11-19 20:38:28.850 [info] > git for-each-ref --format=%(refname)%00%(upstream:short)%00%(objectname)%00%(upstream:track)%00%(upstream:remotename)%00%(upstream:remoteref) refs/heads/frontend-implement-/team/number refs/remotes/frontend-implement-/team/number [2ms]
2025-11-19 20:38:28.864 [info] > git status -z -uall [8ms]
2025-11-19 20:38:28.866 [info] > git for-each-ref --sort -committerdate --format %(refname)%00%(objectname)%00%(*objectname) [3ms]
2025-11-19 20:38:28.883 [info] > git blame --root --incremental cfe46630602f2e7fef7dedb030c750a79665ab1e -- backend/src/routes/matches.py [7ms]
2025-11-19 20:38:28.884 [info] > git merge-base refs/heads/frontend-implement-/team/number refs/remotes/origin/frontend-implement-/team/number [2ms]
2025-11-19 20:38:28.899 [info] > git diff --name-status -z --diff-filter=ADMR --find-renames=50% cfe46630602f2e7fef7dedb030c750a79665ab1e...refs/remotes/origin/frontend-implement-/team/number -- [8ms]
2025-11-19 20:38:28.968 [info] > git log --format=%H%n%aN%n%aE%n%at%n%ct%n%P%n%D%n%B -z --shortstat --diff-merges=first-parent -n50 --skip=0 --topo-order --decorate=full --stdin [70ms]
2025-11-19 20:38:29.043 [info] > git merge-base frontend-implement-/team/number origin/frontend-implement-/team/number [3ms]
2025-11-19 20:38:29.257 [info] > git config --get commit.template [8ms]
2025-11-19 20:38:29.258 [info] > git for-each-ref --format=%(refname)%00%(upstream:short)%00%(objectname)%00%(upstream:track)%00%(upstream:remotename)%00%(upstream:remoteref) refs/heads/frontend-implement-/team/number refs/remotes/frontend-implement-/team/number [2ms]
2025-11-19 20:38:29.274 [info] > git status -z -uall [8ms]
2025-11-19 20:38:29.275 [info] > git for-each-ref --sort -committerdate --format %(refname)%00%(objectname)%00%(*objectname) [2ms]
2025-11-19 20:38:30.404 [info] > git ls-tree -l 667a1a4a9d6d7cb164d673f5cf7461b61d87e696 -- backend/src/tba/client.py [7ms]
2025-11-19 20:38:30.404 [info] > git ls-tree -l d005bdc2dd6e553d7b10a6676ce4ef5c6a4b2857 -- backend/src/tba/client.py [13ms]
2025-11-19 20:38:30.404 [info] > git ls-files --stage -- backend/src/tba/client.py [18ms]
2025-11-19 20:38:30.410 [info] > git ls-files --stage -- backend/src/routes/matches.py [7ms]
2025-11-19 20:38:30.429 [info] > git show --textconv 667a1a4a9d6d7cb164d673f5cf7461b61d87e696:backend/src/tba/client.py [7ms]
2025-11-19 20:38:30.429 [info] > git cat-file -s eca35dc2024f08b25629e88fe0440266c5c4aaf1 [13ms]
2025-11-19 20:38:30.429 [info] > git cat-file -s 5239a3a49a965f83d939c5b8cd13e2579002d4d2 [19ms]
2025-11-19 20:38:30.437 [info] > git show --textconv d005bdc2dd6e553d7b10a6676ce4ef5c6a4b2857:backend/src/tba/client.py [9ms]
2025-11-19 20:38:30.443 [info] > git show --textconv :backend/src/routes/matches.py [7ms]
2025-11-19 20:38:30.445 [info] > git show --textconv :1:backend/src/tba/client.py [2ms]
2025-11-19 20:38:30.445 [warning] [GitFileSystemProvider][readFile] File not found - git:/home/rishy/Documents/Beaklevision/backend/src/tba/client.py?%7B%22path%22%3A%22%2Fhome%2Frishy%2FDocuments%2FBeaklevision%2Fbackend%2Fsrc%2Ftba%2Fclient.py%22%2C%22ref%22%3A%22%3A1%22%7D
2025-11-19 20:38:32.563 [info] > git show --textconv :backend/src/tba/client.py [6ms]
2025-11-19 20:38:32.564 [info] > git ls-files --stage -- backend/src/tba/client.py [1ms]
2025-11-19 20:38:32.572 [info] > git cat-file -s 5239a3a49a965f83d939c5b8cd13e2579002d4d2 [2ms]
2025-11-19 20:38:32.593 [info] > git blame --root --incremental cfe46630602f2e7fef7dedb030c750a79665ab1e -- backend/src/tba/client.py [4ms]
