2025-11-19 20:31:53.166 [info] Extension host with pid 64022 started
2025-11-19 20:31:53.232 [info] ExtensionService#_doActivateExtension vscode.github-authentication, startup: false, activationEvent: 'onAuthenticationRequest:github'
2025-11-19 20:31:53.256 [info] ExtensionService#_doActivateExtension vscode.emmet, startup: false, activationEvent: 'onLanguage'
2025-11-19 20:31:53.450 [info] ExtensionService#_doActivateExtension vscode.git-base, startup: true, activationEvent: '*', root cause: vscode.git
2025-11-19 20:31:53.509 [info] ExtensionService#_doActivateExtension vscode.git, startup: true, activationEvent: '*'
2025-11-19 20:31:53.563 [info] ExtensionService#_doActivateExtension vscode.github, startup: true, activationEvent: '*'
2025-11-19 20:31:53.672 [info] Eager extensions activated
2025-11-19 20:31:53.676 [info] ExtensionService#_doActivateExtension vscode.debug-auto-launch, startup: false, activationEvent: 'onStartupFinished'
2025-11-19 20:31:53.678 [info] ExtensionService#_doActivateExtension vscode.merge-conflict, startup: false, activationEvent: 'onStartupFinished'
2025-11-19 20:32:00.579 [info] Extension host terminating: renderer closed the MessagePort
2025-11-19 20:32:00.588 [info] Extension host with pid 64022 exiting with code 0
2025-11-19 20:32:01.512 [info] Extension host with pid 64203 started
2025-11-19 20:32:01.512 [info] Skipping acquiring lock for /home/rishy/.config/Code/User/workspaceStorage/40104549c5e04359f7f81d454ccd0a10.
2025-11-19 20:32:01.555 [info] ExtensionService#_doActivateExtension vscode.github-authentication, startup: false, activationEvent: 'onAuthenticationRequest:github'
2025-11-19 20:32:01.578 [info] ExtensionService#_doActivateExtension vscode.emmet, startup: false, activationEvent: 'onLanguage'
2025-11-19 20:32:01.651 [info] ExtensionService#_doActivateExtension vscode.git-base, startup: true, activationEvent: '*'
2025-11-19 20:32:01.671 [info] ExtensionService#_doActivateExtension vscode.github, startup: true, activationEvent: '*'
2025-11-19 20:32:01.733 [info] Eager extensions activated
2025-11-19 20:32:01.769 [info] ExtensionService#_doActivateExtension vscode.debug-auto-launch, startup: false, activationEvent: 'onStartupFinished'
2025-11-19 20:32:01.771 [info] ExtensionService#_doActivateExtension vscode.merge-conflict, startup: false, activationEvent: 'onStartupFinished'
2025-11-19 20:32:03.199 [info] ExtensionService#_doActivateExtension vscode.git, startup: false, activationEvent: 'api', root cause: vscode.github
2025-11-19 20:32:33.570 [info] ExtensionService#_doActivateExtension ms-python.vscode-python-envs, startup: false, activationEvent: 'onLanguage:python'
2025-11-19 20:32:33.613 [info] ExtensionService#_doActivateExtension ms-python.python, startup: false, activationEvent: 'onLanguage:python', root cause: ms-python.debugpy
2025-11-19 20:32:33.787 [info] ExtensionService#_doActivateExtension ms-python.vscode-pylance, startup: false, activationEvent: 'onLanguage:python'
2025-11-19 20:32:34.521 [info] ExtensionService#_doActivateExtension ms-python.debugpy, startup: false, activationEvent: 'onLanguage:python'
2025-11-19 20:32:35.106 [info] ExtensionService#_doActivateExtension vscode.terminal-suggest, startup: false, activationEvent: 'onTerminalShellIntegration:*'
2025-11-19 20:32:36.474 [warning] DiagnosticCollection with name 'Pylance' does already exist.
2025-11-19 20:32:36.484 [warning] DiagnosticCollection with name 'Pylance' does already exist.
2025-11-19 20:32:49.815 [info] ExtensionService#_doActivateExtension vscode.configuration-editing, startup: false, activationEvent: 'onLanguage:jsonc'
2025-11-19 20:32:49.822 [info] ExtensionService#_doActivateExtension vscode.json-language-features, startup: false, activationEvent: 'onLanguage:jsonc'
2025-11-19 20:32:49.867 [info] ExtensionService#_doActivateExtension vscode.typescript-language-features, startup: false, activationEvent: 'onLanguage:jsonc'
2025-11-19 20:33:37.812 [warning] DiagnosticCollection with name 'Pylance' does already exist.
2025-11-19 20:33:43.161 [warning] DiagnosticCollection with name 'Pylance' does already exist.
2025-11-19 20:33:48.843 [warning] DiagnosticCollection with name 'Pylance' does already exist.
2025-11-19 20:34:30.274 [info] ExtensionService#_doActivateExtension vscode.extension-editing, startup: false, activationEvent: 'onLanguage:json'
2025-11-19 20:34:30.286 [info] ExtensionService#_doActivateExtension vscode.npm, startup: false, activationEvent: 'onLanguage:json'
2025-11-19 20:38:32.965 [info] Extension host terminating: renderer closed the MessagePort
2025-11-19 20:38:32.997 [error] TypeError: Cannot read properties of undefined (reading 'subscriptions')
	at Object.G [as deactivate] (/home/rishy/.vscode/extensions/ms-python.vscode-python-envs-1.12.0-linux-x64/dist/extension.js:2:681672)
	at xX.eb (file:///snap/code/213/usr/share/code/resources/app/out/vs/workbench/api/node/extensionHostProcess.js:118:11850)
	at file:///snap/code/213/usr/share/code/resources/app/out/vs/workbench/api/node/extensionHostProcess.js:118:10000
	at Array.map (<anonymous>)
	at xX.$ (file:///snap/code/213/usr/share/code/resources/app/out/vs/workbench/api/node/extensionHostProcess.js:118:9988)
	at xX.terminate (file:///snap/code/213/usr/share/code/resources/app/out/vs/workbench/api/node/extensionHostProcess.js:118:10231)
	at rN.terminate (file:///snap/code/213/usr/share/code/resources/app/out/vs/workbench/api/node/extensionHostProcess.js:120:914)
	at Fs (file:///snap/code/213/usr/share/code/resources/app/out/vs/workbench/api/node/extensionHostProcess.js:402:10411)
	at MessagePortMain.<anonymous> (file:///snap/code/213/usr/share/code/resources/app/out/vs/workbench/api/node/extensionHostProcess.js:402:6949)
	at MessagePortMain.emit (node:events:519:28)
	at MessagePortMain._internalPort.emit (node:electron/js2c/utility_init:2:2949)
2025-11-19 20:38:32.999 [info] Extension host with pid 64203 exiting with code 0
