2025-12-25 19:39:29,408 DEBUG    root            Loaded Command Group: ['gcloud', 'components']
2025-12-25 19:39:29,410 DEBUG    root            Loaded Command Group: ['gcloud', 'components', 'install']
2025-12-25 19:39:29,410 DEBUG    root            Running [gcloud.components.install] with arguments: [--compile-python: "True", --quiet: "True", COMPONENT-IDS:4: "['gsutil', 'core', 'bq', 'gcloud-crc32c']"]
2025-12-25 19:39:29,429 DEBUG    urllib3.connectionpool Starting new HTTPS connection (1): dl.google.com:443
2025-12-25 19:39:29,510 DEBUG    urllib3.connectionpool https://dl.google.com:443 "GET /dl/cloudsdk/channels/rapid/components-v550.0.0.json HTTP/1.1" 200 24727
2025-12-25 19:39:29,528 INFO     ___FILE_ONLY___ 

2025-12-25 19:39:29,528 INFO     ___FILE_ONLY___ 
Your current Google Cloud CLI version is: 550.0.0

2025-12-25 19:39:29,528 INFO     ___FILE_ONLY___ Installing components from version: 550.0.0

2025-12-25 19:39:29,528 INFO     ___FILE_ONLY___ 

2025-12-25 19:39:29,529 DEBUG    root            Chosen display Format:table[box,title="These components will be removed."](details.display_name:label=Name:align=left,version.version_string:label=Version:align=right,data.size.size(zero="",min=1048576):label=Size:align=right)
2025-12-25 19:39:29,529 DEBUG    root            Chosen display Format:table[box,title="These components will be updated."](details.display_name:label=Name:align=left,version.version_string:label=Version:align=right,data.size.size(zero="",min=1048576):label=Size:align=right)
2025-12-25 19:39:29,529 DEBUG    root            Chosen display Format:table[box,title="These components will be installed."](details.display_name:label=Name:align=left,version.version_string:label=Version:align=right,data.size.size(zero="",min=1048576):label=Size:align=right)
2025-12-25 19:39:29,553 INFO     ___FILE_ONLY___ ┌────────────────────────────────────────────────────────────────────┐
2025-12-25 19:39:29,553 INFO     ___FILE_ONLY___ 

2025-12-25 19:39:29,553 INFO     ___FILE_ONLY___ │                These components will be installed.                 │
2025-12-25 19:39:29,553 INFO     ___FILE_ONLY___ 

2025-12-25 19:39:29,553 INFO     ___FILE_ONLY___ ├─────────────────────────────────────────────┬────────────┬─────────┤
2025-12-25 19:39:29,553 INFO     ___FILE_ONLY___ 

2025-12-25 19:39:29,553 INFO     ___FILE_ONLY___ │                     Name                    │  Version   │   Size  │
2025-12-25 19:39:29,553 INFO     ___FILE_ONLY___ 

2025-12-25 19:39:29,553 INFO     ___FILE_ONLY___ ├─────────────────────────────────────────────┼────────────┼─────────┤
2025-12-25 19:39:29,553 INFO     ___FILE_ONLY___ 

2025-12-25 19:39:29,553 INFO     ___FILE_ONLY___ │ 
2025-12-25 19:39:29,553 INFO     ___FILE_ONLY___ gcloud cli dependencies (Platform Specific)
2025-12-25 19:39:29,553 INFO     ___FILE_ONLY___  
2025-12-25 19:39:29,553 INFO     ___FILE_ONLY___ │ 
2025-12-25 19:39:29,553 INFO     ___FILE_ONLY___ 2021.04.16
2025-12-25 19:39:29,553 INFO     ___FILE_ONLY___  
2025-12-25 19:39:29,553 INFO     ___FILE_ONLY___ │ 
2025-12-25 19:39:29,553 INFO     ___FILE_ONLY___ < 1 MiB
2025-12-25 19:39:29,553 INFO     ___FILE_ONLY___  
2025-12-25 19:39:29,553 INFO     ___FILE_ONLY___ │
2025-12-25 19:39:29,553 INFO     ___FILE_ONLY___ 

2025-12-25 19:39:29,553 INFO     ___FILE_ONLY___ └─────────────────────────────────────────────┴────────────┴─────────┘
2025-12-25 19:39:29,553 INFO     ___FILE_ONLY___ 

2025-12-25 19:39:29,553 INFO     ___FILE_ONLY___ 

2025-12-25 19:39:29,555 DEBUG    urllib3.connectionpool Starting new HTTPS connection (1): dl.google.com:443
2025-12-25 19:39:29,638 DEBUG    urllib3.connectionpool https://dl.google.com:443 "GET /dl/cloudsdk/channels/rapid/RELEASE_NOTES HTTP/1.1" 200 343926
2025-12-25 19:39:30,172 INFO     ___FILE_ONLY___ For the latest full release notes, please visit:
  https://cloud.google.com/sdk/release_notes


2025-12-25 19:39:30,172 INFO     ___FILE_ONLY___ Performing in place update...


2025-12-25 19:39:30,172 INFO     ___FILE_ONLY___ ╔════════════════════════════════════════════════════════════╗

2025-12-25 19:39:30,172 INFO     ___FILE_ONLY___ ╠═ Downloading: gcloud cli dependencies (Platform Specific) ═╣

2025-12-25 19:39:30,172 INFO     ___FILE_ONLY___ ╚
2025-12-25 19:39:30,174 DEBUG    urllib3.connectionpool Starting new HTTPS connection (1): dl.google.com:443
2025-12-25 19:39:30,298 DEBUG    urllib3.connectionpool https://dl.google.com:443 "GET /dl/cloudsdk/channels/rapid/components/google-cloud-sdk-gcloud-deps-darwin-x86_64-20210416153011.tar.gz HTTP/1.1" 200 105
2025-12-25 19:39:30,299 INFO     ___FILE_ONLY___ ════════════════════════════════════════════════════════════
2025-12-25 19:39:30,299 INFO     ___FILE_ONLY___ ╝

2025-12-25 19:39:30,299 INFO     ___FILE_ONLY___ ╔════════════════════════════════════════════════════════════╗

2025-12-25 19:39:30,300 INFO     ___FILE_ONLY___ ╠═ Installing: gcloud cli dependencies (Platform Specific)  ═╣

2025-12-25 19:39:30,300 INFO     ___FILE_ONLY___ ╚
2025-12-25 19:39:30,300 INFO     ___FILE_ONLY___ ════════════════════════════════════════════════════════════
2025-12-25 19:39:30,300 INFO     ___FILE_ONLY___ ╝

2025-12-25 19:39:30,304 DEBUG    root            Updating notification cache...
2025-12-25 19:39:30,304 INFO     ___FILE_ONLY___ 

2025-12-25 19:39:30,305 INFO     ___FILE_ONLY___ Performing post processing steps...
2025-12-25 19:39:30,305 DEBUG    root            Executing command: ['/opt/homebrew/share/google-cloud-sdk/bin/gcloud', 'components', 'post-process']
2025-12-25 19:39:35,351 DEBUG    ___FILE_ONLY___ 
2025-12-25 19:39:35,352 DEBUG    ___FILE_ONLY___ 
2025-12-25 19:39:35,379 INFO     root            descriptor_list: [{'universeDomain': 'googleapis.com', 'universeShortName': '', 'authenticationDomain': 'auth.cloud.google.com', 'projectPrefix': '', 'cloudWebDomain': 'cloud.google.com', 'documentationDomain': 'cloud.google.com', 'version': '1.0.0', 'state': 'primary', 'artifactRegistryDomain': 'pkg.dev'}]
2025-12-25 19:39:35,379 DEBUG    root            Loaded Command Group: ['gcloud']
2025-12-25 19:39:35,382 DEBUG    root            Loaded Command Group: ['gcloud', 'config']
2025-12-25 19:39:35,383 DEBUG    root            Loaded Command Group: ['gcloud', 'config', 'virtualenv']
2025-12-25 19:39:35,387 DEBUG    root            Loaded Command Group: ['gcloud', 'config', 'virtualenv', 'create']
2025-12-25 19:39:35,388 DEBUG    root            Running [gcloud.config.virtualenv.create] with arguments: [--python-to-use: "/opt/homebrew/bin/python3.13"]
2025-12-25 19:39:35,388 INFO     ___FILE_ONLY___ Creating virtualenv...

2025-12-25 19:39:35,388 DEBUG    root            Executing command: ['/opt/homebrew/bin/python3.13', '-m', 'venv', '/Users/rishy/.config/gcloud/virtenv']
2025-12-25 19:39:37,393 DEBUG    ___FILE_ONLY___ 
2025-12-25 19:39:37,393 DEBUG    ___FILE_ONLY___ 
2025-12-25 19:39:37,393 INFO     ___FILE_ONLY___ Installing modules...

2025-12-25 19:39:37,393 DEBUG    root            Executing command: ['/Users/rishy/.config/gcloud/virtenv/bin/pip3', 'install', '--log', '/Users/rishy/.config/gcloud/virtenv/install_module.log', '--disable-pip-version-check', 'crcmod', 'grpcio', 'pyopenssl==24.2.1', 'google_crc32c', 'certifi', 'https://github.com/googleapis/enterprise-certificate-proxy/releases/download/v0.3.6/cryptography-42.0.7-cp39-abi3-macosx_10_12_universal2.whl', 'setuptools']
2025-12-25 19:39:56,006 DEBUG    root            Chosen display Format:default
2025-12-25 19:39:56,007 INFO     root            Display format: "default"
2025-12-25 19:39:56,009 DEBUG    root            Loaded Command Group: ['gcloud', 'config', 'virtualenv', 'enable']
2025-12-25 19:39:56,010 DEBUG    root            Running [gcloud.config.virtualenv.enable] with arguments: []
2025-12-25 19:39:56,010 INFO     ___FILE_ONLY___ Virtual env enabled.

2025-12-25 19:39:56,010 DEBUG    root            Chosen display Format:default
2025-12-25 19:39:56,010 INFO     root            Display format: "default"
2025-12-25 19:39:56,012 INFO     ___FILE_ONLY___ 
Update done!


2025-12-25 19:39:56,012 DEBUG    root            Chosen display Format:none
2025-12-25 19:39:56,012 INFO     root            Display format: "none"
