2025-12-25 19:40:57,116 DEBUG    root            Loaded Command Group: ['gcloud', 'components']
2025-12-25 19:40:57,127 DEBUG    root            Loaded Command Group: ['gcloud', 'components', 'reinstall']
2025-12-25 19:40:57,128 DEBUG    root            Running [gcloud.components.reinstall] with arguments: []
2025-12-25 19:40:57,135 DEBUG    urllib3.connectionpool Starting new HTTPS connection (1): dl.google.com:443
2025-12-25 19:40:57,214 DEBUG    urllib3.connectionpool https://dl.google.com:443 "GET /dl/cloudsdk/channels/rapid/components-2.json HTTP/1.1" 200 24727
2025-12-25 19:41:00,293 INFO     ___FILE_ONLY___ ╔════════════════════════════════════════════════════════════╗

2025-12-25 19:41:00,293 INFO     ___FILE_ONLY___ ╠═ Downloading and extracting updated components            ═╣

2025-12-25 19:41:00,293 INFO     ___FILE_ONLY___ ╚
2025-12-25 19:41:00,298 DEBUG    urllib3.connectionpool Starting new HTTPS connection (1): dl.google.com:443
2025-12-25 19:41:00,386 DEBUG    urllib3.connectionpool https://dl.google.com:443 "GET /dl/cloudsdk/channels/rapid/google-cloud-sdk.tar.gz HTTP/1.1" 200 41677038
2025-12-25 19:41:29,265 INFO     ___FILE_ONLY___ ═
2025-12-25 19:41:29,267 INFO     ___FILE_ONLY___ ═
2025-12-25 19:41:29,268 INFO     ___FILE_ONLY___ ═
2025-12-25 19:41:29,270 INFO     ___FILE_ONLY___ ═
2025-12-25 19:41:29,271 INFO     ___FILE_ONLY___ ═
2025-12-25 19:41:29,273 INFO     ___FILE_ONLY___ ═
2025-12-25 19:41:29,275 INFO     ___FILE_ONLY___ ═
2025-12-25 19:41:29,276 INFO     ___FILE_ONLY___ ═
2025-12-25 19:41:29,277 INFO     ___FILE_ONLY___ ═
2025-12-25 19:41:29,279 INFO     ___FILE_ONLY___ ═
2025-12-25 19:41:29,280 INFO     ___FILE_ONLY___ ═
2025-12-25 19:41:29,281 INFO     ___FILE_ONLY___ ═
2025-12-25 19:41:29,282 INFO     ___FILE_ONLY___ ═
2025-12-25 19:41:29,283 INFO     ___FILE_ONLY___ ═
2025-12-25 19:41:29,284 INFO     ___FILE_ONLY___ ═
2025-12-25 19:41:29,285 INFO     ___FILE_ONLY___ ═
2025-12-25 19:41:29,286 INFO     ___FILE_ONLY___ ═
2025-12-25 19:41:29,287 INFO     ___FILE_ONLY___ ═
2025-12-25 19:41:29,289 INFO     ___FILE_ONLY___ ═
2025-12-25 19:41:29,290 INFO     ___FILE_ONLY___ ═
2025-12-25 19:41:29,290 INFO     ___FILE_ONLY___ ═
2025-12-25 19:41:29,291 INFO     ___FILE_ONLY___ ═
2025-12-25 19:41:29,292 INFO     ___FILE_ONLY___ ═
2025-12-25 19:41:29,293 INFO     ___FILE_ONLY___ ═
2025-12-25 19:41:29,294 INFO     ___FILE_ONLY___ ═
2025-12-25 19:41:29,295 INFO     ___FILE_ONLY___ ═
2025-12-25 19:41:29,296 INFO     ___FILE_ONLY___ ═
2025-12-25 19:41:29,297 INFO     ___FILE_ONLY___ ═
2025-12-25 19:41:29,298 INFO     ___FILE_ONLY___ ═
2025-12-25 19:41:29,298 INFO     ___FILE_ONLY___ ═
2025-12-25 19:41:30,216 INFO     ___FILE_ONLY___ ═
2025-12-25 19:41:30,314 INFO     ___FILE_ONLY___ ═
2025-12-25 19:41:30,413 INFO     ___FILE_ONLY___ ═
2025-12-25 19:41:30,507 INFO     ___FILE_ONLY___ ═
2025-12-25 19:41:30,599 INFO     ___FILE_ONLY___ ═
2025-12-25 19:41:30,769 INFO     ___FILE_ONLY___ ═
2025-12-25 19:41:30,911 INFO     ___FILE_ONLY___ ═
2025-12-25 19:41:31,040 INFO     ___FILE_ONLY___ ═
2025-12-25 19:41:31,129 INFO     ___FILE_ONLY___ ═
2025-12-25 19:41:31,215 INFO     ___FILE_ONLY___ ═
2025-12-25 19:41:31,303 INFO     ___FILE_ONLY___ ═
2025-12-25 19:41:31,416 INFO     ___FILE_ONLY___ ═
2025-12-25 19:41:31,506 INFO     ___FILE_ONLY___ ═
2025-12-25 19:41:31,596 INFO     ___FILE_ONLY___ ═
2025-12-25 19:41:31,684 INFO     ___FILE_ONLY___ ═
2025-12-25 19:41:31,773 INFO     ___FILE_ONLY___ ═
2025-12-25 19:41:31,864 INFO     ___FILE_ONLY___ ═
2025-12-25 19:41:31,953 INFO     ___FILE_ONLY___ ═
2025-12-25 19:41:32,058 INFO     ___FILE_ONLY___ ═
2025-12-25 19:41:32,146 INFO     ___FILE_ONLY___ ═
2025-12-25 19:41:32,232 INFO     ___FILE_ONLY___ ═
2025-12-25 19:41:32,319 INFO     ___FILE_ONLY___ ═
2025-12-25 19:41:32,412 INFO     ___FILE_ONLY___ ═
2025-12-25 19:41:32,569 INFO     ___FILE_ONLY___ ═
2025-12-25 19:41:32,724 INFO     ___FILE_ONLY___ ═
2025-12-25 19:41:32,819 INFO     ___FILE_ONLY___ ═
2025-12-25 19:41:32,940 INFO     ___FILE_ONLY___ ═
2025-12-25 19:41:33,033 INFO     ___FILE_ONLY___ ═
2025-12-25 19:41:33,125 INFO     ___FILE_ONLY___ ═
2025-12-25 19:41:33,215 INFO     ___FILE_ONLY___ ═
2025-12-25 19:41:33,215 INFO     ___FILE_ONLY___ ╝

2025-12-25 19:41:33,218 DEBUG    root            Attempting to move directory [/var/folders/sj/x5bbzgys6l384n0f3r4lxxjw0000gn/T/tmpexozuon6/.extract/google-cloud-sdk] to [/opt/homebrew/share/google-cloud-sdk.staging]
2025-12-25 19:41:57,464 INFO     ___FILE_ONLY___ ╔════════════════════════════════════════════════════════════╗

2025-12-25 19:41:57,464 INFO     ___FILE_ONLY___ ╠═ Creating backup and activating new installation          ═╣

2025-12-25 19:41:57,464 INFO     ___FILE_ONLY___ ╚
2025-12-25 19:41:57,465 DEBUG    root            Attempting to move directory [/opt/homebrew/share/google-cloud-sdk] to [/opt/homebrew/share/google-cloud-sdk.staging/.install/.backup]
2025-12-25 19:41:57,465 INFO     ___FILE_ONLY___ ══════════════════════════════
2025-12-25 19:41:57,465 DEBUG    root            Attempting to move directory [/opt/homebrew/share/google-cloud-sdk.staging] to [/opt/homebrew/share/google-cloud-sdk]
2025-12-25 19:41:57,465 INFO     ___FILE_ONLY___ ══════════════════════════════
2025-12-25 19:41:57,465 INFO     ___FILE_ONLY___ ╝

2025-12-25 19:41:57,465 INFO     ___FILE_ONLY___ 
Components updated!


2025-12-25 19:41:57,465 DEBUG    root            Chosen display Format:none
2025-12-25 19:41:57,466 INFO     root            Display format: "none"
