2025-12-25 19:41:34,018 DEBUG    root            Loaded Command Group: ['gcloud', 'components']
2025-12-25 19:41:34,019 DEBUG    root            Loaded Command Group: ['gcloud', 'components', 'update']
2025-12-25 19:41:34,020 DEBUG    root            Running [gcloud.components.update] with arguments: [--compile-python: "True", --quiet: "True", COMPONENT-IDS:11: "['bq', 'bq-nix', 'core', 'core-nix', 'gcloud', 'gcloud-crc32c', 'gcloud-crc32c-darwin-arm', 'gcloud-deps', 'gcloud-deps-darwin-x86_64', 'gsutil', 'gsutil-nix']"]
2025-12-25 19:41:34,021 INFO     ___FILE_ONLY___ Beginning update. This process may take several minutes.

2025-12-25 19:41:34,038 DEBUG    urllib3.connectionpool Starting new HTTPS connection (1): dl.google.com:443
2025-12-25 19:41:34,130 DEBUG    urllib3.connectionpool https://dl.google.com:443 "GET /dl/cloudsdk/channels/rapid/components-2.json HTTP/1.1" 200 24727
2025-12-25 19:41:34,148 INFO     ___FILE_ONLY___ 

2025-12-25 19:41:34,148 INFO     ___FILE_ONLY___ 
Your current Google Cloud CLI version is: 550.0.0

2025-12-25 19:41:34,148 INFO     ___FILE_ONLY___ Installing components from version: 550.0.0

2025-12-25 19:41:34,148 INFO     ___FILE_ONLY___ 

2025-12-25 19:41:34,149 DEBUG    root            Chosen display Format:table[box,title="These components will be removed."](details.display_name:label=Name:align=left,version.version_string:label=Version:align=right,data.size.size(zero="",min=1048576):label=Size:align=right)
2025-12-25 19:41:34,149 DEBUG    root            Chosen display Format:table[box,title="These components will be updated."](details.display_name:label=Name:align=left,version.version_string:label=Version:align=right,data.size.size(zero="",min=1048576):label=Size:align=right)
2025-12-25 19:41:34,149 DEBUG    root            Chosen display Format:table[box,title="These components will be installed."](details.display_name:label=Name:align=left,version.version_string:label=Version:align=right,data.size.size(zero="",min=1048576):label=Size:align=right)
2025-12-25 19:41:34,175 INFO     ___FILE_ONLY___ ┌─────────────────────────────────────────────────────────────────────────────┐
2025-12-25 19:41:34,175 INFO     ___FILE_ONLY___ 

2025-12-25 19:41:34,175 INFO     ___FILE_ONLY___ │                     These components will be installed.                     │
2025-12-25 19:41:34,175 INFO     ___FILE_ONLY___ 

2025-12-25 19:41:34,175 INFO     ___FILE_ONLY___ ├─────────────────────────────────────────────────────┬────────────┬──────────┤
2025-12-25 19:41:34,175 INFO     ___FILE_ONLY___ 

2025-12-25 19:41:34,175 INFO     ___FILE_ONLY___ │                         Name                        │  Version   │   Size   │
2025-12-25 19:41:34,175 INFO     ___FILE_ONLY___ 

2025-12-25 19:41:34,175 INFO     ___FILE_ONLY___ ├─────────────────────────────────────────────────────┼────────────┼──────────┤
2025-12-25 19:41:34,175 INFO     ___FILE_ONLY___ 

2025-12-25 19:41:34,175 INFO     ___FILE_ONLY___ │ 
2025-12-25 19:41:34,175 INFO     ___FILE_ONLY___ BigQuery Command Line Tool                         
2025-12-25 19:41:34,175 INFO     ___FILE_ONLY___  
2025-12-25 19:41:34,175 INFO     ___FILE_ONLY___ │ 
2025-12-25 19:41:34,175 INFO     ___FILE_ONLY___     2.1.26
2025-12-25 19:41:34,175 INFO     ___FILE_ONLY___  
2025-12-25 19:41:34,175 INFO     ___FILE_ONLY___ │ 
2025-12-25 19:41:34,175 INFO     ___FILE_ONLY___  1.8 MiB
2025-12-25 19:41:34,175 INFO     ___FILE_ONLY___  
2025-12-25 19:41:34,175 INFO     ___FILE_ONLY___ │
2025-12-25 19:41:34,175 INFO     ___FILE_ONLY___ 

2025-12-25 19:41:34,176 INFO     ___FILE_ONLY___ │ 
2025-12-25 19:41:34,176 INFO     ___FILE_ONLY___ BigQuery Command Line Tool (Platform Specific)     
2025-12-25 19:41:34,176 INFO     ___FILE_ONLY___  
2025-12-25 19:41:34,176 INFO     ___FILE_ONLY___ │ 
2025-12-25 19:41:34,176 INFO     ___FILE_ONLY___     2.1.25
2025-12-25 19:41:34,176 INFO     ___FILE_ONLY___  
2025-12-25 19:41:34,176 INFO     ___FILE_ONLY___ │ 
2025-12-25 19:41:34,176 INFO     ___FILE_ONLY___  < 1 MiB
2025-12-25 19:41:34,176 INFO     ___FILE_ONLY___  
2025-12-25 19:41:34,176 INFO     ___FILE_ONLY___ │
2025-12-25 19:41:34,176 INFO     ___FILE_ONLY___ 

2025-12-25 19:41:34,176 INFO     ___FILE_ONLY___ │ 
2025-12-25 19:41:34,176 INFO     ___FILE_ONLY___ Cloud Storage Command Line Tool                    
2025-12-25 19:41:34,176 INFO     ___FILE_ONLY___  
2025-12-25 19:41:34,176 INFO     ___FILE_ONLY___ │ 
2025-12-25 19:41:34,176 INFO     ___FILE_ONLY___       5.35
2025-12-25 19:41:34,176 INFO     ___FILE_ONLY___  
2025-12-25 19:41:34,176 INFO     ___FILE_ONLY___ │ 
2025-12-25 19:41:34,176 INFO     ___FILE_ONLY___ 12.4 MiB
2025-12-25 19:41:34,176 INFO     ___FILE_ONLY___  
2025-12-25 19:41:34,176 INFO     ___FILE_ONLY___ │
2025-12-25 19:41:34,176 INFO     ___FILE_ONLY___ 

2025-12-25 19:41:34,176 INFO     ___FILE_ONLY___ │ 
2025-12-25 19:41:34,176 INFO     ___FILE_ONLY___ Cloud Storage Command Line Tool (Platform Specific)
2025-12-25 19:41:34,176 INFO     ___FILE_ONLY___  
2025-12-25 19:41:34,176 INFO     ___FILE_ONLY___ │ 
2025-12-25 19:41:34,176 INFO     ___FILE_ONLY___       5.35
2025-12-25 19:41:34,176 INFO     ___FILE_ONLY___  
2025-12-25 19:41:34,176 INFO     ___FILE_ONLY___ │ 
2025-12-25 19:41:34,176 INFO     ___FILE_ONLY___  < 1 MiB
2025-12-25 19:41:34,176 INFO     ___FILE_ONLY___  
2025-12-25 19:41:34,176 INFO     ___FILE_ONLY___ │
2025-12-25 19:41:34,176 INFO     ___FILE_ONLY___ 

2025-12-25 19:41:34,176 INFO     ___FILE_ONLY___ │ 
2025-12-25 19:41:34,176 INFO     ___FILE_ONLY___ Google Cloud CLI Core Libraries (Platform Specific)
2025-12-25 19:41:34,176 INFO     ___FILE_ONLY___  
2025-12-25 19:41:34,176 INFO     ___FILE_ONLY___ │ 
2025-12-25 19:41:34,176 INFO     ___FILE_ONLY___ 2025.10.31
2025-12-25 19:41:34,176 INFO     ___FILE_ONLY___  
2025-12-25 19:41:34,176 INFO     ___FILE_ONLY___ │ 
2025-12-25 19:41:34,176 INFO     ___FILE_ONLY___  < 1 MiB
2025-12-25 19:41:34,176 INFO     ___FILE_ONLY___  
2025-12-25 19:41:34,176 INFO     ___FILE_ONLY___ │
2025-12-25 19:41:34,176 INFO     ___FILE_ONLY___ 

2025-12-25 19:41:34,176 INFO     ___FILE_ONLY___ │ 
2025-12-25 19:41:34,176 INFO     ___FILE_ONLY___ Google Cloud CRC32C Hash Tool (Platform Specific)  
2025-12-25 19:41:34,176 INFO     ___FILE_ONLY___  
2025-12-25 19:41:34,176 INFO     ___FILE_ONLY___ │ 
2025-12-25 19:41:34,176 INFO     ___FILE_ONLY___      1.0.0
2025-12-25 19:41:34,176 INFO     ___FILE_ONLY___  
2025-12-25 19:41:34,176 INFO     ___FILE_ONLY___ │ 
2025-12-25 19:41:34,176 INFO     ___FILE_ONLY___  1.4 MiB
2025-12-25 19:41:34,176 INFO     ___FILE_ONLY___  
2025-12-25 19:41:34,176 INFO     ___FILE_ONLY___ │
2025-12-25 19:41:34,176 INFO     ___FILE_ONLY___ 

2025-12-25 19:41:34,176 INFO     ___FILE_ONLY___ │ 
2025-12-25 19:41:34,176 INFO     ___FILE_ONLY___ gcloud cli dependencies (Platform Specific)        
2025-12-25 19:41:34,176 INFO     ___FILE_ONLY___  
2025-12-25 19:41:34,176 INFO     ___FILE_ONLY___ │ 
2025-12-25 19:41:34,176 INFO     ___FILE_ONLY___ 2021.04.16
2025-12-25 19:41:34,176 INFO     ___FILE_ONLY___  
2025-12-25 19:41:34,176 INFO     ___FILE_ONLY___ │ 
2025-12-25 19:41:34,176 INFO     ___FILE_ONLY___  < 1 MiB
2025-12-25 19:41:34,176 INFO     ___FILE_ONLY___  
2025-12-25 19:41:34,176 INFO     ___FILE_ONLY___ │
2025-12-25 19:41:34,177 INFO     ___FILE_ONLY___ 

2025-12-25 19:41:34,177 INFO     ___FILE_ONLY___ └─────────────────────────────────────────────────────┴────────────┴──────────┘
2025-12-25 19:41:34,177 INFO     ___FILE_ONLY___ 

2025-12-25 19:41:34,177 INFO     ___FILE_ONLY___ 

2025-12-25 19:41:34,178 DEBUG    urllib3.connectionpool Starting new HTTPS connection (1): dl.google.com:443
2025-12-25 19:41:34,255 DEBUG    urllib3.connectionpool https://dl.google.com:443 "GET /dl/cloudsdk/channels/rapid/RELEASE_NOTES HTTP/1.1" 200 343926
2025-12-25 19:41:34,787 INFO     ___FILE_ONLY___ For the latest full release notes, please visit:
  https://cloud.google.com/sdk/release_notes


2025-12-25 19:41:34,788 INFO     ___FILE_ONLY___ Performing in place update...


2025-12-25 19:41:34,788 INFO     ___FILE_ONLY___ ╔════════════════════════════════════════════════════════════╗

2025-12-25 19:41:34,788 INFO     ___FILE_ONLY___ ╠═ Downloading: BigQuery Command Line Tool                  ═╣

2025-12-25 19:41:34,788 INFO     ___FILE_ONLY___ ╚
2025-12-25 19:41:34,789 DEBUG    urllib3.connectionpool Starting new HTTPS connection (1): dl.google.com:443
2025-12-25 19:41:34,872 DEBUG    urllib3.connectionpool https://dl.google.com:443 "GET /dl/cloudsdk/channels/rapid/components/google-cloud-sdk-bq-20251212160114.tar.gz HTTP/1.1" 200 1921296
2025-12-25 19:41:36,113 INFO     ___FILE_ONLY___ ═
2025-12-25 19:41:36,114 INFO     ___FILE_ONLY___ ═
2025-12-25 19:41:36,114 INFO     ___FILE_ONLY___ ═
2025-12-25 19:41:36,114 INFO     ___FILE_ONLY___ ═
2025-12-25 19:41:36,114 INFO     ___FILE_ONLY___ ═
2025-12-25 19:41:36,115 INFO     ___FILE_ONLY___ ═
2025-12-25 19:41:36,115 INFO     ___FILE_ONLY___ ═
2025-12-25 19:41:36,115 INFO     ___FILE_ONLY___ ═
2025-12-25 19:41:36,115 INFO     ___FILE_ONLY___ ═
2025-12-25 19:41:36,115 INFO     ___FILE_ONLY___ ═
2025-12-25 19:41:36,115 INFO     ___FILE_ONLY___ ═
2025-12-25 19:41:36,116 INFO     ___FILE_ONLY___ ═
2025-12-25 19:41:36,116 INFO     ___FILE_ONLY___ ═
2025-12-25 19:41:36,116 INFO     ___FILE_ONLY___ ═
2025-12-25 19:41:36,116 INFO     ___FILE_ONLY___ ═
2025-12-25 19:41:36,116 INFO     ___FILE_ONLY___ ═
2025-12-25 19:41:36,117 INFO     ___FILE_ONLY___ ═
2025-12-25 19:41:36,117 INFO     ___FILE_ONLY___ ═
2025-12-25 19:41:36,117 INFO     ___FILE_ONLY___ ═
2025-12-25 19:41:36,117 INFO     ___FILE_ONLY___ ═
2025-12-25 19:41:36,117 INFO     ___FILE_ONLY___ ═
2025-12-25 19:41:36,118 INFO     ___FILE_ONLY___ ═
2025-12-25 19:41:36,118 INFO     ___FILE_ONLY___ ═
2025-12-25 19:41:36,118 INFO     ___FILE_ONLY___ ═
2025-12-25 19:41:36,118 INFO     ___FILE_ONLY___ ═
2025-12-25 19:41:36,118 INFO     ___FILE_ONLY___ ═
2025-12-25 19:41:36,118 INFO     ___FILE_ONLY___ ═
2025-12-25 19:41:36,119 INFO     ___FILE_ONLY___ ═
2025-12-25 19:41:36,119 INFO     ___FILE_ONLY___ ═
2025-12-25 19:41:36,119 INFO     ___FILE_ONLY___ ═
2025-12-25 19:41:36,119 INFO     ___FILE_ONLY___ ═
2025-12-25 19:41:36,119 INFO     ___FILE_ONLY___ ═
2025-12-25 19:41:36,119 INFO     ___FILE_ONLY___ ═
2025-12-25 19:41:36,119 INFO     ___FILE_ONLY___ ═
2025-12-25 19:41:36,120 INFO     ___FILE_ONLY___ ═
2025-12-25 19:41:36,120 INFO     ___FILE_ONLY___ ═
2025-12-25 19:41:36,120 INFO     ___FILE_ONLY___ ═
2025-12-25 19:41:36,120 INFO     ___FILE_ONLY___ ═
2025-12-25 19:41:36,120 INFO     ___FILE_ONLY___ ═
2025-12-25 19:41:36,120 INFO     ___FILE_ONLY___ ═
2025-12-25 19:41:36,120 INFO     ___FILE_ONLY___ ═
2025-12-25 19:41:36,120 INFO     ___FILE_ONLY___ ═
2025-12-25 19:41:36,121 INFO     ___FILE_ONLY___ ═
2025-12-25 19:41:36,121 INFO     ___FILE_ONLY___ ═
2025-12-25 19:41:36,121 INFO     ___FILE_ONLY___ ═
2025-12-25 19:41:36,121 INFO     ___FILE_ONLY___ ═
2025-12-25 19:41:36,121 INFO     ___FILE_ONLY___ ═
2025-12-25 19:41:36,121 INFO     ___FILE_ONLY___ ═
2025-12-25 19:41:36,121 INFO     ___FILE_ONLY___ ═
2025-12-25 19:41:36,122 INFO     ___FILE_ONLY___ ═
2025-12-25 19:41:36,122 INFO     ___FILE_ONLY___ ═
2025-12-25 19:41:36,122 INFO     ___FILE_ONLY___ ═
2025-12-25 19:41:36,122 INFO     ___FILE_ONLY___ ═
2025-12-25 19:41:36,122 INFO     ___FILE_ONLY___ ═
2025-12-25 19:41:36,122 INFO     ___FILE_ONLY___ ═
2025-12-25 19:41:36,122 INFO     ___FILE_ONLY___ ═
2025-12-25 19:41:36,122 INFO     ___FILE_ONLY___ ═
2025-12-25 19:41:36,123 INFO     ___FILE_ONLY___ ═
2025-12-25 19:41:36,123 INFO     ___FILE_ONLY___ ═
2025-12-25 19:41:36,123 INFO     ___FILE_ONLY___ ═
2025-12-25 19:41:36,123 INFO     ___FILE_ONLY___ ╝
2025-12-25 19:41:36,124 INFO     ___FILE_ONLY___ ╠════════════════════════════════════════════════════════════╣

2025-12-25 19:41:36,124 INFO     ___FILE_ONLY___ ╠═ Downloading: BigQuery Command Line Tool (Platform Spe... ═╣

2025-12-25 19:41:36,124 INFO     ___FILE_ONLY___ ╚
2025-12-25 19:41:36,128 DEBUG    urllib3.connectionpool Starting new HTTPS connection (1): dl.google.com:443
2025-12-25 19:41:36,203 DEBUG    urllib3.connectionpool https://dl.google.com:443 "GET /dl/cloudsdk/channels/rapid/components/google-cloud-sdk-bq-nix-20251031202127.tar.gz HTTP/1.1" 200 1932
2025-12-25 19:41:36,203 INFO     ___FILE_ONLY___ ════════════════════════════════════════════════════════════
2025-12-25 19:41:36,203 INFO     ___FILE_ONLY___ ╝
2025-12-25 19:41:36,203 INFO     ___FILE_ONLY___ ╠════════════════════════════════════════════════════════════╣

2025-12-25 19:41:36,203 INFO     ___FILE_ONLY___ ╠═ Downloading: Cloud Storage Command Line Tool             ═╣

2025-12-25 19:41:36,203 INFO     ___FILE_ONLY___ ╚
2025-12-25 19:41:36,205 DEBUG    urllib3.connectionpool Starting new HTTPS connection (1): dl.google.com:443
2025-12-25 19:41:36,325 DEBUG    urllib3.connectionpool https://dl.google.com:443 "GET /dl/cloudsdk/channels/rapid/components/google-cloud-sdk-gsutil-20250627154417.tar.gz HTTP/1.1" 200 12962791
2025-12-25 19:41:45,223 INFO     ___FILE_ONLY___ ═
2025-12-25 19:41:45,224 INFO     ___FILE_ONLY___ ═
2025-12-25 19:41:45,225 INFO     ___FILE_ONLY___ ═
2025-12-25 19:41:45,225 INFO     ___FILE_ONLY___ ═
2025-12-25 19:41:45,226 INFO     ___FILE_ONLY___ ═
2025-12-25 19:41:45,226 INFO     ___FILE_ONLY___ ═
2025-12-25 19:41:45,227 INFO     ___FILE_ONLY___ ═
2025-12-25 19:41:45,228 INFO     ___FILE_ONLY___ ═
2025-12-25 19:41:45,228 INFO     ___FILE_ONLY___ ═
2025-12-25 19:41:45,228 INFO     ___FILE_ONLY___ ═
2025-12-25 19:41:45,229 INFO     ___FILE_ONLY___ ═
2025-12-25 19:41:45,229 INFO     ___FILE_ONLY___ ═
2025-12-25 19:41:45,230 INFO     ___FILE_ONLY___ ═
2025-12-25 19:41:45,230 INFO     ___FILE_ONLY___ ═
2025-12-25 19:41:45,230 INFO     ___FILE_ONLY___ ═
2025-12-25 19:41:45,231 INFO     ___FILE_ONLY___ ═
2025-12-25 19:41:45,231 INFO     ___FILE_ONLY___ ═
2025-12-25 19:41:45,232 INFO     ___FILE_ONLY___ ═
2025-12-25 19:41:45,232 INFO     ___FILE_ONLY___ ═
2025-12-25 19:41:45,232 INFO     ___FILE_ONLY___ ═
2025-12-25 19:41:45,233 INFO     ___FILE_ONLY___ ═
2025-12-25 19:41:45,233 INFO     ___FILE_ONLY___ ═
2025-12-25 19:41:45,234 INFO     ___FILE_ONLY___ ═
2025-12-25 19:41:45,234 INFO     ___FILE_ONLY___ ═
2025-12-25 19:41:45,235 INFO     ___FILE_ONLY___ ═
2025-12-25 19:41:45,235 INFO     ___FILE_ONLY___ ═
2025-12-25 19:41:45,235 INFO     ___FILE_ONLY___ ═
2025-12-25 19:41:45,236 INFO     ___FILE_ONLY___ ═
2025-12-25 19:41:45,236 INFO     ___FILE_ONLY___ ═
2025-12-25 19:41:45,236 INFO     ___FILE_ONLY___ ═
2025-12-25 19:41:45,237 INFO     ___FILE_ONLY___ ═
2025-12-25 19:41:45,237 INFO     ___FILE_ONLY___ ═
2025-12-25 19:41:45,237 INFO     ___FILE_ONLY___ ═
2025-12-25 19:41:45,238 INFO     ___FILE_ONLY___ ═
2025-12-25 19:41:45,238 INFO     ___FILE_ONLY___ ═
2025-12-25 19:41:45,238 INFO     ___FILE_ONLY___ ═
2025-12-25 19:41:45,238 INFO     ___FILE_ONLY___ ═
2025-12-25 19:41:45,239 INFO     ___FILE_ONLY___ ═
2025-12-25 19:41:45,240 INFO     ___FILE_ONLY___ ═
2025-12-25 19:41:45,240 INFO     ___FILE_ONLY___ ═
2025-12-25 19:41:45,240 INFO     ___FILE_ONLY___ ═
2025-12-25 19:41:45,241 INFO     ___FILE_ONLY___ ═
2025-12-25 19:41:45,241 INFO     ___FILE_ONLY___ ═
2025-12-25 19:41:45,242 INFO     ___FILE_ONLY___ ═
2025-12-25 19:41:45,242 INFO     ___FILE_ONLY___ ═
2025-12-25 19:41:45,242 INFO     ___FILE_ONLY___ ═
2025-12-25 19:41:45,242 INFO     ___FILE_ONLY___ ═
2025-12-25 19:41:45,243 INFO     ___FILE_ONLY___ ═
2025-12-25 19:41:45,243 INFO     ___FILE_ONLY___ ═
2025-12-25 19:41:45,243 INFO     ___FILE_ONLY___ ═
2025-12-25 19:41:45,244 INFO     ___FILE_ONLY___ ═
2025-12-25 19:41:45,244 INFO     ___FILE_ONLY___ ═
2025-12-25 19:41:45,244 INFO     ___FILE_ONLY___ ═
2025-12-25 19:41:45,245 INFO     ___FILE_ONLY___ ═
2025-12-25 19:41:45,245 INFO     ___FILE_ONLY___ ═
2025-12-25 19:41:45,245 INFO     ___FILE_ONLY___ ═
2025-12-25 19:41:45,245 INFO     ___FILE_ONLY___ ═
2025-12-25 19:41:45,246 INFO     ___FILE_ONLY___ ═
2025-12-25 19:41:45,246 INFO     ___FILE_ONLY___ ═
2025-12-25 19:41:45,246 INFO     ___FILE_ONLY___ ═
2025-12-25 19:41:45,246 INFO     ___FILE_ONLY___ ╝
2025-12-25 19:41:45,247 INFO     ___FILE_ONLY___ ╠════════════════════════════════════════════════════════════╣

2025-12-25 19:41:45,247 INFO     ___FILE_ONLY___ ╠═ Downloading: Cloud Storage Command Line Tool (Platfor... ═╣

2025-12-25 19:41:45,247 INFO     ___FILE_ONLY___ ╚
2025-12-25 19:41:45,251 DEBUG    urllib3.connectionpool Starting new HTTPS connection (1): dl.google.com:443
2025-12-25 19:41:45,330 DEBUG    urllib3.connectionpool https://dl.google.com:443 "GET /dl/cloudsdk/channels/rapid/components/google-cloud-sdk-gsutil-nix-20251031202127.tar.gz HTTP/1.1" 200 1949
2025-12-25 19:41:45,332 INFO     ___FILE_ONLY___ ════════════════════════════════════════════════════════════
2025-12-25 19:41:45,332 INFO     ___FILE_ONLY___ ╝
2025-12-25 19:41:45,333 INFO     ___FILE_ONLY___ ╠════════════════════════════════════════════════════════════╣

2025-12-25 19:41:45,333 INFO     ___FILE_ONLY___ ╠═ Downloading: Default set of gcloud commands              ═╣

2025-12-25 19:41:45,333 INFO     ___FILE_ONLY___ ╚
2025-12-25 19:41:45,333 INFO     ___FILE_ONLY___ ════════════════════════════════════════════════════════════
2025-12-25 19:41:45,334 INFO     ___FILE_ONLY___ ╝
2025-12-25 19:41:45,334 INFO     ___FILE_ONLY___ ╠════════════════════════════════════════════════════════════╣

2025-12-25 19:41:45,334 INFO     ___FILE_ONLY___ ╠═ Downloading: Google Cloud CLI Core Libraries (Platfor... ═╣

2025-12-25 19:41:45,334 INFO     ___FILE_ONLY___ ╚
2025-12-25 19:41:45,340 DEBUG    urllib3.connectionpool Starting new HTTPS connection (1): dl.google.com:443
2025-12-25 19:41:45,415 DEBUG    urllib3.connectionpool https://dl.google.com:443 "GET /dl/cloudsdk/channels/rapid/components/google-cloud-sdk-core-nix-20251031202127.tar.gz HTTP/1.1" 200 2326
2025-12-25 19:41:45,417 INFO     ___FILE_ONLY___ ════════════════════════════════════════════════════════════
2025-12-25 19:41:45,417 INFO     ___FILE_ONLY___ ╝
2025-12-25 19:41:45,418 INFO     ___FILE_ONLY___ ╠════════════════════════════════════════════════════════════╣

2025-12-25 19:41:45,418 INFO     ___FILE_ONLY___ ╠═ Downloading: Google Cloud CRC32C Hash Tool               ═╣

2025-12-25 19:41:45,418 INFO     ___FILE_ONLY___ ╚
2025-12-25 19:41:45,419 INFO     ___FILE_ONLY___ ════════════════════════════════════════════════════════════
2025-12-25 19:41:45,419 INFO     ___FILE_ONLY___ ╝
2025-12-25 19:41:45,419 INFO     ___FILE_ONLY___ ╠════════════════════════════════════════════════════════════╣

2025-12-25 19:41:45,419 INFO     ___FILE_ONLY___ ╠═ Downloading: Google Cloud CRC32C Hash Tool (Platform ... ═╣

2025-12-25 19:41:45,419 INFO     ___FILE_ONLY___ ╚
2025-12-25 19:41:45,426 DEBUG    urllib3.connectionpool Starting new HTTPS connection (1): dl.google.com:443
2025-12-25 19:41:45,683 DEBUG    urllib3.connectionpool https://dl.google.com:443 "GET /dl/cloudsdk/channels/rapid/components/google-cloud-sdk-gcloud-crc32c-darwin-arm-20251031202127.tar.gz HTTP/1.1" 200 1497012
2025-12-25 19:41:46,643 INFO     ___FILE_ONLY___ ═
2025-12-25 19:41:46,644 INFO     ___FILE_ONLY___ ═
2025-12-25 19:41:46,644 INFO     ___FILE_ONLY___ ═
2025-12-25 19:41:46,644 INFO     ___FILE_ONLY___ ═
2025-12-25 19:41:46,644 INFO     ___FILE_ONLY___ ═
2025-12-25 19:41:46,644 INFO     ___FILE_ONLY___ ═
2025-12-25 19:41:46,644 INFO     ___FILE_ONLY___ ═
2025-12-25 19:41:46,645 INFO     ___FILE_ONLY___ ═
2025-12-25 19:41:46,645 INFO     ___FILE_ONLY___ ═
2025-12-25 19:41:46,645 INFO     ___FILE_ONLY___ ═
2025-12-25 19:41:46,645 INFO     ___FILE_ONLY___ ═
2025-12-25 19:41:46,645 INFO     ___FILE_ONLY___ ═
2025-12-25 19:41:46,645 INFO     ___FILE_ONLY___ ═
2025-12-25 19:41:46,645 INFO     ___FILE_ONLY___ ═
2025-12-25 19:41:46,645 INFO     ___FILE_ONLY___ ═
2025-12-25 19:41:46,645 INFO     ___FILE_ONLY___ ═
2025-12-25 19:41:46,645 INFO     ___FILE_ONLY___ ═
2025-12-25 19:41:46,645 INFO     ___FILE_ONLY___ ═
2025-12-25 19:41:46,645 INFO     ___FILE_ONLY___ ═
2025-12-25 19:41:46,645 INFO     ___FILE_ONLY___ ═
2025-12-25 19:41:46,645 INFO     ___FILE_ONLY___ ═
2025-12-25 19:41:46,645 INFO     ___FILE_ONLY___ ═
2025-12-25 19:41:46,646 INFO     ___FILE_ONLY___ ═
2025-12-25 19:41:46,646 INFO     ___FILE_ONLY___ ═
2025-12-25 19:41:46,646 INFO     ___FILE_ONLY___ ═
2025-12-25 19:41:46,646 INFO     ___FILE_ONLY___ ═
2025-12-25 19:41:46,646 INFO     ___FILE_ONLY___ ═
2025-12-25 19:41:46,646 INFO     ___FILE_ONLY___ ═
2025-12-25 19:41:46,646 INFO     ___FILE_ONLY___ ═
2025-12-25 19:41:46,646 INFO     ___FILE_ONLY___ ═
2025-12-25 19:41:46,646 INFO     ___FILE_ONLY___ ═
2025-12-25 19:41:46,646 INFO     ___FILE_ONLY___ ═
2025-12-25 19:41:46,647 INFO     ___FILE_ONLY___ ═
2025-12-25 19:41:46,647 INFO     ___FILE_ONLY___ ═
2025-12-25 19:41:46,647 INFO     ___FILE_ONLY___ ═
2025-12-25 19:41:46,647 INFO     ___FILE_ONLY___ ═
2025-12-25 19:41:46,647 INFO     ___FILE_ONLY___ ═
2025-12-25 19:41:46,647 INFO     ___FILE_ONLY___ ═
2025-12-25 19:41:46,647 INFO     ___FILE_ONLY___ ═
2025-12-25 19:41:46,647 INFO     ___FILE_ONLY___ ═
2025-12-25 19:41:46,647 INFO     ___FILE_ONLY___ ═
2025-12-25 19:41:46,647 INFO     ___FILE_ONLY___ ═
2025-12-25 19:41:46,648 INFO     ___FILE_ONLY___ ═
2025-12-25 19:41:46,648 INFO     ___FILE_ONLY___ ═
2025-12-25 19:41:46,648 INFO     ___FILE_ONLY___ ═
2025-12-25 19:41:46,648 INFO     ___FILE_ONLY___ ═
2025-12-25 19:41:46,648 INFO     ___FILE_ONLY___ ═
2025-12-25 19:41:46,648 INFO     ___FILE_ONLY___ ═
2025-12-25 19:41:46,649 INFO     ___FILE_ONLY___ ═
2025-12-25 19:41:46,649 INFO     ___FILE_ONLY___ ═
2025-12-25 19:41:46,649 INFO     ___FILE_ONLY___ ═
2025-12-25 19:41:46,649 INFO     ___FILE_ONLY___ ═
2025-12-25 19:41:46,649 INFO     ___FILE_ONLY___ ═
2025-12-25 19:41:46,649 INFO     ___FILE_ONLY___ ═
2025-12-25 19:41:46,649 INFO     ___FILE_ONLY___ ═
2025-12-25 19:41:46,649 INFO     ___FILE_ONLY___ ═
2025-12-25 19:41:46,649 INFO     ___FILE_ONLY___ ═
2025-12-25 19:41:46,649 INFO     ___FILE_ONLY___ ═
2025-12-25 19:41:46,649 INFO     ___FILE_ONLY___ ═
2025-12-25 19:41:46,650 INFO     ___FILE_ONLY___ ═
2025-12-25 19:41:46,650 INFO     ___FILE_ONLY___ ╝
2025-12-25 19:41:46,650 INFO     ___FILE_ONLY___ ╠════════════════════════════════════════════════════════════╣

2025-12-25 19:41:46,650 INFO     ___FILE_ONLY___ ╠═ Downloading: gcloud cli dependencies (Platform Specific) ═╣

2025-12-25 19:41:46,651 INFO     ___FILE_ONLY___ ╚
2025-12-25 19:41:46,653 DEBUG    urllib3.connectionpool Starting new HTTPS connection (1): dl.google.com:443
2025-12-25 19:41:46,778 DEBUG    urllib3.connectionpool https://dl.google.com:443 "GET /dl/cloudsdk/channels/rapid/components/google-cloud-sdk-gcloud-deps-darwin-x86_64-20210416153011.tar.gz HTTP/1.1" 200 105
2025-12-25 19:41:46,779 INFO     ___FILE_ONLY___ ════════════════════════════════════════════════════════════
2025-12-25 19:41:46,779 INFO     ___FILE_ONLY___ ╝
2025-12-25 19:41:46,780 INFO     ___FILE_ONLY___ ╠════════════════════════════════════════════════════════════╣

2025-12-25 19:41:46,780 INFO     ___FILE_ONLY___ ╠═ Installing: BigQuery Command Line Tool                   ═╣

2025-12-25 19:41:46,780 INFO     ___FILE_ONLY___ ╚
2025-12-25 19:41:46,832 INFO     ___FILE_ONLY___ ═
2025-12-25 19:41:46,834 INFO     ___FILE_ONLY___ ═
2025-12-25 19:41:46,835 INFO     ___FILE_ONLY___ ═
2025-12-25 19:41:46,837 INFO     ___FILE_ONLY___ ═
2025-12-25 19:41:46,838 INFO     ___FILE_ONLY___ ═
2025-12-25 19:41:46,840 INFO     ___FILE_ONLY___ ═
2025-12-25 19:41:46,842 INFO     ___FILE_ONLY___ ═
2025-12-25 19:41:46,843 INFO     ___FILE_ONLY___ ═
2025-12-25 19:41:46,845 INFO     ___FILE_ONLY___ ═
2025-12-25 19:41:46,846 INFO     ___FILE_ONLY___ ═
2025-12-25 19:41:46,847 INFO     ___FILE_ONLY___ ═
2025-12-25 19:41:46,849 INFO     ___FILE_ONLY___ ═
2025-12-25 19:41:46,850 INFO     ___FILE_ONLY___ ═
2025-12-25 19:41:46,852 INFO     ___FILE_ONLY___ ═
2025-12-25 19:41:46,854 INFO     ___FILE_ONLY___ ═
2025-12-25 19:41:46,855 INFO     ___FILE_ONLY___ ═
2025-12-25 19:41:46,856 INFO     ___FILE_ONLY___ ═
2025-12-25 19:41:46,858 INFO     ___FILE_ONLY___ ═
2025-12-25 19:41:46,859 INFO     ___FILE_ONLY___ ═
2025-12-25 19:41:46,861 INFO     ___FILE_ONLY___ ═
2025-12-25 19:41:46,862 INFO     ___FILE_ONLY___ ═
2025-12-25 19:41:46,863 INFO     ___FILE_ONLY___ ═
2025-12-25 19:41:46,865 INFO     ___FILE_ONLY___ ═
2025-12-25 19:41:46,866 INFO     ___FILE_ONLY___ ═
2025-12-25 19:41:46,867 INFO     ___FILE_ONLY___ ═
2025-12-25 19:41:46,868 INFO     ___FILE_ONLY___ ═
2025-12-25 19:41:46,869 INFO     ___FILE_ONLY___ ═
2025-12-25 19:41:46,871 INFO     ___FILE_ONLY___ ═
2025-12-25 19:41:46,872 INFO     ___FILE_ONLY___ ═
2025-12-25 19:41:46,873 INFO     ___FILE_ONLY___ ═
2025-12-25 19:41:46,874 INFO     ___FILE_ONLY___ ═
2025-12-25 19:41:46,875 INFO     ___FILE_ONLY___ ═
2025-12-25 19:41:46,876 INFO     ___FILE_ONLY___ ═
2025-12-25 19:41:46,878 INFO     ___FILE_ONLY___ ═
2025-12-25 19:41:46,880 INFO     ___FILE_ONLY___ ═
2025-12-25 19:41:46,881 INFO     ___FILE_ONLY___ ═
2025-12-25 19:41:46,882 INFO     ___FILE_ONLY___ ═
2025-12-25 19:41:46,884 INFO     ___FILE_ONLY___ ═
2025-12-25 19:41:46,887 INFO     ___FILE_ONLY___ ═
2025-12-25 19:41:46,889 INFO     ___FILE_ONLY___ ═
2025-12-25 19:41:46,890 INFO     ___FILE_ONLY___ ═
2025-12-25 19:41:46,892 INFO     ___FILE_ONLY___ ═
2025-12-25 19:41:46,893 INFO     ___FILE_ONLY___ ═
2025-12-25 19:41:46,894 INFO     ___FILE_ONLY___ ═
2025-12-25 19:41:46,895 INFO     ___FILE_ONLY___ ═
2025-12-25 19:41:46,897 INFO     ___FILE_ONLY___ ═
2025-12-25 19:41:46,898 INFO     ___FILE_ONLY___ ═
2025-12-25 19:41:46,900 INFO     ___FILE_ONLY___ ═
2025-12-25 19:41:46,901 INFO     ___FILE_ONLY___ ═
2025-12-25 19:41:46,902 INFO     ___FILE_ONLY___ ═
2025-12-25 19:41:46,903 INFO     ___FILE_ONLY___ ═
2025-12-25 19:41:46,905 INFO     ___FILE_ONLY___ ═
2025-12-25 19:41:46,906 INFO     ___FILE_ONLY___ ═
2025-12-25 19:41:46,907 INFO     ___FILE_ONLY___ ═
2025-12-25 19:41:46,908 INFO     ___FILE_ONLY___ ═
2025-12-25 19:41:46,910 INFO     ___FILE_ONLY___ ═
2025-12-25 19:41:46,911 INFO     ___FILE_ONLY___ ═
2025-12-25 19:41:46,912 INFO     ___FILE_ONLY___ ═
2025-12-25 19:41:46,913 INFO     ___FILE_ONLY___ ═
2025-12-25 19:41:46,915 INFO     ___FILE_ONLY___ ═
2025-12-25 19:41:46,915 INFO     ___FILE_ONLY___ ╝
2025-12-25 19:41:46,917 INFO     ___FILE_ONLY___ ╠════════════════════════════════════════════════════════════╣

2025-12-25 19:41:46,917 INFO     ___FILE_ONLY___ ╠═ Installing: BigQuery Command Line Tool (Platform Spec... ═╣

2025-12-25 19:41:46,917 INFO     ___FILE_ONLY___ ╚
2025-12-25 19:41:46,918 INFO     ___FILE_ONLY___ ════════════════════════════════════════════════════════════
2025-12-25 19:41:46,918 INFO     ___FILE_ONLY___ ╝
2025-12-25 19:41:46,919 INFO     ___FILE_ONLY___ ╠════════════════════════════════════════════════════════════╣

2025-12-25 19:41:46,919 INFO     ___FILE_ONLY___ ╠═ Installing: Cloud Storage Command Line Tool              ═╣

2025-12-25 19:41:46,919 INFO     ___FILE_ONLY___ ╚
2025-12-25 19:41:47,079 INFO     ___FILE_ONLY___ ═
2025-12-25 19:41:47,086 INFO     ___FILE_ONLY___ ═
2025-12-25 19:41:47,094 INFO     ___FILE_ONLY___ ═
2025-12-25 19:41:47,100 INFO     ___FILE_ONLY___ ═
2025-12-25 19:41:47,106 INFO     ___FILE_ONLY___ ═
2025-12-25 19:41:47,120 INFO     ___FILE_ONLY___ ═
2025-12-25 19:41:47,127 INFO     ___FILE_ONLY___ ═
2025-12-25 19:41:47,135 INFO     ___FILE_ONLY___ ═
2025-12-25 19:41:47,144 INFO     ___FILE_ONLY___ ═
2025-12-25 19:41:47,153 INFO     ___FILE_ONLY___ ═
2025-12-25 19:41:47,161 INFO     ___FILE_ONLY___ ═
2025-12-25 19:41:47,168 INFO     ___FILE_ONLY___ ═
2025-12-25 19:41:47,174 INFO     ___FILE_ONLY___ ═
2025-12-25 19:41:47,181 INFO     ___FILE_ONLY___ ═
2025-12-25 19:41:47,187 INFO     ___FILE_ONLY___ ═
2025-12-25 19:41:47,195 INFO     ___FILE_ONLY___ ═
2025-12-25 19:41:47,202 INFO     ___FILE_ONLY___ ═
2025-12-25 19:41:47,208 INFO     ___FILE_ONLY___ ═
2025-12-25 19:41:47,215 INFO     ___FILE_ONLY___ ═
2025-12-25 19:41:47,222 INFO     ___FILE_ONLY___ ═
2025-12-25 19:41:47,228 INFO     ___FILE_ONLY___ ═
2025-12-25 19:41:47,236 INFO     ___FILE_ONLY___ ═
2025-12-25 19:41:47,243 INFO     ___FILE_ONLY___ ═
2025-12-25 19:41:47,250 INFO     ___FILE_ONLY___ ═
2025-12-25 19:41:47,256 INFO     ___FILE_ONLY___ ═
2025-12-25 19:41:47,262 INFO     ___FILE_ONLY___ ═
2025-12-25 19:41:47,269 INFO     ___FILE_ONLY___ ═
2025-12-25 19:41:47,277 INFO     ___FILE_ONLY___ ═
2025-12-25 19:41:47,285 INFO     ___FILE_ONLY___ ═
2025-12-25 19:41:47,292 INFO     ___FILE_ONLY___ ═
2025-12-25 19:41:47,299 INFO     ___FILE_ONLY___ ═
2025-12-25 19:41:47,309 INFO     ___FILE_ONLY___ ═
2025-12-25 19:41:47,317 INFO     ___FILE_ONLY___ ═
2025-12-25 19:41:47,326 INFO     ___FILE_ONLY___ ═
2025-12-25 19:41:47,334 INFO     ___FILE_ONLY___ ═
2025-12-25 19:41:47,342 INFO     ___FILE_ONLY___ ═
2025-12-25 19:41:47,348 INFO     ___FILE_ONLY___ ═
2025-12-25 19:41:47,355 INFO     ___FILE_ONLY___ ═
2025-12-25 19:41:47,367 INFO     ___FILE_ONLY___ ═
2025-12-25 19:41:47,375 INFO     ___FILE_ONLY___ ═
2025-12-25 19:41:47,382 INFO     ___FILE_ONLY___ ═
2025-12-25 19:41:47,389 INFO     ___FILE_ONLY___ ═
2025-12-25 19:41:47,395 INFO     ___FILE_ONLY___ ═
2025-12-25 19:41:47,401 INFO     ___FILE_ONLY___ ═
2025-12-25 19:41:47,407 INFO     ___FILE_ONLY___ ═
2025-12-25 19:41:47,413 INFO     ___FILE_ONLY___ ═
2025-12-25 19:41:47,420 INFO     ___FILE_ONLY___ ═
2025-12-25 19:41:47,426 INFO     ___FILE_ONLY___ ═
2025-12-25 19:41:47,432 INFO     ___FILE_ONLY___ ═
2025-12-25 19:41:47,439 INFO     ___FILE_ONLY___ ═
2025-12-25 19:41:47,447 INFO     ___FILE_ONLY___ ═
2025-12-25 19:41:47,454 INFO     ___FILE_ONLY___ ═
2025-12-25 19:41:47,462 INFO     ___FILE_ONLY___ ═
2025-12-25 19:41:47,469 INFO     ___FILE_ONLY___ ═
2025-12-25 19:41:47,476 INFO     ___FILE_ONLY___ ═
2025-12-25 19:41:47,484 INFO     ___FILE_ONLY___ ═
2025-12-25 19:41:47,493 INFO     ___FILE_ONLY___ ═
2025-12-25 19:41:47,503 INFO     ___FILE_ONLY___ ═
2025-12-25 19:41:47,511 INFO     ___FILE_ONLY___ ═
2025-12-25 19:41:47,520 INFO     ___FILE_ONLY___ ═
2025-12-25 19:41:47,520 INFO     ___FILE_ONLY___ ╝
2025-12-25 19:41:47,533 INFO     ___FILE_ONLY___ ╠════════════════════════════════════════════════════════════╣

2025-12-25 19:41:47,533 INFO     ___FILE_ONLY___ ╠═ Installing: Cloud Storage Command Line Tool (Platform... ═╣

2025-12-25 19:41:47,533 INFO     ___FILE_ONLY___ ╚
2025-12-25 19:41:47,534 INFO     ___FILE_ONLY___ ════════════════════════════════════════════════════════════
2025-12-25 19:41:47,534 INFO     ___FILE_ONLY___ ╝
2025-12-25 19:41:47,535 INFO     ___FILE_ONLY___ ╠════════════════════════════════════════════════════════════╣

2025-12-25 19:41:47,535 INFO     ___FILE_ONLY___ ╠═ Installing: Default set of gcloud commands               ═╣

2025-12-25 19:41:47,535 INFO     ___FILE_ONLY___ ╚
2025-12-25 19:41:47,537 INFO     ___FILE_ONLY___ ════════════════════════════════════════════════════════════
2025-12-25 19:41:47,537 INFO     ___FILE_ONLY___ ╝
2025-12-25 19:41:47,537 INFO     ___FILE_ONLY___ ╠════════════════════════════════════════════════════════════╣

2025-12-25 19:41:47,537 INFO     ___FILE_ONLY___ ╠═ Installing: Google Cloud CLI Core Libraries (Platform... ═╣

2025-12-25 19:41:47,537 INFO     ___FILE_ONLY___ ╚
2025-12-25 19:41:47,537 INFO     ___FILE_ONLY___ ══════════════════════════════
2025-12-25 19:41:47,537 INFO     ___FILE_ONLY___ ══════════════════════════════
2025-12-25 19:41:47,537 INFO     ___FILE_ONLY___ ╝
2025-12-25 19:41:47,539 INFO     ___FILE_ONLY___ ╠════════════════════════════════════════════════════════════╣

2025-12-25 19:41:47,539 INFO     ___FILE_ONLY___ ╠═ Installing: Google Cloud CRC32C Hash Tool                ═╣

2025-12-25 19:41:47,539 INFO     ___FILE_ONLY___ ╚
2025-12-25 19:41:47,540 INFO     ___FILE_ONLY___ ════════════════════════════════════════════════════════════
2025-12-25 19:41:47,540 INFO     ___FILE_ONLY___ ╝
2025-12-25 19:41:47,540 INFO     ___FILE_ONLY___ ╠════════════════════════════════════════════════════════════╣

2025-12-25 19:41:47,540 INFO     ___FILE_ONLY___ ╠═ Installing: Google Cloud CRC32C Hash Tool (Platform S... ═╣

2025-12-25 19:41:47,540 INFO     ___FILE_ONLY___ ╚
2025-12-25 19:41:47,551 INFO     ___FILE_ONLY___ ══════════════════════════════
2025-12-25 19:41:47,551 INFO     ___FILE_ONLY___ ══════════════════════════════
2025-12-25 19:41:47,551 INFO     ___FILE_ONLY___ ╝
2025-12-25 19:41:47,553 INFO     ___FILE_ONLY___ ╠════════════════════════════════════════════════════════════╣

2025-12-25 19:41:47,553 INFO     ___FILE_ONLY___ ╠═ Installing: gcloud cli dependencies (Platform Specific)  ═╣

2025-12-25 19:41:47,553 INFO     ___FILE_ONLY___ ╚
2025-12-25 19:41:47,553 INFO     ___FILE_ONLY___ ════════════════════════════════════════════════════════════
2025-12-25 19:41:47,553 INFO     ___FILE_ONLY___ ╝

2025-12-25 19:41:47,555 DEBUG    root            Updating notification cache...
2025-12-25 19:41:47,555 INFO     ___FILE_ONLY___ 

2025-12-25 19:41:47,556 INFO     ___FILE_ONLY___ Performing post processing steps...
2025-12-25 19:41:47,556 DEBUG    root            Executing command: ['/opt/homebrew/share/google-cloud-sdk.staging/bin/gcloud', 'components', 'post-process']
2025-12-25 19:41:52,054 DEBUG    ___FILE_ONLY___ 
2025-12-25 19:41:52,054 DEBUG    ___FILE_ONLY___ 
2025-12-25 19:41:52,121 INFO     root            descriptor_list: [{'universeDomain': 'googleapis.com', 'universeShortName': '', 'authenticationDomain': 'auth.cloud.google.com', 'projectPrefix': '', 'cloudWebDomain': 'cloud.google.com', 'documentationDomain': 'cloud.google.com', 'version': '1.0.0', 'state': 'primary', 'artifactRegistryDomain': 'pkg.dev'}]
2025-12-25 19:41:52,121 DEBUG    root            Loaded Command Group: ['gcloud']
2025-12-25 19:41:52,124 DEBUG    root            Loaded Command Group: ['gcloud', 'config']
2025-12-25 19:41:52,125 DEBUG    root            Loaded Command Group: ['gcloud', 'config', 'virtualenv']
2025-12-25 19:41:52,131 DEBUG    root            Loaded Command Group: ['gcloud', 'config', 'virtualenv', 'update']
2025-12-25 19:41:52,132 DEBUG    root            Running [gcloud.config.virtualenv.update] with arguments: []
2025-12-25 19:41:52,132 INFO     ___FILE_ONLY___ Updating modules...

2025-12-25 19:41:52,132 DEBUG    root            Executing command: ['/Users/rishy/.config/gcloud/virtenv/bin/pip3', 'install', '--log', '/Users/rishy/.config/gcloud/virtenv/update_module.log', '-q', '--disable-pip-version-check', 'crcmod', 'grpcio', 'pyopenssl==24.2.1', 'google_crc32c', 'certifi', 'https://github.com/googleapis/enterprise-certificate-proxy/releases/download/v0.3.6/cryptography-42.0.7-cp39-abi3-macosx_10_12_universal2.whl', 'setuptools']
2025-12-25 19:41:57,415 INFO     ___FILE_ONLY___ Modules updated.

2025-12-25 19:41:57,415 DEBUG    root            Chosen display Format:default
2025-12-25 19:41:57,416 INFO     root            Display format: "default"
2025-12-25 19:41:57,418 DEBUG    root            Loaded Command Group: ['gcloud', 'config', 'virtualenv', 'enable']
2025-12-25 19:41:57,418 DEBUG    root            Running [gcloud.config.virtualenv.enable] with arguments: []
2025-12-25 19:41:57,418 INFO     ___FILE_ONLY___ Virtual env enabled.

2025-12-25 19:41:57,418 DEBUG    root            Chosen display Format:default
2025-12-25 19:41:57,419 INFO     root            Display format: "default"
2025-12-25 19:41:57,419 INFO     ___FILE_ONLY___ 
Update done!


2025-12-25 19:41:57,419 DEBUG    root            Chosen display Format:none
2025-12-25 19:41:57,420 INFO     root            Display format: "none"
