2025-12-25 20:34:25,924 DEBUG    root            Loaded Command Group: ['gcloud', 'projects']
2025-12-25 20:34:25,925 DEBUG    root            Loaded Command Group: ['gcloud', 'projects', 'create']
2025-12-25 20:34:25,926 DEBUG    root            Running [gcloud.projects.create] with arguments: [PROJECT_ID: "messager"]
2025-12-25 20:34:25,934 DEBUG    root            (gcloud.projects.create) You do not currently have an active account selected.
Please run:

  $ gcloud auth login

to obtain new credentials.

If you have already logged in with a different account, run:

  $ gcloud config set account ACCOUNT

to select an already authenticated account to use.
Traceback (most recent call last):
  File "/opt/homebrew/share/google-cloud-sdk/lib/googlecloudsdk/calliope/cli.py", line 944, in Execute
    resources = calliope_command.Run(cli=self, args=args)
  File "/opt/homebrew/share/google-cloud-sdk/lib/googlecloudsdk/calliope/backend.py", line 955, in Run
    resources = command_instance.Run(args)
  File "/opt/homebrew/share/google-cloud-sdk/lib/surface/projects/create.py", line 154, in Run
    create_op = projects_api.Create(
        project_ref,
    ...<3 lines>...
        labels=labels,
        tags=tags)
  File "/opt/homebrew/share/google-cloud-sdk/lib/googlecloudsdk/api_lib/cloudresourcemanager/projects_api.py", line 154, in Create
    client = projects_util.GetClient(api_version)
  File "/opt/homebrew/share/google-cloud-sdk/lib/googlecloudsdk/api_lib/cloudresourcemanager/projects_util.py", line 56, in GetClient
    return apis.GetClientInstance(_API_NAME, version)
           ~~~~~~~~~~~~~~~~~~~~~~^^^^^^^^^^^^^^^^^^^^
  File "/opt/homebrew/share/google-cloud-sdk/lib/googlecloudsdk/api_lib/util/apis.py", line 282, in GetClientInstance
    return apis_internal._GetClientInstance(
           ~~~~~~~~~~~~~~~~~~~~~~~~~~~~~~~~^
        api_name,
        ^^^^^^^^^
    ...<5 lines>...
        region=regional.LocationToRegion(location) if location else None,
        ^^^^^^^^^^^^^^^^^^^^^^^^^^^^^^^^^^^^^^^^^^^^^^^^^^^^^^^^^^^^^^^^^
    )
    ^
  File "/opt/homebrew/share/google-cloud-sdk/lib/googlecloudsdk/api_lib/util/apis_internal.py", line 174, in _GetClientInstance
    http_client = transports.GetApitoolsTransport(
        response_encoding=transport.ENCODING,
        timeout=http_timeout_sec if http_timeout_sec else 'unset')
  File "/opt/homebrew/share/google-cloud-sdk/lib/googlecloudsdk/core/credentials/transports.py", line 80, in GetApitoolsTransport
    session = requests.GetSession(
        timeout=timeout,
    ...<3 lines>...
        streaming_response_body=streaming_response_body,
        redact_request_body_reason=redact_request_body_reason)
  File "/opt/homebrew/share/google-cloud-sdk/lib/googlecloudsdk/core/credentials/requests.py", line 85, in GetSession
    credentials = store.LoadIfEnabled(
        allow_account_impersonation, use_google_auth
    )
  File "/opt/homebrew/share/google-cloud-sdk/lib/googlecloudsdk/core/credentials/store.py", line 629, in LoadIfEnabled
    return Load(
        allow_account_impersonation=allow_account_impersonation,
        use_google_auth=use_google_auth)
  File "/opt/homebrew/share/google-cloud-sdk/lib/googlecloudsdk/core/credentials/store.py", line 866, in Load
    cred = _Load(
        account,
    ...<3 lines>...
        cache_only_rapt=cache_only_rapt,
    )
  File "/opt/homebrew/share/google-cloud-sdk/lib/googlecloudsdk/core/credentials/store.py", line 1048, in _Load
    raise creds_exceptions.NoActiveAccountException(
        named_configs.ActiveConfig(False).file_path)
googlecloudsdk.core.credentials.exceptions.NoActiveAccountException: You do not currently have an active account selected.
Please run:

  $ gcloud auth login

to obtain new credentials.

If you have already logged in with a different account, run:

  $ gcloud config set account ACCOUNT

to select an already authenticated account to use.
2025-12-25 20:34:25,936 ERROR    root            (gcloud.projects.create) You do not currently have an active account selected.
Please run:

  $ gcloud auth login

to obtain new credentials.

If you have already logged in with a different account, run:

  $ gcloud config set account ACCOUNT

to select an already authenticated account to use.
