2025-12-25 20:36:27,507 DEBUG    root            Loaded Command Group: ['gcloud', 'services']
2025-12-25 20:36:27,509 DEBUG    root            Loaded Command Group: ['gcloud', 'services', 'enable']
2025-12-25 20:36:27,510 DEBUG    root            Running [gcloud.services.enable] with arguments: [--project: "messager", SERVICE:1: "['maps-android-backend.googleapis.com']"]
2025-12-25 20:36:27,524 DEBUG    urllib3.connectionpool Starting new HTTPS connection (1): serviceusage.googleapis.com:443
2025-12-25 20:36:30,368 DEBUG    urllib3.connectionpool https://serviceusage.googleapis.com:443 "POST /v1/projects/messager/services/maps-android-backend.googleapis.com:enable?alt=json HTTP/1.1" 403 None
2025-12-25 20:36:30,375 DEBUG    root            Chosen display Format:default
2025-12-25 20:36:30,406 DEBUG    root            Chosen display Format:default
2025-12-25 20:36:30,404 DEBUG    root            (gcloud.services.enable) PERMISSION_DENIED: Project 'messager' not found or permission denied.
Help Token: Aa5MgsuOoAinElMpcpoIobLD5Bf8kBBjL8HXUPMluvJfrZ7CrsOVoB7WblVSZfuA3Ukpk5Tf8VL5mcyuSZAYVlRHHicsxKEDjMTLa1F2PzxF2ba4. This command is authenticated as kadlecekemma@gmail.com which is the active account specified by the [core/account] property
- '@type': type.googleapis.com/google.rpc.PreconditionFailure
  violations:
  - subject: ?error_code=210002&type=Project&resource_id=messager
    type: googleapis.com
- '@type': type.googleapis.com/google.rpc.ErrorInfo
  domain: serviceusage.googleapis.com
  metadata:
    resource_id: messager
    type: Project
  reason: RESOURCES_NOT_FOUND
Traceback (most recent call last):
  File "/opt/homebrew/share/google-cloud-sdk/lib/googlecloudsdk/api_lib/services/serviceusage.py", line 1466, in EnableApiCall
    return client.services.Enable(request)
           ~~~~~~~~~~~~~~~~~~~~~~^^^^^^^^^
  File "/opt/homebrew/share/google-cloud-sdk/lib/googlecloudsdk/generated_clients/apis/serviceusage/v1/serviceusage_v1_client.py", line 263, in Enable
    return self._RunMethod(
           ~~~~~~~~~~~~~~~^
        config, request, global_params=global_params)
        ^^^^^^^^^^^^^^^^^^^^^^^^^^^^^^^^^^^^^^^^^^^^^
  File "/opt/homebrew/share/google-cloud-sdk/lib/third_party/apitools/base/py/base_api.py", line 747, in _RunMethod
    return self.ProcessHttpResponse(method_config, http_response, request)
           ~~~~~~~~~~~~~~~~~~~~~~~~^^^^^^^^^^^^^^^^^^^^^^^^^^^^^^^^^^^^^^^
  File "/opt/homebrew/share/google-cloud-sdk/lib/third_party/apitools/base/py/base_api.py", line 753, in ProcessHttpResponse
    self.__ProcessHttpResponse(method_config, http_response, request))
    ~~~~~~~~~~~~~~~~~~~~~~~~~~^^^^^^^^^^^^^^^^^^^^^^^^^^^^^^^^^^^^^^^
  File "/opt/homebrew/share/google-cloud-sdk/lib/third_party/apitools/base/py/base_api.py", line 612, in __ProcessHttpResponse
    raise exceptions.HttpError.FromResponse(
        http_response, method_config=method_config, request=request)
apitools.base.py.exceptions.HttpForbiddenError: HttpError accessing <https://serviceusage.googleapis.com/v1/projects/messager/services/maps-android-backend.googleapis.com:enable?alt=json>: response: <{'vary': 'Origin, X-Origin, Referer', 'content-type': 'application/json; charset=UTF-8', 'content-encoding': 'gzip', 'date': 'Thu, 25 Dec 2025 19:36:30 GMT', 'server': 'ESF', 'x-xss-protection': '0', 'x-frame-options': 'SAMEORIGIN', 'x-content-type-options': 'nosniff', 'alt-svc': 'h3=":443"; ma=2592000,h3-29=":443"; ma=2592000', 'transfer-encoding': 'chunked', 'status': 403}>, content <{
  "error": {
    "code": 403,
    "message": "Project 'messager' not found or permission denied.\nHelp Token: Aa5MgsuOoAinElMpcpoIobLD5Bf8kBBjL8HXUPMluvJfrZ7CrsOVoB7WblVSZfuA3Ukpk5Tf8VL5mcyuSZAYVlRHHicsxKEDjMTLa1F2PzxF2ba4",
    "status": "PERMISSION_DENIED",
    "details": [
      {
        "@type": "type.googleapis.com/google.rpc.PreconditionFailure",
        "violations": [
          {
            "type": "googleapis.com",
            "subject": "?error_code=210002&type=Project&resource_id=messager"
          }
        ]
      },
      {
        "@type": "type.googleapis.com/google.rpc.ErrorInfo",
        "reason": "RESOURCES_NOT_FOUND",
        "domain": "serviceusage.googleapis.com",
        "metadata": {
          "type": "Project",
          "resource_id": "messager"
        }
      }
    ]
  }
}
>

During handling of the above exception, another exception occurred:

Traceback (most recent call last):
  File "/opt/homebrew/share/google-cloud-sdk/lib/googlecloudsdk/calliope/cli.py", line 944, in Execute
    resources = calliope_command.Run(cli=self, args=args)
  File "/opt/homebrew/share/google-cloud-sdk/lib/googlecloudsdk/calliope/backend.py", line 955, in Run
    resources = command_instance.Run(args)
  File "/opt/homebrew/share/google-cloud-sdk/lib/surface/services/enable.py", line 216, in Run
    op = serviceusage.EnableApiCall(project, args.service[0])
  File "/opt/homebrew/share/google-cloud-sdk/lib/googlecloudsdk/api_lib/services/serviceusage.py", line 1469, in EnableApiCall
    exceptions.ReraiseError(e, exceptions.EnableServiceException)
    ~~~~~~~~~~~~~~~~~~~~~~~^^^^^^^^^^^^^^^^^^^^^^^^^^^^^^^^^^^^^^
  File "/opt/homebrew/share/google-cloud-sdk/lib/googlecloudsdk/api_lib/services/exceptions.py", line 214, in ReraiseError
    core_exceptions.reraise(klass(api_lib_exceptions.HttpException(err)))
    ~~~~~~~~~~~~~~~~~~~~~~~^^^^^^^^^^^^^^^^^^^^^^^^^^^^^^^^^^^^^^^^^^^^^^
  File "/opt/homebrew/share/google-cloud-sdk/lib/googlecloudsdk/core/exceptions.py", line 149, in reraise
    six.reraise(type(exc_value), exc_value, tb)
    ~~~~~~~~~~~^^^^^^^^^^^^^^^^^^^^^^^^^^^^^^^^
  File "/opt/homebrew/share/google-cloud-sdk/lib/third_party/six/__init__.py", line 718, in reraise
    raise value.with_traceback(tb)
  File "/opt/homebrew/share/google-cloud-sdk/lib/googlecloudsdk/api_lib/services/serviceusage.py", line 1466, in EnableApiCall
    return client.services.Enable(request)
           ~~~~~~~~~~~~~~~~~~~~~~^^^^^^^^^
  File "/opt/homebrew/share/google-cloud-sdk/lib/googlecloudsdk/generated_clients/apis/serviceusage/v1/serviceusage_v1_client.py", line 263, in Enable
    return self._RunMethod(
           ~~~~~~~~~~~~~~~^
        config, request, global_params=global_params)
        ^^^^^^^^^^^^^^^^^^^^^^^^^^^^^^^^^^^^^^^^^^^^^
  File "/opt/homebrew/share/google-cloud-sdk/lib/third_party/apitools/base/py/base_api.py", line 747, in _RunMethod
    return self.ProcessHttpResponse(method_config, http_response, request)
           ~~~~~~~~~~~~~~~~~~~~~~~~^^^^^^^^^^^^^^^^^^^^^^^^^^^^^^^^^^^^^^^
  File "/opt/homebrew/share/google-cloud-sdk/lib/third_party/apitools/base/py/base_api.py", line 753, in ProcessHttpResponse
    self.__ProcessHttpResponse(method_config, http_response, request))
    ~~~~~~~~~~~~~~~~~~~~~~~~~~^^^^^^^^^^^^^^^^^^^^^^^^^^^^^^^^^^^^^^^
  File "/opt/homebrew/share/google-cloud-sdk/lib/third_party/apitools/base/py/base_api.py", line 612, in __ProcessHttpResponse
    raise exceptions.HttpError.FromResponse(
        http_response, method_config=method_config, request=request)
googlecloudsdk.api_lib.services.exceptions.EnableServiceException: PERMISSION_DENIED: Project 'messager' not found or permission denied.
Help Token: Aa5MgsuOoAinElMpcpoIobLD5Bf8kBBjL8HXUPMluvJfrZ7CrsOVoB7WblVSZfuA3Ukpk5Tf8VL5mcyuSZAYVlRHHicsxKEDjMTLa1F2PzxF2ba4. This command is authenticated as kadlecekemma@gmail.com which is the active account specified by the [core/account] property
- '@type': type.googleapis.com/google.rpc.PreconditionFailure
  violations:
  - subject: ?error_code=210002&type=Project&resource_id=messager
    type: googleapis.com
- '@type': type.googleapis.com/google.rpc.ErrorInfo
  domain: serviceusage.googleapis.com
  metadata:
    resource_id: messager
    type: Project
  reason: RESOURCES_NOT_FOUND
2025-12-25 20:36:30,408 ERROR    root            (gcloud.services.enable) PERMISSION_DENIED: Project 'messager' not found or permission denied.
Help Token: Aa5MgsuOoAinElMpcpoIobLD5Bf8kBBjL8HXUPMluvJfrZ7CrsOVoB7WblVSZfuA3Ukpk5Tf8VL5mcyuSZAYVlRHHicsxKEDjMTLa1F2PzxF2ba4. This command is authenticated as kadlecekemma@gmail.com which is the active account specified by the [core/account] property
- '@type': type.googleapis.com/google.rpc.PreconditionFailure
  violations:
  - subject: ?error_code=210002&type=Project&resource_id=messager
    type: googleapis.com
- '@type': type.googleapis.com/google.rpc.ErrorInfo
  domain: serviceusage.googleapis.com
  metadata:
    resource_id: messager
    type: Project
  reason: RESOURCES_NOT_FOUND
