2025-12-25 20:39:48,519 DEBUG    root            Loaded Command Group: ['gcloud', 'auth']
2025-12-25 20:39:48,553 DEBUG    root            Loaded Command Group: ['gcloud', 'auth', 'login']
2025-12-25 20:39:48,554 DEBUG    root            Running [gcloud.auth.login] with arguments: []
2025-12-25 20:39:48,578 DEBUG    requests_oauthlib.oauth2_session Generated new state WUJrom7BPdVgrqrNmkkIO5nsolaGU9.
2025-12-25 20:39:48,683 INFO     ___FILE_ONLY___ Your browser has been opened to visit:

    https://accounts.google.com/o/oauth2/auth?response_type=code&client_id=32555940559.apps.googleusercontent.com&redirect_uri=http%3A%2F%2Flocalhost%3A8085%2F&scope=openid+https%3A%2F%2Fwww.googleapis.com%2Fauth%2Fuserinfo.email+https%3A%2F%2Fwww.googleapis.com%2Fauth%2Fcloud-platform+https%3A%2F%2Fwww.googleapis.com%2Fauth%2Fappengine.admin+https%3A%2F%2Fwww.googleapis.com%2Fauth%2Fsqlservice.login+https%3A%2F%2Fwww.googleapis.com%2Fauth%2Fcompute+https%3A%2F%2Fwww.googleapis.com%2Fauth%2Faccounts.reauth&state=WUJrom7BPdVgrqrNmkkIO5nsolaGU9&access_type=offline&code_challenge=WpiqqTifLJM63rgYYf6pi-OJ3KwOvaIuiNxpN0Wbr7s&code_challenge_method=S256


2025-12-25 20:39:53,888 INFO     google_auth_oauthlib.flow "GET /?state=WUJrom7BPdVgrqrNmkkIO5nsolaGU9&code=4/0ATX87lOo94AZmAJWpUbQqH7txLtyRMtFBOvPTxRpy0SapeEcdamSDegXjtjNNj1Z-n440w&scope=email%20openid%20https://www.googleapis.com/auth/userinfo.email%20https://www.googleapis.com/auth/cloud-platform%20https://www.googleapis.com/auth/appengine.admin%20https://www.googleapis.com/auth/sqlservice.login%20https://www.googleapis.com/auth/compute%20https://www.googleapis.com/auth/accounts.reauth&authuser=1&prompt=consent HTTP/1.1" 200 937
2025-12-25 20:39:53,888 DEBUG    requests_oauthlib.oauth2_session Requesting url https://oauth2.googleapis.com/token using method POST.
2025-12-25 20:39:53,888 DEBUG    requests_oauthlib.oauth2_session Supplying headers {b'Accept': b'application/json', b'Content-Type': b'application/x-www-form-urlencoded;charset=UTF-8', b'user-agent': b'google-cloud-sdk gcloud/550.0.0 command/gcloud.auth.login invocation-id/95855d9b9fca41b591e86d5e6ad9295b environment/None environment-version/None client-os/MACOSX client-os-ver/25.2.0 client-pltf-arch/arm interactive/True from-script/False python/3.13.11 term/xterm-256color  (Macintosh; Intel Mac OS X 25.2.0)'} and data {'grant_type': 'authorization_code', 'client_id': '32555940559.apps.googleusercontent.com', 'client_secret': 'ZmssLNjJy2998hD4CTg2ejr2', 'code': '4/0ATX87lOo94AZmAJWpUbQqH7txLtyRMtFBOvPTxRpy0SapeEcdamSDegXjtjNNj1Z-n440w', 'redirect_uri': 'http://localhost:8085/', 'code_verifier': 'VgE3c0Ka_kqFn5-~NUPLhJoC_S~eanWb0rLas6PdS_Z--kTO1Ziz4LE1JghbJnNB55fVmJZs6Vhs7t_tPQf5klVzgX4LCtj2HXYeFqPS1AJGYlt_sZZIY9Uj7tHG9tkO'}
2025-12-25 20:39:53,888 DEBUG    requests_oauthlib.oauth2_session Passing through key word arguments {'json': None, 'timeout': None, 'auth': None, 'verify': None, 'proxies': None}.
2025-12-25 20:39:53,896 DEBUG    urllib3.connectionpool Starting new HTTPS connection (1): oauth2.googleapis.com:443
2025-12-25 20:39:54,016 DEBUG    urllib3.connectionpool https://oauth2.googleapis.com:443 "POST /token HTTP/1.1" 200 None
2025-12-25 20:39:54,017 DEBUG    requests_oauthlib.oauth2_session Prepared fetch token request body grant_type=authorization_code&client_id=32555940559.apps.googleusercontent.com&client_secret=ZmssLNjJy2998hD4CTg2ejr2&code=4%2F0ATX87lOo94AZmAJWpUbQqH7txLtyRMtFBOvPTxRpy0SapeEcdamSDegXjtjNNj1Z-n440w&redirect_uri=http%3A%2F%2Flocalhost%3A8085%2F&code_verifier=VgE3c0Ka_kqFn5-~NUPLhJoC_S~eanWb0rLas6PdS_Z--kTO1Ziz4LE1JghbJnNB55fVmJZs6Vhs7t_tPQf5klVzgX4LCtj2HXYeFqPS1AJGYlt_sZZIY9Uj7tHG9tkO
2025-12-25 20:39:54,017 DEBUG    requests_oauthlib.oauth2_session Request to fetch token completed with status 200.
2025-12-25 20:39:54,017 DEBUG    requests_oauthlib.oauth2_session Request headers were {'user-agent': b'google-cloud-sdk gcloud/550.0.0 command/gcloud.auth.login invocation-id/95855d9b9fca41b591e86d5e6ad9295b environment/None environment-version/None client-os/MACOSX client-os-ver/25.2.0 client-pltf-arch/arm interactive/True from-script/False python/3.13.11 term/xterm-256color  (Macintosh; Intel Mac OS X 25.2.0)', 'Accept-Encoding': 'gzip, deflate', 'Accept': b'application/json', 'Connection': 'keep-alive', 'Content-Type': b'application/x-www-form-urlencoded;charset=UTF-8', 'Content-Length': '387'}
2025-12-25 20:39:54,017 DEBUG    requests_oauthlib.oauth2_session Request body was grant_type=authorization_code&client_id=32555940559.apps.googleusercontent.com&client_secret=ZmssLNjJy2998hD4CTg2ejr2&code=4%2F0ATX87lOo94AZmAJWpUbQqH7txLtyRMtFBOvPTxRpy0SapeEcdamSDegXjtjNNj1Z-n440w&redirect_uri=http%3A%2F%2Flocalhost%3A8085%2F&code_verifier=VgE3c0Ka_kqFn5-~NUPLhJoC_S~eanWb0rLas6PdS_Z--kTO1Ziz4LE1JghbJnNB55fVmJZs6Vhs7t_tPQf5klVzgX4LCtj2HXYeFqPS1AJGYlt_sZZIY9Uj7tHG9tkO
2025-12-25 20:39:54,017 DEBUG    requests_oauthlib.oauth2_session Response headers were {'Expires': 'Mon, 01 Jan 1990 00:00:00 GMT', 'Pragma': 'no-cache', 'Date': 'Thu, 25 Dec 2025 19:39:54 GMT', 'Cache-Control': 'no-cache, no-store, max-age=0, must-revalidate', 'Content-Type': 'application/json; charset=utf-8', 'Vary': 'Origin, X-Origin, Referer', 'Content-Encoding': 'gzip', 'Server': 'scaffolding on HTTPServer2', 'X-XSS-Protection': '0', 'X-Frame-Options': 'SAMEORIGIN', 'X-Content-Type-Options': 'nosniff', 'Alt-Svc': 'h3=":443"; ma=2592000,h3-29=":443"; ma=2592000', 'Transfer-Encoding': 'chunked'} and content {
  "access_token": "ya29.a0Aa7pCA_i28mH9CiTa3K7zsHlwXeP-E8Ba37XQ0iCzpJ1Phvtlag-tYFVIhsHy6viEfcx1CgdawAgI9lMdTsW3OjHbMJSBmmgnHwcI_FsSoapo8W87rTYvfuoyLQJgYK2llApz4OvZvYUWND0qQM5yEDUcZHawus9QtpTz-MIjf6n1W3KWlCGQ75TWc8mB8Ad-A4jUAF2YjkwaCgYKAYsSARISFQHGX2Mijrm1lQS23N3x4zhyLyMMlQ0211",
  "expires_in": 3599,
  "refresh_token": "1//034wKURfZ8cFCCgYIARAAGAMSNwF-L9IrRqlw029cgTrn5zX1v1C8fGQUYdXx-GfnaGt1S0jZAQDWe9Y8EgEpS7LLRXv4RpzC-OI",
  "scope": "https://www.googleapis.com/auth/accounts.reauth https://www.googleapis.com/auth/cloud-platform openid https://www.googleapis.com/auth/sqlservice.login https://www.googleapis.com/auth/compute https://www.googleapis.com/auth/userinfo.email https://www.googleapis.com/auth/appengine.admin",
  "token_type": "Bearer",
  "id_token": "eyJhbGciOiJSUzI1NiIsImtpZCI6IjZhOTA2ZWMxMTlkN2JhNDZhNmE0M2VmMWVhODQyZTM0YThlZTA4YjQiLCJ0eXAiOiJKV1QifQ.eyJpc3MiOiJodHRwczovL2FjY291bnRzLmdvb2dsZS5jb20iLCJhenAiOiIzMjU1NTk0MDU1OS5hcHBzLmdvb2dsZXVzZXJjb250ZW50LmNvbSIsImF1ZCI6IjMyNTU1OTQwNTU5LmFwcHMuZ29vZ2xldXNlcmNvbnRlbnQuY29tIiwic3ViIjoiMTA5NTkxOTY4NjczMTQwNzk4ODg2IiwiZW1haWwiOiJrYWRsZWNla2VtbWFAZ21haWwuY29tIiwiZW1haWxfdmVyaWZpZWQiOnRydWUsImF0X2hhc2giOiJxNHVXdXRvQi1rSXkzRV9vMWg1bnB3IiwiaWF0IjoxNzY2NjkxNTk0LCJleHAiOjE3NjY2OTUxOTR9.fycRyYkBlr1dMLQ57BZErOO2_0XJOvcpGbSE-tadqZUfSoKYRUkpY9wvj7grHkNnP7yKi33H7Rs-LOTu0cr0574KSAuZFXmI9aEwCinMJ8pRirhOJ759ih1FrK5-ec9mpSNDNRAF5pthzmDFV_Y2xzvZB0iTIV1i_75sBTZM5V3huLDU9R_UcbzICrRTWCI-1OtHDnALp50NPTrw-NGVMEyOWzhLdC2kWA2bZlep6B4HMhnsSTAjb0395D5Y_0bqzsWc8292_KZrv_n274pWwlHyvsMDqHZzkm5u_P3KzPH6mGtFGvFv2O4GH_CIk7e1IJVYQ05uaTokmGjCVciL2A"
}.
2025-12-25 20:39:54,018 DEBUG    requests_oauthlib.oauth2_session Invoking 0 token response hooks.
2025-12-25 20:39:54,018 DEBUG    requests_oauthlib.oauth2_session Obtained token {'access_token': 'ya29.a0Aa7pCA_i28mH9CiTa3K7zsHlwXeP-E8Ba37XQ0iCzpJ1Phvtlag-tYFVIhsHy6viEfcx1CgdawAgI9lMdTsW3OjHbMJSBmmgnHwcI_FsSoapo8W87rTYvfuoyLQJgYK2llApz4OvZvYUWND0qQM5yEDUcZHawus9QtpTz-MIjf6n1W3KWlCGQ75TWc8mB8Ad-A4jUAF2YjkwaCgYKAYsSARISFQHGX2Mijrm1lQS23N3x4zhyLyMMlQ0211', 'expires_in': 3599, 'refresh_token': '1//034wKURfZ8cFCCgYIARAAGAMSNwF-L9IrRqlw029cgTrn5zX1v1C8fGQUYdXx-GfnaGt1S0jZAQDWe9Y8EgEpS7LLRXv4RpzC-OI', 'scope': ['https://www.googleapis.com/auth/accounts.reauth', 'https://www.googleapis.com/auth/cloud-platform', 'openid', 'https://www.googleapis.com/auth/sqlservice.login', 'https://www.googleapis.com/auth/compute', 'https://www.googleapis.com/auth/userinfo.email', 'https://www.googleapis.com/auth/appengine.admin'], 'token_type': 'Bearer', 'id_token': 'eyJhbGciOiJSUzI1NiIsImtpZCI6IjZhOTA2ZWMxMTlkN2JhNDZhNmE0M2VmMWVhODQyZTM0YThlZTA4YjQiLCJ0eXAiOiJKV1QifQ.eyJpc3MiOiJodHRwczovL2FjY291bnRzLmdvb2dsZS5jb20iLCJhenAiOiIzMjU1NTk0MDU1OS5hcHBzLmdvb2dsZXVzZXJjb250ZW50LmNvbSIsImF1ZCI6IjMyNTU1OTQwNTU5LmFwcHMuZ29vZ2xldXNlcmNvbnRlbnQuY29tIiwic3ViIjoiMTA5NTkxOTY4NjczMTQwNzk4ODg2IiwiZW1haWwiOiJrYWRsZWNla2VtbWFAZ21haWwuY29tIiwiZW1haWxfdmVyaWZpZWQiOnRydWUsImF0X2hhc2giOiJxNHVXdXRvQi1rSXkzRV9vMWg1bnB3IiwiaWF0IjoxNzY2NjkxNTk0LCJleHAiOjE3NjY2OTUxOTR9.fycRyYkBlr1dMLQ57BZErOO2_0XJOvcpGbSE-tadqZUfSoKYRUkpY9wvj7grHkNnP7yKi33H7Rs-LOTu0cr0574KSAuZFXmI9aEwCinMJ8pRirhOJ759ih1FrK5-ec9mpSNDNRAF5pthzmDFV_Y2xzvZB0iTIV1i_75sBTZM5V3huLDU9R_UcbzICrRTWCI-1OtHDnALp50NPTrw-NGVMEyOWzhLdC2kWA2bZlep6B4HMhnsSTAjb0395D5Y_0bqzsWc8292_KZrv_n274pWwlHyvsMDqHZzkm5u_P3KzPH6mGtFGvFv2O4GH_CIk7e1IJVYQ05uaTokmGjCVciL2A', 'expires_at': 1766695193.01816}.
2025-12-25 20:39:54,026 INFO     ___FILE_ONLY___ 
You are now logged in as [kadlecekemma@gmail.com].
Your current project is [None].  You can change this setting by running:
  $ gcloud config set project PROJECT_ID

2025-12-25 20:39:54,027 DEBUG    root            Chosen display Format:none
2025-12-25 20:39:54,027 INFO     root            Display format: "none"
