2025-12-25 20:34:43,475 DEBUG    root            Loaded Command Group: ['gcloud', 'auth']
2025-12-25 20:34:43,508 DEBUG    root            Loaded Command Group: ['gcloud', 'auth', 'login']
2025-12-25 20:34:43,509 DEBUG    root            Running [gcloud.auth.login] with arguments: []
2025-12-25 20:34:45,973 DEBUG    requests_oauthlib.oauth2_session Generated new state XlZ06FNt7w9nhZjFoq5ETeyjCL1ZdG.
2025-12-25 20:34:46,118 INFO     ___FILE_ONLY___ Your browser has been opened to visit:

    https://accounts.google.com/o/oauth2/auth?response_type=code&client_id=32555940559.apps.googleusercontent.com&redirect_uri=http%3A%2F%2Flocalhost%3A8085%2F&scope=openid+https%3A%2F%2Fwww.googleapis.com%2Fauth%2Fuserinfo.email+https%3A%2F%2Fwww.googleapis.com%2Fauth%2Fcloud-platform+https%3A%2F%2Fwww.googleapis.com%2Fauth%2Fappengine.admin+https%3A%2F%2Fwww.googleapis.com%2Fauth%2Fsqlservice.login+https%3A%2F%2Fwww.googleapis.com%2Fauth%2Fcompute+https%3A%2F%2Fwww.googleapis.com%2Fauth%2Faccounts.reauth&state=XlZ06FNt7w9nhZjFoq5ETeyjCL1ZdG&access_type=offline&code_challenge=p1vQPDUaxXB9vTJIRhtrbPhjTTE4PYl2q999W7uil2I&code_challenge_method=S256


2025-12-25 20:34:53,955 INFO     google_auth_oauthlib.flow "GET /?state=XlZ06FNt7w9nhZjFoq5ETeyjCL1ZdG&code=4/0ATX87lNLcvIUFEQIESPGAEbJjgS00AIe8NIF5hQ062-NoWjuvBnc31NoDUjMU16BXktS8A&scope=email%20openid%20https://www.googleapis.com/auth/userinfo.email%20https://www.googleapis.com/auth/cloud-platform%20https://www.googleapis.com/auth/appengine.admin%20https://www.googleapis.com/auth/sqlservice.login%20https://www.googleapis.com/auth/compute%20https://www.googleapis.com/auth/accounts.reauth&authuser=1&prompt=consent HTTP/1.1" 200 937
2025-12-25 20:34:53,956 DEBUG    requests_oauthlib.oauth2_session Requesting url https://oauth2.googleapis.com/token using method POST.
2025-12-25 20:34:53,960 DEBUG    requests_oauthlib.oauth2_session Supplying headers {b'Accept': b'application/json', b'Content-Type': b'application/x-www-form-urlencoded;charset=UTF-8', b'user-agent': b'google-cloud-sdk gcloud/550.0.0 command/gcloud.auth.login invocation-id/dbe38086c7e74cfda5b35c60b858a09b environment/None environment-version/None client-os/MACOSX client-os-ver/25.2.0 client-pltf-arch/arm interactive/True from-script/False python/3.13.11 term/xterm-256color  (Macintosh; Intel Mac OS X 25.2.0)'} and data {'grant_type': 'authorization_code', 'client_id': '32555940559.apps.googleusercontent.com', 'client_secret': 'ZmssLNjJy2998hD4CTg2ejr2', 'code': '4/0ATX87lNLcvIUFEQIESPGAEbJjgS00AIe8NIF5hQ062-NoWjuvBnc31NoDUjMU16BXktS8A', 'redirect_uri': 'http://localhost:8085/', 'code_verifier': 'AUlaszWhui-e-me7bNo2oIh6IMWkaD-hkzP9BBJz95mteTSUyZiajqJfyQio~2SvVH-LzZpjB.XOQkgFr8iL~dazUzqai~F_NB0vL9.ca1NYepzVdYSw~6~qe4Jp3c6y'}
2025-12-25 20:34:53,961 DEBUG    requests_oauthlib.oauth2_session Passing through key word arguments {'json': None, 'timeout': None, 'auth': None, 'verify': None, 'proxies': None}.
2025-12-25 20:34:53,969 DEBUG    urllib3.connectionpool Starting new HTTPS connection (1): oauth2.googleapis.com:443
2025-12-25 20:34:54,094 DEBUG    urllib3.connectionpool https://oauth2.googleapis.com:443 "POST /token HTTP/1.1" 200 None
2025-12-25 20:34:54,096 DEBUG    requests_oauthlib.oauth2_session Prepared fetch token request body grant_type=authorization_code&client_id=32555940559.apps.googleusercontent.com&client_secret=ZmssLNjJy2998hD4CTg2ejr2&code=4%2F0ATX87lNLcvIUFEQIESPGAEbJjgS00AIe8NIF5hQ062-NoWjuvBnc31NoDUjMU16BXktS8A&redirect_uri=http%3A%2F%2Flocalhost%3A8085%2F&code_verifier=AUlaszWhui-e-me7bNo2oIh6IMWkaD-hkzP9BBJz95mteTSUyZiajqJfyQio~2SvVH-LzZpjB.XOQkgFr8iL~dazUzqai~F_NB0vL9.ca1NYepzVdYSw~6~qe4Jp3c6y
2025-12-25 20:34:54,096 DEBUG    requests_oauthlib.oauth2_session Request to fetch token completed with status 200.
2025-12-25 20:34:54,096 DEBUG    requests_oauthlib.oauth2_session Request headers were {'user-agent': b'google-cloud-sdk gcloud/550.0.0 command/gcloud.auth.login invocation-id/dbe38086c7e74cfda5b35c60b858a09b environment/None environment-version/None client-os/MACOSX client-os-ver/25.2.0 client-pltf-arch/arm interactive/True from-script/False python/3.13.11 term/xterm-256color  (Macintosh; Intel Mac OS X 25.2.0)', 'Accept-Encoding': 'gzip, deflate', 'Accept': b'application/json', 'Connection': 'keep-alive', 'Content-Type': b'application/x-www-form-urlencoded;charset=UTF-8', 'Content-Length': '387'}
2025-12-25 20:34:54,096 DEBUG    requests_oauthlib.oauth2_session Request body was grant_type=authorization_code&client_id=32555940559.apps.googleusercontent.com&client_secret=ZmssLNjJy2998hD4CTg2ejr2&code=4%2F0ATX87lNLcvIUFEQIESPGAEbJjgS00AIe8NIF5hQ062-NoWjuvBnc31NoDUjMU16BXktS8A&redirect_uri=http%3A%2F%2Flocalhost%3A8085%2F&code_verifier=AUlaszWhui-e-me7bNo2oIh6IMWkaD-hkzP9BBJz95mteTSUyZiajqJfyQio~2SvVH-LzZpjB.XOQkgFr8iL~dazUzqai~F_NB0vL9.ca1NYepzVdYSw~6~qe4Jp3c6y
2025-12-25 20:34:54,096 DEBUG    requests_oauthlib.oauth2_session Response headers were {'Pragma': 'no-cache', 'Expires': 'Mon, 01 Jan 1990 00:00:00 GMT', 'Cache-Control': 'no-cache, no-store, max-age=0, must-revalidate', 'Date': 'Thu, 25 Dec 2025 19:34:54 GMT', 'Content-Type': 'application/json; charset=utf-8', 'Vary': 'Origin, X-Origin, Referer', 'Content-Encoding': 'gzip', 'Server': 'scaffolding on HTTPServer2', 'X-XSS-Protection': '0', 'X-Frame-Options': 'SAMEORIGIN', 'X-Content-Type-Options': 'nosniff', 'Alt-Svc': 'h3=":443"; ma=2592000,h3-29=":443"; ma=2592000', 'Transfer-Encoding': 'chunked'} and content {
  "access_token": "ya29.a0Aa7pCA-3lVpR8U2y7xpnbj2aO7B-_QIh3hTfrZYNBu7lflibBlufvv-_FLIqBKMKD1ePKROm7k8jVA14ewRG9kN9KL4mCjCQKDlx2Xs31EMqrNobQ6WnnQI33LQXzCtorpzBK8_ezlgwyYDVbkF8P-z5QzCUb2wZ6iFm7Dptsq1vgZ4jzxPWfwEsUnese_wK2OynVGgaFIpgaCgYKAWsSARISFQHGX2MiLyScTZeasvIxyCq0v9A3dg0211",
  "expires_in": 3599,
  "refresh_token": "1//03cfEEDxzdpApCgYIARAAGAMSNwF-L9Ir1e3jAXP0LqKxIecrB8xUIABm79w2kTeFWxJMytC_isj0KJAOXOvSKCNIF9-18vQ6IXA",
  "scope": "https://www.googleapis.com/auth/userinfo.email https://www.googleapis.com/auth/accounts.reauth https://www.googleapis.com/auth/appengine.admin openid https://www.googleapis.com/auth/compute https://www.googleapis.com/auth/sqlservice.login https://www.googleapis.com/auth/cloud-platform",
  "token_type": "Bearer",
  "id_token": "eyJhbGciOiJSUzI1NiIsImtpZCI6IjZhOTA2ZWMxMTlkN2JhNDZhNmE0M2VmMWVhODQyZTM0YThlZTA4YjQiLCJ0eXAiOiJKV1QifQ.eyJpc3MiOiJodHRwczovL2FjY291bnRzLmdvb2dsZS5jb20iLCJhenAiOiIzMjU1NTk0MDU1OS5hcHBzLmdvb2dsZXVzZXJjb250ZW50LmNvbSIsImF1ZCI6IjMyNTU1OTQwNTU5LmFwcHMuZ29vZ2xldXNlcmNvbnRlbnQuY29tIiwic3ViIjoiMTA5NTkxOTY4NjczMTQwNzk4ODg2IiwiZW1haWwiOiJrYWRsZWNla2VtbWFAZ21haWwuY29tIiwiZW1haWxfdmVyaWZpZWQiOnRydWUsImF0X2hhc2giOiI3N2l4OXpsSkVBdlAyc0FSZG1yLUpRIiwiaWF0IjoxNzY2NjkxMjk0LCJleHAiOjE3NjY2OTQ4OTR9.LvCeCyVViWpE5gihC8MJBa1R7LtgvU76uCqsQ-N71gPO-2LA4goGrILLKX5SuJRFvWEoHwzmNwG1Ejvu3tqAXqKtZdj-jGg4iWW_NcIR-ZShKrrBDCFCDchMK8Th4EM-i5gTtglNEo8tk0vnP0AcsRe1sudnjfUqmcx1zfMkK9l5Sf6zDKoK3aG9LD8_WGpsA4WM6_bZK99MYG34YSuenovD3vqgMNbBzlg91F50phDNsI3RYFjvIHJJ5U7MxN5dcOR4X0J6r6ugdooDG7o1Yob8vXP41551g_EkDuK_MuWJtCasuptWz9LZpeMUvvhUku4c8h85LExKgYHAyUmggA"
}.
2025-12-25 20:34:54,097 DEBUG    requests_oauthlib.oauth2_session Invoking 0 token response hooks.
2025-12-25 20:34:54,097 DEBUG    requests_oauthlib.oauth2_session Obtained token {'access_token': 'ya29.a0Aa7pCA-3lVpR8U2y7xpnbj2aO7B-_QIh3hTfrZYNBu7lflibBlufvv-_FLIqBKMKD1ePKROm7k8jVA14ewRG9kN9KL4mCjCQKDlx2Xs31EMqrNobQ6WnnQI33LQXzCtorpzBK8_ezlgwyYDVbkF8P-z5QzCUb2wZ6iFm7Dptsq1vgZ4jzxPWfwEsUnese_wK2OynVGgaFIpgaCgYKAWsSARISFQHGX2MiLyScTZeasvIxyCq0v9A3dg0211', 'expires_in': 3599, 'refresh_token': '1//03cfEEDxzdpApCgYIARAAGAMSNwF-L9Ir1e3jAXP0LqKxIecrB8xUIABm79w2kTeFWxJMytC_isj0KJAOXOvSKCNIF9-18vQ6IXA', 'scope': ['https://www.googleapis.com/auth/userinfo.email', 'https://www.googleapis.com/auth/accounts.reauth', 'https://www.googleapis.com/auth/appengine.admin', 'openid', 'https://www.googleapis.com/auth/compute', 'https://www.googleapis.com/auth/sqlservice.login', 'https://www.googleapis.com/auth/cloud-platform'], 'token_type': 'Bearer', 'id_token': 'eyJhbGciOiJSUzI1NiIsImtpZCI6IjZhOTA2ZWMxMTlkN2JhNDZhNmE0M2VmMWVhODQyZTM0YThlZTA4YjQiLCJ0eXAiOiJKV1QifQ.eyJpc3MiOiJodHRwczovL2FjY291bnRzLmdvb2dsZS5jb20iLCJhenAiOiIzMjU1NTk0MDU1OS5hcHBzLmdvb2dsZXVzZXJjb250ZW50LmNvbSIsImF1ZCI6IjMyNTU1OTQwNTU5LmFwcHMuZ29vZ2xldXNlcmNvbnRlbnQuY29tIiwic3ViIjoiMTA5NTkxOTY4NjczMTQwNzk4ODg2IiwiZW1haWwiOiJrYWRsZWNla2VtbWFAZ21haWwuY29tIiwiZW1haWxfdmVyaWZpZWQiOnRydWUsImF0X2hhc2giOiI3N2l4OXpsSkVBdlAyc0FSZG1yLUpRIiwiaWF0IjoxNzY2NjkxMjk0LCJleHAiOjE3NjY2OTQ4OTR9.LvCeCyVViWpE5gihC8MJBa1R7LtgvU76uCqsQ-N71gPO-2LA4goGrILLKX5SuJRFvWEoHwzmNwG1Ejvu3tqAXqKtZdj-jGg4iWW_NcIR-ZShKrrBDCFCDchMK8Th4EM-i5gTtglNEo8tk0vnP0AcsRe1sudnjfUqmcx1zfMkK9l5Sf6zDKoK3aG9LD8_WGpsA4WM6_bZK99MYG34YSuenovD3vqgMNbBzlg91F50phDNsI3RYFjvIHJJ5U7MxN5dcOR4X0J6r6ugdooDG7o1Yob8vXP41551g_EkDuK_MuWJtCasuptWz9LZpeMUvvhUku4c8h85LExKgYHAyUmggA', 'expires_at': 1766694893.097405}.
2025-12-25 20:34:54,116 INFO     ___FILE_ONLY___ 
You are now logged in as [kadlecekemma@gmail.com].
Your current project is [None].  You can change this setting by running:
  $ gcloud config set project PROJECT_ID

2025-12-25 20:34:54,117 DEBUG    root            Chosen display Format:none
2025-12-25 20:34:54,117 INFO     root            Display format: "none"
