2025-11-20 18:45:30.744 [info] Getting Manifest... 1yib.rust-bundle
2025-11-20 18:45:30.787 [info] Installing extension: 1yib.rust-bundle {"isMachineScoped":false,"installPreReleaseVersion":false,"pinned":false,"profileLocation":{"$mid":1,"external":"vscode-userdata:/home/rishy/.vscode/extensions/extensions.json","path":"/home/rishy/.vscode/extensions/extensions.json","scheme":"vscode-userdata"},"isApplicationScoped":false,"productVersion":{"version":"1.106.2","date":"2025-11-19T16:56:50.023Z"}}
2025-11-20 18:45:30.928 [info] Getting Manifest... rust-lang.rust-analyzer
2025-11-20 18:45:30.986 [info] Getting Manifest... dustypomerleau.rust-syntax
2025-11-20 18:45:31.046 [info] Getting Manifest... serayuzgur.crates
2025-11-20 18:45:31.127 [info] Installing extension: rust-lang.rust-analyzer {"isMachineScoped":false,"installPreReleaseVersion":false,"pinned":false,"profileLocation":{"$mid":1,"external":"vscode-userdata:/home/rishy/.vscode/extensions/extensions.json","path":"/home/rishy/.vscode/extensions/extensions.json","scheme":"vscode-userdata"},"isApplicationScoped":false,"productVersion":{"version":"1.106.2","date":"2025-11-19T16:56:50.023Z"},"installGivenVersion":false,"context":{"dependecyOrPackExtensionInstall":true}}
2025-11-20 18:45:31.127 [info] Installing extension: dustypomerleau.rust-syntax {"isMachineScoped":false,"installPreReleaseVersion":false,"pinned":false,"profileLocation":{"$mid":1,"external":"vscode-userdata:/home/rishy/.vscode/extensions/extensions.json","path":"/home/rishy/.vscode/extensions/extensions.json","scheme":"vscode-userdata"},"isApplicationScoped":false,"productVersion":{"version":"1.106.2","date":"2025-11-19T16:56:50.023Z"},"installGivenVersion":false,"context":{"dependecyOrPackExtensionInstall":true}}
2025-11-20 18:45:31.127 [info] Installing extension: serayuzgur.crates {"isMachineScoped":false,"installPreReleaseVersion":false,"pinned":false,"profileLocation":{"$mid":1,"external":"vscode-userdata:/home/rishy/.vscode/extensions/extensions.json","path":"/home/rishy/.vscode/extensions/extensions.json","scheme":"vscode-userdata"},"isApplicationScoped":false,"productVersion":{"version":"1.106.2","date":"2025-11-19T16:56:50.023Z"},"installGivenVersion":false,"context":{"dependecyOrPackExtensionInstall":true}}
2025-11-20 18:45:32.353 [info] Extension signature verification result for serayuzgur.crates: Success. Internal Code: 0. Executed: true. Duration: 1008ms.
2025-11-20 18:45:32.354 [info] Extension signature verification result for dustypomerleau.rust-syntax: Success. Internal Code: 0. Executed: true. Duration: 915ms.
2025-11-20 18:45:32.354 [info] Extension signature verification result for 1yib.rust-bundle: Success. Internal Code: 0. Executed: true. Duration: 1019ms.
2025-11-20 18:45:32.370 [info] Extracted extension to file:///home/rishy/.vscode/extensions/1yib.rust-bundle-1.0.0: 1yib.rust-bundle
2025-11-20 18:45:32.381 [info] Extracted extension to file:///home/rishy/.vscode/extensions/serayuzgur.crates-0.6.7: serayuzgur.crates
2025-11-20 18:45:32.381 [info] Renamed to /home/rishy/.vscode/extensions/1yib.rust-bundle-1.0.0
2025-11-20 18:45:32.387 [info] Renamed to /home/rishy/.vscode/extensions/serayuzgur.crates-0.6.7
2025-11-20 18:45:32.392 [info] Extracted extension to file:///home/rishy/.vscode/extensions/dustypomerleau.rust-syntax-0.6.1: dustypomerleau.rust-syntax
2025-11-20 18:45:32.402 [info] Renamed to /home/rishy/.vscode/extensions/dustypomerleau.rust-syntax-0.6.1
2025-11-20 18:45:32.536 [info] Extension signature verification result for rust-lang.rust-analyzer: Success. Internal Code: 0. Executed: true. Duration: 568ms.
2025-11-20 18:45:32.822 [info] Extracted extension to file:///home/rishy/.vscode/extensions/rust-lang.rust-analyzer-0.3.2683-linux-x64: rust-lang.rust-analyzer
2025-11-20 18:45:32.837 [info] Renamed to /home/rishy/.vscode/extensions/rust-lang.rust-analyzer-0.3.2683-linux-x64
2025-11-20 18:45:32.854 [info] Extension installed successfully: 1yib.rust-bundle vscode-userdata:/home/rishy/.vscode/extensions/extensions.json
2025-11-20 18:45:32.854 [info] Extension installed successfully: serayuzgur.crates vscode-userdata:/home/rishy/.vscode/extensions/extensions.json
2025-11-20 18:45:32.855 [info] Extension installed successfully: dustypomerleau.rust-syntax vscode-userdata:/home/rishy/.vscode/extensions/extensions.json
2025-11-20 18:45:32.855 [info] Extension installed successfully: rust-lang.rust-analyzer vscode-userdata:/home/rishy/.vscode/extensions/extensions.json
