2025-11-23 11:08:34.546 [info] [main] Log level: Info
2025-11-23 11:08:34.546 [info] [main] Validating found git in: "git"
2025-11-23 11:08:34.546 [info] [main] Using git "2.43.0" from "git"
2025-11-23 11:08:34.546 [info] [Model][doInitialScan] Initial repository scan started
2025-11-23 11:08:34.546 [info] > git rev-parse --show-toplevel [4ms]
2025-11-23 11:08:34.546 [info] > git rev-parse --git-dir --git-common-dir --show-superproject-working-tree [3ms]
2025-11-23 11:08:34.546 [info] [Model][openRepository] Opened repository (path): /home/rishy/Documents/Beaklevision
2025-11-23 11:08:34.546 [info] [Model][openRepository] Opened repository (real path): /home/rishy/Documents/Beaklevision
2025-11-23 11:08:34.546 [info] [Model][openRepository] Opened repository (kind): repository
2025-11-23 11:08:34.546 [info] > git rev-parse --show-toplevel [4ms]
2025-11-23 11:08:34.546 [info] > git config --get commit.template [8ms]
2025-11-23 11:08:34.546 [info] > git rev-parse --show-toplevel [7ms]
2025-11-23 11:08:34.546 [info] > git for-each-ref --format=%(refname)%00%(upstream:short)%00%(objectname)%00%(upstream:track)%00%(upstream:remotename)%00%(upstream:remoteref) refs/heads/webhooks refs/remotes/webhooks [11ms]
2025-11-23 11:08:34.546 [info] > git rev-parse --show-toplevel [28ms]
2025-11-23 11:08:34.580 [info] > git status -z -uall [23ms]
2025-11-23 11:08:34.580 [info] > git for-each-ref --sort -committerdate --format %(refname)%00%(objectname)%00%(*objectname) [19ms]
2025-11-23 11:08:34.599 [info] > git rev-parse --show-toplevel [48ms]
2025-11-23 11:08:34.602 [info] [Model][doInitialScan] Initial repository scan completed - repositories (1), closed repositories (0), parent repositories (0), unsafe repositories (0)
2025-11-23 11:08:34.628 [info] > git for-each-ref --format=%(refname)%00%(upstream:short)%00%(objectname)%00%(upstream:track)%00%(upstream:remotename)%00%(upstream:remoteref) refs/heads/webhooks refs/remotes/webhooks [31ms]
2025-11-23 11:08:34.643 [info] > git config --get --local branch.webhooks.vscode-merge-base [10ms]
2025-11-23 11:08:34.649 [info] > git config --get commit.template [22ms]
2025-11-23 11:08:34.657 [info] > git for-each-ref --format=%(refname)%00%(upstream:short)%00%(objectname)%00%(upstream:track)%00%(upstream:remotename)%00%(upstream:remoteref) refs/heads/origin/dev refs/remotes/origin/dev [8ms]
2025-11-23 11:08:34.674 [info] > git for-each-ref --format=%(refname)%00%(upstream:short)%00%(objectname)%00%(upstream:track)%00%(upstream:remotename)%00%(upstream:remoteref) refs/heads/webhooks refs/remotes/webhooks [18ms]
2025-11-23 11:08:34.675 [info] > git merge-base refs/heads/webhooks refs/remotes/origin/webhooks [11ms]
2025-11-23 11:08:34.690 [info] > git status -z -uall [5ms]
2025-11-23 11:08:34.690 [info] > git diff --name-status -z --diff-filter=ADMR --find-renames=50% 27af7578ced7cfe188503b65f1542a6c141e1332...refs/remotes/origin/webhooks -- [10ms]
2025-11-23 11:08:34.691 [info] > git for-each-ref --sort -committerdate --format %(refname)%00%(objectname)%00%(*objectname) [2ms]
2025-11-23 11:08:34.862 [info] > git show --textconv :backend/src/models/webhooks.py [7ms]
2025-11-23 11:08:34.863 [info] > git ls-files --stage -- backend/src/models/webhooks.py [2ms]
2025-11-23 11:08:34.870 [info] > git cat-file -s 65694e49da279a85641c8311f4e4e730d659177f [2ms]
2025-11-23 11:08:34.989 [info] > git blame --root --incremental 27af7578ced7cfe188503b65f1542a6c141e1332 -- backend/src/models/webhooks.py [13ms]
2025-11-23 11:08:35.003 [info] > git check-ignore -v -z --stdin [2ms]
2025-11-23 11:08:40.213 [info] > git show --textconv :backend/src/routes/webhooks.py [4ms]
2025-11-23 11:08:40.214 [info] > git ls-files --stage -- backend/src/routes/webhooks.py [2ms]
2025-11-23 11:08:40.220 [info] > git cat-file -s dee1f76b0c22e05c7c32a77533fea5356faf33ee [2ms]
2025-11-23 11:08:42.403 [info] > git config --get commit.template [4ms]
2025-11-23 11:08:42.405 [info] > git for-each-ref --format=%(refname)%00%(upstream:short)%00%(objectname)%00%(upstream:track)%00%(upstream:remotename)%00%(upstream:remoteref) refs/heads/webhooks refs/remotes/webhooks [2ms]
2025-11-23 11:08:42.413 [info] > git status -z -uall [4ms]
2025-11-23 11:08:42.414 [info] > git for-each-ref --sort -committerdate --format %(refname)%00%(objectname)%00%(*objectname) [1ms]
2025-11-23 11:08:44.357 [info] > git ls-files --stage -- backend/src/tba/client.py [1ms]
2025-11-23 11:08:44.363 [info] > git show --textconv :backend/src/tba/client.py [12ms]
2025-11-23 11:08:44.363 [info] > git cat-file -s 6acbcc4cd76b6cd8c09fc5febfcac664d7ca8c84 [1ms]
2025-11-23 11:08:44.387 [info] > git blame --root --incremental 27af7578ced7cfe188503b65f1542a6c141e1332 -- backend/src/tba/client.py [7ms]
2025-11-23 11:08:44.728 [info] > git check-ignore -v -z --stdin [2ms]
2025-11-23 11:08:46.545 [info] > git show --textconv :backend/src/routes/webhooks.py [5ms]
2025-11-23 11:08:46.546 [info] > git ls-files --stage -- backend/src/routes/webhooks.py [1ms]
2025-11-23 11:08:46.552 [info] > git cat-file -s dee1f76b0c22e05c7c32a77533fea5356faf33ee [2ms]
2025-11-23 11:08:48.073 [info] > git config --get commit.template [5ms]
2025-11-23 11:08:48.074 [info] > git for-each-ref --format=%(refname)%00%(upstream:short)%00%(objectname)%00%(upstream:track)%00%(upstream:remotename)%00%(upstream:remoteref) refs/heads/webhooks refs/remotes/webhooks [1ms]
2025-11-23 11:08:48.083 [info] > git status -z -uall [4ms]
2025-11-23 11:08:48.085 [info] > git for-each-ref --sort -committerdate --format %(refname)%00%(objectname)%00%(*objectname) [2ms]
2025-11-23 11:08:52.800 [info] > git check-ignore -v -z --stdin [2ms]
2025-11-23 11:08:53.554 [info] > git ls-files --stage -- backend/src/utils/logging.py [1ms]
2025-11-23 11:08:53.559 [info] > git show --textconv :backend/src/utils/logging.py [11ms]
2025-11-23 11:08:53.560 [info] > git cat-file -s 74cc6c341801229bd0d361508452e2b2a3875e89 [1ms]
2025-11-23 11:09:04.383 [info] > git blame --root --incremental 27af7578ced7cfe188503b65f1542a6c141e1332 -- backend/src/utils/logging.py [10ms]
2025-11-23 11:09:29.457 [info] > git show --textconv :backend/src/routes/webhooks.py [5ms]
2025-11-23 11:09:29.458 [info] > git ls-files --stage -- backend/src/routes/webhooks.py [2ms]
2025-11-23 11:09:29.464 [info] > git cat-file -s dee1f76b0c22e05c7c32a77533fea5356faf33ee [2ms]
2025-11-23 11:09:31.192 [info] > git blame --root --incremental 27af7578ced7cfe188503b65f1542a6c141e1332 -- backend/src/routes/webhooks.py [11ms]
2025-11-23 11:09:34.265 [info] > git config --get commit.template [5ms]
2025-11-23 11:09:34.266 [info] > git for-each-ref --format=%(refname)%00%(upstream:short)%00%(objectname)%00%(upstream:track)%00%(upstream:remotename)%00%(upstream:remoteref) refs/heads/webhooks refs/remotes/webhooks [2ms]
2025-11-23 11:09:34.275 [info] > git status -z -uall [5ms]
2025-11-23 11:09:34.276 [info] > git for-each-ref --sort -committerdate --format %(refname)%00%(objectname)%00%(*objectname) [2ms]
2025-11-23 11:09:40.799 [info] > git config --get commit.template [5ms]
2025-11-23 11:09:40.800 [info] > git for-each-ref --format=%(refname)%00%(upstream:short)%00%(objectname)%00%(upstream:track)%00%(upstream:remotename)%00%(upstream:remoteref) refs/heads/webhooks refs/remotes/webhooks [1ms]
2025-11-23 11:09:40.809 [info] > git status -z -uall [4ms]
2025-11-23 11:09:40.811 [info] > git for-each-ref --sort -committerdate --format %(refname)%00%(objectname)%00%(*objectname) [2ms]
2025-11-23 11:09:52.047 [info] > git show --textconv :backend/src/utils/logging.py [5ms]
2025-11-23 11:09:52.048 [info] > git ls-files --stage -- backend/src/utils/logging.py [1ms]
2025-11-23 11:09:52.054 [info] > git cat-file -s 74cc6c341801229bd0d361508452e2b2a3875e89 [1ms]
2025-11-23 11:09:55.082 [info] > git config --get commit.template [5ms]
2025-11-23 11:09:55.084 [info] > git for-each-ref --format=%(refname)%00%(upstream:short)%00%(objectname)%00%(upstream:track)%00%(upstream:remotename)%00%(upstream:remoteref) refs/heads/webhooks refs/remotes/webhooks [2ms]
2025-11-23 11:09:55.093 [info] > git status -z -uall [5ms]
2025-11-23 11:09:55.094 [info] > git for-each-ref --sort -committerdate --format %(refname)%00%(objectname)%00%(*objectname) [1ms]
