2025-11-22 12:03:41.557 [info] Extension host with pid 12895 started
2025-11-22 12:03:41.576 [info] ExtensionService#_doActivateExtension vscode.github-authentication, startup: false, activationEvent: 'onAuthenticationRequest:github'
2025-11-22 12:03:41.688 [info] ExtensionService#_doActivateExtension vscode.git-base, startup: true, activationEvent: '*', root cause: vscode.git
2025-11-22 12:03:41.760 [info] ExtensionService#_doActivateExtension vscode.git, startup: true, activationEvent: '*'
2025-11-22 12:03:41.805 [info] ExtensionService#_doActivateExtension vscode.github, startup: true, activationEvent: '*'
2025-11-22 12:03:41.906 [info] Eager extensions activated
2025-11-22 12:03:41.907 [info] ExtensionService#_doActivateExtension vscode.debug-auto-launch, startup: false, activationEvent: 'onStartupFinished'
2025-11-22 12:03:41.908 [info] ExtensionService#_doActivateExtension vscode.merge-conflict, startup: false, activationEvent: 'onStartupFinished'
2025-11-22 12:03:53.113 [info] Extension host terminating: renderer closed the MessagePort
2025-11-22 12:03:53.123 [info] Extension host with pid 12895 exiting with code 0
2025-11-22 12:03:54.337 [info] Extension host with pid 13068 started
2025-11-22 12:03:54.337 [info] Skipping acquiring lock for /home/rishy/.config/Code/User/workspaceStorage/40104549c5e04359f7f81d454ccd0a10.
2025-11-22 12:03:54.548 [info] ExtensionService#_doActivateExtension vscode.github-authentication, startup: false, activationEvent: 'onAuthenticationRequest:github'
2025-11-22 12:03:54.570 [info] ExtensionService#_doActivateExtension vscode.emmet, startup: false, activationEvent: 'onLanguage'
2025-11-22 12:03:54.761 [info] ExtensionService#_doActivateExtension vscode.terminal-suggest, startup: false, activationEvent: 'onTerminalShellIntegration:*'
2025-11-22 12:03:54.864 [info] ExtensionService#_doActivateExtension vscode.git-base, startup: true, activationEvent: '*', root cause: vscode.git
2025-11-22 12:03:54.906 [info] ExtensionService#_doActivateExtension vscode.git, startup: true, activationEvent: '*'
2025-11-22 12:03:54.961 [info] ExtensionService#_doActivateExtension vscode.github, startup: true, activationEvent: '*'
2025-11-22 12:03:55.125 [info] Eager extensions activated
2025-11-22 12:03:55.162 [info] ExtensionService#_doActivateExtension vscode.debug-auto-launch, startup: false, activationEvent: 'onStartupFinished'
2025-11-22 12:03:55.165 [info] ExtensionService#_doActivateExtension vscode.merge-conflict, startup: false, activationEvent: 'onStartupFinished'
2025-11-22 12:05:48.030 [info] Extension host terminating: renderer closed the MessagePort
2025-11-22 12:05:48.042 [info] Extension host with pid 13068 exiting with code 0
