2025-11-20T18:45:33.98077629-08:00 ERROR FetchBuildDataError: error[E0425]: cannot find value `boot_info` in this scope
  --> kernel/src/main.rs:21:38
   |
21 |     let frame_buffer_optional = &mut boot_info.framebuffer;
   |                                      ^^^^^^^^^ not found in this scope


error[E0425]: cannot find function `init_logger` in this scope
  --> kernel/src/main.rs:26:5
   |
26 |     init_logger(raw_frame_buffer, frame_buffer_info);
   |     ^^^^^^^^^^^ not found in this scope
   |
help: consider importing this function
   |
 8 + use bootloader_x86_64_common::init_logger;
   |


warning: unused variable: `boot_info`
  --> kernel/src/main.rs:37:16
   |
37 | fn kernel_main(boot_info: &'static mut BootInfo) -> ! {
   |                ^^^^^^^^^ help: if this is intentional, prefix it with an underscore: `_boot_info`
   |
   = note: `#[warn(unused_variables)]` (part of `#[warn(unused)]`) on by default


For more information about this error, try `rustc --explain E0425`.

error: could not compile `kernel` (bin "kernel") due to 2 previous errors; 1 warning emitted


2025-11-20T18:45:38.196797739-08:00  WARN overly long loop turn took 480.370592ms (event handling took 479.356688ms): PrimeCaches(End { cancelled: false })
2025-11-20T18:45:38.253603224-08:00 ERROR inference diagnostic in desugared expr
2025-11-20T18:45:38.524947906-08:00 ERROR inference diagnostic in desugared expr
2025-11-20T18:45:40.318227247-08:00 ERROR inference diagnostic in desugared expr
2025-11-20T18:45:55.306154361-08:00 ERROR inference diagnostic in desugared expr
2025-11-20T18:45:55.306154321-08:00 ERROR inference diagnostic in desugared expr
2025-11-20T18:45:55.357239792-08:00 ERROR inference diagnostic in desugared expr
2025-11-20T18:45:55.357250652-08:00 ERROR inference diagnostic in desugared expr
2025-11-20T18:45:55.506752496-08:00 ERROR inference diagnostic in desugared expr
2025-11-20T18:45:55.506747096-08:00 ERROR inference diagnostic in desugared expr
2025-11-20T18:45:55.583034024-08:00 ERROR inference diagnostic in desugared expr
2025-11-20T18:45:55.583034004-08:00 ERROR inference diagnostic in desugared expr
2025-11-20T18:45:55.84236433-08:00 ERROR inference diagnostic in desugared expr
2025-11-20T18:45:56.633529823-08:00 ERROR inference diagnostic in desugared expr
2025-11-20T18:45:56.633527432-08:00 ERROR inference diagnostic in desugared expr
2025-11-20T18:45:56.902460932-08:00 ERROR inference diagnostic in desugared expr
2025-11-20T18:45:58.095149998-08:00 ERROR inference diagnostic in desugared expr
2025-11-20T18:46:00.810711868-08:00 ERROR inference diagnostic in desugared expr
2025-11-20T18:46:04.532365529-08:00 ERROR inference diagnostic in desugared expr
2025-11-20T18:46:05.318409485-08:00 ERROR inference diagnostic in desugared expr
2025-11-20T18:46:05.669038215-08:00 ERROR inference diagnostic in desugared expr
2025-11-20T18:46:09.864059039-08:00 ERROR inference diagnostic in desugared expr
2025-11-20T18:46:10.198246644-08:00 ERROR inference diagnostic in desugared expr
2025-11-20T18:46:12.34495807-08:00 ERROR inference diagnostic in desugared expr
2025-11-20T18:46:12.71000581-08:00 ERROR inference diagnostic in desugared expr
2025-11-20T18:46:12.71000593-08:00 ERROR inference diagnostic in desugared expr
2025-11-20T18:46:12.958688239-08:00 ERROR inference diagnostic in desugared expr
2025-11-20T18:46:12.981626638-08:00 ERROR inference diagnostic in desugared expr
2025-11-20T18:46:12.981633518-08:00 ERROR inference diagnostic in desugared expr
2025-11-20T18:46:13.228784641-08:00 ERROR inference diagnostic in desugared expr
2025-11-20T18:46:13.768123535-08:00 ERROR inference diagnostic in desugared expr
2025-11-20T18:46:13.768123555-08:00 ERROR inference diagnostic in desugared expr
2025-11-20T18:46:14.014778027-08:00 ERROR inference diagnostic in desugared expr
2025-11-20T18:46:14.964669242-08:00 ERROR inference diagnostic in desugared expr
2025-11-20T18:46:16.165510239-08:00 ERROR inference diagnostic in desugared expr
2025-11-20T18:46:16.165510259-08:00 ERROR inference diagnostic in desugared expr
2025-11-20T18:46:17.340841843-08:00 ERROR inference diagnostic in desugared expr
2025-11-20T18:46:17.340842023-08:00 ERROR inference diagnostic in desugared expr
2025-11-20T18:46:17.676739089-08:00 ERROR inference diagnostic in desugared expr
2025-11-20T18:46:17.676739079-08:00 ERROR inference diagnostic in desugared expr
2025-11-20T18:46:17.768230723-08:00 ERROR inference diagnostic in desugared expr
2025-11-20T18:46:17.768230703-08:00 ERROR inference diagnostic in desugared expr
2025-11-20T18:46:18.027187778-08:00 ERROR inference diagnostic in desugared expr
2025-11-20T18:46:18.23482839-08:00 ERROR inference diagnostic in desugared expr
2025-11-20T18:46:18.23482836-08:00 ERROR inference diagnostic in desugared expr
2025-11-20T18:46:19.096998604-08:00 ERROR inference diagnostic in desugared expr
2025-11-20T18:46:19.096998574-08:00 ERROR inference diagnostic in desugared expr
2025-11-20T18:46:19.351892852-08:00 ERROR inference diagnostic in desugared expr
2025-11-20T18:46:19.39869755-08:00 ERROR inference diagnostic in desugared expr
2025-11-20T18:46:19.3986975-08:00 ERROR inference diagnostic in desugared expr
2025-11-20T18:46:19.539608604-08:00 ERROR inference diagnostic in desugared expr
2025-11-20T18:46:19.539612855-08:00 ERROR inference diagnostic in desugared expr
2025-11-20T18:46:19.641110207-08:00 ERROR inference diagnostic in desugared expr
2025-11-20T18:46:19.641109936-08:00 ERROR inference diagnostic in desugared expr
2025-11-20T18:46:19.774527935-08:00 ERROR inference diagnostic in desugared expr
2025-11-20T18:46:19.774528155-08:00 ERROR inference diagnostic in desugared expr
2025-11-20T18:46:19.883265107-08:00 ERROR inference diagnostic in desugared expr
2025-11-20T18:46:19.883265247-08:00 ERROR inference diagnostic in desugared expr
2025-11-20T18:46:20.143275052-08:00 ERROR inference diagnostic in desugared expr
2025-11-20T18:46:20.159983529-08:00 ERROR inference diagnostic in desugared expr
2025-11-20T18:46:20.159983509-08:00 ERROR inference diagnostic in desugared expr
2025-11-20T18:46:20.420790042-08:00 ERROR inference diagnostic in desugared expr
2025-11-20T18:46:20.446265837-08:00 ERROR inference diagnostic in desugared expr
2025-11-20T18:46:20.446267887-08:00 ERROR inference diagnostic in desugared expr
2025-11-20T18:46:20.679882362-08:00 ERROR inference diagnostic in desugared expr
2025-11-20T18:46:20.679882202-08:00 ERROR inference diagnostic in desugared expr
2025-11-20T18:46:20.935994778-08:00 ERROR inference diagnostic in desugared expr
2025-11-20T18:46:21.274749072-08:00 ERROR inference diagnostic in desugared expr
2025-11-20T18:46:21.274749923-08:00 ERROR inference diagnostic in desugared expr
2025-11-20T18:46:21.468315487-08:00 ERROR inference diagnostic in desugared expr
2025-11-20T18:46:21.468315817-08:00 ERROR inference diagnostic in desugared expr
2025-11-20T18:46:21.592024121-08:00 ERROR inference diagnostic in desugared expr
2025-11-20T18:46:21.592024151-08:00 ERROR inference diagnostic in desugared expr
2025-11-20T18:46:21.730165974-08:00 ERROR inference diagnostic in desugared expr
2025-11-20T18:46:21.730166024-08:00 ERROR inference diagnostic in desugared expr
2025-11-20T18:46:21.985758144-08:00 ERROR inference diagnostic in desugared expr
2025-11-20T18:46:22.036818086-08:00 ERROR inference diagnostic in desugared expr
2025-11-20T18:46:22.036818076-08:00 ERROR inference diagnostic in desugared expr
2025-11-20T18:46:22.294545148-08:00 ERROR inference diagnostic in desugared expr
2025-11-20T18:46:24.300825239-08:00 ERROR inference diagnostic in desugared expr
2025-11-20T18:46:26.264608574-08:00 ERROR inference diagnostic in desugared expr
2025-11-20T18:46:26.931197968-08:00 ERROR inference diagnostic in desugared expr
2025-11-20T18:46:26.931198088-08:00 ERROR inference diagnostic in desugared expr
2025-11-20T18:46:27.187537033-08:00 ERROR inference diagnostic in desugared expr
2025-11-20T18:46:27.386734527-08:00 ERROR inference diagnostic in desugared expr
2025-11-20T18:46:27.386735817-08:00 ERROR inference diagnostic in desugared expr
2025-11-20T18:46:27.642688242-08:00 ERROR inference diagnostic in desugared expr
2025-11-20T18:46:27.99644214-08:00 ERROR inference diagnostic in desugared expr
2025-11-20T18:46:28.066648835-08:00 ERROR inference diagnostic in desugared expr
2025-11-20T18:46:28.066648815-08:00 ERROR inference diagnostic in desugared expr
2025-11-20T18:46:28.427433434-08:00 ERROR inference diagnostic in desugared expr
2025-11-20T18:46:28.427433424-08:00 ERROR inference diagnostic in desugared expr
2025-11-20T18:46:28.684443734-08:00 ERROR inference diagnostic in desugared expr
2025-11-20T18:46:29.15981735-08:00 ERROR inference diagnostic in desugared expr
2025-11-20T18:46:29.15981742-08:00 ERROR inference diagnostic in desugared expr
2025-11-20T18:46:31.059382026-08:00 ERROR inference diagnostic in desugared expr
2025-11-20T18:46:31.059382026-08:00 ERROR inference diagnostic in desugared expr
2025-11-20T18:46:31.307686132-08:00 ERROR inference diagnostic in desugared expr
2025-11-20T18:46:31.632657451-08:00 ERROR inference diagnostic in desugared expr
2025-11-20T18:46:31.632657421-08:00 ERROR inference diagnostic in desugared expr
2025-11-20T18:46:32.072900483-08:00 ERROR inference diagnostic in desugared expr
2025-11-20T18:46:32.072900483-08:00 ERROR inference diagnostic in desugared expr
2025-11-20T18:46:32.176632758-08:00 ERROR inference diagnostic in desugared expr
2025-11-20T18:46:32.176632778-08:00 ERROR inference diagnostic in desugared expr
2025-11-20T18:46:32.43331469-08:00 ERROR inference diagnostic in desugared expr
2025-11-20T18:46:32.992127013-08:00 ERROR inference diagnostic in desugared expr
2025-11-20T18:46:32.992127033-08:00 ERROR inference diagnostic in desugared expr
2025-11-20T18:46:33.260121214-08:00 ERROR inference diagnostic in desugared expr
2025-11-20T18:46:33.360267359-08:00 ERROR inference diagnostic in desugared expr
2025-11-20T18:46:33.360267399-08:00 ERROR inference diagnostic in desugared expr
2025-11-20T18:46:33.563402181-08:00 ERROR inference diagnostic in desugared expr
2025-11-20T18:46:33.56340211-08:00 ERROR inference diagnostic in desugared expr
2025-11-20T18:46:33.643858927-08:00 ERROR inference diagnostic in desugared expr
2025-11-20T18:46:33.644207436-08:00 ERROR inference diagnostic in desugared expr
2025-11-20T18:46:33.889303609-08:00 ERROR inference diagnostic in desugared expr
2025-11-20T18:46:36.115795406-08:00 ERROR inference diagnostic in desugared expr
2025-11-20T18:46:36.115795426-08:00 ERROR inference diagnostic in desugared expr
2025-11-20T18:46:36.364911532-08:00 ERROR inference diagnostic in desugared expr
2025-11-20T18:46:39.04888006-08:00 ERROR inference diagnostic in desugared expr
2025-11-20T18:46:39.92288861-08:00 ERROR inference diagnostic in desugared expr
2025-11-20T18:46:41.233605306-08:00 ERROR inference diagnostic in desugared expr
2025-11-20T18:46:41.691944572-08:00 ERROR inference diagnostic in desugared expr
2025-11-20T18:46:42.616856744-08:00 ERROR inference diagnostic in desugared expr
2025-11-20T18:46:42.69021633-08:00 ERROR inference diagnostic in desugared expr
2025-11-20T18:46:42.69021639-08:00 ERROR inference diagnostic in desugared expr
2025-11-20T18:46:42.947311712-08:00 ERROR inference diagnostic in desugared expr
2025-11-20T18:46:43.315923913-08:00 ERROR inference diagnostic in desugared expr
2025-11-20T18:46:43.315925553-08:00 ERROR inference diagnostic in desugared expr
2025-11-20T18:46:43.578859218-08:00 ERROR inference diagnostic in desugared expr
2025-11-20T18:46:44.219430075-08:00 ERROR inference diagnostic in desugared expr
2025-11-20T18:46:49.667491822-08:00 ERROR inference diagnostic in desugared expr
2025-11-20T18:46:49.949147499-08:00 ERROR inference diagnostic in desugared expr
2025-11-20T18:46:49.949147559-08:00 ERROR inference diagnostic in desugared expr
2025-11-20T18:46:51.445425817-08:00 ERROR inference diagnostic in desugared expr
2025-11-20T18:46:51.972704715-08:00 ERROR inference diagnostic in desugared expr
2025-11-20T18:46:52.145999592-08:00 ERROR inference diagnostic in desugared expr
2025-11-20T18:46:52.145999592-08:00 ERROR inference diagnostic in desugared expr
2025-11-20T18:46:52.335554661-08:00 ERROR inference diagnostic in desugared expr
2025-11-20T18:46:52.335554621-08:00 ERROR inference diagnostic in desugared expr
2025-11-20T18:46:55.946836314-08:00 ERROR inference diagnostic in desugared expr
2025-11-20T18:46:56.956017561-08:00 ERROR inference diagnostic in desugared expr
2025-11-20T18:46:56.956017671-08:00 ERROR inference diagnostic in desugared expr
2025-11-20T18:46:57.669359748-08:00 ERROR inference diagnostic in desugared expr
2025-11-20T18:46:57.866200311-08:00 ERROR inference diagnostic in desugared expr
2025-11-20T18:46:57.866200331-08:00 ERROR inference diagnostic in desugared expr
2025-11-20T18:46:58.051807617-08:00 ERROR inference diagnostic in desugared expr
2025-11-20T18:46:58.051807587-08:00 ERROR inference diagnostic in desugared expr
2025-11-20T18:46:58.235067063-08:00 ERROR inference diagnostic in desugared expr
2025-11-20T18:46:58.235069214-08:00 ERROR inference diagnostic in desugared expr
2025-11-20T18:46:58.752655721-08:00 ERROR inference diagnostic in desugared expr
2025-11-20T18:46:58.752655991-08:00 ERROR inference diagnostic in desugared expr
2025-11-20T18:46:58.996644175-08:00 ERROR inference diagnostic in desugared expr
2025-11-20T18:46:59.632251618-08:00 ERROR inference diagnostic in desugared expr
2025-11-20T18:47:04.870685002-08:00 ERROR inference diagnostic in desugared expr
2025-11-20T18:47:04.870684982-08:00 ERROR inference diagnostic in desugared expr
2025-11-20T18:47:06.781552018-08:00 ERROR inference diagnostic in desugared expr
2025-11-20T18:47:09.902567388-08:00 ERROR inference diagnostic in desugared expr
2025-11-20T18:47:09.902567388-08:00 ERROR inference diagnostic in desugared expr
2025-11-20T18:47:10.111914536-08:00 ERROR inference diagnostic in desugared expr
2025-11-20T18:47:10.111919336-08:00 ERROR inference diagnostic in desugared expr
2025-11-20T18:47:12.577692316-08:00 ERROR inference diagnostic in desugared expr
2025-11-20T18:47:13.028448676-08:00 ERROR inference diagnostic in desugared expr
2025-11-20T18:47:13.412922934-08:00 ERROR inference diagnostic in desugared expr
2025-11-20T18:47:14.514718849-08:00 ERROR inference diagnostic in desugared expr
2025-11-20T18:47:19.329475621-08:00 ERROR inference diagnostic in desugared expr
2025-11-20T18:47:19.329475361-08:00 ERROR inference diagnostic in desugared expr
2025-11-20T18:47:21.546348226-08:00 ERROR inference diagnostic in desugared expr
2025-11-20T18:47:21.738753908-08:00 ERROR inference diagnostic in desugared expr
2025-11-20T18:47:21.738760048-08:00 ERROR inference diagnostic in desugared expr
2025-11-20T18:47:21.915342362-08:00 ERROR inference diagnostic in desugared expr
2025-11-20T18:47:21.915342342-08:00 ERROR inference diagnostic in desugared expr
2025-11-20T18:47:22.064068712-08:00 ERROR inference diagnostic in desugared expr
2025-11-20T18:47:22.064068812-08:00 ERROR inference diagnostic in desugared expr
2025-11-20T18:47:26.492261713-08:00 ERROR inference diagnostic in desugared expr
2025-11-20T18:47:26.492261703-08:00 ERROR inference diagnostic in desugared expr
2025-11-20T18:47:27.345049195-08:00 ERROR inference diagnostic in desugared expr
2025-11-20T18:47:27.345049165-08:00 ERROR inference diagnostic in desugared expr
2025-11-20T18:47:27.482074725-08:00 ERROR inference diagnostic in desugared expr
2025-11-20T18:47:27.482074745-08:00 ERROR inference diagnostic in desugared expr
2025-11-20T18:47:27.660133711-08:00 ERROR inference diagnostic in desugared expr
2025-11-20T18:47:27.660133691-08:00 ERROR inference diagnostic in desugared expr
2025-11-20T18:47:27.788018067-08:00 ERROR inference diagnostic in desugared expr
2025-11-20T18:47:27.788019227-08:00 ERROR inference diagnostic in desugared expr
2025-11-20T18:47:28.046589487-08:00 ERROR inference diagnostic in desugared expr
2025-11-20T18:47:28.24862461-08:00 ERROR inference diagnostic in desugared expr
2025-11-20T18:47:28.24862462-08:00 ERROR inference diagnostic in desugared expr
2025-11-20T18:47:28.504637017-08:00 ERROR inference diagnostic in desugared expr
2025-11-20T18:47:28.557832281-08:00 ERROR inference diagnostic in desugared expr
2025-11-20T18:47:28.557837321-08:00 ERROR inference diagnostic in desugared expr
2025-11-20T18:47:28.816364919-08:00 ERROR inference diagnostic in desugared expr
2025-11-20T18:47:29.189673771-08:00 ERROR inference diagnostic in desugared expr
2025-11-20T18:47:29.189678051-08:00 ERROR inference diagnostic in desugared expr
2025-11-20T18:47:29.451582431-08:00 ERROR inference diagnostic in desugared expr
2025-11-20T18:47:30.718765611-08:00 ERROR inference diagnostic in desugared expr
2025-11-20T18:47:31.692936915-08:00 ERROR inference diagnostic in desugared expr
2025-11-20T18:47:31.692936945-08:00 ERROR inference diagnostic in desugared expr
2025-11-20T18:47:31.864474929-08:00 ERROR inference diagnostic in desugared expr
2025-11-20T18:47:31.864478339-08:00 ERROR inference diagnostic in desugared expr
2025-11-20T18:47:32.023931127-08:00 ERROR inference diagnostic in desugared expr
2025-11-20T18:47:32.023931247-08:00 ERROR inference diagnostic in desugared expr
2025-11-20T18:47:32.272497877-08:00 ERROR inference diagnostic in desugared expr
2025-11-20T18:47:33.10557453-08:00 ERROR inference diagnostic in desugared expr
2025-11-20T18:47:36.413716587-08:00 ERROR inference diagnostic in desugared expr
2025-11-20T18:47:36.413719127-08:00 ERROR inference diagnostic in desugared expr
2025-11-20T18:47:36.413735798-08:00 ERROR inference diagnostic in desugared expr
2025-11-20T18:47:36.546771116-08:00 ERROR inference diagnostic in desugared expr
2025-11-20T18:47:36.665844682-08:00 ERROR inference diagnostic in desugared expr
2025-11-20T18:47:38.109358213-08:00 ERROR inference diagnostic in desugared expr
2025-11-20T18:47:38.710136372-08:00 ERROR inference diagnostic in desugared expr
2025-11-20T18:47:39.127506451-08:00 ERROR inference diagnostic in desugared expr
2025-11-20T18:47:39.65602445-08:00 ERROR inference diagnostic in desugared expr
2025-11-20T18:47:40.246742021-08:00 ERROR inference diagnostic in desugared expr
2025-11-20T18:47:40.672075254-08:00 ERROR inference diagnostic in desugared expr
2025-11-20T18:47:41.031252566-08:00 ERROR inference diagnostic in desugared expr
2025-11-20T18:47:41.304118165-08:00 ERROR inference diagnostic in desugared expr
2025-11-20T18:47:41.849468574-08:00 ERROR inference diagnostic in desugared expr
2025-11-20T18:47:42.700467971-08:00 ERROR inference diagnostic in desugared expr
2025-11-20T18:47:42.744432227-08:00 ERROR inference diagnostic in desugared expr
2025-11-20T18:47:42.933371221-08:00 ERROR inference diagnostic in desugared expr
2025-11-20T18:47:42.999540271-08:00 ERROR inference diagnostic in desugared expr
2025-11-20T18:47:44.670603421-08:00 ERROR inference diagnostic in desugared expr
2025-11-20T18:47:45.952463464-08:00 ERROR inference diagnostic in desugared expr
2025-11-20T18:47:46.934603201-08:00 ERROR inference diagnostic in desugared expr
2025-11-20T18:47:47.094044041-08:00 ERROR inference diagnostic in desugared expr
2025-11-20T18:47:47.094198905-08:00 ERROR inference diagnostic in desugared expr
2025-11-20T18:47:47.094209535-08:00 ERROR inference diagnostic in desugared expr
2025-11-20T18:47:47.293931601-08:00 ERROR inference diagnostic in desugared expr
2025-11-20T18:47:47.353177201-08:00 ERROR inference diagnostic in desugared expr
2025-11-20T18:47:47.695742631-08:00 ERROR inference diagnostic in desugared expr
2025-11-20T18:47:47.695752431-08:00 ERROR inference diagnostic in desugared expr
2025-11-20T18:47:47.695890114-08:00 ERROR inference diagnostic in desugared expr
2025-11-20T18:47:47.733956525-08:00 ERROR inference diagnostic in desugared expr
2025-11-20T18:47:47.734122439-08:00 ERROR inference diagnostic in desugared expr
2025-11-20T18:47:47.734128059-08:00 ERROR inference diagnostic in desugared expr
2025-11-20T18:47:47.778173987-08:00 ERROR inference diagnostic in desugared expr
2025-11-20T18:47:47.778436473-08:00 ERROR inference diagnostic in desugared expr
2025-11-20T18:47:47.778444133-08:00 ERROR inference diagnostic in desugared expr
2025-11-20T18:47:47.815935451-08:00 ERROR inference diagnostic in desugared expr
2025-11-20T18:47:47.816112985-08:00 ERROR inference diagnostic in desugared expr
2025-11-20T18:47:47.816120395-08:00 ERROR inference diagnostic in desugared expr
2025-11-20T18:47:47.857088427-08:00 ERROR inference diagnostic in desugared expr
2025-11-20T18:47:47.857492637-08:00 ERROR inference diagnostic in desugared expr
2025-11-20T18:47:47.857496717-08:00 ERROR inference diagnostic in desugared expr
2025-11-20T18:47:47.892143674-08:00 ERROR inference diagnostic in desugared expr
2025-11-20T18:47:47.895760853-08:00 ERROR inference diagnostic in desugared expr
2025-11-20T18:47:47.896006129-08:00 ERROR inference diagnostic in desugared expr
2025-11-20T18:47:47.896011859-08:00 ERROR inference diagnostic in desugared expr
2025-11-20T18:47:47.940413615-08:00 ERROR inference diagnostic in desugared expr
2025-11-20T18:47:47.94060118-08:00 ERROR inference diagnostic in desugared expr
2025-11-20T18:47:47.94060693-08:00 ERROR inference diagnostic in desugared expr
2025-11-20T18:47:47.974391886-08:00 ERROR inference diagnostic in desugared expr
2025-11-20T18:47:47.974581061-08:00 ERROR inference diagnostic in desugared expr
2025-11-20T18:47:47.974587761-08:00 ERROR inference diagnostic in desugared expr
2025-11-20T18:47:48.015388529-08:00 ERROR inference diagnostic in desugared expr
2025-11-20T18:47:48.015516842-08:00 ERROR inference diagnostic in desugared expr
2025-11-20T18:47:48.015516862-08:00 ERROR inference diagnostic in desugared expr
2025-11-20T18:47:48.095793936-08:00 ERROR inference diagnostic in desugared expr
2025-11-20T18:47:48.26401928-08:00 ERROR inference diagnostic in desugared expr
2025-11-20T18:47:49.168698304-08:00 ERROR inference diagnostic in desugared expr
2025-11-20T18:48:10.674493113-08:00 ERROR inference diagnostic in desugared expr
