    OpenRGB v0.9
    Commit:  from 
    Launched: 20250315_211154
====================================================================================================

1002  |Info:    ------------------------------------------------------
1002  |Info:    |               Start device detection               |
1002  |Info:    ------------------------------------------------------
1002  |Info:    Initializing HID interfaces: Success
1005  |Info:    ------------------------------------------------------
1005  |Info:    |             Detecting I2C interfaces               |
1005  |Info:    ------------------------------------------------------
1007  |Info:    Registering I2C interface: /dev/i2c-3 Device 1002:731F Subsystem: 1682:5701
1007  |Info:    Registering I2C interface: /dev/i2c-10 Device 1022:790B Subsystem: 1043:87C0
1007  |Info:    Registering I2C interface: /dev/i2c-1 Device 1002:731F Subsystem: 1682:5701
1007  |Warning: [i2c_smbus_linux] Failed to read i2c device PCI device ID
1008  |Info:    Registering I2C interface: /dev/i2c-8 Device 0000:0000 Subsystem: 0000:0000
1008  |Warning: [i2c_smbus_linux] Failed to read i2c device PCI device ID
1008  |Info:    Registering I2C interface: /dev/i2c-6 Device 0000:0000 Subsystem: 0000:0000
1008  |Info:    Registering I2C interface: /dev/i2c-4 Device 1002:731F Subsystem: 1682:5701
1008  |Info:    Registering I2C interface: /dev/i2c-11 Device 1022:790B Subsystem: 1043:87C0
1008  |Info:    Registering I2C interface: /dev/i2c-2 Device 1002:731F Subsystem: 1682:5701
1008  |Info:    Registering I2C interface: /dev/i2c-0 Device 1002:731F Subsystem: 1682:5701
1008  |Info:    Registering I2C interface: /dev/i2c-9 Device 1022:790B Subsystem: 1043:87C0
1008  |Warning: [i2c_smbus_linux] Failed to read i2c device PCI device ID
1008  |Info:    Registering I2C interface: /dev/i2c-7 Device 0000:0000 Subsystem: 0000:0000
1009  |Info:    Registering I2C interface: /dev/i2c-5 Device 1002:731F Subsystem: 1682:5701
1009  |Info:    ------------------------------------------------------
1009  |Info:    |               Detecting I2C devices                |
1009  |Info:    ------------------------------------------------------
2016  |Info:    ------------------------------------------------------
2016  |Info:    |               Detecting I2C PCI devices            |
2016  |Info:    ------------------------------------------------------
2017  |Info:    ------------------------------------------------------
2017  |Info:    |               Detecting HID devices                |
2017  |Info:    ------------------------------------------------------
2017  |Info:    ------------------------------------------------------
2017  |Info:    |            Detecting libusb HID devices            |
2017  |Info:    ------------------------------------------------------
2017  |Info:    ------------------------------------------------------
2017  |Info:    |              Detecting other devices               |
2017  |Info:    ------------------------------------------------------
2020  |Info:    ------------------------------------------------------
2020  |Info:    |                Detection completed                 |
2020  |Info:    ------------------------------------------------------
