4.12.2025 17:52:57 [Debug] Creating game window with window mode Fullscreen
4.12.2025 17:52:58.187 [VerboseDebug] Loadsounds, found 49 sounds
4.12.2025 17:53:00.685 [VerboseDebug] [VSCreativeMod.dll] Check for mod systems in mod /opt/vs/Mods/VSCreativeMod.dll
4.12.2025 17:53:00.730 [VerboseDebug] [VSCreativeMod.dll] Selected assembly /opt/vs/Mods/VSCreativeMod.dll
4.12.2025 17:53:00.749 [VerboseDebug] [VSEssentials.dll] Check for mod systems in mod /opt/vs/Mods/VSEssentials.dll
4.12.2025 17:53:00.759 [VerboseDebug] [VSEssentials.dll] Selected assembly /opt/vs/Mods/VSEssentials.dll
4.12.2025 17:53:00.766 [VerboseDebug] [VSSurvivalMod.dll] Check for mod systems in mod /opt/vs/Mods/VSSurvivalMod.dll
4.12.2025 17:53:00.776 [VerboseDebug] [VSSurvivalMod.dll] Selected assembly /opt/vs/Mods/VSSurvivalMod.dll
4.12.2025 17:53:00.872 [VerboseDebug] Left bottom main menu text is at 13/1139.7 w/h 300,52.3
4.12.2025 17:55:03 [Debug] GuiScreenConnectingToServer constructed
4.12.2025 17:55:12.159 [VerboseDebug] Received server assets packet; waiting on light levels packet before decoding.
4.12.2025 17:55:12.169 [VerboseDebug] Handling ServerIdentification packet; requires remapping is False
4.12.2025 17:55:12.171 [VerboseDebug] Received world meta data
4.12.2025 17:55:12.184 [VerboseDebug] Received server assets
4.12.2025 17:55:12.185 [VerboseDebug] [VSCreativeMod.dll] Check for mod systems in mod /opt/vs/Mods/VSCreativeMod.dll
4.12.2025 17:55:12.191 [VerboseDebug] [VSCreativeMod.dll] Selected assembly /opt/vs/Mods/VSCreativeMod.dll
4.12.2025 17:55:12.193 [VerboseDebug] [VSEssentials.dll] Check for mod systems in mod /opt/vs/Mods/VSEssentials.dll
4.12.2025 17:55:12.202 [VerboseDebug] [VSEssentials.dll] Selected assembly /opt/vs/Mods/VSEssentials.dll
4.12.2025 17:55:12.203 [VerboseDebug] [VSSurvivalMod.dll] Check for mod systems in mod /opt/vs/Mods/VSSurvivalMod.dll
4.12.2025 17:55:12.212 [VerboseDebug] [VSSurvivalMod.dll] Selected assembly /opt/vs/Mods/VSSurvivalMod.dll
4.12.2025 17:55:12.218 [VerboseDebug] 3 assemblies loaded
4.12.2025 17:55:12.218 [VerboseDebug] Instantiate mod systems for game
4.12.2025 17:55:12.218 [VerboseDebug] Instantiate mod systems for creative
4.12.2025 17:55:12.218 [VerboseDebug] Instantiate mod systems for survival
4.12.2025 17:55:12.259 [VerboseDebug] Single player game - starting mods on the client-side
4.12.2025 17:55:12.267 [VerboseDebug] Server assets - done step 1, next steps off-thread
4.12.2025 17:55:12.267 [VerboseDebug] Searching file system (including mods) for asset files
4.12.2025 17:55:12.370 [VerboseDebug] Finished the search for asset files
4.12.2025 17:55:12.447 [VerboseDebug] Loaded lang file: en
4.12.2025 17:55:12.456 [VerboseDebug] Populated 760 EntityTypes from server
4.12.2025 17:55:12.456 [VerboseDebug] Patch file game:patches/homosapiens.json, patch 0: Unmet IsValue condition (false!=True)
4.12.2025 17:55:12.456 [VerboseDebug] Patch file game:patches/homosapiens.json, patch 1: Unmet IsValue condition (false!=True)
4.12.2025 17:55:12.456 [VerboseDebug] Patch file game:patches/homosapiens.json, patch 2: Unmet IsValue condition (false!=True)
4.12.2025 17:55:12.456 [VerboseDebug] Patch file game:patches/homosapiens.json, patch 3: Unmet IsValue condition (false!=True)
4.12.2025 17:55:12.456 [VerboseDebug] Patch file game:patches/homosapiens.json, patch 4: Unmet IsValue condition (false!=True)
4.12.2025 17:55:12.456 [VerboseDebug] Patch file game:patches/homosapiens.json, patch 5: Unmet IsValue condition (false!=True)
4.12.2025 17:55:12.456 [VerboseDebug] Patch file game:patches/homosapiens.json, patch 6: Unmet IsValue condition (false!=True)
4.12.2025 17:55:12.456 [VerboseDebug] Patch file game:patches/homosapiens.json, patch 7: Unmet IsValue condition (false!=True)
4.12.2025 17:55:12.456 [VerboseDebug] Patch file game:patches/homosapiens.json, patch 8: Unmet IsValue condition (false!=True)
4.12.2025 17:55:12.456 [VerboseDebug] Patch file game:patches/unbucket.json, patch 0: Unmet IsValue condition (true!=False)
4.12.2025 17:55:12.456 [VerboseDebug] Patch file game:patches/unbucket.json, patch 1: Unmet IsValue condition (true!=False)
4.12.2025 17:55:12.456 [VerboseDebug] Patch file game:patches/keepinventory.json, patch 0: Unmet IsValue condition (keep!=drop)
4.12.2025 17:55:12.456 [VerboseDebug] Patch file game:patches/fallingblocks.json, patch 0: Unmet IsValue condition (sandgravelsoil!=sandgravel)
4.12.2025 17:55:12.456 [VerboseDebug] Patch file game:patches/fallingblocks.json, patch 1: Unmet IsValue condition (sandgravelsoil!=sandgravel)
4.12.2025 17:55:12.456 [VerboseDebug] Patch file game:patches/fallingblocks.json, patch 2: Unmet IsValue condition (sandgravelsoil!=sandgravel)
4.12.2025 17:55:12.456 [VerboseDebug] Patch file game:patches/fallingblocks.json, patch 3: Unmet IsValue condition (sandgravelsoil!=sandgravel)
4.12.2025 17:55:12.456 [VerboseDebug] Patch file game:patches/fallingblocks.json, patch 4: Unmet IsValue condition (sandgravelsoil!=sandgravel)
4.12.2025 17:55:12.456 [VerboseDebug] Patch file game:patches/fallingblocks.json, patch 5: Unmet IsValue condition (sandgravelsoil!=sandgravel)
4.12.2025 17:55:12.456 [VerboseDebug] Patch file game:patches/fallingblocks.json, patch 6: Unmet IsValue condition (sandgravelsoil!=sandgravel)
4.12.2025 17:55:12.456 [VerboseDebug] Patch file game:patches/fallingblocks.json, patch 7: Unmet IsValue condition (sandgravelsoil!=sandgravel)
4.12.2025 17:55:12.456 [VerboseDebug] Patch file game:patches/fallingblocks.json, patch 8: Unmet IsValue condition (sandgravelsoil!=sandgravel)
4.12.2025 17:55:12.456 [VerboseDebug] Patch file game:patches/fallingblocks.json, patch 9: Unmet IsValue condition (sandgravelsoil!=sandgravel)
4.12.2025 17:55:12.456 [VerboseDebug] Patch file game:patches/fallingblocks.json, patch 10: Unmet IsValue condition (sandgravelsoil!=sandgravel)
4.12.2025 17:55:12.456 [VerboseDebug] Patchloader finished
4.12.2025 17:55:12.459 [VerboseDebug] All client-side assets loaded and patched; configs, shapes, textures and sounds are now available for loading
4.12.2025 17:55:12.468 [VerboseDebug] Starting to load entity shapes
4.12.2025 17:55:12.469 [VerboseDebug] Entity shape loading starting ...
4.12.2025 17:55:12.723 [VerboseDebug] Populated 3865 ItemTypes from server, highest ItemID is 3864
4.12.2025 17:55:12.723 [VerboseDebug] Starting to load item shapes
4.12.2025 17:55:12.728 [VerboseDebug] [LoadShapes] Searched through items...
4.12.2025 17:55:13.828 [VerboseDebug] Populated 13446 BlockTypes from server, highest BlockID is 13445
4.12.2025 17:55:13.828 [VerboseDebug] Starting to load block shapes
4.12.2025 17:55:13.873 [VerboseDebug] Resolved blocks and items stacks and drops
4.12.2025 17:55:13.874 [VerboseDebug] [LoadShapes] Searching through blocks...
4.12.2025 17:55:14.253 [VerboseDebug] [LoadShapes] Searched through 13446 blocks
4.12.2025 17:55:14.324 [VerboseDebug] Entity shape loading completed
4.12.2025 17:55:14.327 [VerboseDebug] [LoadShapes] Starting to parse block shapes...
4.12.2025 17:55:14.328 [VerboseDebug] [LoadShapes] loaded 1 block shapes in obj and gltf formats
4.12.2025 17:55:14.349 [VerboseDebug] Loaded 24 ColorMap textures
4.12.2025 17:55:14.350 [VerboseDebug] Loadsounds, found 610 sounds
4.12.2025 17:55:14.658 [VerboseDebug] Server assets - composing entity texture atlas on main thread
4.12.2025 17:55:14.692 [VerboseDebug] Server assets - done entity textures composition
4.12.2025 17:55:14.699 [VerboseDebug] Server assets - done entity textures mipmap creation
4.12.2025 17:55:14.701 [VerboseDebug] [LoadShapes] parsed 392 shapes from JSON (2nd block loading thread)
4.12.2025 17:55:14.701 [VerboseDebug] [LoadShapes] parsed 372 shapes from JSON for 13446 blocks, some others done offthread
4.12.2025 17:55:14.701 [VerboseDebug] [LoadShapes] parsed 401 shapes from JSON (4th block loading thread)
4.12.2025 17:55:14.702 [VerboseDebug] [LoadShapes] parsed 406 shapes from JSON (3rd block loading thread)
4.12.2025 17:55:14.715 [VerboseDebug] Server assets - done entity textures random and average color collection
4.12.2025 17:55:15.041 [VerboseDebug] [LoadShapes] parsed 1218 shapes from JSON for items
4.12.2025 17:55:15.052 [VerboseDebug] BlockTextureAtlas start collecting textures (already holds 24 colormap textures)
4.12.2025 17:55:15.387 [VerboseDebug] Server assets - composing item texture atlas on main thread
4.12.2025 17:55:15.408 [VerboseDebug] Server assets - done item textures composition
4.12.2025 17:55:15.418 [VerboseDebug] Server assets - done item textures random and average color collection
4.12.2025 17:55:15.419 [VerboseDebug] Server assets - done item textures mipmap creation
4.12.2025 17:55:16.219 [VerboseDebug] Server assets - done item tesselation spread over 13 frames
4.12.2025 17:55:17.354 [VerboseDebug] Starting to load sounds fully
4.12.2025 17:55:17.355 [VerboseDebug] Server assets - composing block texture atlas on main thread
4.12.2025 17:55:17.383 [VerboseDebug] Server assets - done block textures composition
4.12.2025 17:55:17.387 [VerboseDebug] Server assets - done block textures mipmap creation
4.12.2025 17:55:17.405 [VerboseDebug] Server assets - done block textures random and average color collection
4.12.2025 17:55:17.423 [VerboseDebug] Server assets - done step 9
4.12.2025 17:55:17.438 [VerboseDebug] Server assets - done texture atlas frame buffer
4.12.2025 17:55:18.613 [VerboseDebug] Server assets - done block tesselation
4.12.2025 17:55:19.427 [VerboseDebug] Loaded highest priority sound assets
4.12.2025 17:55:22.195 [VerboseDebug] --- Server started ---
4.12.2025 17:55:22 [Debug] Opening socket to server...
4.12.2025 17:55:22 [Debug] Ident packet sent.
4.12.2025 17:55:22.327 [VerboseDebug] Handling ServerReady packet
4.12.2025 17:55:22.328 [VerboseDebug] Starting system: Core
4.12.2025 17:55:22.328 [VerboseDebug] Starting system: EntityPartitioning
4.12.2025 17:55:22.328 [VerboseDebug] Starting system: ErrorReporter
4.12.2025 17:55:22.329 [VerboseDebug] Starting system: ModSystemControlPoints
4.12.2025 17:55:22.329 [VerboseDebug] Starting system: Core
4.12.2025 17:55:22.329 [VerboseDebug] Starting system: SurvivalCoreSystem
4.12.2025 17:55:22.449 [VerboseDebug] Starting system: ModCompatiblityUtil
4.12.2025 17:55:22.449 [VerboseDebug] Starting system: ModJsonPatchLoader
4.12.2025 17:55:22.449 [VerboseDebug] Starting system: FluffyCloudsModSystem
4.12.2025 17:55:22.449 [VerboseDebug] Starting system: ModSystemItemRendererOptimizer
4.12.2025 17:55:22.450 [VerboseDebug] Starting system: ModSystemFpHands
4.12.2025 17:55:22.891 [VerboseDebug] Starting system: FallingBlockParticlesModSystem
4.12.2025 17:55:22.891 [VerboseDebug] Starting system: CharacterExtraDialogs
4.12.2025 17:55:22.893 [VerboseDebug] Starting system: EntityNameTagRendererRegistry
4.12.2025 17:55:22.893 [VerboseDebug] Starting system: ModSystemAmbientParticles
4.12.2025 17:55:22.893 [VerboseDebug] Starting system: EntityParticleSpawner
4.12.2025 17:55:22.894 [VerboseDebug] Starting system: EntityParticleSystem
4.12.2025 17:55:23.017 [VerboseDebug] Starting system: POIRegistry
4.12.2025 17:55:23.017 [VerboseDebug] Starting system: ModSystemProgressBar
4.12.2025 17:55:23.017 [VerboseDebug] Starting system: RoomRegistry
4.12.2025 17:55:23.017 [VerboseDebug] Starting system: WeatherSystemCommands
4.12.2025 17:55:23.017 [VerboseDebug] Starting system: WeatherSystemClient
4.12.2025 17:55:23.084 [VerboseDebug] Starting system: WorldMapManager
4.12.2025 17:55:23.087 [VerboseDebug] Starting system: WorldEdit
4.12.2025 17:55:23.095 [VerboseDebug] Starting system: StoryLockableDoor
4.12.2025 17:55:23.096 [VerboseDebug] Starting system: StoryGenFailedSystem
4.12.2025 17:55:23.096 [VerboseDebug] Starting system: ModSystemBossHealthBars
4.12.2025 17:55:23.096 [VerboseDebug] Starting system: UpgradeTasks
4.12.2025 17:55:23.096 [VerboseDebug] Starting system: ModSystemDetailModeSync
4.12.2025 17:55:23.097 [VerboseDebug] Starting system: ModSystemTiledDungeonGenerator
4.12.2025 17:55:23.097 [VerboseDebug] Starting system: GenFromHeightmap
4.12.2025 17:55:23.097 [VerboseDebug] Starting system: GenMaps
4.12.2025 17:55:23.097 [VerboseDebug] Starting system: MSShapeFromAttrCacheHelper
4.12.2025 17:55:23.097 [VerboseDebug] Starting system: MyceliumSystem
4.12.2025 17:55:23.097 [VerboseDebug] Starting system: ModSystemLabelMeshCache
4.12.2025 17:55:23.097 [VerboseDebug] Starting system: ModSystemCatchCreature
4.12.2025 17:55:23.097 [VerboseDebug] Starting system: ModSystemGliding
4.12.2025 17:55:23.097 [VerboseDebug] Starting system: ModSystemMeasuringRope
4.12.2025 17:55:23.098 [VerboseDebug] Starting system: ModSystemStopRaiseShieldAnim
4.12.2025 17:55:23.098 [VerboseDebug] Starting system: Timeswitch
4.12.2025 17:55:23.099 [VerboseDebug] Starting system: ScreenshakeToClientModSystem
4.12.2025 17:55:23.099 [VerboseDebug] Starting system: StoryStructuresSpawnConditions
4.12.2025 17:55:23.099 [VerboseDebug] Starting system: ModSystemNPCHairStyling
4.12.2025 17:55:23.099 [VerboseDebug] Starting system: ModSystemSkinnableAdditions
4.12.2025 17:55:23.099 [VerboseDebug] Starting system: ModSystemVillagerDebug
4.12.2025 17:55:23.100 [VerboseDebug] Starting system: ModSystemAuction
4.12.2025 17:55:23.101 [VerboseDebug] Starting system: ModSystemBlockReinforcement
4.12.2025 17:55:23.105 [VerboseDebug] Starting system: Core
4.12.2025 17:55:23.105 [VerboseDebug] Starting system: ModSystemBoatingSoundAndRatlineStamina
4.12.2025 17:55:23.105 [VerboseDebug] Starting system: ModSystemShipConstructionSitePreview
4.12.2025 17:55:23.105 [VerboseDebug] Starting system: CharacterSystem
4.12.2025 17:55:23.106 [VerboseDebug] Starting system: MealMeshCache
4.12.2025 17:55:23.106 [VerboseDebug] Starting system: VariablesModSystem
4.12.2025 17:55:23.107 [VerboseDebug] Starting system: ModsystemElevator
4.12.2025 17:55:23.107 [VerboseDebug] Starting system: ActivityModSystem
4.12.2025 17:55:23.107 [VerboseDebug] Starting system: ActivityEditorSystem
4.12.2025 17:55:23.108 [VerboseDebug] Starting system: FruitingSystem
4.12.2025 17:55:23.108 [VerboseDebug] Starting system: ModSystemCommandHandbook
4.12.2025 17:55:23.109 [VerboseDebug] Starting system: ModSystemSurvivalHandbook
4.12.2025 17:55:23.109 [VerboseDebug] Starting system: ModSystemTutorial
4.12.2025 17:55:23.111 [VerboseDebug] Starting system: ModSystemNightVision
4.12.2025 17:55:23.111 [VerboseDebug] Starting system: TobiasTeleporter
4.12.2025 17:55:23.113 [VerboseDebug] Starting system: ModJournal
4.12.2025 17:55:23.114 [VerboseDebug] Starting system: LiquidItemStackRenderer
4.12.2025 17:55:23.115 [VerboseDebug] Starting system: ModSystemStructureLocator
4.12.2025 17:55:23.115 [VerboseDebug] Starting system: ModLootRandomizer
4.12.2025 17:55:23.115 [VerboseDebug] Starting system: ModSystemChiselCommands
4.12.2025 17:55:23.115 [VerboseDebug] Starting system: MicroBlockModelCache
4.12.2025 17:55:23.115 [VerboseDebug] Starting system: ModSystemEntityOwnership
4.12.2025 17:55:23.116 [VerboseDebug] Starting system: ModSystemRifts
4.12.2025 17:55:23.154 [VerboseDebug] Starting system: ModSystemRiftWeather
4.12.2025 17:55:23.155 [VerboseDebug] Starting system: ModSleeping
4.12.2025 17:55:23.161 [VerboseDebug] Starting system: ModSystemSupportBeamPlacer
4.12.2025 17:55:23.161 [VerboseDebug] Starting system: TeleporterManager
4.12.2025 17:55:23.162 [VerboseDebug] Starting system: ModTemperature
4.12.2025 17:55:23.162 [VerboseDebug] Starting system: SystemTemporalStability
4.12.2025 17:55:23.168 [VerboseDebug] Starting system: TemporalStabilityEffects
4.12.2025 17:55:23.194 [VerboseDebug] Starting system: ModSystemWearableStats
4.12.2025 17:55:23.194 [VerboseDebug] Starting system: ModSystemEditableBook
4.12.2025 17:55:23.194 [VerboseDebug] Starting system: MechanicalPowerMod
4.12.2025 17:55:23.194 [VerboseDebug] Starting system: TradeHandbookInfo
4.12.2025 17:55:23.194 [VerboseDebug] Starting system: LoadColorMaps
4.12.2025 17:55:23.194 [VerboseDebug] Starting system: GenDevastationLayer
4.12.2025 17:55:23.194 [VerboseDebug] Starting system: ClothManager
4.12.2025 17:55:23.200 [VerboseDebug] Starting system: RecipeRegistrySystem
4.12.2025 17:55:23.200 [VerboseDebug] Starting system: ModSystemOreMap
4.12.2025 17:55:23.201 [VerboseDebug] Starting system: ModSystemSnowballs
4.12.2025 17:55:23.201 [VerboseDebug] Starting system: HumanoidOutfits
4.12.2025 17:55:23.201 [VerboseDebug] Starting system: ModSystemDevastationEffects
4.12.2025 17:55:25.316 [VerboseDebug] Sending request to join server
4.12.2025 17:55:25.365 [VerboseDebug] World configs received and block tesselation complete
4.12.2025 17:55:25.404 [VerboseDebug] Trigger mod event OnBlockTexturesLoaded
4.12.2025 17:55:25.460 [VerboseDebug] Loading sound file, game may stutter game:sounds/effect/ropestretch.ogg
4.12.2025 17:55:25.485 [VerboseDebug] Slow to load clientSystem modhandler
4.12.2025 17:55:25.541 [VerboseDebug] Done client systems OnLoaded
4.12.2025 17:55:25.610 [VerboseDebug] Slow to load blocks (>1ms) game:dirtyclaypot-tan-empty,game:dirtyclaypot-blue-cooked,game:dirtyclaypot-fire-cooked,game:dirtyclaypot-black-cooked
4.12.2025 17:55:25.705 [VerboseDebug] Slow to load blocks (>1ms) game:fern-cinnamonfern,game:fern-deerfern,game:fern-eaglefern,game:fern-hartstongue
4.12.2025 17:55:25.770 [VerboseDebug] Slow to load blocks (>1ms) game:wildvinestatic-section-south,game:wildvinestatic-end-south,game:wildvinestatic-section-west,game:wildvinestatic-end-west
4.12.2025 17:55:25.906 [VerboseDebug] Slow to load blocks (>1ms) game:sign-wall-south,game:sign-ground-west,game:sign-wall-west,game:shelf-normal-north
4.12.2025 17:55:25.947 [VerboseDebug] Done blocks OnLoaded
4.12.2025 17:55:26.023 [VerboseDebug] Slow to load items (>1ms) game:scythe-meteoriciron,game:scythe-steel,game:chisel-copper,game:chisel-tinbronze
4.12.2025 17:55:26.101 [VerboseDebug] Loading sound file, game may stutter game:sounds/player/poultice.ogg
4.12.2025 17:55:26.105 [VerboseDebug] Done items OnLoaded
4.12.2025 17:55:26.111 [VerboseDebug] All clientside asset loading complete, game launch can proceed
4.12.2025 17:55:26.151 [VerboseDebug] Received player data for playeruid tMOC14tZDV/RbpXXDIjOKEs5
4.12.2025 17:55:26.152 [VerboseDebug] Received inventory contents hotbar-tMOC14tZDV/RbpXXDIjOKEs5
4.12.2025 17:55:26.153 [VerboseDebug] Received inventory contents creative-tMOC14tZDV/RbpXXDIjOKEs5
4.12.2025 17:55:26.186 [VerboseDebug] Received inventory contents backpack-tMOC14tZDV/RbpXXDIjOKEs5
4.12.2025 17:55:26.186 [VerboseDebug] Received inventory contents ground-tMOC14tZDV/RbpXXDIjOKEs5
4.12.2025 17:55:26.186 [VerboseDebug] Received inventory contents mouse-tMOC14tZDV/RbpXXDIjOKEs5
4.12.2025 17:55:26.186 [VerboseDebug] Received inventory contents craftinggrid-tMOC14tZDV/RbpXXDIjOKEs5
4.12.2025 17:55:26.197 [VerboseDebug] Received inventory contents character-tMOC14tZDV/RbpXXDIjOKEs5
4.12.2025 17:55:26.197 [VerboseDebug] Informing clientsystems playerdata received
4.12.2025 17:55:26.242 [VerboseDebug] GuiDialogInventory: starting composeGUI
4.12.2025 17:55:26.258 [VerboseDebug] GuiDialogInventory: done composeGUI
4.12.2025 17:55:26.387 [VerboseDebug] Done handling playerdata packet
4.12.2025 17:55:26.389 [VerboseDebug] Received level finalize
4.12.2025 17:55:26.390 [VerboseDebug] Handling LevelFinalize packet; requires remapping is False
4.12.2025 17:55:26.398 [VerboseDebug] Done level finalize clientsystems
4.12.2025 17:55:26.563 [VerboseDebug] Done init WeatherSystemClient
4.12.2025 17:55:26.654 [VerboseDebug] Loading sound file, game may stutter game:sounds/raft-moving.ogg
4.12.2025 17:55:26.736 [VerboseDebug] Loading sound file, game may stutter game:sounds/raft-idle.ogg
4.12.2025 17:55:26.998 [VerboseDebug] Starting initialising handbook
4.12.2025 17:55:27.047 [VerboseDebug] Done creating handbook index GUI
4.12.2025 17:55:27.048 [VerboseDebug] Done initialising handbook
4.12.2025 17:55:27.062 [VerboseDebug] Done scanning for liquid containers 
4.12.2025 17:55:27.086 [VerboseDebug] Done init huge gears
4.12.2025 17:55:27.086 [VerboseDebug] Done wearable stats
4.12.2025 17:55:27.100 [VerboseDebug] Done traders handbook stuff
4.12.2025 17:55:27.101 [VerboseDebug] Done level finalize
4.12.2025 17:55:27.277 [VerboseDebug] Starting initialising handbook
4.12.2025 17:55:27.290 [VerboseDebug] Done creating handbook index GUI
4.12.2025 17:55:27.290 [VerboseDebug] Done initialising handbook
4.12.2025 17:55:27.340 [VerboseDebug] Received player data for playeruid tMOC14tZDV/RbpXXDIjOKEs5
4.12.2025 17:55:27.340 [VerboseDebug] Received inventory contents hotbar-tMOC14tZDV/RbpXXDIjOKEs5
4.12.2025 17:55:27.340 [VerboseDebug] Received inventory contents backpack-tMOC14tZDV/RbpXXDIjOKEs5
4.12.2025 17:55:27.340 [VerboseDebug] Received inventory contents character-tMOC14tZDV/RbpXXDIjOKEs5
4.12.2025 17:55:27.340 [VerboseDebug] Done handling playerdata packet
4.12.2025 17:57:21.793 [VerboseDebug] Received player data for playeruid tMOC14tZDV/RbpXXDIjOKEs5
4.12.2025 17:57:21.793 [VerboseDebug] Received inventory contents hotbar-tMOC14tZDV/RbpXXDIjOKEs5
4.12.2025 17:57:21.793 [VerboseDebug] Received inventory contents creative-tMOC14tZDV/RbpXXDIjOKEs5
4.12.2025 17:57:21.793 [VerboseDebug] Received inventory contents backpack-tMOC14tZDV/RbpXXDIjOKEs5
4.12.2025 17:57:21.793 [VerboseDebug] Received inventory contents ground-tMOC14tZDV/RbpXXDIjOKEs5
4.12.2025 17:57:21.793 [VerboseDebug] Received inventory contents mouse-tMOC14tZDV/RbpXXDIjOKEs5
4.12.2025 17:57:21.793 [VerboseDebug] Received inventory contents craftinggrid-tMOC14tZDV/RbpXXDIjOKEs5
4.12.2025 17:57:21.802 [VerboseDebug] Received inventory contents character-tMOC14tZDV/RbpXXDIjOKEs5
4.12.2025 17:57:21.802 [VerboseDebug] Done handling playerdata packet
4.12.2025 17:57:23.173 [VerboseDebug] Received player data for playeruid tMOC14tZDV/RbpXXDIjOKEs5
4.12.2025 17:57:23.174 [VerboseDebug] Done handling playerdata packet
4.12.2025 17:58:12.616 [VerboseDebug] Received player data for playeruid tMOC14tZDV/RbpXXDIjOKEs5
4.12.2025 17:58:12.616 [VerboseDebug] Done handling playerdata packet
4.12.2025 17:58:39.239 [VerboseDebug] Entities and pool locations removed. Removing from chunk dict
4.12.2025 17:58:47.979 [VerboseDebug] Entities and pool locations removed. Removing from chunk dict
4.12.2025 17:59:04.125 [VerboseDebug] Entities and pool locations removed. Removing from chunk dict
4.12.2025 17:59:12.949 [VerboseDebug] Received player data for playeruid tMOC14tZDV/RbpXXDIjOKEs5
4.12.2025 17:59:12.949 [VerboseDebug] Done handling playerdata packet
4.12.2025 17:59:15.217 [VerboseDebug] Received player data for playeruid tMOC14tZDV/RbpXXDIjOKEs5
4.12.2025 17:59:15.217 [VerboseDebug] Done handling playerdata packet
4.12.2025 17:59:42.246 [VerboseDebug] Received player data for playeruid tMOC14tZDV/RbpXXDIjOKEs5
4.12.2025 17:59:42.246 [VerboseDebug] Done handling playerdata packet
4.12.2025 17:59:46.161 [VerboseDebug] Entities and pool locations removed. Removing from chunk dict
4.12.2025 18:00:08.212 [VerboseDebug] Entities and pool locations removed. Removing from chunk dict
4.12.2025 18:00:12.649 [VerboseDebug] Entities and pool locations removed. Removing from chunk dict
4.12.2025 18:00:13.249 [VerboseDebug] Received player data for playeruid tMOC14tZDV/RbpXXDIjOKEs5
4.12.2025 18:00:13.249 [VerboseDebug] Done handling playerdata packet
4.12.2025 18:00:16.051 [VerboseDebug] Entities and pool locations removed. Removing from chunk dict
4.12.2025 18:00:17.019 [VerboseDebug] Entities and pool locations removed. Removing from chunk dict
4.12.2025 18:00:27.811 [VerboseDebug] Entities and pool locations removed. Removing from chunk dict
4.12.2025 18:01:05.843 [VerboseDebug] Entities and pool locations removed. Removing from chunk dict
4.12.2025 18:01:13.384 [VerboseDebug] Entities and pool locations removed. Removing from chunk dict
4.12.2025 18:01:13.617 [VerboseDebug] Received player data for playeruid tMOC14tZDV/RbpXXDIjOKEs5
4.12.2025 18:01:13.617 [VerboseDebug] Done handling playerdata packet
4.12.2025 18:01:17.422 [VerboseDebug] Entities and pool locations removed. Removing from chunk dict
4.12.2025 18:01:18.954 [VerboseDebug] Entities and pool locations removed. Removing from chunk dict
4.12.2025 18:02:09.545 [VerboseDebug] Entities and pool locations removed. Removing from chunk dict
4.12.2025 18:03:35.067 [VerboseDebug] Entities and pool locations removed. Removing from chunk dict
4.12.2025 18:03:36.752 [VerboseDebug] Entities and pool locations removed. Removing from chunk dict
4.12.2025 18:03:38.737 [VerboseDebug] Entities and pool locations removed. Removing from chunk dict
4.12.2025 18:03:47.513 [VerboseDebug] Entities and pool locations removed. Removing from chunk dict
4.12.2025 18:03:56.035 [VerboseDebug] Entities and pool locations removed. Removing from chunk dict
4.12.2025 18:04:51.847 [VerboseDebug] Entities and pool locations removed. Removing from chunk dict
4.12.2025 18:04:53.666 [VerboseDebug] Entities and pool locations removed. Removing from chunk dict
4.12.2025 18:05:10.280 [VerboseDebug] Entities and pool locations removed. Removing from chunk dict
4.12.2025 18:05:14.983 [VerboseDebug] Received player data for playeruid tMOC14tZDV/RbpXXDIjOKEs5
4.12.2025 18:05:14.984 [VerboseDebug] Done handling playerdata packet
4.12.2025 18:05:17 [Debug] GuiScreenConnectingToServer constructed
4.12.2025 18:05:17 [Debug] After gamewindow.Run()
