4.12.2025 17:52:57 [Notification] Client logger started.
4.12.2025 17:52:57 [Notification] Game Version: v1.21.5 (Stable)
4.12.2025 17:52:57 [Notification] Process path: /opt/vs/Vintagestory
4.12.2025 17:52:57 [Notification] Operating System: Linux (Ubuntu 24.04.3 LTS) [Kernel 6.8.0.88]
4.12.2025 17:52:57 [Notification] CPU Cores: 16
4.12.2025 17:52:57 [Notification] CPU: AMD Ryzen 7 3700X 8-Core Processor
4.12.2025 17:52:57 [Notification] Available RAM: 15896 MB
4.12.2025 17:52:58 [Notification] OpenAL Initialized. Available Mono/Stereo Sources: 255/1
4.12.2025 17:52:58 [Notification] Graphics Card Vendor: AMD
4.12.2025 17:52:58 [Notification] Graphics Card Version: 4.6 (Core Profile) Mesa 25.0.7-0ubuntu0.24.04.2
4.12.2025 17:52:58 [Notification] Graphics Card Renderer: AMD Radeon RX 5700 XT (radeonsi, navi10, LLVM 20.1.2, DRM 3.57, 6.8.0-88-generic)
4.12.2025 17:52:58 [Notification] Graphics Card ShadingLanguageVersion: 4.60
4.12.2025 17:52:58 [Notification] GL.MaxVertexUniformComponents: 16384
4.12.2025 17:52:58 [Notification] GL.MaxUniformBlockSize: 2147483647
4.12.2025 17:52:58 [Notification] C# Framework: .net 8.0.21
4.12.2025 17:52:58 [Notification] Cairo Graphics Version: 1.18.0
4.12.2025 17:52:58 [Notification] OpenAL Version: 1.1 ALSOFT 1.23.0
4.12.2025 17:52:58 [Notification] Zstd Version: 1.5.5
4.12.2025 17:52:58 [Notification] Start discovering assets
4.12.2025 17:52:58 [Notification] Found 32 base assets in category lang
4.12.2025 17:52:58 [Notification] Found 0 base assets in category patches
4.12.2025 17:52:58 [Notification] Found 24 base assets in category config
4.12.2025 17:52:58 [Notification] Found 0 base assets in category worldproperties
4.12.2025 17:52:58 [Notification] Found 49 base assets in category sounds
4.12.2025 17:52:58 [Notification] Found 230 base assets in category shapes
4.12.2025 17:52:58 [Notification] Found 84 base assets in category shaders
4.12.2025 17:52:58 [Notification] Found 18 base assets in category shaderincludes
4.12.2025 17:52:58 [Notification] Found 176 base assets in category textures
4.12.2025 17:52:58 [Notification] Found 4 base assets in category music
4.12.2025 17:52:58 [Notification] Found 0 base assets in category dialog
4.12.2025 17:52:58 [Notification] Found 617 base assets in total
4.12.2025 17:52:58 [Notification] Loading sounds
4.12.2025 17:52:58 [Notification] (Re-)loaded frame buffers
4.12.2025 17:52:58 [Notification] Loaded Shaderprogramm for render pass .
4.12.2025 17:52:58 [Notification] Sounds loaded
4.12.2025 17:52:58 [Notification] Begin loading shaders
4.12.2025 17:52:58 [Notification] Load shaders now
4.12.2025 17:52:58 [Notification] Loading shaders...
4.12.2025 17:52:58 [Notification] Loaded Shaderprogramm for render pass standard.
4.12.2025 17:52:58 [Notification] Loaded Shaderprogramm for render pass particlescube.
4.12.2025 17:52:58 [Notification] Loaded Shaderprogramm for render pass particlesquad.
4.12.2025 17:52:58 [Notification] Loaded Shaderprogramm for render pass sky.
4.12.2025 17:52:58 [Notification] Loaded Shaderprogramm for render pass nightsky.
4.12.2025 17:52:58 [Notification] Loaded Shaderprogramm for render pass woittest.
4.12.2025 17:52:58 [Notification] Loaded Shaderprogramm for render pass transparentcompose.
4.12.2025 17:52:58 [Notification] Loaded Shaderprogramm for render pass debugdepthbuffer.
4.12.2025 17:52:58 [Notification] Loaded Shaderprogramm for render pass helditem.
4.12.2025 17:52:59 [Notification] Loaded Shaderprogramm for render pass chunkopaque.
4.12.2025 17:52:59 [Notification] Loaded Shaderprogramm for render pass chunkliquid.
4.12.2025 17:52:59 [Notification] Loaded Shaderprogramm for render pass decals.
4.12.2025 17:52:59 [Notification] Loaded Shaderprogramm for render pass final.
4.12.2025 17:52:59 [Notification] Loaded Shaderprogramm for render pass gui.
4.12.2025 17:52:59 [Notification] Loaded Shaderprogramm for render pass blur.
4.12.2025 17:52:59 [Notification] Loaded Shaderprogramm for render pass chunktransparent.
4.12.2025 17:52:59 [Notification] Loaded Shaderprogramm for render pass findbright.
4.12.2025 17:52:59 [Notification] Loaded Shaderprogramm for render pass chunktopsoil.
4.12.2025 17:52:59 [Notification] Loaded Shaderprogramm for render pass godrays.
4.12.2025 17:52:59 [Notification] Loaded Shaderprogramm for render pass autocamera.
4.12.2025 17:52:59 [Notification] Loaded Shaderprogramm for render pass blockhighlights.
4.12.2025 17:52:59 [Notification] Loaded Shaderprogramm for render pass wireframe.
4.12.2025 17:53:00 [Notification] Loaded Shaderprogramm for render pass entityanimated.
4.12.2025 17:53:00 [Notification] Loaded Shaderprogramm for render pass luma.
4.12.2025 17:53:00 [Notification] Loaded Shaderprogramm for render pass blit.
4.12.2025 17:53:00 [Notification] Loaded Shaderprogramm for render pass particlesquad2d.
4.12.2025 17:53:00 [Notification] Loaded Shaderprogramm for render pass shadowmapentityanimated.
4.12.2025 17:53:00 [Notification] Loaded Shaderprogramm for render pass chunkshadowmap.
4.12.2025 17:53:00 [Notification] Loaded Shaderprogramm for render pass texture2texture.
4.12.2025 17:53:00 [Notification] Loaded Shaderprogramm for render pass celestialobject.
4.12.2025 17:53:00 [Notification] Loaded Shaderprogramm for render pass guitopsoil.
4.12.2025 17:53:00 [Notification] Loaded Shaderprogramm for render pass colorgrade.
4.12.2025 17:53:00 [Notification] Loaded Shaderprogramm for render pass guigear.
4.12.2025 17:53:00 [Notification] Loaded Shaderprogramm for render pass ssao.
4.12.2025 17:53:00 [Notification] Loaded Shaderprogramm for render pass bilateralblur.
4.12.2025 17:53:00 [Notification] Loaded Shaderprogramm for render pass chunkliquiddepth.
4.12.2025 17:53:00 [Notification] Cached session key is valid, validating with server
4.12.2025 17:53:00 [Notification] Server validation response: Good
4.12.2025 17:53:00 [Notification] Will search the following paths for mods:
4.12.2025 17:53:00 [Notification]     /opt/vs/Mods
4.12.2025 17:53:00 [Notification]     /home/username/.config/VintagestoryData/Mods
4.12.2025 17:55:03 [Notification] Initialized GUI Manager
4.12.2025 17:55:03 [Notification] Initialized Server Connection
4.12.2025 17:55:03 [Notification] Server args parsed
4.12.2025 17:55:03 [Notification] Server main instantiated
4.12.2025 17:55:12 [Notification] Processed server identification
4.12.2025 17:55:12 [Notification] Map initialized
4.12.2025 17:55:12 [Notification] Received server assets
4.12.2025 17:55:12 [Notification] Loading and pre-starting client side mods...
4.12.2025 17:55:12 [Notification] Will search the following paths for mods:
4.12.2025 17:55:12 [Notification]     /opt/vs/Mods
4.12.2025 17:55:12 [Notification]     /home/username/.config/VintagestoryData/Mods
4.12.2025 17:55:12 [Notification] Found 3 mods (0 disabled)
4.12.2025 17:55:12 [Notification] Mods, sorted by dependency: game, creative, survival
4.12.2025 17:55:12 [Notification] Instantiated 132 mod systems from 3 enabled mods
4.12.2025 17:55:12 [Notification] Done loading and pre-starting client side mods.
4.12.2025 17:55:12 [Notification] External Origins in load order: modorigin@/opt/vs/assets/creative/, modorigin@/opt/vs/assets/survival/
4.12.2025 17:55:12 [Notification] Found 0 external assets in category lang
4.12.2025 17:55:12 [Notification] Found 10 external assets in category patches
4.12.2025 17:55:12 [Notification] Found 123 external assets in category config
4.12.2025 17:55:12 [Notification] Found 25 external assets in category worldproperties
4.12.2025 17:55:12 [Notification] Found 561 external assets in category sounds
4.12.2025 17:55:12 [Notification] Found 5332 external assets in category shapes
4.12.2025 17:55:12 [Notification] Found 7 external assets in category shaders
4.12.2025 17:55:12 [Notification] Found 0 external assets in category shaderincludes
4.12.2025 17:55:12 [Notification] Found 7715 external assets in category textures
4.12.2025 17:55:12 [Notification] Found 78 external assets in category music
4.12.2025 17:55:12 [Notification] Found 18 external assets in category dialog
4.12.2025 17:55:12 [Notification] Found 0 external assets in category compatibility
4.12.2025 17:55:12 [Notification] Reloaded lang file now with mod assets
4.12.2025 17:55:12 [Notification] Compatibility lib: 0 assets added, 0 assets replaced.
4.12.2025 17:55:12 [Notification] JsonPatch Loader: 14 patches total, successfully applied 6 patches, unmet conditions on 23 patches, no errors
4.12.2025 17:55:13 [Notification] Received 3865 item types from server
4.12.2025 17:55:13 [Notification] Loaded 13446 block types from server
4.12.2025 17:55:14 [Notification] Reloaded sounds, now with mod assets
4.12.2025 17:55:14 [Notification] Composed 1 4096x2048 entities texture atlases from 636 textures
4.12.2025 17:55:15 [Notification] Collected 2788 shapes to tesselate.
4.12.2025 17:55:15 [Notification] Composed 1 4096x2048 items texture atlases from 2024 textures
4.12.2025 17:55:17 [Notification] Composed 1 4096x2048 blocks texture atlases from 6802 textures
4.12.2025 17:55:17 [Notification] Server assets loaded
4.12.2025 17:55:18 [Notification] Blocks tesselated
4.12.2025 17:55:22 [Notification] Server launched
4.12.2025 17:55:22 [Notification] UDP: sending connection requests
4.12.2025 17:55:22 [Notification] UDP: Server send DidReceiveUdp
4.12.2025 17:55:22 [Notification] Loaded Shaderprogramm for render pass anvilworkitem.
4.12.2025 17:55:22 [Notification] Loaded Shaderprogramm for render pass standard.
4.12.2025 17:55:22 [Notification] UDP: Client can receive UDP packets
4.12.2025 17:55:22 [Notification] Loaded Shaderprogramm for render pass entityanimated.
4.12.2025 17:55:23 [Notification] Loaded Shaderprogramm for render pass particlescube.
4.12.2025 17:55:23 [Notification] Loaded Shaderprogramm for render pass lines.
4.12.2025 17:55:23 [Notification] Loaded Shaderprogramm for render pass aurora.
4.12.2025 17:55:23 [Notification] Initialised WeatherSystemClient. simLightning is loaded.
4.12.2025 17:55:23 [Notification] Loaded Shaderprogramm for render pass rift.
4.12.2025 17:55:23 [Notification] Loaded Shaderprogramm for render pass sleepoverlay.
4.12.2025 17:55:23 [Notification] Loaded Shaderprogramm for render pass machinegear.
4.12.2025 17:55:23 [Notification] Started 89 systems on Client:
4.12.2025 17:55:23 [Notification]     Mod 'VSEssentials.dll' (game):
4.12.2025 17:55:23 [Notification]         Vintagestory.ServerMods.Core
4.12.2025 17:55:23 [Notification]         Vintagestory.GameContent.EntityPartitioning
4.12.2025 17:55:23 [Notification]         Vintagestory.GameContent.ErrorReporter
4.12.2025 17:55:23 [Notification]         Vintagestory.ServerMods.ModCompatiblityUtil
4.12.2025 17:55:23 [Notification]         Vintagestory.ServerMods.NoObf.ModJsonPatchLoader
4.12.2025 17:55:23 [Notification]         FluffyClouds.FluffyCloudsModSystem
4.12.2025 17:55:23 [Notification]         Vintagestory.GameContent.ModSystemItemRendererOptimizer
4.12.2025 17:55:23 [Notification]         Vintagestory.GameContent.ModSystemFpHands
4.12.2025 17:55:23 [Notification]         Vintagestory.GameContent.FallingBlockParticlesModSystem
4.12.2025 17:55:23 [Notification]         Vintagestory.GameContent.CharacterExtraDialogs
4.12.2025 17:55:23 [Notification]         Vintagestory.GameContent.EntityNameTagRendererRegistry
4.12.2025 17:55:23 [Notification]         Vintagestory.GameContent.ModSystemAmbientParticles
4.12.2025 17:55:23 [Notification]         Vintagestory.GameContent.EntityParticleSpawner
4.12.2025 17:55:23 [Notification]         Vintagestory.GameContent.EntityParticleSystem
4.12.2025 17:55:23 [Notification]         Vintagestory.GameContent.POIRegistry
4.12.2025 17:55:23 [Notification]         Vintagestory.GameContent.ModSystemProgressBar
4.12.2025 17:55:23 [Notification]         Vintagestory.GameContent.RoomRegistry
4.12.2025 17:55:23 [Notification]         Vintagestory.GameContent.WeatherSystemCommands
4.12.2025 17:55:23 [Notification]         Vintagestory.GameContent.WeatherSystemClient
4.12.2025 17:55:23 [Notification]         Vintagestory.GameContent.WorldMapManager
4.12.2025 17:55:23 [Notification]         Vintagestory.ServerMods.LoadColorMaps
4.12.2025 17:55:23 [Notification]         Vintagestory.GameContent.ClothManager
4.12.2025 17:55:23 [Notification]     Mod 'VSSurvivalMod.dll' (survival):
4.12.2025 17:55:23 [Notification]         Vintagestory.GameContent.ModSystemControlPoints
4.12.2025 17:55:23 [Notification]         Vintagestory.GameContent.SurvivalCoreSystem
4.12.2025 17:55:23 [Notification]         Vintagestory.Systems.StoryLockableDoor
4.12.2025 17:55:23 [Notification]         Vintagestory.Client.NoObf.StoryGenFailedSystem
4.12.2025 17:55:23 [Notification]         Vintagestory.Client.NoObf.ModSystemBossHealthBars
4.12.2025 17:55:23 [Notification]         Vintagestory.ServerMods.UpgradeTasks
4.12.2025 17:55:23 [Notification]         Vintagestory.ServerMods.ModSystemDetailModeSync
4.12.2025 17:55:23 [Notification]         Vintagestory.ServerMods.ModSystemTiledDungeonGenerator
4.12.2025 17:55:23 [Notification]         Vintagestory.ServerMods.GenFromHeightmap
4.12.2025 17:55:23 [Notification]         Vintagestory.ServerMods.GenMaps
4.12.2025 17:55:23 [Notification]         Vintagestory.GameContent.MSShapeFromAttrCacheHelper
4.12.2025 17:55:23 [Notification]         Vintagestory.GameContent.MyceliumSystem
4.12.2025 17:55:23 [Notification]         Vintagestory.GameContent.ModSystemLabelMeshCache
4.12.2025 17:55:23 [Notification]         Vintagestory.GameContent.ModSystemCatchCreature
4.12.2025 17:55:23 [Notification]         Vintagestory.GameContent.ModSystemGliding
4.12.2025 17:55:23 [Notification]         Vintagestory.GameContent.ModSystemMeasuringRope
4.12.2025 17:55:23 [Notification]         Vintagestory.GameContent.ModSystemStopRaiseShieldAnim
4.12.2025 17:55:23 [Notification]         Vintagestory.GameContent.Timeswitch
4.12.2025 17:55:23 [Notification]         Vintagestory.GameContent.ScreenshakeToClientModSystem
4.12.2025 17:55:23 [Notification]         Vintagestory.GameContent.StoryStructuresSpawnConditions
4.12.2025 17:55:23 [Notification]         Vintagestory.GameContent.ModSystemNPCHairStyling
4.12.2025 17:55:23 [Notification]         Vintagestory.GameContent.ModSystemSkinnableAdditions
4.12.2025 17:55:23 [Notification]         Vintagestory.GameContent.ModSystemVillagerDebug
4.12.2025 17:55:23 [Notification]         Vintagestory.GameContent.ModSystemAuction
4.12.2025 17:55:23 [Notification]         Vintagestory.GameContent.ModSystemBlockReinforcement
4.12.2025 17:55:23 [Notification]         Vintagestory.GameContent.Core
4.12.2025 17:55:23 [Notification]         Vintagestory.GameContent.ModSystemBoatingSoundAndRatlineStamina
4.12.2025 17:55:23 [Notification]         Vintagestory.GameContent.ModSystemShipConstructionSitePreview
4.12.2025 17:55:23 [Notification]         Vintagestory.GameContent.CharacterSystem
4.12.2025 17:55:23 [Notification]         Vintagestory.GameContent.MealMeshCache
4.12.2025 17:55:23 [Notification]         Vintagestory.GameContent.VariablesModSystem
4.12.2025 17:55:23 [Notification]         Vintagestory.GameContent.ModsystemElevator
4.12.2025 17:55:23 [Notification]         Vintagestory.GameContent.ActivityModSystem
4.12.2025 17:55:23 [Notification]         Vintagestory.GameContent.ActivityEditorSystem
4.12.2025 17:55:23 [Notification]         Vintagestory.GameContent.FruitingSystem
4.12.2025 17:55:23 [Notification]         Vintagestory.GameContent.ModSystemCommandHandbook
4.12.2025 17:55:23 [Notification]         Vintagestory.GameContent.ModSystemSurvivalHandbook
4.12.2025 17:55:23 [Notification]         Vintagestory.GameContent.ModSystemTutorial
4.12.2025 17:55:23 [Notification]         Vintagestory.GameContent.ModSystemNightVision
4.12.2025 17:55:23 [Notification]         Vintagestory.GameContent.TobiasTeleporter
4.12.2025 17:55:23 [Notification]         Vintagestory.GameContent.ModJournal
4.12.2025 17:55:23 [Notification]         Vintagestory.GameContent.LiquidItemStackRenderer
4.12.2025 17:55:23 [Notification]         Vintagestory.GameContent.ModSystemStructureLocator
4.12.2025 17:55:23 [Notification]         Vintagestory.GameContent.ModLootRandomizer
4.12.2025 17:55:23 [Notification]         Vintagestory.GameContent.ModSystemChiselCommands
4.12.2025 17:55:23 [Notification]         Vintagestory.GameContent.MicroBlockModelCache
4.12.2025 17:55:23 [Notification]         Vintagestory.GameContent.ModSystemEntityOwnership
4.12.2025 17:55:23 [Notification]         Vintagestory.GameContent.ModSystemRifts
4.12.2025 17:55:23 [Notification]         Vintagestory.GameContent.ModSystemRiftWeather
4.12.2025 17:55:23 [Notification]         Vintagestory.GameContent.ModSleeping
4.12.2025 17:55:23 [Notification]         Vintagestory.GameContent.ModSystemSupportBeamPlacer
4.12.2025 17:55:23 [Notification]         Vintagestory.GameContent.TeleporterManager
4.12.2025 17:55:23 [Notification]         Vintagestory.GameContent.ModTemperature
4.12.2025 17:55:23 [Notification]         Vintagestory.GameContent.SystemTemporalStability
4.12.2025 17:55:23 [Notification]         Vintagestory.GameContent.TemporalStabilityEffects
4.12.2025 17:55:23 [Notification]         Vintagestory.GameContent.ModSystemWearableStats
4.12.2025 17:55:23 [Notification]         Vintagestory.GameContent.ModSystemEditableBook
4.12.2025 17:55:23 [Notification]         Vintagestory.GameContent.Mechanics.MechanicalPowerMod
4.12.2025 17:55:23 [Notification]         Vintagestory.GameContent.TradeHandbookInfo
4.12.2025 17:55:23 [Notification]         Vintagestory.ServerMods.GenDevastationLayer
4.12.2025 17:55:23 [Notification]         Vintagestory.GameContent.RecipeRegistrySystem
4.12.2025 17:55:23 [Notification]         Vintagestory.GameContent.ModSystemOreMap
4.12.2025 17:55:23 [Notification]         Vintagestory.GameContent.ModSystemSnowballs
4.12.2025 17:55:23 [Notification]         Vintagestory.GameContent.HumanoidOutfits
4.12.2025 17:55:23 [Notification]         Vintagestory.GameContent.ModSystemDevastationEffects
4.12.2025 17:55:23 [Notification]     Mod 'VSCreativeMod.dll' (creative):
4.12.2025 17:55:23 [Notification]         Vintagestory.ServerMods.Core
4.12.2025 17:55:23 [Notification]         Vintagestory.ServerMods.WorldEdit.WorldEdit
4.12.2025 17:55:23 [Notification] Loading shaders...
4.12.2025 17:55:23 [Notification] Loaded Shaderprogramm for render pass standard.
4.12.2025 17:55:23 [Notification] Loaded Shaderprogramm for render pass particlescube.
4.12.2025 17:55:23 [Notification] Loaded Shaderprogramm for render pass particlesquad.
4.12.2025 17:55:23 [Notification] Loaded Shaderprogramm for render pass sky.
4.12.2025 17:55:23 [Notification] Loaded Shaderprogramm for render pass nightsky.
4.12.2025 17:55:23 [Notification] Loaded Shaderprogramm for render pass woittest.
4.12.2025 17:55:23 [Notification] Loaded Shaderprogramm for render pass transparentcompose.
4.12.2025 17:55:23 [Notification] Loaded Shaderprogramm for render pass debugdepthbuffer.
4.12.2025 17:55:23 [Notification] Loaded Shaderprogramm for render pass helditem.
4.12.2025 17:55:23 [Notification] Loaded Shaderprogramm for render pass chunkopaque.
4.12.2025 17:55:24 [Notification] Loaded Shaderprogramm for render pass chunkliquid.
4.12.2025 17:55:24 [Notification] Loaded Shaderprogramm for render pass decals.
4.12.2025 17:55:24 [Notification] Loaded Shaderprogramm for render pass final.
4.12.2025 17:55:24 [Notification] Loaded Shaderprogramm for render pass gui.
4.12.2025 17:55:24 [Notification] Loaded Shaderprogramm for render pass blur.
4.12.2025 17:55:24 [Notification] Loaded Shaderprogramm for render pass chunktransparent.
4.12.2025 17:55:24 [Notification] Loaded Shaderprogramm for render pass findbright.
4.12.2025 17:55:24 [Notification] Loaded Shaderprogramm for render pass chunktopsoil.
4.12.2025 17:55:24 [Notification] Loaded Shaderprogramm for render pass godrays.
4.12.2025 17:55:24 [Notification] Loaded Shaderprogramm for render pass autocamera.
4.12.2025 17:55:24 [Notification] Loaded Shaderprogramm for render pass blockhighlights.
4.12.2025 17:55:24 [Notification] Loaded Shaderprogramm for render pass wireframe.
4.12.2025 17:55:25 [Notification] Loaded Shaderprogramm for render pass entityanimated.
4.12.2025 17:55:25 [Notification] Loaded Shaderprogramm for render pass luma.
4.12.2025 17:55:25 [Notification] Loaded Shaderprogramm for render pass blit.
4.12.2025 17:55:25 [Notification] Loaded Shaderprogramm for render pass particlesquad2d.
4.12.2025 17:55:25 [Notification] Loaded Shaderprogramm for render pass shadowmapentityanimated.
4.12.2025 17:55:25 [Notification] Loaded Shaderprogramm for render pass chunkshadowmap.
4.12.2025 17:55:25 [Notification] Loaded Shaderprogramm for render pass texture2texture.
4.12.2025 17:55:25 [Notification] Loaded Shaderprogramm for render pass celestialobject.
4.12.2025 17:55:25 [Notification] Loaded Shaderprogramm for render pass guitopsoil.
4.12.2025 17:55:25 [Notification] Loaded Shaderprogramm for render pass colorgrade.
4.12.2025 17:55:25 [Notification] Loaded Shaderprogramm for render pass guigear.
4.12.2025 17:55:25 [Notification] Loaded Shaderprogramm for render pass ssao.
4.12.2025 17:55:25 [Notification] Loaded Shaderprogramm for render pass bilateralblur.
4.12.2025 17:55:25 [Notification] Loaded Shaderprogramm for render pass chunkliquiddepth.
4.12.2025 17:55:25 [Notification] Loaded Shaderprogramm for render pass chunkshadowmap.
4.12.2025 17:55:25 [Notification] Loaded Shaderprogramm for render pass anvilworkitem.
4.12.2025 17:55:25 [Notification] Loaded Shaderprogramm for render pass standard.
4.12.2025 17:55:25 [Notification] Loaded Shaderprogramm for render pass entityanimated.
4.12.2025 17:55:25 [Notification] Loaded Shaderprogramm for render pass particlescube.
4.12.2025 17:55:25 [Notification] Loaded Shaderprogramm for render pass lines.
4.12.2025 17:55:25 [Notification] Loaded Shaderprogramm for render pass aurora.
4.12.2025 17:55:25 [Notification] Loaded Shaderprogramm for render pass rift.
4.12.2025 17:55:25 [Notification] Loaded Shaderprogramm for render pass sleepoverlay.
4.12.2025 17:55:25 [Notification] Loaded Shaderprogramm for render pass machinegear.
4.12.2025 17:55:25 [Notification] Reloaded shaders now with mod assets
4.12.2025 17:55:25 [Notification] Received level init
4.12.2025 17:55:25 [Notification] Loaded Shaderprogramm for render pass instanced.
4.12.2025 17:55:25 [Event] 26 traits loaded from 1 files
4.12.2025 17:55:25 [Event] 6 classes loaded from 1 files
4.12.2025 17:55:25 [Notification] Initialized Music Engine
4.12.2025 17:55:25 [Notification] Texture size is 32 so decal atlas size of 128x128 should suffice
4.12.2025 17:55:26 [Notification] Received level finalize
4.12.2025 17:55:26 [Notification] Loaded Shaderprogramm for render pass cloudmap.
4.12.2025 17:55:26 [Notification] Loaded Shaderprogramm for render pass cloudvolumetric.
4.12.2025 17:55:26 [Notification] Loaded Shaderprogramm for render pass clouds.
4.12.2025 17:55:26 [Notification] Loading world map cache db...
4.12.2025 17:55:27 [Notification] ===============================================================
4.12.2025 17:55:27 [Notification] (^_^) No issues captured during startup
4.12.2025 17:55:27 [Notification] ===============================================================
4.12.2025 17:55:27 [Notification] Client pause state is now on
4.12.2025 17:55:34 [Notification] Finished fully loading sounds (async)
4.12.2025 17:57:21 [Notification] Call to RegisterCallback while game is paused
4.12.2025 17:57:21 [Notification] Client pause state is now off
4.12.2025 17:57:22 [Notification] Track music/spring.ogg now started
4.12.2025 17:57:51 [Notification] Client pause state is now on
4.12.2025 17:57:53 [Notification] Client pause state is now off
4.12.2025 18:02:21 [Error] The dialog GuiDialogBlockEntityRecipeSelector requested focus, but was not added yet. Missing call to api.Gui.RegisterDialog()
4.12.2025 18:05:15 [Notification] Destroying game session, waiting up to 200ms for client threads to exit
4.12.2025 18:05:15 [Notification] Stopping single player server
4.12.2025 18:05:17 [Notification] Exiting current game to main menu, reason: window close event
