4.12.2025 17:55:03 [Notification] Server logger started.
4.12.2025 17:55:03 [Notification] Game Version: v1.21.5 (Stable)
4.12.2025 17:55:03 [Event] It begins...
4.12.2025 17:55:03 [Event] Launching server...
4.12.2025 17:55:03 [Event] It senses...
4.12.2025 17:55:03 [Event] Server v1.21.5, network v1.21.9, api v1.21.0
4.12.2025 17:55:03 [Notification] Entering runphase Initialization
4.12.2025 17:55:03 [Event] Loading configuration...
4.12.2025 17:55:03 [Notification] Entering runphase Configuration
4.12.2025 17:55:03 [Notification] serverconfig.json not found, creating new one
4.12.2025 17:55:03 [Notification] Loading savegame
4.12.2025 17:55:03 [Notification] Create new save game data. Playstyle: surviveandbuild
4.12.2025 17:55:03 [Notification] Default spawn was set in serverconfig, resetting for safety.
4.12.2025 17:55:03 [Notification] Savegame /home/username/.config/VintagestoryData/Saves/serene cave valley.vcdbs loaded
4.12.2025 17:55:03 [Notification] World size = 1024000 256 1024000
4.12.2025 17:55:03 [Notification] Start discovering assets
4.12.2025 17:55:03 [Notification] Found 1 base assets in category blocktypes
4.12.2025 17:55:03 [Notification] Found 0 base assets in category itemtypes
4.12.2025 17:55:03 [Notification] Found 32 base assets in category lang
4.12.2025 17:55:03 [Notification] Found 0 base assets in category patches
4.12.2025 17:55:03 [Notification] Found 24 base assets in category config
4.12.2025 17:55:03 [Notification] Found 0 base assets in category worldproperties
4.12.2025 17:55:03 [Notification] Found 49 base assets in category sounds
4.12.2025 17:55:03 [Notification] Found 230 base assets in category shapes
4.12.2025 17:55:03 [Notification] Found 176 base assets in category textures
4.12.2025 17:55:03 [Notification] Found 0 base assets in category recipes
4.12.2025 17:55:03 [Notification] Found 0 base assets in category worldgen
4.12.2025 17:55:03 [Notification] Found 3 base assets in category entities
4.12.2025 17:55:03 [Notification] Found 515 base assets in total
4.12.2025 17:55:03 [Event] Building assets...
4.12.2025 17:55:03 [Notification] Entering runphase LoadAssets
4.12.2025 17:55:03 [Notification] Will search the following paths for mods:
4.12.2025 17:55:03 [Notification]     /opt/vs/Mods
4.12.2025 17:55:03 [Notification]     /home/username/.config/VintagestoryData/Mods
4.12.2025 17:55:03 [Notification] Found 3 mods (0 disabled)
4.12.2025 17:55:03 [Notification] Mods, sorted by dependency: game, creative, survival
4.12.2025 17:55:03 [Notification] Instantiated 132 mod systems from 3 enabled mods
4.12.2025 17:55:03 [Notification] External Origins in load order: modorigin@/opt/vs/assets/creative/, modorigin@/opt/vs/assets/survival/
4.12.2025 17:55:03 [Notification] Found 514 external assets in category blocktypes
4.12.2025 17:55:03 [Notification] Found 282 external assets in category itemtypes
4.12.2025 17:55:03 [Notification] Found 0 external assets in category lang
4.12.2025 17:55:03 [Notification] Found 10 external assets in category patches
4.12.2025 17:55:03 [Notification] Found 123 external assets in category config
4.12.2025 17:55:03 [Notification] Found 25 external assets in category worldproperties
4.12.2025 17:55:03 [Notification] Found 561 external assets in category sounds
4.12.2025 17:55:03 [Notification] Found 5332 external assets in category shapes
4.12.2025 17:55:03 [Notification] Found 7715 external assets in category textures
4.12.2025 17:55:03 [Notification] Found 392 external assets in category recipes
4.12.2025 17:55:03 [Notification] Found 589 external assets in category worldgen
4.12.2025 17:55:03 [Notification] Found 78 external assets in category entities
4.12.2025 17:55:03 [Notification] Found 0 external assets in category compatibility
4.12.2025 17:55:03 [Notification] Reloaded lang file with mod assets
4.12.2025 17:55:03 [Notification] Compatibility lib: 0 assets added, 0 assets replaced.
4.12.2025 17:55:03 [Notification] JsonPatch Loader: 14 patches total, successfully applied 14 patches, unmet conditions on 23 patches, no errors
4.12.2025 17:55:04 [Event] It remembers...
4.12.2025 17:55:05 [Notification] Loaded 3864 unique items
4.12.2025 17:55:05 [Event] All that came before...
4.12.2025 17:55:07 [Notification] Loaded 13444 unique blocks
4.12.2025 17:55:07 [Notification] Loaded 760 unique entities
4.12.2025 17:55:07 [Notification] Loaded 12 entity tags, 4 item tags and 1 block tags from 'game' domain
4.12.2025 17:55:07 [Notification] BlockLoader: Entities, Blocks and Items loaded
4.12.2025 17:55:07 [Event] Remapping blocks and items...
4.12.2025 17:55:07 [Event] 14 cooking recipes loaded
4.12.2025 17:55:07 [Event] Taste and smell...
4.12.2025 17:55:08 [Event] 969 crafting recipes loaded from 254 files
4.12.2025 17:55:08 [Event] Grand inventions...
4.12.2025 17:55:08 [Event] 9 metal alloys loaded
4.12.2025 17:55:08 [Event] Glimmers in the soil...
4.12.2025 17:55:08 [Event] 253 smithing recipes loaded
4.12.2025 17:55:08 [Event] Burning sparks...
4.12.2025 17:55:08 [Event] 82 clay forming recipes loaded
4.12.2025 17:55:08 [Event] Molded forms...
4.12.2025 17:55:08 [Event] 37 knapping recipes loaded
4.12.2025 17:55:08 [Event] Simple tools...
4.12.2025 17:55:08 [Event] 196 barrel recipes loaded
4.12.2025 17:55:08 [Notification] Entering runphase AssetsFinalize
4.12.2025 17:55:08 [Event] Server assets loaded, parsed, registered and finalized
4.12.2025 17:55:08 [Event] Initialising systems...
4.12.2025 17:55:08 [Notification] Entering runphase LoadGamePre
4.12.2025 17:55:08 [Notification] Reloaded 19 weather patterns, 5 wind patterns and 5 weather events
4.12.2025 17:55:09 [Notification] Started 111 systems on Server:
4.12.2025 17:55:09 [Notification]     Mod 'VSEssentials.dll' (game):
4.12.2025 17:55:09 [Notification]         Vintagestory.ServerMods.Core
4.12.2025 17:55:09 [Notification]         Vintagestory.GameContent.EntityPartitioning
4.12.2025 17:55:09 [Notification]         Vintagestory.GameContent.ErrorReporter
4.12.2025 17:55:09 [Notification]         Vintagestory.ServerMods.ModCompatiblityUtil
4.12.2025 17:55:09 [Notification]         Vintagestory.ServerMods.NoObf.ModJsonPatchLoader
4.12.2025 17:55:09 [Notification]         FluffyClouds.FluffyCloudsModSystem
4.12.2025 17:55:09 [Notification]         Vintagestory.Essentials.PathfindSystem
4.12.2025 17:55:09 [Notification]         Vintagestory.Essentials.PathFindDebug
4.12.2025 17:55:09 [Notification]         Vintagestory.Essentials.PathfindingAsync
4.12.2025 17:55:09 [Notification]         Vintagestory.ServerMods.JsonExport
4.12.2025 17:55:09 [Notification]         Vintagestory.ServerMods.ModBasicBlocksLoader
4.12.2025 17:55:09 [Notification]         Vintagestory.GameContent.AiRuntimeConfig
4.12.2025 17:55:09 [Notification]         Vintagestory.GameContent.ModSystemSyncHarvestableDropsToClient
4.12.2025 17:55:09 [Notification]         Vintagestory.GameContent.ModSystemEmotes
4.12.2025 17:55:09 [Notification]         Vintagestory.GameContent.LeafBlockDecay
4.12.2025 17:55:09 [Notification]         Vintagestory.GameContent.POIRegistry
4.12.2025 17:55:09 [Notification]         Vintagestory.GameContent.RoomRegistry
4.12.2025 17:55:09 [Notification]         Vintagestory.GameContent.WeatherSystemCommands
4.12.2025 17:55:09 [Notification]         Vintagestory.GameContent.WeatherSystemServer
4.12.2025 17:55:09 [Notification]         Vintagestory.GameContent.WorldMapManager
4.12.2025 17:55:09 [Notification]         Vintagestory.ServerMods.NoObf.ModRegistryObjectTypeLoader
4.12.2025 17:55:09 [Notification]         Vintagestory.ServerMods.LoadColorMaps
4.12.2025 17:55:09 [Notification]         Vintagestory.GameContent.ClothManager
4.12.2025 17:55:09 [Notification]         Vintagestory.ServerMods.GridRecipeLoader
4.12.2025 17:55:09 [Notification]     Mod 'VSSurvivalMod.dll' (survival):
4.12.2025 17:55:09 [Notification]         Vintagestory.ServerMods.GenTerra
4.12.2025 17:55:09 [Notification]         Vintagestory.ServerMods.GenSnowLayer
4.12.2025 17:55:09 [Notification]         Vintagestory.GameContent.ModSystemControlPoints
4.12.2025 17:55:09 [Notification]         Vintagestory.GameContent.SurvivalCoreSystem
4.12.2025 17:55:09 [Notification]         Vintagestory.ServerMods.GenTerraPostProcess
4.12.2025 17:55:09 [Notification]         Vintagestory.Systems.StoryLockableDoor
4.12.2025 17:55:09 [Notification]         Vintagestory.Client.NoObf.StoryGenFailedSystem
4.12.2025 17:55:09 [Notification]         Vintagestory.ServerMods.UpgradeTasks
4.12.2025 17:55:09 [Notification]         Vintagestory.ServerMods.ChiselBlockBulkSetMaterial
4.12.2025 17:55:09 [Notification]         Vintagestory.ServerMods.ModSystemDetailModeSync
4.12.2025 17:55:09 [Notification]         Vintagestory.ServerMods.NpcControl
4.12.2025 17:55:09 [Notification]         Vintagestory.ServerMods.ModSystemTiledDungeonGenerator
4.12.2025 17:55:09 [Notification]         Vintagestory.ServerMods.GenFromHeightmap
4.12.2025 17:55:09 [Notification]         Vintagestory.ServerMods.GenMaps
4.12.2025 17:55:09 [Notification]         Vintagestory.ServerMods.GenRockStrataNew
4.12.2025 17:55:09 [Notification]         Vintagestory.ServerMods.GenHotSprings
4.12.2025 17:55:09 [Notification]         Vintagestory.ServerMods.GenCreatures
4.12.2025 17:55:09 [Notification]         Vintagestory.GameContent.ModSystemExplosionAffectedStability
4.12.2025 17:55:09 [Notification]         Vintagestory.GameContent.MyceliumSystem
4.12.2025 17:55:09 [Notification]         Vintagestory.GameContent.ModsystemButterflySpawnCondsExtra
4.12.2025 17:55:09 [Notification]         Vintagestory.GameContent.ModSystemCatchCreature
4.12.2025 17:55:09 [Notification]         Vintagestory.GameContent.ModSystemGliding
4.12.2025 17:55:09 [Notification]         Vintagestory.GameContent.ModSystemSwoopDev
4.12.2025 17:55:09 [Notification]         Vintagestory.GameContent.Timeswitch
4.12.2025 17:55:09 [Notification]         Vintagestory.GameContent.ClutterBookshelfUtil
4.12.2025 17:55:09 [Notification]         Vintagestory.GameContent.ScreenshakeToClientModSystem
4.12.2025 17:55:09 [Notification]         Vintagestory.GameContent.ModSystemResoArchiveCommands
4.12.2025 17:55:09 [Notification]         Vintagestory.GameContent.StoryStructuresSpawnConditions
4.12.2025 17:55:09 [Notification]         Vintagestory.GameContent.ModSystemNPCHairStyling
4.12.2025 17:55:09 [Notification]         Vintagestory.GameContent.ModSystemSkinnableAdditions
4.12.2025 17:55:09 [Notification]         Vintagestory.GameContent.ModSystemVillagerDebug
4.12.2025 17:55:09 [Notification]         Vintagestory.GameContent.ModSystemAuction
4.12.2025 17:55:09 [Notification]         Vintagestory.GameContent.ModSystemBlockReinforcement
4.12.2025 17:55:09 [Notification]         Vintagestory.GameContent.Core
4.12.2025 17:55:09 [Notification]         Vintagestory.GameContent.ModSystemBoatingSoundAndRatlineStamina
4.12.2025 17:55:09 [Notification]         Vintagestory.GameContent.CharacterSystem
4.12.2025 17:55:09 [Notification]         Vintagestory.GameContent.VariablesModSystem
4.12.2025 17:55:09 [Notification]         Vintagestory.GameContent.ModsystemElevator
4.12.2025 17:55:09 [Notification]         Vintagestory.GameContent.ActivityModSystem
4.12.2025 17:55:09 [Notification]         Vintagestory.GameContent.ActivityEditorSystem
4.12.2025 17:55:09 [Notification]         Vintagestory.GameContent.FruitingSystem
4.12.2025 17:55:09 [Notification]         Vintagestory.GameContent.ModSystemCommandHandbook
4.12.2025 17:55:09 [Notification]         Vintagestory.GameContent.ModSystemTutorial
4.12.2025 17:55:09 [Notification]         Vintagestory.GameContent.ModSystemCorpseReturnTeleporter
4.12.2025 17:55:09 [Notification]         Vintagestory.GameContent.ModSystemNightVision
4.12.2025 17:55:09 [Notification]         Vintagestory.GameContent.TobiasTeleporter
4.12.2025 17:55:09 [Notification]         Vintagestory.GameContent.ModJournal
4.12.2025 17:55:09 [Notification]         Vintagestory.GameContent.LiquidItemStackRenderer
4.12.2025 17:55:09 [Notification]         Vintagestory.GameContent.ModSystemStructureLocator
4.12.2025 17:55:09 [Notification]         Vintagestory.GameContent.ModLootRandomizer
4.12.2025 17:55:09 [Notification]         Vintagestory.GameContent.ModSystemEntityOwnership
4.12.2025 17:55:09 [Notification]         Vintagestory.GameContent.ModSystemRifts
4.12.2025 17:55:09 [Notification]         Vintagestory.GameContent.ModSystemRiftWeather
4.12.2025 17:55:09 [Notification]         Vintagestory.GameContent.ModSleeping
4.12.2025 17:55:09 [Notification]         Vintagestory.GameContent.ModSystemSupportBeamPlacer
4.12.2025 17:55:09 [Notification]         Vintagestory.GameContent.TeleporterManager
4.12.2025 17:55:09 [Notification]         Vintagestory.GameContent.ModTemperature
4.12.2025 17:55:09 [Notification]         Vintagestory.GameContent.SystemTemporalStability
4.12.2025 17:55:09 [Notification]         Vintagestory.GameContent.TemporalStabilityEffects
4.12.2025 17:55:09 [Notification]         Vintagestory.GameContent.ModSystemWearableStats
4.12.2025 17:55:09 [Notification]         Vintagestory.GameContent.ModSystemEditableBook
4.12.2025 17:55:09 [Notification]         Vintagestory.GameContent.Mechanics.MechanicalPowerMod
4.12.2025 17:55:09 [Notification]         Vintagestory.ServerMods.GenDungeons
4.12.2025 17:55:09 [Notification]         Vintagestory.ServerMods.GenDeposits
4.12.2025 17:55:09 [Notification]         Vintagestory.GameContent.GenStoryStructures
4.12.2025 17:55:09 [Notification]         Vintagestory.ServerMods.GenCaves
4.12.2025 17:55:09 [Notification]         Vintagestory.ServerMods.GenStructures
4.12.2025 17:55:09 [Notification]         Vintagestory.ServerMods.WgenCommands
4.12.2025 17:55:09 [Notification]         Vintagestory.ServerMods.GenDevastationLayer
4.12.2025 17:55:09 [Notification]         Vintagestory.ServerMods.GenBlockLayers
4.12.2025 17:55:09 [Notification]         Vintagestory.ServerMods.GenPonds
4.12.2025 17:55:09 [Notification]         Vintagestory.ServerMods.GenStructuresPosPass
4.12.2025 17:55:09 [Notification]         Vintagestory.ServerMods.GenVegetationAndPatches
4.12.2025 17:55:09 [Notification]         Vintagestory.GameContent.RecipeRegistrySystem
4.12.2025 17:55:09 [Notification]         Vintagestory.ServerMods.GenRivulets
4.12.2025 17:55:09 [Notification]         Vintagestory.ServerMods.GenLightSurvival
4.12.2025 17:55:09 [Notification]         Vintagestory.ServerMods.RecipeLoader
4.12.2025 17:55:09 [Notification]         Vintagestory.GameContent.ModSystemFireFromLightning
4.12.2025 17:55:09 [Notification]         Vintagestory.GameContent.ModSystemOreMap
4.12.2025 17:55:09 [Notification]         Vintagestory.GameContent.ModSystemSnowballs
4.12.2025 17:55:09 [Notification]         Vintagestory.GameContent.HumanoidOutfits
4.12.2025 17:55:09 [Notification]         Vintagestory.GameContent.ModSystemDevastationEffects
4.12.2025 17:55:09 [Notification]         Vintagestory.GameContent.DisableRecipeRegisteringSystem
4.12.2025 17:55:09 [Notification]     Mod 'VSCreativeMod.dll' (creative):
4.12.2025 17:55:09 [Notification]         Vintagestory.ServerMods.Core
4.12.2025 17:55:09 [Notification]         Vintagestory.ServerMods.WorldEdit.WorldEdit
4.12.2025 17:55:09 [Notification]         Vintagestory.ServerMods.GenBlockLayersFlat
4.12.2025 17:55:09 [Notification]         Vintagestory.ServerMods.GenLightCreative
4.12.2025 17:55:09 [Event] 26 traits loaded from 1 files
4.12.2025 17:55:09 [Event] 6 classes loaded from 1 files
4.12.2025 17:55:11 [Notification] Server map set
4.12.2025 17:55:11 [Event] A world unbroken...
4.12.2025 17:55:11 [Notification] Entering runphase GameReady
4.12.2025 17:55:11 [Notification] Entering runphase WorldReady
4.12.2025 17:55:11 [Event] The center unfolding...
4.12.2025 17:55:11 [Event] Starting world generators...
4.12.2025 17:55:12 [Notification] Sending server identification with remap False.  Server control privilege is True
4.12.2025 17:55:12 [Notification] Reloaded 35 tree generators
4.12.2025 17:55:13 [Event] Loading 7x7x8 spawn chunks...
4.12.2025 17:55:13 [Event] 0% (49 in queue)
4.12.2025 17:55:13 [Event] The carved mountains...
4.12.2025 17:55:17 [Event] 0% (49 in queue)
4.12.2025 17:55:17 [Event] The rolling hills...
4.12.2025 17:55:19 [Event] 0% (81 in queue)
4.12.2025 17:55:19 [Event] The sheer cliffs...
4.12.2025 17:55:20 [Event] 0% (153 in queue)
4.12.2025 17:55:20 [Event] The endless plains...
4.12.2025 17:55:22 [Event] Begin game ticking...
4.12.2025 17:55:22 [Event] ... it calls to you
4.12.2025 17:55:22 [Notification] Entering runphase RunGame
4.12.2025 17:55:22 [Notification] Starting server threads
4.12.2025 17:55:22 [Event] Singleplayer Server now running!
4.12.2025 17:55:22 [Event] Return again.
4.12.2025 17:55:22 [Notification] Please be aware that as of 1.20, servers default configurations have changed - servers no longer register themselves to the public servers list and are invite-only (whitelisted) out of the box. If you desire so, you can enable server advertising with '/serverconfig advertise on' and disable the whitelist mode with '/serverconfig whitelistmode off'
4.12.2025 17:55:22 [Notification] All clients disconnected, pausing game calendar.
4.12.2025 17:55:22 [Notification] A Client attempts connecting via Dummy connection on 127.0.0.1:0, assigning client id 1
4.12.2025 17:55:22 [Notification] UDP: Client 1 connected via: 0.0.0.0:0
4.12.2025 17:55:22 [Notification] Client 1 uid tMOC14tZDV/RbpXXDIjOKEs5 attempting identification. Name: R1shy
4.12.2025 17:55:22 [Notification] Upped server view distance to: 256, because player is in singleplayer
4.12.2025 17:55:22 [Notification] Delayed join, attempt random spawn position.
4.12.2025 17:55:22 [Notification] Placing R1shy at 511994.5 114 512046.5
4.12.2025 17:55:26 [Event] R1shy 127.0.0.1:0 joins.
4.12.2025 17:55:27 [Notification] Server ticking has been suspended
4.12.2025 17:57:21 [Notification] Server ticking has been resumed
4.12.2025 17:57:21 [Notification] A client reconnected, resuming game calendar.
4.12.2025 17:57:26 [Warning] An entity hare-european-baby-female failed to complete initialisation, will not be physics ticked.
4.12.2025 17:57:51 [Notification] Server ticking has been suspended
4.12.2025 17:57:53 [Notification] A client reconnected, resuming game calendar.
4.12.2025 17:57:53 [Notification] Server ticking has been resumed
4.12.2025 18:02:00 [Notification] Server ticking has been suspended
4.12.2025 18:02:00 [Notification] Autosaving game world. Notifying mods, then systems of save...
4.12.2025 18:02:00 [Notification] Defragmented listener lists
4.12.2025 18:02:00 [Event] Mods and systems notified, now saving everything...
4.12.2025 18:02:00 [Event] It pauses.
4.12.2025 18:02:00 [Event] Will do offthread savegamedata saving...
4.12.2025 18:02:00 [Event] One last gaze...
4.12.2025 18:02:00 [Event] Saved player world data...
4.12.2025 18:02:00 [Event] Saved map regions...
4.12.2025 18:02:00 [Event] Then all goes quiet...
4.12.2025 18:02:00 [Event] Saved map chunks...
4.12.2025 18:02:00 [Event] The waters recede...
4.12.2025 18:02:00 [Event] World saved! Saved 0 chunks, 0 mapchunks, 4 mapregions.
4.12.2025 18:02:00 [Event] It sighs...
4.12.2025 18:02:00 [Notification] A client reconnected, resuming game calendar.
4.12.2025 18:02:00 [Notification] Server ticking has been resumed
4.12.2025 18:02:00 [Event] Saved 300 chunks...
4.12.2025 18:02:00 [Event] Saved 600 chunks...
4.12.2025 18:02:00 [Event] Saved 900 chunks...
4.12.2025 18:02:00 [Event] Saved 1200 chunks...
4.12.2025 18:02:00 [Event] Offthread save of 1486 chunks done.
4.12.2025 18:02:00 [Notification] Offthread save of 0 generating chunks done.
4.12.2025 18:02:00 [Event] Offthread save of 245 map chunks done.
4.12.2025 18:02:00 [Event] Offthread save of savegame done.
4.12.2025 18:05:15 [Notification] Client 1 disconnected: Server shutting down - Exit request by client
4.12.2025 18:05:15 [Notification] Last player disconnected, compacting large object heap...
4.12.2025 18:05:17 [Notification] UDP: client disconnected R1shy
4.12.2025 18:05:17 [Event] Player R1shy got removed. Reason: Server shutting down - Exit request by client
4.12.2025 18:05:17 [Notification] Server stop requested, begin shutdown sequence. Stop reason: Exit request by client
4.12.2025 18:05:17 [Notification] Server ticking has been suspended
4.12.2025 18:05:17 [Notification] Entering runphase Shutdown
4.12.2025 18:05:17 [Event] Mods and systems notified, now saving everything...
4.12.2025 18:05:17 [Event] It pauses.
4.12.2025 18:05:17 [Event] One last gaze...
4.12.2025 18:05:17 [Event] Saved player world data...
4.12.2025 18:05:17 [Event] Saved map regions...
4.12.2025 18:05:17 [Event] Then all goes quiet...
4.12.2025 18:05:17 [Event] Saved map chunks...
4.12.2025 18:05:17 [Event] The waters recede...
4.12.2025 18:05:17 [Event] Saved 300 chunks...
