4.12.2025 17:55:22 [Audit] R1shy joined.
4.12.2025 17:57:37 [Audit] R1shy Took 1xgame:stone-basalt from Ground at 511986, 115, 512043.
4.12.2025 17:58:06 [Audit] R1shy Took 1xgame:stone-basalt from Ground at 511995, 114, 512048.
4.12.2025 17:58:07 [Audit] R1shy Took 1xgame:stone-basalt from Ground at 511994, 114, 512046.
4.12.2025 17:58:08 [Audit] R1shy Took 1xgame:stone-basalt from Ground at 511996, 114, 512045.
4.12.2025 17:58:08 [Audit] R1shy Took 1xgame:stone-basalt from Ground at 511995, 115, 512044.
4.12.2025 17:58:40 [Audit] R1shy Took 1xgame:stone-obsidian from Ground at 512035, 113, 512046.
4.12.2025 17:58:49 [Audit] R1shy Took 1xgame:stone-obsidian from Ground at 512052, 112, 512068.
4.12.2025 17:59:42 [Audit] R1shy died. Death message: Player R1shy messed around with a boar.
4.12.2025 18:00:11 [Audit] R1shy Took 1xgame:stone-basalt from Ground at 512004, 115, 512030.
4.12.2025 18:00:11 [Audit] R1shy Took 1xgame:stone-basalt from Ground at 512003, 115, 512030.
4.12.2025 18:00:13 [Audit] R1shy Took 1xgame:stone-basalt from Ground at 512003, 115, 512032.
4.12.2025 18:00:13 [Audit] R1shy Took 1xgame:stone-basalt from Ground at 512002, 115, 512033.
4.12.2025 18:00:14 [Audit] R1shy Took 1xgame:stone-basalt from Ground at 512001, 115, 512033.
4.12.2025 18:00:14 [Audit] R1shy Took 1xgame:flint from Ground at 512000, 115, 512033.
4.12.2025 18:00:14 [Audit] R1shy Took 1xgame:stone-basalt from Ground at 511999, 115, 512033.
4.12.2025 18:00:15 [Audit] R1shy Took 1xgame:stone-basalt from Ground at 512000, 115, 512032.
4.12.2025 18:00:15 [Audit] R1shy Took 1xgame:stone-basalt from Ground at 511998, 115, 512032.
4.12.2025 18:00:17 [Audit] R1shy Took 1xgame:stone-basalt from Ground at 512002, 116, 512035.
4.12.2025 18:00:17 [Audit] R1shy Took 1xgame:stone-basalt from Ground at 512001, 116, 512036.
4.12.2025 18:00:26 [Audit] R1shy Took 2xgame:flint from Ground at 512028, 113, 512050.
4.12.2025 18:01:09 [Audit] R1shy Took 1xgame:stone-obsidian from Ground at 512055, 112, 512066.
4.12.2025 18:01:24 [Audit] R1shy Put 2xgame:stone-obsidian into new Ground storage at 512057, 112, 512064.
4.12.2025 18:01:30 [Audit] R1shy Took 1xgame:stone-obsidian from Ground storage at 512057, 112, 512064.
4.12.2025 18:01:43 [Audit] R1shy Put 2xgame:stone-basalt into new Ground storage at 512057, 112, 512063.
4.12.2025 18:01:49 [Audit] R1shy Took 2xgame:stone-basalt from Ground storage at 512057, 112, 512063.
4.12.2025 18:01:54 [Audit] R1shy Put 2xgame:stone-basalt into Ground storage at 512057, 112, 512063.
4.12.2025 18:01:56 [Audit] R1shy Took 2xgame:stone-basalt from Ground storage at 512057, 112, 512063.
4.12.2025 18:02:00 [Audit] R1shy Took 2xgame:stone-basalt from Ground storage at 512057, 112, 512063.
4.12.2025 18:02:01 [Audit] R1shy Took 2xgame:stone-basalt from Ground storage at 512057, 112, 512063.
4.12.2025 18:02:01 [Audit] R1shy Took 2xgame:stone-basalt from Ground storage at 512057, 112, 512063.
4.12.2025 18:02:01 [Audit] R1shy Took 2xgame:stone-basalt from Ground storage at 512057, 112, 512063.
4.12.2025 18:02:05 [Audit] R1shy Took 1xgame:stone-obsidian from Ground at 512057, 112, 512064.
4.12.2025 18:03:02 [Audit] R1shy left clicked slot 4 in hotbar-tMOC14tZDV/RbpXXDIjOKEs5. Before: (mouse: empty, inv: 1xBasalt knife blade), after: (mouse: 1xBasalt knife blade, inv: empty)
4.12.2025 18:03:04 [Audit] R1shy left clicked slot 2 in hotbar-tMOC14tZDV/RbpXXDIjOKEs5. Before: (mouse: 1xBasalt knife blade, inv: 5xStick), after: (mouse: 5xStick, inv: 1xBasalt knife blade)
4.12.2025 18:03:06 [Audit] R1shy left clicked slot 5 in hotbar-tMOC14tZDV/RbpXXDIjOKEs5. Before: (mouse: 5xStick, inv: empty), after: (mouse: empty, inv: 5xStick)
4.12.2025 18:03:08 [Audit] R1shy left clicked slot 5 in hotbar-tMOC14tZDV/RbpXXDIjOKEs5. Before: (mouse: empty, inv: 5xStick), after: (mouse: 5xStick, inv: empty)
4.12.2025 18:03:09 [Audit] R1shy left clicked slot 7 in craftinggrid-tMOC14tZDV/RbpXXDIjOKEs5. Before: (mouse: 5xStick, inv: empty), after: (mouse: empty, inv: 5xStick)
4.12.2025 18:03:10 [Audit] R1shy left clicked slot 2 in hotbar-tMOC14tZDV/RbpXXDIjOKEs5. Before: (mouse: empty, inv: 1xBasalt knife blade), after: (mouse: 1xBasalt knife blade, inv: empty)
4.12.2025 18:03:12 [Audit] R1shy left clicked slot 4 in craftinggrid-tMOC14tZDV/RbpXXDIjOKEs5. Before: (mouse: 1xBasalt knife blade, inv: empty), after: (mouse: empty, inv: 1xBasalt knife blade)
4.12.2025 18:03:12 [Audit] R1shy left clicked slot 9 in craftinggrid-tMOC14tZDV/RbpXXDIjOKEs5. Before: (mouse: empty, inv: 1xBasalt knife), after: (mouse: 1xBasalt knife, inv: empty)
4.12.2025 18:03:14 [Audit] R1shy left clicked slot 4 in hotbar-tMOC14tZDV/RbpXXDIjOKEs5. Before: (mouse: 1xBasalt knife, inv: empty), after: (mouse: empty, inv: 1xBasalt knife)
4.12.2025 18:03:14 [Audit] R1shy moved 4xgame:stick from craftinggrid-tMOC14tZDV/RbpXXDIjOKEs5 to hotbar-tMOC14tZDV/RbpXXDIjOKEs5
4.12.2025 18:05:15 [Audit] Client R1shy got removed: 'Server shutting down - Exit request by client' (Server shutting down - Exit request by client)
