4.12.2025 17:55:03.323 [VerboseDebug] Entering runphase Initialization
4.12.2025 17:55:03.327 [VerboseDebug] Entering runphase Configuration
4.12.2025 17:55:03.470 [VerboseDebug] Entering runphase LoadAssets
4.12.2025 17:55:03.471 [VerboseDebug] [VSCreativeMod.dll] Check for mod systems in mod /opt/vs/Mods/VSCreativeMod.dll
4.12.2025 17:55:03.495 [VerboseDebug] [VSCreativeMod.dll] Selected assembly /opt/vs/Mods/VSCreativeMod.dll
4.12.2025 17:55:03.496 [VerboseDebug] [VSEssentials.dll] Check for mod systems in mod /opt/vs/Mods/VSEssentials.dll
4.12.2025 17:55:03.503 [VerboseDebug] [VSEssentials.dll] Selected assembly /opt/vs/Mods/VSEssentials.dll
4.12.2025 17:55:03.505 [VerboseDebug] [VSSurvivalMod.dll] Check for mod systems in mod /opt/vs/Mods/VSSurvivalMod.dll
4.12.2025 17:55:03.511 [VerboseDebug] [VSSurvivalMod.dll] Selected assembly /opt/vs/Mods/VSSurvivalMod.dll
4.12.2025 17:55:03.522 [VerboseDebug] 3 assemblies loaded
4.12.2025 17:55:03.522 [VerboseDebug] Instantiate mod systems for game
4.12.2025 17:55:03.532 [VerboseDebug] Instantiate mod systems for creative
4.12.2025 17:55:03.533 [VerboseDebug] Instantiate mod systems for survival
4.12.2025 17:55:03.578 [VerboseDebug] Searching file system (including mods) for asset files
4.12.2025 17:55:03.647 [VerboseDebug] Finished building index of asset files
4.12.2025 17:55:03.700 [VerboseDebug] Reloaded lang file with mod assets
4.12.2025 17:55:03.719 [VerboseDebug] Started mods
4.12.2025 17:55:03.738 [VerboseDebug] Patch file game:patches/homosapiens.json, patch 0: Unmet IsValue condition (false!=True)
4.12.2025 17:55:03.738 [VerboseDebug] Patch file game:patches/homosapiens.json, patch 1: Unmet IsValue condition (false!=True)
4.12.2025 17:55:03.738 [VerboseDebug] Patch file game:patches/homosapiens.json, patch 2: Unmet IsValue condition (false!=True)
4.12.2025 17:55:03.738 [VerboseDebug] Patch file game:patches/homosapiens.json, patch 3: Unmet IsValue condition (false!=True)
4.12.2025 17:55:03.738 [VerboseDebug] Patch file game:patches/homosapiens.json, patch 4: Unmet IsValue condition (false!=True)
4.12.2025 17:55:03.738 [VerboseDebug] Patch file game:patches/homosapiens.json, patch 5: Unmet IsValue condition (false!=True)
4.12.2025 17:55:03.738 [VerboseDebug] Patch file game:patches/homosapiens.json, patch 6: Unmet IsValue condition (false!=True)
4.12.2025 17:55:03.738 [VerboseDebug] Patch file game:patches/homosapiens.json, patch 7: Unmet IsValue condition (false!=True)
4.12.2025 17:55:03.738 [VerboseDebug] Patch file game:patches/homosapiens.json, patch 8: Unmet IsValue condition (false!=True)
4.12.2025 17:55:03.764 [VerboseDebug] Patch file game:patches/unbucket.json, patch 0: Unmet IsValue condition (true!=False)
4.12.2025 17:55:03.764 [VerboseDebug] Patch file game:patches/unbucket.json, patch 1: Unmet IsValue condition (true!=False)
4.12.2025 17:55:03.764 [VerboseDebug] Patch file game:patches/keepinventory.json, patch 0: Unmet IsValue condition (keep!=drop)
4.12.2025 17:55:03.799 [VerboseDebug] Patch file game:patches/fallingblocks.json, patch 0: Unmet IsValue condition (sandgravelsoil!=sandgravel)
4.12.2025 17:55:03.799 [VerboseDebug] Patch file game:patches/fallingblocks.json, patch 1: Unmet IsValue condition (sandgravelsoil!=sandgravel)
4.12.2025 17:55:03.799 [VerboseDebug] Patch file game:patches/fallingblocks.json, patch 2: Unmet IsValue condition (sandgravelsoil!=sandgravel)
4.12.2025 17:55:03.799 [VerboseDebug] Patch file game:patches/fallingblocks.json, patch 3: Unmet IsValue condition (sandgravelsoil!=sandgravel)
4.12.2025 17:55:03.799 [VerboseDebug] Patch file game:patches/fallingblocks.json, patch 4: Unmet IsValue condition (sandgravelsoil!=sandgravel)
4.12.2025 17:55:03.799 [VerboseDebug] Patch file game:patches/fallingblocks.json, patch 5: Unmet IsValue condition (sandgravelsoil!=sandgravel)
4.12.2025 17:55:03.799 [VerboseDebug] Patch file game:patches/fallingblocks.json, patch 6: Unmet IsValue condition (sandgravelsoil!=sandgravel)
4.12.2025 17:55:03.799 [VerboseDebug] Patch file game:patches/fallingblocks.json, patch 7: Unmet IsValue condition (sandgravelsoil!=sandgravel)
4.12.2025 17:55:03.799 [VerboseDebug] Patch file game:patches/fallingblocks.json, patch 8: Unmet IsValue condition (sandgravelsoil!=sandgravel)
4.12.2025 17:55:03.799 [VerboseDebug] Patch file game:patches/fallingblocks.json, patch 9: Unmet IsValue condition (sandgravelsoil!=sandgravel)
4.12.2025 17:55:03.799 [VerboseDebug] Patch file game:patches/fallingblocks.json, patch 10: Unmet IsValue condition (sandgravelsoil!=sandgravel)
4.12.2025 17:55:03.799 [VerboseDebug] Patchloader finished
4.12.2025 17:55:03.806 [VerboseDebug] Starting to gather blocktypes, itemtypes and entities
4.12.2025 17:55:03.978 [VerboseDebug] Starting parsing ItemTypes in 6 threads
4.12.2025 17:55:04.841 [VerboseDebug] Waiting for entityTypes to be gathered
4.12.2025 17:55:04.848 [VerboseDebug] Waiting for entityTypes to be gathered
4.12.2025 17:55:04.849 [VerboseDebug] Waiting for entityTypes to be gathered
4.12.2025 17:55:04.850 [VerboseDebug] Gathered all types, starting to load items
4.12.2025 17:55:04.851 [VerboseDebug] EntityTypes now all gathered
4.12.2025 17:55:04.858 [VerboseDebug] EntityTypes now all gathered
4.12.2025 17:55:04.859 [VerboseDebug] EntityTypes now all gathered
4.12.2025 17:55:05.851 [VerboseDebug] Parsed and loaded items
4.12.2025 17:55:07.678 [VerboseDebug] Parsed and loaded blocks
4.12.2025 17:55:07.722 [VerboseDebug] Parsed and loaded entities
4.12.2025 17:55:07.726 [VerboseDebug] Loaded 12 entity tags from 'game' domain: state-swimming, state-feet-in-liquid, state-flying, state-on-ground, state-moving, state-alive, state-aiming, state-sprinting, state-sneaking, state-armed, state-armed-melee, state-armed-ranged
4.12.2025 17:55:07.726 [VerboseDebug] Loaded 4 item tags from 'game' domain: weapon, weapon-melee, weapon-ranged, has-open-fire
4.12.2025 17:55:07.726 [VerboseDebug] Loaded 1 block tags from 'game' domain: has-open-fire
4.12.2025 17:55:07.728 [VerboseDebug] BlockID Remapper: Begin
4.12.2025 17:55:07 [Debug] Block IDs not found in savegame.
4.12.2025 17:55:07.736 [VerboseDebug] Max BlockID is 13445
4.12.2025 17:55:07.737 [VerboseDebug] Found 0 blocks requiring remapping and 13446 new blocks
4.12.2025 17:55:07 [Debug] Found 0 missing blocks
4.12.2025 17:55:07 [Debug] Added 13446 new blocks to the mapping
4.12.2025 17:55:07 [Debug] Block IDs have been written to savegame. Saved max BlockID was 13445
4.12.2025 17:55:07 [Debug] ItemID Remapper: Begin
4.12.2025 17:55:07 [Debug] Item IDs not found in savegame.
4.12.2025 17:55:07 [Debug] Found 0 Item requiring remapping
4.12.2025 17:55:07 [Debug] Found 0 missing Items
4.12.2025 17:55:07 [Debug] Added 3864 new Items to the mapping
4.12.2025 17:55:07 [Debug] Item IDs have been written to savegame
4.12.2025 17:55:08.511 [VerboseDebug] Block simulation resolving collectibles
4.12.2025 17:55:08.532 [VerboseDebug] Resolved blocks stacks
4.12.2025 17:55:08.534 [VerboseDebug] Resolved items stacks
4.12.2025 17:55:08.535 [VerboseDebug] Entering runphase AssetsFinalize
4.12.2025 17:55:08.958 [VerboseDebug] Entering runphase LoadGamePre
4.12.2025 17:55:08.958 [VerboseDebug] Starting system: Core
4.12.2025 17:55:08.959 [VerboseDebug] Starting system: EntityPartitioning
4.12.2025 17:55:08.959 [VerboseDebug] Starting system: ErrorReporter
4.12.2025 17:55:08.959 [VerboseDebug] Starting system: GenTerra
4.12.2025 17:55:08.960 [VerboseDebug] Starting system: GenSnowLayer
4.12.2025 17:55:08.960 [VerboseDebug] Starting system: ModSystemControlPoints
4.12.2025 17:55:08.960 [VerboseDebug] Starting system: Core
4.12.2025 17:55:08.960 [VerboseDebug] Starting system: SurvivalCoreSystem
4.12.2025 17:55:08.962 [VerboseDebug] Starting system: GenTerraPostProcess
4.12.2025 17:55:08.962 [VerboseDebug] Starting system: ModCompatiblityUtil
4.12.2025 17:55:08.962 [VerboseDebug] Starting system: ModJsonPatchLoader
4.12.2025 17:55:08.962 [VerboseDebug] Starting system: FluffyCloudsModSystem
4.12.2025 17:55:08.962 [VerboseDebug] Starting system: PathfindSystem
4.12.2025 17:55:08.962 [VerboseDebug] Starting system: PathFindDebug
4.12.2025 17:55:08.962 [VerboseDebug] Starting system: PathfindingAsync
4.12.2025 17:55:08.963 [VerboseDebug] Starting system: JsonExport
4.12.2025 17:55:08.963 [VerboseDebug] Starting system: ModBasicBlocksLoader
4.12.2025 17:55:08.963 [VerboseDebug] Starting system: AiRuntimeConfig
4.12.2025 17:55:08.963 [VerboseDebug] Starting system: ModSystemSyncHarvestableDropsToClient
4.12.2025 17:55:08.963 [VerboseDebug] Starting system: ModSystemEmotes
4.12.2025 17:55:08.963 [VerboseDebug] Starting system: LeafBlockDecay
4.12.2025 17:55:08.963 [VerboseDebug] Starting system: POIRegistry
4.12.2025 17:55:08.963 [VerboseDebug] Starting system: RoomRegistry
4.12.2025 17:55:08.964 [VerboseDebug] Starting system: WeatherSystemCommands
4.12.2025 17:55:08.964 [VerboseDebug] Starting system: WeatherSystemServer
4.12.2025 17:55:08.997 [VerboseDebug] Starting system: WorldMapManager
4.12.2025 17:55:08.997 [VerboseDebug] Starting system: WorldEdit
4.12.2025 17:55:09.002 [VerboseDebug] Starting system: StoryLockableDoor
4.12.2025 17:55:09.002 [VerboseDebug] Starting system: StoryGenFailedSystem
4.12.2025 17:55:09.002 [VerboseDebug] Starting system: UpgradeTasks
4.12.2025 17:55:09.002 [VerboseDebug] Starting system: ChiselBlockBulkSetMaterial
4.12.2025 17:55:09.003 [VerboseDebug] Starting system: ModSystemDetailModeSync
4.12.2025 17:55:09.003 [VerboseDebug] Starting system: NpcControl
4.12.2025 17:55:09.004 [VerboseDebug] Starting system: ModSystemTiledDungeonGenerator
4.12.2025 17:55:09.004 [VerboseDebug] Starting system: GenFromHeightmap
4.12.2025 17:55:09.005 [VerboseDebug] Starting system: GenMaps
4.12.2025 17:55:09.005 [VerboseDebug] Starting system: GenRockStrataNew
4.12.2025 17:55:09.005 [VerboseDebug] Starting system: GenHotSprings
4.12.2025 17:55:09.005 [VerboseDebug] Starting system: GenCreatures
4.12.2025 17:55:09.005 [VerboseDebug] Starting system: ModSystemExplosionAffectedStability
4.12.2025 17:55:09.005 [VerboseDebug] Starting system: MyceliumSystem
4.12.2025 17:55:09.006 [VerboseDebug] Starting system: ModsystemButterflySpawnCondsExtra
4.12.2025 17:55:09.006 [VerboseDebug] Starting system: ModSystemCatchCreature
4.12.2025 17:55:09.006 [VerboseDebug] Starting system: ModSystemGliding
4.12.2025 17:55:09.006 [VerboseDebug] Starting system: ModSystemSwoopDev
4.12.2025 17:55:09.006 [VerboseDebug] Starting system: Timeswitch
4.12.2025 17:55:09.007 [VerboseDebug] Starting system: ClutterBookshelfUtil
4.12.2025 17:55:09.007 [VerboseDebug] Starting system: ScreenshakeToClientModSystem
4.12.2025 17:55:09.007 [VerboseDebug] Starting system: ModSystemResoArchiveCommands
4.12.2025 17:55:09.007 [VerboseDebug] Starting system: StoryStructuresSpawnConditions
4.12.2025 17:55:09.008 [VerboseDebug] Starting system: ModSystemNPCHairStyling
4.12.2025 17:55:09.008 [VerboseDebug] Starting system: ModSystemSkinnableAdditions
4.12.2025 17:55:09.008 [VerboseDebug] Starting system: ModSystemVillagerDebug
4.12.2025 17:55:09.008 [VerboseDebug] Starting system: ModSystemAuction
4.12.2025 17:55:09.009 [VerboseDebug] Starting system: ModSystemBlockReinforcement
4.12.2025 17:55:09.009 [VerboseDebug] Starting system: Core
4.12.2025 17:55:09.009 [VerboseDebug] Starting system: ModSystemBoatingSoundAndRatlineStamina
4.12.2025 17:55:09.010 [VerboseDebug] Starting system: CharacterSystem
4.12.2025 17:55:09.010 [VerboseDebug] Starting system: VariablesModSystem
4.12.2025 17:55:09.010 [VerboseDebug] Starting system: ModsystemElevator
4.12.2025 17:55:09.010 [VerboseDebug] Starting system: ActivityModSystem
4.12.2025 17:55:09.010 [VerboseDebug] Starting system: ActivityEditorSystem
4.12.2025 17:55:09.011 [VerboseDebug] Starting system: FruitingSystem
4.12.2025 17:55:09.011 [VerboseDebug] Starting system: ModSystemCommandHandbook
4.12.2025 17:55:09.011 [VerboseDebug] Starting system: ModSystemTutorial
4.12.2025 17:55:09.011 [VerboseDebug] Starting system: ModSystemCorpseReturnTeleporter
4.12.2025 17:55:09.011 [VerboseDebug] Starting system: ModSystemNightVision
4.12.2025 17:55:09.011 [VerboseDebug] Starting system: TobiasTeleporter
4.12.2025 17:55:09.012 [VerboseDebug] Starting system: ModJournal
4.12.2025 17:55:09.012 [VerboseDebug] Starting system: LiquidItemStackRenderer
4.12.2025 17:55:09.012 [VerboseDebug] Starting system: ModSystemStructureLocator
4.12.2025 17:55:09.012 [VerboseDebug] Starting system: ModLootRandomizer
4.12.2025 17:55:09.012 [VerboseDebug] Starting system: ModSystemEntityOwnership
4.12.2025 17:55:09.012 [VerboseDebug] Starting system: ModSystemRifts
4.12.2025 17:55:09.013 [VerboseDebug] Starting system: ModSystemRiftWeather
4.12.2025 17:55:09.015 [VerboseDebug] Starting system: ModSleeping
4.12.2025 17:55:09.015 [VerboseDebug] Starting system: ModSystemSupportBeamPlacer
4.12.2025 17:55:09.015 [VerboseDebug] Starting system: TeleporterManager
4.12.2025 17:55:09.016 [VerboseDebug] Starting system: ModTemperature
4.12.2025 17:55:09.016 [VerboseDebug] Starting system: SystemTemporalStability
4.12.2025 17:55:09.016 [VerboseDebug] Starting system: TemporalStabilityEffects
4.12.2025 17:55:09.016 [VerboseDebug] Starting system: ModSystemWearableStats
4.12.2025 17:55:09.016 [VerboseDebug] Starting system: ModSystemEditableBook
4.12.2025 17:55:09.016 [VerboseDebug] Starting system: MechanicalPowerMod
4.12.2025 17:55:09.017 [VerboseDebug] Starting system: GenDungeons
4.12.2025 17:55:09.069 [VerboseDebug] Starting system: ModRegistryObjectTypeLoader
4.12.2025 17:55:09.069 [VerboseDebug] Starting system: GenDeposits
4.12.2025 17:55:09.069 [VerboseDebug] Starting system: GenStoryStructures
4.12.2025 17:55:09.070 [VerboseDebug] Starting system: LoadColorMaps
4.12.2025 17:55:09.070 [VerboseDebug] Starting system: GenCaves
4.12.2025 17:55:09.070 [VerboseDebug] Starting system: GenStructures
4.12.2025 17:55:09.070 [VerboseDebug] Starting system: WgenCommands
4.12.2025 17:55:09.073 [VerboseDebug] Starting system: GenDevastationLayer
4.12.2025 17:55:09.073 [VerboseDebug] Starting system: ClothManager
4.12.2025 17:55:09.074 [VerboseDebug] Starting system: GenBlockLayersFlat
4.12.2025 17:55:09.074 [VerboseDebug] Starting system: GenBlockLayers
4.12.2025 17:55:09.074 [VerboseDebug] Starting system: GenPonds
4.12.2025 17:55:09.074 [VerboseDebug] Starting system: GenStructuresPosPass
4.12.2025 17:55:09.074 [VerboseDebug] Starting system: GenVegetationAndPatches
4.12.2025 17:55:09.075 [VerboseDebug] Starting system: RecipeRegistrySystem
4.12.2025 17:55:09.075 [VerboseDebug] Starting system: GenRivulets
4.12.2025 17:55:09.075 [VerboseDebug] Starting system: GenLightCreative
4.12.2025 17:55:09.075 [VerboseDebug] Starting system: GenLightSurvival
4.12.2025 17:55:09.075 [VerboseDebug] Starting system: GridRecipeLoader
4.12.2025 17:55:09.075 [VerboseDebug] Starting system: RecipeLoader
4.12.2025 17:55:09.075 [VerboseDebug] Starting system: ModSystemFireFromLightning
4.12.2025 17:55:09.075 [VerboseDebug] Starting system: ModSystemOreMap
4.12.2025 17:55:09.075 [VerboseDebug] Starting system: ModSystemSnowballs
4.12.2025 17:55:09.075 [VerboseDebug] Starting system: HumanoidOutfits
4.12.2025 17:55:09.075 [VerboseDebug] Starting system: ModSystemDevastationEffects
4.12.2025 17:55:09.076 [VerboseDebug] Starting system: DisableRecipeRegisteringSystem
4.12.2025 17:55:09.092 [VerboseDebug] Entity shape loading starting ...
4.12.2025 17:55:10.496 [VerboseDebug] Entity shape loading completed
4.12.2025 17:55:10 [Debug] Loading leaf block decay system
4.12.2025 17:55:10 [Debug] Finished loading leaf block decay system
4.12.2025 17:55:10 [Debug] Block simulation loaded blocks
4.12.2025 17:55:10.952 [VerboseDebug] Initialised GenRockStrata
4.12.2025 17:55:11 [Debug] Block simulation loaded items
4.12.2025 17:55:11.026 [VerboseDebug] Entering runphase GameReady
4.12.2025 17:55:11.036 [VerboseDebug] Entering runphase WorldReady
4.12.2025 17:55:11.043 [VerboseDebug] Starting to build server assets packet
4.12.2025 17:55:11.045 [VerboseDebug] Init worldgen for GenTerra
4.12.2025 17:55:11.047 [VerboseDebug] Init worldgen for GenSnowLayer
4.12.2025 17:55:11.047 [VerboseDebug] Init worldgen for GenMaps
4.12.2025 17:55:11.070 [VerboseDebug] Init worldgen for GenRockStrataNew
4.12.2025 17:55:11.071 [VerboseDebug] Initialised GenRockStrata
4.12.2025 17:55:11.071 [VerboseDebug] Init worldgen for GenHotSprings
4.12.2025 17:55:11.071 [VerboseDebug] Init worldgen for GenCreatures
4.12.2025 17:55:11.075 [VerboseDebug] Init worldgen for GenDeposits
4.12.2025 17:55:11.079 [VerboseDebug] Initialised GenDeposits
4.12.2025 17:55:11.079 [VerboseDebug] Init worldgen for GenStoryStructures
4.12.2025 17:55:11.136 [VerboseDebug] Initialised GenDeposits
4.12.2025 17:55:12.155 [VerboseDebug] Init worldgen for GenCaves
4.12.2025 17:55:12.155 [VerboseDebug] Init worldgen for GenStructures
4.12.2025 17:55:12.157 [VerboseDebug] Finished building server assets packet
4.12.2025 17:55:12.159 [VerboseDebug] Single player: sent server assets packet to client
4.12.2025 17:55:12.781 [VerboseDebug] Init worldgen for WgenCommands
4.12.2025 17:55:12.781 [VerboseDebug] Init worldgen for GenDevastationLayer
4.12.2025 17:55:12.782 [VerboseDebug] Setup dim2 495744, 522176
4.12.2025 17:55:12.810 [VerboseDebug] Init worldgen for GenBlockLayers
4.12.2025 17:55:12.810 [VerboseDebug] Init worldgen for GenPonds
4.12.2025 17:55:12.810 [VerboseDebug] Init worldgen for GenVegetationAndPatches
4.12.2025 17:55:13.014 [VerboseDebug] Init worldgen for GenRivulets
4.12.2025 17:55:13.015 [VerboseDebug] Done all worldgens
4.12.2025 17:55:13.026 [VerboseDebug] Starting area loading/generation: columns 49, total queue length 49
4.12.2025 17:55:22.011 [VerboseDebug] Completed area loading/generation
4.12.2025 17:55:22.099 [VerboseDebug] Done spawn chunk
4.12.2025 17:55:22.099 [VerboseDebug] Entering runphase RunGame
4.12.2025 17:55:22.267 [VerboseDebug] Received identification packet from R1shy
4.12.2025 17:55:22 [Debug] UDP: Client 1 did send UDP
4.12.2025 17:55:25.351 [VerboseDebug] HandleRequestJoin: Begin. Player: R1shy
4.12.2025 17:55:25.351 [VerboseDebug] HandleRequestJoin: Before set name
4.12.2025 17:55:25.354 [VerboseDebug] HandleRequestJoin: After Level initialize
4.12.2025 17:55:25.388 [VerboseDebug] HandleRequestJoin: After broadcastplayerdata. hotbarslot: Vintagestory.API.Common.ItemSlotSurvival
4.12.2025 17:55:25.388 [VerboseDebug] HandleRequestJoin: After LevelFinalize
4.12.2025 17:59:46.142 [VerboseDebug] Received respawn request from R1shy
4.12.2025 17:59:46.146 [VerboseDebug] Respawn key received. Teleporting player to spawn and reviving once chunks have loaded.
4.12.2025 18:05:17.282 [VerboseDebug] Entering runphase Shutdown
