2025-12-07 19:48:12.698 [info] ChatSessionStore: Migrating 0 chat sessions from storage service to file system
2025-12-07 19:48:12.828 [info] Started local extension host with pid 2959.
2025-12-07 19:48:12.891 [info] Started initializing default profile extensions in extensions installation folder. file:///home/rishy/.vscode-oss/extensions
2025-12-07 19:48:13.090 [info] Completed initializing default profile extensions in extensions installation folder. file:///home/rishy/.vscode-oss/extensions
2025-12-07 19:48:15.893 [info] [perf] Render performance baseline is 25ms
2025-12-07 19:48:23.826 [info] ChatSessionStore: Migrating 0 chat sessions from storage service to file system
2025-12-07 19:48:23.917 [info] Started local extension host with pid 4628.
2025-12-07 19:48:26.509 [info] [perf] Render performance baseline is 15ms
2025-12-07 19:49:46.046 [error] An unknown error occurred. Please consult the log for more details.: EntryNotFound (FileSystemError): 
	at Object.readFile (/usr/lib/code/extensions/git/dist/main.js:2:212031)
2025-12-07 19:50:16.792 [error] An unknown error occurred. Please consult the log for more details.: EntryNotFound (FileSystemError): 
	at Object.readFile (/usr/lib/code/extensions/git/dist/main.js:2:212031)
2025-12-07 19:50:32.197 [error] An unknown error occurred. Please consult the log for more details.: EntryNotFound (FileSystemError): 
	at Object.readFile (/usr/lib/code/extensions/git/dist/main.js:2:212031)
2025-12-07 19:51:47.502 [error] An unknown error occurred. Please consult the log for more details.: EntryNotFound (FileSystemError): 
	at Object.readFile (/usr/lib/code/extensions/git/dist/main.js:2:212031)
	at process.processTicksAndRejections (node:internal/process/task_queues:105:5)
2025-12-07 19:51:49.102 [error] An unknown error occurred. Please consult the log for more details.: EntryNotFound (FileSystemError): 
	at Object.readFile (/usr/lib/code/extensions/git/dist/main.js:2:212031)
2025-12-07 19:52:21.124 [error] An unknown error occurred. Please consult the log for more details.: EntryNotFound (FileSystemError): 
	at Object.readFile (/usr/lib/code/extensions/git/dist/main.js:2:212031)
