2025-11-23 11:08:34.259 [info] Reading sessions from keychain...
2025-11-23 11:08:34.259 [info] Getting sessions for all scopes...
2025-11-23 11:08:34.306 [info] Got 0 sessions for ...
2025-11-23 11:08:34.306 [info] Getting sessions for all scopes...
2025-11-23 11:08:34.306 [info] Got 0 sessions for ...
2025-11-23 11:08:34.306 [info] Getting sessions for all scopes...
2025-11-23 11:08:34.306 [info] Got 0 sessions for ...
2025-11-23 11:08:34.306 [info] Getting sessions for all scopes...
2025-11-23 11:08:34.306 [info] Got 0 sessions for ...
2025-11-23 11:08:34.306 [info] Getting sessions for all scopes...
2025-11-23 11:08:34.306 [info] Got 0 sessions for ...
2025-11-23 11:08:34.306 [info] Getting sessions for all scopes...
2025-11-23 11:08:34.306 [info] Got 0 sessions for ...
2025-11-23 11:08:34.306 [info] Getting sessions for all scopes...
2025-11-23 11:08:34.306 [info] Got 0 sessions for ...
2025-11-23 11:08:34.396 [info] Getting sessions for all scopes...
2025-11-23 11:08:34.396 [info] Got 0 sessions for ...
2025-11-23 11:08:34.397 [info] Getting sessions for all scopes...
2025-11-23 11:08:34.397 [info] Got 0 sessions for ...
2025-11-23 11:08:34.397 [info] Getting sessions for all scopes...
2025-11-23 11:08:34.397 [info] Got 0 sessions for ...
2025-11-23 11:08:34.397 [info] Getting sessions for all scopes...
2025-11-23 11:08:34.397 [info] Got 0 sessions for ...
2025-11-23 11:08:34.397 [info] Getting sessions for all scopes...
2025-11-23 11:08:34.397 [info] Got 0 sessions for ...
2025-11-23 11:08:34.397 [info] Getting sessions for all scopes...
2025-11-23 11:08:34.397 [info] Got 0 sessions for ...
2025-11-23 11:08:34.621 [info] Getting sessions for all scopes...
2025-11-23 11:08:34.621 [info] Got 0 sessions for ...
2025-11-23 11:08:34.704 [info] Getting sessions for read:user,repo,user:email,workflow...
2025-11-23 11:08:34.704 [info] Got 0 sessions for read:user,repo,user:email,workflow...
2025-11-23 11:08:34.874 [info] Getting sessions for all scopes...
2025-11-23 11:08:34.874 [info] Got 0 sessions for ...
2025-11-23 11:08:35.588 [info] Getting sessions for all scopes...
2025-11-23 11:08:35.588 [info] Got 0 sessions for ...
