2025-12-07 19:48:13.523 [info] Reading sessions from keychain...
2025-12-07 19:48:13.523 [info] Getting sessions for all scopes...
2025-12-07 19:48:13.523 [info] Got 0 sessions for ...
2025-12-07 19:48:13.523 [info] Getting sessions for all scopes...
2025-12-07 19:48:13.523 [info] Got 0 sessions for ...
2025-12-07 19:48:13.523 [info] Getting sessions for all scopes...
2025-12-07 19:48:13.523 [info] Got 0 sessions for ...
2025-12-07 19:48:13.523 [info] Getting sessions for all scopes...
2025-12-07 19:48:13.523 [info] Got 0 sessions for ...
2025-12-07 19:48:13.523 [info] Getting sessions for all scopes...
2025-12-07 19:48:13.523 [info] Got 0 sessions for ...
2025-12-07 19:48:13.523 [info] Getting sessions for all scopes...
2025-12-07 19:48:13.523 [info] Got 0 sessions for ...
2025-12-07 19:48:13.523 [info] Getting sessions for all scopes...
2025-12-07 19:48:13.523 [info] Got 0 sessions for ...
2025-12-07 19:48:13.523 [info] Getting sessions for all scopes...
2025-12-07 19:48:13.523 [info] Got 0 sessions for ...
2025-12-07 19:48:13.523 [info] Getting sessions for all scopes...
2025-12-07 19:48:13.523 [info] Got 0 sessions for ...
2025-12-07 19:48:13.532 [info] Getting sessions for all scopes...
2025-12-07 19:48:13.532 [info] Got 0 sessions for ...
2025-12-07 19:48:13.533 [info] Getting sessions for all scopes...
2025-12-07 19:48:13.533 [info] Got 0 sessions for ...
2025-12-07 19:48:13.533 [info] Getting sessions for all scopes...
2025-12-07 19:48:13.533 [info] Got 0 sessions for ...
2025-12-07 19:48:13.533 [info] Getting sessions for all scopes...
2025-12-07 19:48:13.533 [info] Got 0 sessions for ...
2025-12-07 19:48:13.533 [info] Getting sessions for all scopes...
2025-12-07 19:48:13.533 [info] Got 0 sessions for ...
2025-12-07 19:48:13.533 [info] Getting sessions for all scopes...
2025-12-07 19:48:13.533 [info] Got 0 sessions for ...
2025-12-07 19:48:15.267 [info] Getting sessions for all scopes...
2025-12-07 19:48:15.267 [info] Got 0 sessions for ...
2025-12-07 19:48:24.493 [info] Reading sessions from keychain...
2025-12-07 19:48:24.493 [info] Getting sessions for all scopes...
2025-12-07 19:48:24.493 [info] Got 0 sessions for ...
2025-12-07 19:48:24.493 [info] Getting sessions for all scopes...
2025-12-07 19:48:24.493 [info] Got 0 sessions for ...
2025-12-07 19:48:24.493 [info] Getting sessions for all scopes...
2025-12-07 19:48:24.493 [info] Got 0 sessions for ...
2025-12-07 19:48:24.493 [info] Getting sessions for all scopes...
2025-12-07 19:48:24.493 [info] Got 0 sessions for ...
2025-12-07 19:48:24.493 [info] Getting sessions for all scopes...
2025-12-07 19:48:24.493 [info] Got 0 sessions for ...
2025-12-07 19:48:24.493 [info] Getting sessions for all scopes...
2025-12-07 19:48:24.493 [info] Got 0 sessions for ...
2025-12-07 19:48:24.493 [info] Getting sessions for all scopes...
2025-12-07 19:48:24.493 [info] Got 0 sessions for ...
2025-12-07 19:48:24.493 [info] Getting sessions for all scopes...
2025-12-07 19:48:24.493 [info] Got 0 sessions for ...
2025-12-07 19:48:24.509 [info] Getting sessions for all scopes...
2025-12-07 19:48:24.509 [info] Got 0 sessions for ...
2025-12-07 19:48:24.509 [info] Getting sessions for all scopes...
2025-12-07 19:48:24.509 [info] Got 0 sessions for ...
2025-12-07 19:48:24.509 [info] Getting sessions for all scopes...
2025-12-07 19:48:24.509 [info] Got 0 sessions for ...
2025-12-07 19:48:24.509 [info] Getting sessions for all scopes...
2025-12-07 19:48:24.509 [info] Got 0 sessions for ...
2025-12-07 19:48:24.510 [info] Getting sessions for all scopes...
2025-12-07 19:48:24.510 [info] Got 0 sessions for ...
2025-12-07 19:48:24.510 [info] Getting sessions for all scopes...
2025-12-07 19:48:24.510 [info] Got 0 sessions for ...
2025-12-07 19:48:26.407 [info] Getting sessions for all scopes...
2025-12-07 19:48:26.407 [info] Got 0 sessions for ...
2025-12-07 19:48:27.149 [info] Getting sessions for read:user,repo,user:email,workflow...
2025-12-07 19:48:27.149 [info] Got 0 sessions for read:user,repo,user:email,workflow...
2025-12-07 19:48:28.637 [info] Getting sessions for read:user,repo,user:email,workflow...
2025-12-07 19:48:28.637 [info] Got 0 sessions for read:user,repo,user:email,workflow...
