2025-11-20 18:43:36.236 [info] Extension host with pid 5538 started
2025-11-20 18:43:36.236 [info] Skipping acquiring lock for /home/rishy/.config/Code/User/workspaceStorage/40104549c5e04359f7f81d454ccd0a10.
2025-11-20 18:43:36.626 [info] ExtensionService#_doActivateExtension vscode.github-authentication, startup: false, activationEvent: 'onAuthenticationRequest:github'
2025-11-20 18:43:36.659 [info] ExtensionService#_doActivateExtension vscode.emmet, startup: false, activationEvent: 'onLanguage'
2025-11-20 18:43:36.675 [info] ExtensionService#_doActivateExtension ms-python.python, startup: false, activationEvent: 'onLanguage:python', root cause: ms-python.debugpy
2025-11-20 18:43:36.851 [info] ExtensionService#_doActivateExtension ms-python.vscode-pylance, startup: false, activationEvent: 'onLanguage:python'
2025-11-20 18:43:37.321 [info] ExtensionService#_doActivateExtension ms-python.vscode-python-envs, startup: false, activationEvent: 'onLanguage:python'
2025-11-20 18:43:37.363 [info] ExtensionService#_doActivateExtension vscode.terminal-suggest, startup: false, activationEvent: 'onTerminalShellIntegration:*'
2025-11-20 18:43:37.578 [info] ExtensionService#_doActivateExtension vscode.git-base, startup: true, activationEvent: '*', root cause: vscode.git
2025-11-20 18:43:37.663 [info] ExtensionService#_doActivateExtension vscode.git, startup: true, activationEvent: '*'
2025-11-20 18:43:37.714 [info] ExtensionService#_doActivateExtension vscode.github, startup: true, activationEvent: '*'
2025-11-20 18:43:37.876 [info] Eager extensions activated
2025-11-20 18:43:37.891 [info] ExtensionService#_doActivateExtension vscode.debug-auto-launch, startup: false, activationEvent: 'onStartupFinished'
2025-11-20 18:43:37.894 [info] ExtensionService#_doActivateExtension vscode.merge-conflict, startup: false, activationEvent: 'onStartupFinished'
2025-11-20 18:43:38.189 [info] ExtensionService#_doActivateExtension ms-python.debugpy, startup: false, activationEvent: 'onLanguage:python'
2025-11-20 18:43:39.683 [warning] DiagnosticCollection with name 'Pylance' does already exist.
2025-11-20 18:43:39.685 [warning] DiagnosticCollection with name 'Pylance' does already exist.
2025-11-20 18:43:44.285 [info] Extension host terminating: renderer closed the MessagePort
2025-11-20 18:43:44.301 [error] TypeError: Cannot read properties of undefined (reading 'subscriptions')
	at Object.G [as deactivate] (/home/rishy/.vscode/extensions/ms-python.vscode-python-envs-1.12.0-linux-x64/dist/extension.js:2:681672)
	at kX.eb (file:///snap/code/214/usr/share/code/resources/app/out/vs/workbench/api/node/extensionHostProcess.js:118:11850)
	at file:///snap/code/214/usr/share/code/resources/app/out/vs/workbench/api/node/extensionHostProcess.js:118:10000
	at Array.map (<anonymous>)
	at kX.$ (file:///snap/code/214/usr/share/code/resources/app/out/vs/workbench/api/node/extensionHostProcess.js:118:9988)
	at kX.terminate (file:///snap/code/214/usr/share/code/resources/app/out/vs/workbench/api/node/extensionHostProcess.js:118:10231)
	at nN.terminate (file:///snap/code/214/usr/share/code/resources/app/out/vs/workbench/api/node/extensionHostProcess.js:120:914)
	at Fs (file:///snap/code/214/usr/share/code/resources/app/out/vs/workbench/api/node/extensionHostProcess.js:402:10411)
	at MessagePortMain.<anonymous> (file:///snap/code/214/usr/share/code/resources/app/out/vs/workbench/api/node/extensionHostProcess.js:402:6949)
	at MessagePortMain.emit (node:events:519:28)
	at MessagePortMain._internalPort.emit (node:electron/js2c/utility_init:2:2949)
2025-11-20 18:43:44.301 [info] Extension host with pid 5538 exiting with code 0
2025-11-20 18:43:45.279 [info] Extension host with pid 6214 started
2025-11-20 18:43:45.279 [info] Skipping acquiring lock for /home/rishy/.config/Code/User/workspaceStorage/6806f8305b25316b6716aff2031e2264.
2025-11-20 18:43:45.336 [info] ExtensionService#_doActivateExtension vscode.github-authentication, startup: false, activationEvent: 'onAuthenticationRequest:github'
2025-11-20 18:43:45.357 [info] ExtensionService#_doActivateExtension vscode.emmet, startup: false, activationEvent: 'onLanguage'
2025-11-20 18:43:45.427 [info] ExtensionService#_doActivateExtension vscode.git-base, startup: true, activationEvent: '*'
2025-11-20 18:43:45.431 [info] ExtensionService#_doActivateExtension vscode.github, startup: true, activationEvent: '*'
2025-11-20 18:43:45.493 [info] Eager extensions activated
2025-11-20 18:43:45.517 [info] ExtensionService#_doActivateExtension vscode.debug-auto-launch, startup: false, activationEvent: 'onStartupFinished'
2025-11-20 18:43:45.519 [info] ExtensionService#_doActivateExtension vscode.merge-conflict, startup: false, activationEvent: 'onStartupFinished'
2025-11-20 18:43:48.477 [info] ExtensionService#_doActivateExtension vscode.git, startup: false, activationEvent: 'api', root cause: vscode.github
2025-11-20 18:45:33.027 [info] ExtensionService#_doActivateExtension rust-lang.rust-analyzer, startup: false, activationEvent: 'onLanguage:rust'
2025-11-20 18:45:33.110 [info] ExtensionService#_doActivateExtension serayuzgur.crates, startup: false, activationEvent: 'workspaceContains:*/Cargo.toml'
2025-11-20 18:48:16.349 [info] Extension host terminating: renderer closed the MessagePort
2025-11-20 18:48:16.361 [error] Canceled: Canceled
	at new ij (file:///snap/code/214/usr/share/code/resources/app/out/vs/workbench/api/node/extensionHostProcess.js:29:120021)
	at JS.U (file:///snap/code/214/usr/share/code/resources/app/out/vs/workbench/api/node/extensionHostProcess.js:29:124631)
	at s.<computed>.n.charCodeAt.s.<computed> (file:///snap/code/214/usr/share/code/resources/app/out/vs/workbench/api/node/extensionHostProcess.js:29:122125)
	at Zy.g (file:///snap/code/214/usr/share/code/resources/app/out/vs/workbench/api/node/extensionHostProcess.js:114:41133)
	at Zy.executeCommand (file:///snap/code/214/usr/share/code/resources/app/out/vs/workbench/api/node/extensionHostProcess.js:114:40637)
	at i.registerCommand.description (file:///snap/code/214/usr/share/code/resources/app/out/vs/workbench/api/node/extensionHostProcess.js:114:39967)
	at Zy.h (file:///snap/code/214/usr/share/code/resources/app/out/vs/workbench/api/node/extensionHostProcess.js:114:41653)
	at Zy.g (file:///snap/code/214/usr/share/code/resources/app/out/vs/workbench/api/node/extensionHostProcess.js:114:40730)
	at Zy.executeCommand (file:///snap/code/214/usr/share/code/resources/app/out/vs/workbench/api/node/extensionHostProcess.js:114:40637)
	at Object.executeCommand (file:///snap/code/214/usr/share/code/resources/app/out/vs/workbench/api/node/extensionHostProcess.js:210:101000)
	at Ka (/home/rishy/.vscode/extensions/rust-lang.rust-analyzer-0.3.2683-linux-x64/out/main.js:63:14957)
	at Object.S2 (/home/rishy/.vscode/extensions/rust-lang.rust-analyzer-0.3.2683-linux-x64/out/main.js:403:593)
	at kX.eb (file:///snap/code/214/usr/share/code/resources/app/out/vs/workbench/api/node/extensionHostProcess.js:118:11850)
	at file:///snap/code/214/usr/share/code/resources/app/out/vs/workbench/api/node/extensionHostProcess.js:118:10000
	at Array.map (<anonymous>)
	at kX.$ (file:///snap/code/214/usr/share/code/resources/app/out/vs/workbench/api/node/extensionHostProcess.js:118:9988)
	at kX.terminate (file:///snap/code/214/usr/share/code/resources/app/out/vs/workbench/api/node/extensionHostProcess.js:118:10231)
	at nN.terminate (file:///snap/code/214/usr/share/code/resources/app/out/vs/workbench/api/node/extensionHostProcess.js:120:914)
	at Fs (file:///snap/code/214/usr/share/code/resources/app/out/vs/workbench/api/node/extensionHostProcess.js:402:10411)
	at MessagePortMain.<anonymous> (file:///snap/code/214/usr/share/code/resources/app/out/vs/workbench/api/node/extensionHostProcess.js:402:6949)
	at MessagePortMain.emit (node:events:519:28)
	at MessagePortMain._internalPort.emit (node:electron/js2c/utility_init:2:2949)
2025-11-20 18:48:16.361 [info] Extension host with pid 6214 exiting with code 0
