2025-11-22 12:03:41.692 [info] Reading sessions from keychain...
2025-11-22 12:03:41.692 [info] Getting sessions for all scopes...
2025-11-22 12:03:41.692 [info] Got 0 sessions for ...
2025-11-22 12:03:41.692 [info] Getting sessions for all scopes...
2025-11-22 12:03:41.692 [info] Got 0 sessions for ...
2025-11-22 12:03:41.692 [info] Getting sessions for all scopes...
2025-11-22 12:03:41.692 [info] Got 0 sessions for ...
2025-11-22 12:03:41.692 [info] Getting sessions for all scopes...
2025-11-22 12:03:41.692 [info] Got 0 sessions for ...
2025-11-22 12:03:41.692 [info] Getting sessions for all scopes...
2025-11-22 12:03:41.692 [info] Got 0 sessions for ...
2025-11-22 12:03:41.692 [info] Getting sessions for all scopes...
2025-11-22 12:03:41.692 [info] Got 0 sessions for ...
2025-11-22 12:03:41.692 [info] Getting sessions for all scopes...
2025-11-22 12:03:41.692 [info] Got 0 sessions for ...
2025-11-22 12:03:41.692 [info] Getting sessions for all scopes...
2025-11-22 12:03:41.692 [info] Got 0 sessions for ...
2025-11-22 12:03:41.692 [info] Getting sessions for all scopes...
2025-11-22 12:03:41.692 [info] Got 0 sessions for ...
2025-11-22 12:03:41.692 [info] Getting sessions for all scopes...
2025-11-22 12:03:41.692 [info] Got 0 sessions for ...
2025-11-22 12:03:41.692 [info] Getting sessions for all scopes...
2025-11-22 12:03:41.692 [info] Got 0 sessions for ...
2025-11-22 12:03:41.692 [info] Getting sessions for all scopes...
2025-11-22 12:03:41.692 [info] Got 0 sessions for ...
2025-11-22 12:03:41.692 [info] Getting sessions for all scopes...
2025-11-22 12:03:41.692 [info] Got 0 sessions for ...
2025-11-22 12:03:41.692 [info] Getting sessions for all scopes...
2025-11-22 12:03:41.692 [info] Got 0 sessions for ...
2025-11-22 12:03:41.706 [info] Getting sessions for all scopes...
2025-11-22 12:03:41.706 [info] Got 0 sessions for ...
2025-11-22 12:03:41.722 [info] Getting sessions for all scopes...
2025-11-22 12:03:41.722 [info] Got 0 sessions for ...
2025-11-22 12:03:43.475 [info] Getting sessions for all scopes...
2025-11-22 12:03:43.475 [info] Got 0 sessions for ...
2025-11-22 12:03:54.839 [info] Reading sessions from keychain...
2025-11-22 12:03:54.839 [info] Getting sessions for all scopes...
2025-11-22 12:03:54.868 [info] Got 0 sessions for ...
2025-11-22 12:03:54.868 [info] Getting sessions for all scopes...
2025-11-22 12:03:54.868 [info] Got 0 sessions for ...
2025-11-22 12:03:54.869 [info] Getting sessions for all scopes...
2025-11-22 12:03:54.869 [info] Got 0 sessions for ...
2025-11-22 12:03:54.869 [info] Getting sessions for all scopes...
2025-11-22 12:03:54.869 [info] Got 0 sessions for ...
2025-11-22 12:03:54.869 [info] Getting sessions for all scopes...
2025-11-22 12:03:54.869 [info] Got 0 sessions for ...
2025-11-22 12:03:54.869 [info] Getting sessions for all scopes...
2025-11-22 12:03:54.869 [info] Got 0 sessions for ...
2025-11-22 12:03:54.869 [info] Getting sessions for all scopes...
2025-11-22 12:03:54.869 [info] Got 0 sessions for ...
2025-11-22 12:03:54.889 [info] Getting sessions for all scopes...
2025-11-22 12:03:54.889 [info] Got 0 sessions for ...
2025-11-22 12:03:54.889 [info] Getting sessions for all scopes...
2025-11-22 12:03:54.889 [info] Got 0 sessions for ...
2025-11-22 12:03:54.889 [info] Getting sessions for all scopes...
2025-11-22 12:03:54.889 [info] Got 0 sessions for ...
2025-11-22 12:03:54.889 [info] Getting sessions for all scopes...
2025-11-22 12:03:54.889 [info] Got 0 sessions for ...
2025-11-22 12:03:54.889 [info] Getting sessions for all scopes...
2025-11-22 12:03:54.889 [info] Got 0 sessions for ...
2025-11-22 12:03:54.890 [info] Getting sessions for all scopes...
2025-11-22 12:03:54.890 [info] Got 0 sessions for ...
2025-11-22 12:03:55.202 [info] Getting sessions for all scopes...
2025-11-22 12:03:55.202 [info] Got 0 sessions for ...
2025-11-22 12:03:55.276 [info] Getting sessions for read:user,repo,user:email,workflow...
2025-11-22 12:03:55.276 [info] Got 0 sessions for read:user,repo,user:email,workflow...
2025-11-22 12:03:55.408 [info] Getting sessions for all scopes...
2025-11-22 12:03:55.408 [info] Got 0 sessions for ...
2025-11-22 12:03:56.265 [info] Getting sessions for all scopes...
2025-11-22 12:03:56.265 [info] Got 0 sessions for ...
