2025-04-24 16:34:16.365 [info] [main] Log level: Info
2025-04-24 16:34:16.365 [info] [main] Validating found git in: "git"
2025-04-24 16:34:16.365 [info] [main] Using git "2.49.0" from "git"
2025-04-24 16:34:16.365 [info] [Model][doInitialScan] Initial repository scan started
2025-04-24 16:34:16.365 [info] [Model][doInitialScan] Initial repository scan completed - repositories (0), closed repositories (0), parent repositories (0), unsafe repositories (0)
2025-04-24 16:34:31.299 [info] [main] Log level: Info
2025-04-24 16:34:31.299 [info] [main] Validating found git in: "git"
2025-04-24 16:34:31.299 [info] [main] Using git "2.49.0" from "git"
2025-04-24 16:34:31.299 [info] [Model][doInitialScan] Initial repository scan started
2025-04-24 16:34:31.299 [info] > git rev-parse --show-toplevel [4ms]
2025-04-24 16:34:31.299 [info] fatal: not a git repository (or any of the parent directories): .git
2025-04-24 16:34:31.305 [info] > git rev-parse --show-toplevel [1ms]
2025-04-24 16:34:31.305 [info] fatal: not a git repository (or any of the parent directories): .git
2025-04-24 16:34:31.311 [info] > git rev-parse --show-toplevel [1ms]
2025-04-24 16:34:31.311 [info] fatal: not a git repository (or any of the parent directories): .git
2025-04-24 16:34:31.311 [info] [Model][doInitialScan] Initial repository scan completed - repositories (0), closed repositories (0), parent repositories (0), unsafe repositories (0)
2025-04-24 16:34:33.067 [info] > git rev-parse --show-toplevel [5ms]
2025-04-24 16:34:33.067 [info] fatal: not a git repository (or any of the parent directories): .git
2025-04-24 16:34:39.546 [info] > git rev-parse --show-toplevel [1ms]
2025-04-24 16:34:39.546 [info] fatal: not a git repository (or any of the parent directories): .git
