[25347][1756942572773][main][info]["Booting Postman 11.61.5, linux-6.16.4-asahi-2-1-ARCH on arm64"]
[25347][1756942572774][main][info]["EventBus~initialize - Success"]
[25347][1756942572775][main][info]["Proxy configuration has not been setup"]
[25347][1756942572775][main][info]["CloudProxyManager~init - Success"]
[25347][1756942572800][main][info]["performShellDataMigration: Starting shell data migration"]
[25347][1756942572800][main][info]["migrateShellData:Starting"]
[25347][1756942572802][main][info]["migrateShellData: Old storage cleaned up"]
[25347][1756942572917][main][info]["migrateShellData: Got data from shell. Writing to storage"]
[25347][1756942572921][main][info]["performShellDataMigration: Migration successful on try count 1"]
[25347][1756942572933][main][info]["UpdateHandler~init - Success"]
[25347][1756942572935][main][info]["LeaderSelection: Initialized successfully"]
[25347][1756942572960][main][info]["GPU detected VID 0 DID 0 ACTIVE false"]
[25347][1756942572989][main][info]["main.js: Agent started"]
[25347][1756942572990][main][info]["shellController~init: Success"]
[25347][1756942572990][main][info]["shellMeta~init: Success"]
[25347][1756942572990][main][info]["partitionMigrationService: State of V7 partition:"]
[25347][1756942572990][main][info]["partitionMigrationService: V7 partitions",[]]
[25347][1756942572990][main][info]["partitionMigrationService~rectifyNamespaceOfScratchPadPartition: There is no partition with scratchpad namespace"]
[25347][1756942572990][main][info]["partitionMigrationService~rectifyNamespaceOfScratchPadPartition: There is no transit partition which could have been used for scratchpad"]
[25347][1756942572990][main][info]["partitionMigrationService~init: Success"]
[25347][1756942572991][main][info]["partitionMigrationService~runV8PartitionsIntegrity: Two way migration~ removing the following partitions from v8",[]]
[25347][1756942572991][main][info]["userPartitionService~_rectifyTheActivePartitionOfApplication: Setting the active partition to ",null]
[25347][1756942572998][main][info]["LinuxAutoUpdater~Cleanup - Initial cleanup successful"]
[25347][1756942573001][main][info]["newAccountRegionPreferenceService~getPreferenceWithFallback - Preference not found in storage."]
[25347][1756942573001][main][info]["newAccountRegionPreferenceService~getToggleMenuTemplate - Using preference:","useUSRegion"]
[25347][1756942573011][main][info]["userPartitionService~init: Success"]
[25347][1756942573018][main][info]["userPartitionService: State of v8 partition system:"]
[25347][1756942573018][main][info]["shell~init~getPartitionToLoad: loading scratchpad partition"]
[25347][1756942573018][main][info]["userPartitionService: List of partitions:",[]]
[25347][1756942573018][main][info]["userPartitionService: users global meta:",{}]
[25347][1756942573023][main][info]["Main:windowManager~newRequesterWindow: Fetch and update runtime config: undefined"]
[25347][1756942574171][main][info]["RuntimeIPCAgent~started: Success"]
[25347][1756942574181][main][info]["Main~scratchpadThemeAction:: action: set, value: light"]
[25347][1756942574183][main][info]["Main~scratchpadThemeAction:: action: set, value: light"]
[25347][1756942574187][main][info]["Main~scratchpadThemeAction:: action: set, value: light"]
[25347][1756942574198][main][info]["UpdateHandler~app-update-events - Received event",{"name":"checkForElectronVersionUpdated","namespace":"appUpdate"}]
[25347][1756942574199][main][info]["windowManager: First requester booted successfully."]
[25347][1756942574199][main][info]["windowManager~restoreWindows: Restoring requester windows"]
[25347][1756942574199][main][info]["WebVersionService: Initialized successfully with version: undefined"]
[25347][1756942574199][main][info]["Main~AppEvents - Received booted event for process requester.Version undefined UI Version: undefined Desktop Platform Version: 11.61.5"]
[25347][1756942577952][main][info]["Main - model-events~user - (users, add) received"]
[25347][1756942577986][main][info]["WebVersionService: Resetting UI version as user logged out/switched account"]
[25347][1756942577986][main][info]["WebVersionService: Resetting web app version"]
[25347][1756942578092][main][info]["AuthHandler~open: Received dom-ready event."]
[25347][1756942578092][main][info]["AuthHandler~open: Received did-finish-load event."]
[25347][1756942578144][main][warn]["AuthHandler~open: Current app is not default protocol client - Falling back to polling mechanism."]
[25347][1756942578145][main][info]["newAccountRegionPreferenceService~getPreferenceWithFallback - Preference not found in storage."]
[25347][1756942578145][main][info]["newAccountRegionPreferenceService~getRegionPreference - Using preference:","useUSRegion"]
[25347][1756942578145][main][info]["AuthHandler~open: new Account region preference:","us"]
[25347][1756942578146][main][info]["AuthHandler~open: get multiLoginToken token."]
[25347][1756942578146][main][info]["AuthHandler~open: Publishing initialize event to auth-window channel."]
[25347][1756942632531][main][info]["Shell~init~loginUser: associating the user ","38604941"," with transit partition"]
[25347][1756942632531][main][info]["userPartitionService~getNewPartitionId: creating a partition with userId and teamId as 0"]
[25347][1756942632556][main][info]["userPartitionService~associateTransitPartition: ",{"partitionId":"1afdebfe-129a-4609-a2e1-9e06c3929c95","context":{"namespace":"users","userId":"38604941","teamId":"0","region":"us"}}]
[25347][1756942632570][main][info]["userPartitionService: State of v8 partition system:"]
[25347][1756942632571][main][info]["userPartitionService: List of partitions:",[{"partitionId":"1afdebfe-129a-4609-a2e1-9e06c3929c95","namespace":"users","userId":"38604941","teamId":"0","lastUpdated":"2025-09-03T23:37:12.556Z"},{"partitionId":"c79b1fe3-d7c0-417e-8c87-0569f4a5c30f","namespace":"scratchPad","userId":0,"teamId":0,"isDirty":false}]]
[25347][1756942632571][main][info]["userPartitionService: users global meta:",{}]
[25347][1756942632579][main][info]["Main:windowManager~newRequesterWindow: Fetch and update runtime config: us"]
[25347][1756942632621][main][info]["getDesktopReleaseVersionAsQueryParams: webVersion: "]
[25347][1756942633990][main][info]["Main~getRemoteInitPath:: "]
[25347][1756942634048][main][info]["Main - model-events~user - (user, update) received"]
[25347][1756942634048][main][info]["Main~reload: https://desktop.postman.com/?desktopVersion=11.61.5&userId=38604941&teamId=0&region=us"]
[25347][1756942634183][main][info]["UpdateHandler~app-update-events - Received event",{"name":"checkForElectronVersionUpdated","namespace":"appUpdate"}]
[25347][1756942634185][main][info]["INTERCEPTOR CONNECTIVITY: Connecting to Interceptor Bridge"]
[25347][1756942634192][main][info]["windowManager: First requester booted successfully."]
[25347][1756942634193][main][info]["windowManager~restoreWindows: Restoring requester windows"]
[25347][1756942634193][main][info]["WebVersionService: Initialized successfully with version: 11.61.6-ui-250903-0814"]
[25347][1756942634193][main][info]["Main~AppEvents - Received booted event for process requester.Version 11.61.6 UI Version: 11.61.6-ui-250903-0814 Desktop Platform Version: 11.61.5"]
[25347][1756942634237][main][info]["Main~getRemoteInitPath:: "]
[25347][1756942634328][main][info]["INTERCEPTOR CONNECTIVITY: Attempting to start websocket server on port 15611"]
[25347][1756942634334][main][info]["Main~getPlatformLaunchPerfMetrics"]
[25347][1756942634892][main][info]["Main~getRemoteInitPath:: "]
[25347][1756942634940][main][info]["Main - model-events~user - (user, update) received"]
[25347][1756942635083][main][info]["UpdateHandler~app-update-events - Received event",{"name":"checkForElectronVersionUpdated","namespace":"appUpdate"}]
[25347][1756942635096][main][info]["WebVersionService: Initialized successfully with version: 11.61.6-ui-250903-0814"]
[25347][1756942635096][main][info]["Main~AppEvents - Received booted event for process requester.Version 11.61.6 UI Version: 11.61.6-ui-250903-0814 Desktop Platform Version: 11.61.5"]
[25347][1756942635156][main][info]["Main~getRemoteInitPath:: "]
[25347][1756942635400][main][info]["Main~getPlatformLaunchPerfMetrics"]
[25347][1756942635402][main][info]["Main - model-events~user - (user, bootstrapUser) received"]
[25347][1756942635403][main][info]["model-events~user - bootstrapUser received"]
[25347][1756942635938][main][info]["Main - model-events~user - (user, bootstrapUser) received"]
[25347][1756942635938][main][info]["model-events~user - bootstrapUser received"]
[25347][1756942640590][main][info]["Agent.worker: Agent process started"]
[25347][1756942640591][main][info]["Initializing provider:","runtime"]
[25347][1756942640591][main][info]["Initializing provider:","cloudFiles"]
[25347][1756942640594][main][info]["Agent.worker: Provider initialized","cloudFiles"]
[25347][1756942640694][main][info]["Agent.worker: Provider initialized","runtime"]
[25347][1756942771104][main][info]["Initializing provider:","fs"]
[25347][1756942771105][main][info]["Agent.worker: Provider initialized","fs"]
[25347][1756943218260][main][info]["WindowManager~closeHandler - Closed Window (id: 4 )"]
[25347][1756943218284][main][info]["Quitting app"]
