2025-12-07 19:48:13.754 [info] [main] Log level: Info
2025-12-07 19:48:13.754 [info] [main] Validating found git in: "git"
2025-12-07 19:48:13.754 [info] [main] Using git "2.52.0" from "git"
2025-12-07 19:48:13.754 [info] [Model][doInitialScan] Initial repository scan started
2025-12-07 19:48:13.754 [info] [Model][doInitialScan] Initial repository scan completed - repositories (0), closed repositories (0), parent repositories (0), unsafe repositories (0)
2025-12-07 19:48:27.073 [info] [main] Log level: Info
2025-12-07 19:48:27.073 [info] [main] Validating found git in: "git"
2025-12-07 19:48:27.073 [info] [main] Using git "2.52.0" from "git"
2025-12-07 19:48:27.073 [info] [Model][doInitialScan] Initial repository scan started
2025-12-07 19:48:27.073 [info] > git rev-parse --show-toplevel [6ms]
2025-12-07 19:48:27.075 [info] > git rev-parse --git-dir --git-common-dir --show-superproject-working-tree [2ms]
2025-12-07 19:48:27.083 [info] [Model][openRepository] Opened repository (path): /home/rishy/Documents/2026-rebuilt
2025-12-07 19:48:27.083 [info] [Model][openRepository] Opened repository (real path): /home/rishy/Documents/2026-rebuilt
2025-12-07 19:48:27.083 [info] [Model][openRepository] Opened repository (kind): repository
2025-12-07 19:48:27.091 [info] > git rev-parse --show-toplevel [1ms]
2025-12-07 19:48:27.092 [info] > git config --get commit.template [5ms]
2025-12-07 19:48:27.098 [info] > git rev-parse --show-toplevel [3ms]
2025-12-07 19:48:27.102 [info] > git for-each-ref --format=%(refname)%00%(upstream:short)%00%(objectname)%00%(upstream:track)%00%(upstream:remotename)%00%(upstream:remoteref) refs/heads/auton-stuff refs/remotes/auton-stuff [5ms]
2025-12-07 19:48:27.104 [info] > git rev-parse --show-toplevel [3ms]
2025-12-07 19:48:27.117 [info] > git status -z -uall [5ms]
2025-12-07 19:48:27.117 [info] > git rev-parse --show-toplevel [9ms]
2025-12-07 19:48:27.120 [info] > git for-each-ref --sort -committerdate --format %(refname)%00%(objectname)%00%(*objectname) [4ms]
2025-12-07 19:48:27.139 [info] > git for-each-ref --format=%(refname)%00%(upstream:short)%00%(objectname)%00%(upstream:track)%00%(upstream:remotename)%00%(upstream:remoteref) refs/heads/auton-stuff refs/remotes/auton-stuff [4ms]
2025-12-07 19:48:27.142 [info] > git rev-parse --show-toplevel [22ms]
2025-12-07 19:48:27.145 [info] > git config --get --local branch.auton-stuff.vscode-merge-base [3ms]
2025-12-07 19:48:27.146 [warning] [Git][config] git config failed: Failed to execute git
2025-12-07 19:48:27.148 [info] > git config --get commit.template [9ms]
2025-12-07 19:48:27.149 [info] > git rev-parse --show-toplevel [4ms]
2025-12-07 19:48:27.155 [info] > git rev-parse --show-toplevel [2ms]
2025-12-07 19:48:27.155 [info] > git for-each-ref --format=%(refname)%00%(upstream:short)%00%(objectname)%00%(upstream:track)%00%(upstream:remotename)%00%(upstream:remoteref) refs/heads/auton-stuff refs/remotes/auton-stuff [4ms]
2025-12-07 19:48:27.158 [info] > git reflog auton-stuff --grep-reflog=branch: Created from *. [10ms]
2025-12-07 19:48:27.161 [info] > git rev-parse --show-toplevel [4ms]
2025-12-07 19:48:27.165 [info] > git for-each-ref --format=%(refname)%00%(upstream:short)%00%(objectname)%00%(upstream:track)%00%(upstream:remotename)%00%(upstream:remoteref) refs/remotes/origin/auton-stuff [5ms]
2025-12-07 19:48:27.175 [info] > git status -z -uall [3ms]
2025-12-07 19:48:27.175 [info] > git rev-parse --show-toplevel [11ms]
2025-12-07 19:48:27.176 [info] [Model][doInitialScan] Initial repository scan completed - repositories (1), closed repositories (0), parent repositories (0), unsafe repositories (0)
2025-12-07 19:48:27.176 [info] > git for-each-ref --sort -committerdate --format %(refname)%00%(objectname)%00%(*objectname) [1ms]
2025-12-07 19:48:27.180 [info] > git config --add --local branch.auton-stuff.vscode-merge-base origin/auton-stuff [12ms]
2025-12-07 19:48:27.186 [info] > git config --get commit.template [2ms]
2025-12-07 19:48:27.191 [info] > git for-each-ref --format=%(refname)%00%(upstream:short)%00%(objectname)%00%(upstream:track)%00%(upstream:remotename)%00%(upstream:remoteref) refs/heads/auton-stuff refs/remotes/auton-stuff [1ms]
2025-12-07 19:48:27.196 [info] > git status -z -uall [3ms]
2025-12-07 19:48:27.197 [info] > git for-each-ref --sort -committerdate --format %(refname)%00%(objectname)%00%(*objectname) [1ms]
2025-12-07 19:48:27.207 [info] > git merge-base refs/heads/auton-stuff refs/remotes/origin/auton-stuff [4ms]
2025-12-07 19:48:27.211 [info] > git merge-base refs/heads/auton-stuff refs/remotes/origin/auton-stuff [5ms]
2025-12-07 19:48:27.215 [info] > git diff --name-status -z --diff-filter=ADMR --find-renames=50% 2cd1e286477674adf409c12a15954dde2cc0f7c6...refs/remotes/origin/auton-stuff -- [5ms]
2025-12-07 19:48:27.216 [info] > git diff --name-status -z --diff-filter=ADMR --find-renames=50% 2cd1e286477674adf409c12a15954dde2cc0f7c6...refs/remotes/origin/auton-stuff -- [2ms]
2025-12-07 19:48:27.618 [info] > git check-ignore -v -z --stdin [2ms]
2025-12-07 19:48:28.266 [info] > git config --get commit.template [6ms]
2025-12-07 19:48:28.268 [info] > git for-each-ref --format=%(refname)%00%(upstream:short)%00%(objectname)%00%(upstream:track)%00%(upstream:remotename)%00%(upstream:remoteref) refs/heads/auton-stuff refs/remotes/auton-stuff [2ms]
2025-12-07 19:48:28.277 [info] > git status -z -uall [6ms]
2025-12-07 19:48:28.278 [info] > git for-each-ref --sort -committerdate --format %(refname)%00%(objectname)%00%(*objectname) [2ms]
2025-12-07 19:48:28.609 [info] > git log --format=%H%n%aN%n%aE%n%at%n%ct%n%P%n%D%n%B -z --shortstat --diff-merges=first-parent -n50 --skip=0 --topo-order --decorate=full --stdin [10ms]
2025-12-07 19:48:28.671 [info] > git merge-base auton-stuff origin/auton-stuff [2ms]
2025-12-07 19:49:09.596 [info] > git config --get commit.template [7ms]
2025-12-07 19:49:09.598 [info] > git for-each-ref --format=%(refname)%00%(upstream:short)%00%(objectname)%00%(upstream:track)%00%(upstream:remotename)%00%(upstream:remoteref) refs/heads/auton-stuff refs/remotes/auton-stuff [2ms]
2025-12-07 19:49:09.605 [info] > git status -z -uall [3ms]
2025-12-07 19:49:09.607 [info] > git for-each-ref --sort -committerdate --format %(refname)%00%(objectname)%00%(*objectname) [2ms]
2025-12-07 19:49:14.627 [info] > git config --get commit.template [7ms]
2025-12-07 19:49:14.628 [info] > git for-each-ref --format=%(refname)%00%(upstream:short)%00%(objectname)%00%(upstream:track)%00%(upstream:remotename)%00%(upstream:remoteref) refs/heads/auton-stuff refs/remotes/auton-stuff [2ms]
2025-12-07 19:49:14.636 [info] > git status -z -uall [5ms]
2025-12-07 19:49:14.638 [info] > git for-each-ref --sort -committerdate --format %(refname)%00%(objectname)%00%(*objectname) [2ms]
2025-12-07 19:49:22.869 [info] > git config --get commit.template [7ms]
2025-12-07 19:49:22.870 [info] > git for-each-ref --format=%(refname)%00%(upstream:short)%00%(objectname)%00%(upstream:track)%00%(upstream:remotename)%00%(upstream:remoteref) refs/heads/auton-stuff refs/remotes/auton-stuff [2ms]
2025-12-07 19:49:22.878 [info] > git status -z -uall [4ms]
2025-12-07 19:49:22.880 [info] > git for-each-ref --sort -committerdate --format %(refname)%00%(objectname)%00%(*objectname) [3ms]
2025-12-07 19:49:27.902 [info] > git for-each-ref --format %(refname)%00%(objectname)%00%(*objectname) refs/tags [9ms]
2025-12-07 19:49:27.904 [info] > git show -s --decorate=full --shortstat --format=%H%n%aN%n%aE%n%at%n%ct%n%P%n%D%n%B -z 2cd1e286477674adf409c12a15954dde2cc0f7c6 -- [4ms]
2025-12-07 19:49:27.914 [info] > git status -z -uall [5ms]
2025-12-07 19:49:27.916 [info] > git for-each-ref --sort -committerdate --format %(refname)%00%(objectname)%00%(*objectname) [2ms]
2025-12-07 19:49:27.943 [info] > git log --format=%H%n%aN%n%aE%n%at%n%ct%n%P%n%D%n%B -z --shortstat --diff-merges=first-parent -n50 --skip=0 --topo-order --decorate=full --stdin [2ms]
2025-12-07 19:49:28.588 [info] > git check-ignore -v -z --stdin [2ms]
2025-12-07 19:49:36.682 [info] > git check-ignore -v -z --stdin [2ms]
2025-12-07 19:49:38.977 [info] > git check-ignore -v -z --stdin [1ms]
2025-12-07 19:49:45.952 [info] > git show -s --decorate=full --shortstat --format=%H%n%aN%n%aE%n%at%n%ct%n%P%n%D%n%B -z REBASE_HEAD -- [5ms]
2025-12-07 19:49:45.952 [info] > git show -s --decorate=full --shortstat --format=%H%n%aN%n%aE%n%at%n%ct%n%P%n%D%n%B -z HEAD -- [9ms]
2025-12-07 19:49:45.954 [info] > git diff --name-status -z --diff-filter=ADMR REBASE_HEAD...HEAD -- [2ms]
2025-12-07 19:49:45.959 [info] > git diff --name-status -z --diff-filter=ADMR HEAD...REBASE_HEAD -- [1ms]
2025-12-07 19:49:46.023 [info] > git show --textconv :1:src/main/java/frc/robot/EagleUtil.java [7ms]
2025-12-07 19:49:46.023 [info] > git show --textconv 9a8a6668d036ae677a7be6b480ec20ba11581903:src/main/java/frc/robot/EagleUtil.java [4ms]
2025-12-07 19:49:46.038 [info] > git show --textconv 2cd1e286477674adf409c12a15954dde2cc0f7c6:src/main/java/frc/robot/EagleUtil.java [16ms]
2025-12-07 19:49:46.038 [info] > git ls-tree -l 9a8a6668d036ae677a7be6b480ec20ba11581903 -- src/main/java/frc/robot/EagleUtil.java [4ms]
2025-12-07 19:49:46.039 [info] > git ls-files --stage -- src/main/java/frc/robot/EagleUtil.java [8ms]
2025-12-07 19:49:46.042 [info] > git hash-object -t tree /dev/null [15ms]
2025-12-07 19:49:46.042 [warning] [GitFileSystemProvider][readFile] File not found - git:/home/rishy/Documents/2026-rebuilt/src/main/java/frc/robot/EagleUtil.java?%7B%22path%22%3A%22%2Fhome%2Frishy%2FDocuments%2F2026-rebuilt%2Fsrc%2Fmain%2Fjava%2Ffrc%2Frobot%2FEagleUtil.java%22%2C%22ref%22%3A%22%3A1%22%7D
2025-12-07 19:49:46.045 [info] > git cat-file -s d31069dedd5a3b79596061a8127a0e7e575f97aa [3ms]
2025-12-07 19:49:46.045 [info] > git ls-tree -l 2cd1e286477674adf409c12a15954dde2cc0f7c6 -- src/main/java/frc/robot/EagleUtil.java [8ms]
2025-12-07 19:50:10.149 [info] > git show -s --decorate=full --shortstat --format=%H%n%aN%n%aE%n%at%n%ct%n%P%n%D%n%B -z 2cd1e286477674adf409c12a15954dde2cc0f7c6 -- [6ms]
2025-12-07 19:50:10.150 [info] > git for-each-ref --format %(refname)%00%(objectname)%00%(*objectname) refs/tags [2ms]
2025-12-07 19:50:10.160 [info] > git status -z -uall [5ms]
2025-12-07 19:50:10.162 [info] > git for-each-ref --sort -committerdate --format %(refname)%00%(objectname)%00%(*objectname) [2ms]
2025-12-07 19:50:15.245 [info] > git check-ignore -v -z --stdin [2ms]
2025-12-07 19:50:16.732 [info] > git show -s --decorate=full --shortstat --format=%H%n%aN%n%aE%n%at%n%ct%n%P%n%D%n%B -z HEAD -- [11ms]
2025-12-07 19:50:16.732 [info] > git show -s --decorate=full --shortstat --format=%H%n%aN%n%aE%n%at%n%ct%n%P%n%D%n%B -z REBASE_HEAD -- [5ms]
2025-12-07 19:50:16.736 [info] > git diff --name-status -z --diff-filter=ADMR REBASE_HEAD...HEAD -- [5ms]
2025-12-07 19:50:16.744 [info] > git diff --name-status -z --diff-filter=ADMR HEAD...REBASE_HEAD -- [2ms]
2025-12-07 19:50:16.785 [info] > git show --textconv :1:src/main/java/frc/robot/subsystems/aprilTagCam/AprilTagCam.java [16ms]
2025-12-07 19:50:16.785 [info] > git show --textconv 9a8a6668d036ae677a7be6b480ec20ba11581903:src/main/java/frc/robot/subsystems/aprilTagCam/AprilTagCam.java [13ms]
2025-12-07 19:50:16.785 [info] > git show --textconv 2cd1e286477674adf409c12a15954dde2cc0f7c6:src/main/java/frc/robot/subsystems/aprilTagCam/AprilTagCam.java [10ms]
2025-12-07 19:50:16.785 [info] > git ls-tree -l 9a8a6668d036ae677a7be6b480ec20ba11581903 -- src/main/java/frc/robot/subsystems/aprilTagCam/AprilTagCam.java [3ms]
2025-12-07 19:50:16.785 [info] > git ls-files --stage -- src/main/java/frc/robot/subsystems/aprilTagCam/AprilTagCam.java [6ms]
2025-12-07 19:50:16.789 [warning] [GitFileSystemProvider][readFile] File not found - git:/home/rishy/Documents/2026-rebuilt/src/main/java/frc/robot/subsystems/aprilTagCam/AprilTagCam.java?%7B%22path%22%3A%22%2Fhome%2Frishy%2FDocuments%2F2026-rebuilt%2Fsrc%2Fmain%2Fjava%2Ffrc%2Frobot%2Fsubsystems%2FaprilTagCam%2FAprilTagCam.java%22%2C%22ref%22%3A%22%3A1%22%7D
2025-12-07 19:50:16.790 [info] > git cat-file -s 2dfa918c4c6c8470962b5c7716010652b32e71e2 [2ms]
2025-12-07 19:50:16.790 [info] > git ls-tree -l 2cd1e286477674adf409c12a15954dde2cc0f7c6 -- src/main/java/frc/robot/subsystems/aprilTagCam/AprilTagCam.java [5ms]
2025-12-07 19:50:27.569 [info] > git for-each-ref --format %(refname)%00%(objectname)%00%(*objectname) refs/tags [3ms]
2025-12-07 19:50:27.571 [info] > git show -s --decorate=full --shortstat --format=%H%n%aN%n%aE%n%at%n%ct%n%P%n%D%n%B -z 2cd1e286477674adf409c12a15954dde2cc0f7c6 -- [2ms]
2025-12-07 19:50:27.577 [info] > git status -z -uall [3ms]
2025-12-07 19:50:27.578 [info] > git for-each-ref --sort -committerdate --format %(refname)%00%(objectname)%00%(*objectname) [1ms]
2025-12-07 19:50:32.150 [info] > git show -s --decorate=full --shortstat --format=%H%n%aN%n%aE%n%at%n%ct%n%P%n%D%n%B -z REBASE_HEAD -- [5ms]
2025-12-07 19:50:32.150 [info] > git show -s --decorate=full --shortstat --format=%H%n%aN%n%aE%n%at%n%ct%n%P%n%D%n%B -z HEAD -- [10ms]
2025-12-07 19:50:32.152 [info] > git diff --name-status -z --diff-filter=ADMR REBASE_HEAD...HEAD -- [3ms]
2025-12-07 19:50:32.156 [info] > git diff --name-status -z --diff-filter=ADMR HEAD...REBASE_HEAD -- [1ms]
2025-12-07 19:50:32.190 [info] > git show --textconv :1:src/main/java/frc/robot/FieldConstants.java [16ms]
2025-12-07 19:50:32.190 [info] > git show --textconv 9a8a6668d036ae677a7be6b480ec20ba11581903:src/main/java/frc/robot/FieldConstants.java [12ms]
2025-12-07 19:50:32.190 [info] > git show --textconv 2cd1e286477674adf409c12a15954dde2cc0f7c6:src/main/java/frc/robot/FieldConstants.java [9ms]
2025-12-07 19:50:32.190 [info] > git ls-tree -l 9a8a6668d036ae677a7be6b480ec20ba11581903 -- src/main/java/frc/robot/FieldConstants.java [3ms]
2025-12-07 19:50:32.190 [info] > git ls-files --stage -- src/main/java/frc/robot/FieldConstants.java [6ms]
2025-12-07 19:50:32.193 [warning] [GitFileSystemProvider][readFile] File not found - git:/home/rishy/Documents/2026-rebuilt/src/main/java/frc/robot/FieldConstants.java?%7B%22path%22%3A%22%2Fhome%2Frishy%2FDocuments%2F2026-rebuilt%2Fsrc%2Fmain%2Fjava%2Ffrc%2Frobot%2FFieldConstants.java%22%2C%22ref%22%3A%22%3A1%22%7D
2025-12-07 19:50:32.194 [info] > git cat-file -s 3727e6a3f4cf99a57c62789d3fceae50bd37a909 [2ms]
2025-12-07 19:50:32.194 [info] > git ls-tree -l 2cd1e286477674adf409c12a15954dde2cc0f7c6 -- src/main/java/frc/robot/FieldConstants.java [5ms]
2025-12-07 19:50:38.059 [info] > git for-each-ref --format %(refname)%00%(objectname)%00%(*objectname) refs/tags [5ms]
2025-12-07 19:50:38.062 [info] > git show -s --decorate=full --shortstat --format=%H%n%aN%n%aE%n%at%n%ct%n%P%n%D%n%B -z 2cd1e286477674adf409c12a15954dde2cc0f7c6 -- [4ms]
2025-12-07 19:50:38.069 [info] > git status -z -uall [4ms]
2025-12-07 19:50:38.070 [info] > git for-each-ref --sort -committerdate --format %(refname)%00%(objectname)%00%(*objectname) [2ms]
2025-12-07 19:50:51.396 [info] > git for-each-ref --format %(refname)%00%(objectname)%00%(*objectname) refs/tags [4ms]
2025-12-07 19:50:51.399 [info] > git show -s --decorate=full --shortstat --format=%H%n%aN%n%aE%n%at%n%ct%n%P%n%D%n%B -z 2cd1e286477674adf409c12a15954dde2cc0f7c6 -- [4ms]
2025-12-07 19:50:51.406 [info] > git status -z -uall [3ms]
2025-12-07 19:50:51.407 [info] > git for-each-ref --sort -committerdate --format %(refname)%00%(objectname)%00%(*objectname) [2ms]
2025-12-07 19:50:56.423 [info] > git for-each-ref --format %(refname)%00%(objectname)%00%(*objectname) refs/tags [5ms]
2025-12-07 19:50:56.424 [info] > git config --get commit.template [7ms]
2025-12-07 19:50:56.426 [info] > git show -s --decorate=full --shortstat --format=%H%n%aN%n%aE%n%at%n%ct%n%P%n%D%n%B -z 2cd1e286477674adf409c12a15954dde2cc0f7c6 -- [3ms]
2025-12-07 19:50:56.434 [info] > git status -z -uall [4ms]
2025-12-07 19:50:56.435 [info] > git for-each-ref --sort -committerdate --format %(refname)%00%(objectname)%00%(*objectname) [1ms]
2025-12-07 19:50:56.447 [info] > git log --format=%H%n%aN%n%aE%n%at%n%ct%n%P%n%D%n%B -z --shortstat --diff-merges=first-parent -n50 --skip=0 --topo-order --decorate=full --stdin [4ms]
2025-12-07 19:50:56.763 [info] > git show --textconv :src/main/java/frc/robot/FieldConstants.java [8ms]
2025-12-07 19:50:56.764 [info] > git ls-files --stage -- src/main/java/frc/robot/FieldConstants.java [2ms]
2025-12-07 19:50:56.768 [info] > git cat-file -s 3727e6a3f4cf99a57c62789d3fceae50bd37a909 [1ms]
2025-12-07 19:51:15.323 [info] > git for-each-ref --format %(refname)%00%(objectname)%00%(*objectname) refs/tags [4ms]
2025-12-07 19:51:15.323 [info] > git config --get commit.template [11ms]
2025-12-07 19:51:15.325 [info] > git show -s --decorate=full --shortstat --format=%H%n%aN%n%aE%n%at%n%ct%n%P%n%D%n%B -z 2cd1e286477674adf409c12a15954dde2cc0f7c6 -- [3ms]
2025-12-07 19:51:15.332 [info] > git status -z -uall [4ms]
2025-12-07 19:51:15.333 [info] > git for-each-ref --sort -committerdate --format %(refname)%00%(objectname)%00%(*objectname) [1ms]
2025-12-07 19:51:15.416 [info] > git ls-files --stage -- src/main/java/frc/robot/FieldConstants.java [2ms]
2025-12-07 19:51:15.423 [info] > git cat-file -s 3727e6a3f4cf99a57c62789d3fceae50bd37a909 [2ms]
2025-12-07 19:51:15.432 [info] > git show --textconv :src/main/java/frc/robot/FieldConstants.java [2ms]
2025-12-07 19:51:17.730 [info] > git ls-files --stage -- src/main/java/frc/robot/FieldConstants.java [3ms]
2025-12-07 19:51:17.738 [info] > git cat-file -s 3727e6a3f4cf99a57c62789d3fceae50bd37a909 [2ms]
2025-12-07 19:51:17.747 [info] > git show --textconv :src/main/java/frc/robot/FieldConstants.java [2ms]
2025-12-07 19:51:20.354 [info] > git for-each-ref --format %(refname)%00%(objectname)%00%(*objectname) refs/tags [5ms]
2025-12-07 19:51:20.354 [info] > git config --get commit.template [10ms]
2025-12-07 19:51:20.357 [info] > git show -s --decorate=full --shortstat --format=%H%n%aN%n%aE%n%at%n%ct%n%P%n%D%n%B -z 2cd1e286477674adf409c12a15954dde2cc0f7c6 -- [4ms]
2025-12-07 19:51:20.365 [info] > git status -z -uall [4ms]
2025-12-07 19:51:20.367 [info] > git for-each-ref --sort -committerdate --format %(refname)%00%(objectname)%00%(*objectname) [2ms]
2025-12-07 19:51:25.313 [info] > git ls-files --stage -- src/main/java/frc/robot/FieldConstants.java [2ms]
2025-12-07 19:51:25.321 [info] > git cat-file -s 3727e6a3f4cf99a57c62789d3fceae50bd37a909 [2ms]
2025-12-07 19:51:25.329 [info] > git show --textconv :src/main/java/frc/robot/FieldConstants.java [3ms]
2025-12-07 19:51:25.387 [info] > git for-each-ref --format %(refname)%00%(objectname)%00%(*objectname) refs/tags [3ms]
2025-12-07 19:51:25.387 [info] > git config --get commit.template [10ms]
2025-12-07 19:51:25.389 [info] > git show -s --decorate=full --shortstat --format=%H%n%aN%n%aE%n%at%n%ct%n%P%n%D%n%B -z 2cd1e286477674adf409c12a15954dde2cc0f7c6 -- [3ms]
2025-12-07 19:51:25.397 [info] > git status -z -uall [5ms]
2025-12-07 19:51:25.398 [info] > git for-each-ref --sort -committerdate --format %(refname)%00%(objectname)%00%(*objectname) [2ms]
2025-12-07 19:51:27.968 [info] > git ls-files --stage -- src/main/java/frc/robot/FieldConstants.java [2ms]
2025-12-07 19:51:27.975 [info] > git cat-file -s 3727e6a3f4cf99a57c62789d3fceae50bd37a909 [1ms]
2025-12-07 19:51:27.981 [info] > git show --textconv :src/main/java/frc/robot/FieldConstants.java [1ms]
2025-12-07 19:51:30.420 [info] > git for-each-ref --format %(refname)%00%(objectname)%00%(*objectname) refs/tags [5ms]
2025-12-07 19:51:30.421 [info] > git config --get commit.template [12ms]
2025-12-07 19:51:30.423 [info] > git show -s --decorate=full --shortstat --format=%H%n%aN%n%aE%n%at%n%ct%n%P%n%D%n%B -z 2cd1e286477674adf409c12a15954dde2cc0f7c6 -- [3ms]
2025-12-07 19:51:30.431 [info] > git status -z -uall [4ms]
2025-12-07 19:51:30.432 [info] > git for-each-ref --sort -committerdate --format %(refname)%00%(objectname)%00%(*objectname) [2ms]
2025-12-07 19:51:41.710 [info] > git config --get commit.template [6ms]
2025-12-07 19:51:41.711 [info] > git for-each-ref --format %(refname)%00%(objectname)%00%(*objectname) refs/tags [2ms]
2025-12-07 19:51:41.720 [info] > git status -z -uall [5ms]
2025-12-07 19:51:41.721 [info] > git for-each-ref --sort -committerdate --format %(refname)%00%(objectname)%00%(*objectname) [1ms]
2025-12-07 19:51:41.809 [info] > git ls-files --stage -- src/main/java/frc/robot/FieldConstants.java [2ms]
2025-12-07 19:51:41.815 [info] > git cat-file -s 3727e6a3f4cf99a57c62789d3fceae50bd37a909 [2ms]
2025-12-07 19:51:41.821 [info] > git show --textconv :src/main/java/frc/robot/FieldConstants.java [1ms]
2025-12-07 19:51:44.827 [info] > git ls-files --stage -- src/main/java/frc/robot/FieldConstants.java [2ms]
2025-12-07 19:51:44.833 [info] > git cat-file -s 3727e6a3f4cf99a57c62789d3fceae50bd37a909 [2ms]
2025-12-07 19:51:44.840 [info] > git show --textconv :src/main/java/frc/robot/FieldConstants.java [2ms]
2025-12-07 19:51:46.735 [info] > git for-each-ref --format %(refname)%00%(objectname)%00%(*objectname) refs/tags [4ms]
2025-12-07 19:51:46.737 [info] > git show -s --decorate=full --shortstat --format=%H%n%aN%n%aE%n%at%n%ct%n%P%n%D%n%B -z 159d6ba13732594aa206b9112fc0dd945ca9f58d -- [3ms]
2025-12-07 19:51:46.744 [info] > git status -z -uall [3ms]
2025-12-07 19:51:46.744 [info] > git for-each-ref --sort -committerdate --format %(refname)%00%(objectname)%00%(*objectname) [1ms]
2025-12-07 19:51:46.770 [info] > git log --format=%H%n%aN%n%aE%n%at%n%ct%n%P%n%D%n%B -z --shortstat --diff-merges=first-parent -n50 --skip=0 --topo-order --decorate=full --stdin [3ms]
2025-12-07 19:51:47.487 [info] > git ls-files --stage -- src/main/java/frc/robot/FieldConstants.java [2ms]
2025-12-07 19:51:47.493 [info] > git cat-file -s 34a8e5bbc3b514e8da46a54dd40edbddb862c036 [3ms]
2025-12-07 19:51:47.499 [info] > git show --textconv :src/main/java/frc/robot/FieldConstants.java [1ms]
2025-12-07 19:51:47.500 [warning] [GitFileSystemProvider][readFile] File not found - git:/home/rishy/Documents/2026-rebuilt/src/main/java/frc/robot/FieldConstants.java.git?%7B%22path%22%3A%22%2Fhome%2Frishy%2FDocuments%2F2026-rebuilt%2Fsrc%2Fmain%2Fjava%2Ffrc%2Frobot%2FFieldConstants.java%22%2C%22ref%22%3A%22%22%7D
2025-12-07 19:51:49.045 [info] > git show -s --decorate=full --shortstat --format=%H%n%aN%n%aE%n%at%n%ct%n%P%n%D%n%B -z REBASE_HEAD -- [5ms]
2025-12-07 19:51:49.046 [info] > git show -s --decorate=full --shortstat --format=%H%n%aN%n%aE%n%at%n%ct%n%P%n%D%n%B -z HEAD -- [11ms]
2025-12-07 19:51:49.046 [info] > git diff --name-status -z --diff-filter=ADMR REBASE_HEAD...HEAD -- [2ms]
2025-12-07 19:51:49.052 [info] > git diff --name-status -z --diff-filter=ADMR HEAD...REBASE_HEAD -- [2ms]
2025-12-07 19:51:49.095 [info] > git show --textconv :1:src/main/java/frc/robot/FieldConstants.java [18ms]
2025-12-07 19:51:49.096 [info] > git show --textconv 2cd1e286477674adf409c12a15954dde2cc0f7c6:src/main/java/frc/robot/FieldConstants.java [15ms]
2025-12-07 19:51:49.096 [info] > git show --textconv 159d6ba13732594aa206b9112fc0dd945ca9f58d:src/main/java/frc/robot/FieldConstants.java [11ms]
2025-12-07 19:51:49.096 [info] > git ls-tree -l 2cd1e286477674adf409c12a15954dde2cc0f7c6 -- src/main/java/frc/robot/FieldConstants.java [4ms]
2025-12-07 19:51:49.096 [info] > git ls-files --stage -- src/main/java/frc/robot/FieldConstants.java [7ms]
2025-12-07 19:51:49.100 [warning] [GitFileSystemProvider][readFile] File not found - git:/home/rishy/Documents/2026-rebuilt/src/main/java/frc/robot/FieldConstants.java?%7B%22path%22%3A%22%2Fhome%2Frishy%2FDocuments%2F2026-rebuilt%2Fsrc%2Fmain%2Fjava%2Ffrc%2Frobot%2FFieldConstants.java%22%2C%22ref%22%3A%22%3A1%22%7D
2025-12-07 19:51:49.100 [info] > git cat-file -s 34a8e5bbc3b514e8da46a54dd40edbddb862c036 [1ms]
2025-12-07 19:51:49.101 [info] > git ls-tree -l 159d6ba13732594aa206b9112fc0dd945ca9f58d -- src/main/java/frc/robot/FieldConstants.java [7ms]
2025-12-07 19:51:51.755 [info] > git for-each-ref --format %(refname)%00%(objectname)%00%(*objectname) refs/tags [2ms]
2025-12-07 19:51:51.757 [info] > git show -s --decorate=full --shortstat --format=%H%n%aN%n%aE%n%at%n%ct%n%P%n%D%n%B -z 159d6ba13732594aa206b9112fc0dd945ca9f58d -- [2ms]
2025-12-07 19:51:51.765 [info] > git status -z -uall [5ms]
2025-12-07 19:51:51.767 [info] > git for-each-ref --sort -committerdate --format %(refname)%00%(objectname)%00%(*objectname) [3ms]
2025-12-07 19:52:06.244 [info] > git show -s --decorate=full --shortstat --format=%H%n%aN%n%aE%n%at%n%ct%n%P%n%D%n%B -z 159d6ba13732594aa206b9112fc0dd945ca9f58d -- [7ms]
2025-12-07 19:52:06.244 [info] > git for-each-ref --format %(refname)%00%(objectname)%00%(*objectname) refs/tags [2ms]
2025-12-07 19:52:06.251 [info] > git status -z -uall [3ms]
2025-12-07 19:52:06.252 [info] > git for-each-ref --sort -committerdate --format %(refname)%00%(objectname)%00%(*objectname) [1ms]
2025-12-07 19:52:07.000 [info] > git ls-tree -l 2cd1e286477674adf409c12a15954dde2cc0f7c6 -- src/main/java/frc/robot/FieldConstants.java [1ms]
2025-12-07 19:52:07.017 [info] > git blame --root --incremental 2cd1e286477674adf409c12a15954dde2cc0f7c6 -- src/main/java/frc/robot/FieldConstants.java [1ms]
2025-12-07 19:52:07.548 [info] > git check-ignore -v -z --stdin [2ms]
2025-12-07 19:52:14.081 [info] > git for-each-ref --format %(refname)%00%(objectname)%00%(*objectname) refs/tags [5ms]
2025-12-07 19:52:14.084 [info] > git show -s --decorate=full --shortstat --format=%H%n%aN%n%aE%n%at%n%ct%n%P%n%D%n%B -z 159d6ba13732594aa206b9112fc0dd945ca9f58d -- [4ms]
2025-12-07 19:52:14.092 [info] > git status -z -uall [4ms]
2025-12-07 19:52:14.094 [info] > git for-each-ref --sort -committerdate --format %(refname)%00%(objectname)%00%(*objectname) [3ms]
2025-12-07 19:52:21.069 [info] > git show -s --decorate=full --shortstat --format=%H%n%aN%n%aE%n%at%n%ct%n%P%n%D%n%B -z REBASE_HEAD -- [5ms]
2025-12-07 19:52:21.069 [info] > git show -s --decorate=full --shortstat --format=%H%n%aN%n%aE%n%at%n%ct%n%P%n%D%n%B -z HEAD -- [10ms]
2025-12-07 19:52:21.071 [info] > git diff --name-status -z --diff-filter=ADMR REBASE_HEAD...HEAD -- [2ms]
2025-12-07 19:52:21.075 [info] > git diff --name-status -z --diff-filter=ADMR HEAD...REBASE_HEAD -- [1ms]
2025-12-07 19:52:21.116 [info] > git show --textconv :1:src/main/java/frc/robot/EagleUtil.java [18ms]
2025-12-07 19:52:21.116 [info] > git show --textconv 2cd1e286477674adf409c12a15954dde2cc0f7c6:src/main/java/frc/robot/EagleUtil.java [15ms]
2025-12-07 19:52:21.116 [info] > git show --textconv 159d6ba13732594aa206b9112fc0dd945ca9f58d:src/main/java/frc/robot/EagleUtil.java [11ms]
2025-12-07 19:52:21.116 [info] > git ls-tree -l 2cd1e286477674adf409c12a15954dde2cc0f7c6 -- src/main/java/frc/robot/EagleUtil.java [4ms]
2025-12-07 19:52:21.116 [info] > git ls-files --stage -- src/main/java/frc/robot/EagleUtil.java [7ms]
2025-12-07 19:52:21.120 [warning] [GitFileSystemProvider][readFile] File not found - git:/home/rishy/Documents/2026-rebuilt/src/main/java/frc/robot/EagleUtil.java?%7B%22path%22%3A%22%2Fhome%2Frishy%2FDocuments%2F2026-rebuilt%2Fsrc%2Fmain%2Fjava%2Ffrc%2Frobot%2FEagleUtil.java%22%2C%22ref%22%3A%22%3A1%22%7D
2025-12-07 19:52:21.121 [info] > git cat-file -s 0040fefebd3c60476f0385f285aae5e36d04a1ec [2ms]
2025-12-07 19:52:21.121 [info] > git ls-tree -l 159d6ba13732594aa206b9112fc0dd945ca9f58d -- src/main/java/frc/robot/EagleUtil.java [6ms]
2025-12-07 19:52:25.691 [info] > git for-each-ref --format %(refname)%00%(objectname)%00%(*objectname) refs/tags [4ms]
2025-12-07 19:52:25.694 [info] > git show -s --decorate=full --shortstat --format=%H%n%aN%n%aE%n%at%n%ct%n%P%n%D%n%B -z 159d6ba13732594aa206b9112fc0dd945ca9f58d -- [3ms]
2025-12-07 19:52:25.701 [info] > git status -z -uall [4ms]
2025-12-07 19:52:25.702 [info] > git for-each-ref --sort -committerdate --format %(refname)%00%(objectname)%00%(*objectname) [2ms]
2025-12-07 19:52:30.717 [info] > git for-each-ref --format %(refname)%00%(objectname)%00%(*objectname) refs/tags [3ms]
2025-12-07 19:52:30.720 [info] > git show -s --decorate=full --shortstat --format=%H%n%aN%n%aE%n%at%n%ct%n%P%n%D%n%B -z 159d6ba13732594aa206b9112fc0dd945ca9f58d -- [4ms]
2025-12-07 19:52:30.729 [info] > git status -z -uall [6ms]
2025-12-07 19:52:30.730 [info] > git for-each-ref --sort -committerdate --format %(refname)%00%(objectname)%00%(*objectname) [3ms]
2025-12-07 19:52:43.513 [info] > git for-each-ref --format %(refname)%00%(objectname)%00%(*objectname) refs/tags [7ms]
2025-12-07 19:52:43.515 [info] > git show -s --decorate=full --shortstat --format=%H%n%aN%n%aE%n%at%n%ct%n%P%n%D%n%B -z 159d6ba13732594aa206b9112fc0dd945ca9f58d -- [4ms]
2025-12-07 19:52:43.524 [info] > git status -z -uall [5ms]
2025-12-07 19:52:43.526 [info] > git for-each-ref --sort -committerdate --format %(refname)%00%(objectname)%00%(*objectname) [3ms]
2025-12-07 19:52:48.551 [info] > git for-each-ref --format %(refname)%00%(objectname)%00%(*objectname) refs/tags [7ms]
2025-12-07 19:52:48.551 [info] > git config --get commit.template [13ms]
2025-12-07 19:52:48.554 [info] > git show -s --decorate=full --shortstat --format=%H%n%aN%n%aE%n%at%n%ct%n%P%n%D%n%B -z 159d6ba13732594aa206b9112fc0dd945ca9f58d -- [4ms]
2025-12-07 19:52:48.563 [info] > git status -z -uall [4ms]
2025-12-07 19:52:48.564 [info] > git for-each-ref --sort -committerdate --format %(refname)%00%(objectname)%00%(*objectname) [1ms]
2025-12-07 19:52:48.589 [info] > git log --format=%H%n%aN%n%aE%n%at%n%ct%n%P%n%D%n%B -z --shortstat --diff-merges=first-parent -n50 --skip=0 --topo-order --decorate=full --stdin [4ms]
2025-12-07 19:52:49.086 [info] > git check-ignore -v -z --stdin [3ms]
2025-12-07 19:52:53.589 [info] > git for-each-ref --format %(refname)%00%(objectname)%00%(*objectname) refs/tags [5ms]
2025-12-07 19:52:53.590 [info] > git config --get commit.template [13ms]
2025-12-07 19:52:53.592 [info] > git show -s --decorate=full --shortstat --format=%H%n%aN%n%aE%n%at%n%ct%n%P%n%D%n%B -z 159d6ba13732594aa206b9112fc0dd945ca9f58d -- [3ms]
2025-12-07 19:52:53.600 [info] > git status -z -uall [4ms]
2025-12-07 19:52:53.601 [info] > git for-each-ref --sort -committerdate --format %(refname)%00%(objectname)%00%(*objectname) [2ms]
2025-12-07 19:53:07.290 [info] > git config --get commit.template [4ms]
2025-12-07 19:53:07.292 [info] > git for-each-ref --format %(refname)%00%(objectname)%00%(*objectname) refs/tags [3ms]
2025-12-07 19:53:07.301 [info] > git status -z -uall [5ms]
2025-12-07 19:53:07.301 [info] > git for-each-ref --sort -committerdate --format %(refname)%00%(objectname)%00%(*objectname) [1ms]
2025-12-07 19:53:07.315 [info] > git log --format=%H%n%aN%n%aE%n%at%n%ct%n%P%n%D%n%B -z --shortstat --diff-merges=first-parent -n50 --skip=0 --topo-order --decorate=full --stdin [4ms]
2025-12-07 19:53:07.332 [info] > git log --format=%H%n%aN%n%aE%n%at%n%ct%n%P%n%D%n%B -z --shortstat --diff-merges=first-parent -n50 --skip=0 --topo-order --decorate=full --stdin [3ms]
2025-12-07 19:53:08.347 [info] > git config --get commit.template [7ms]
2025-12-07 19:53:08.348 [info] > git for-each-ref --format %(refname)%00%(objectname)%00%(*objectname) refs/tags [2ms]
2025-12-07 19:53:08.356 [info] > git status -z -uall [5ms]
2025-12-07 19:53:08.357 [info] > git for-each-ref --sort -committerdate --format %(refname)%00%(objectname)%00%(*objectname) [2ms]
2025-12-07 19:53:13.375 [info] > git config --get commit.template [6ms]
2025-12-07 19:53:13.375 [info] > git for-each-ref --format %(refname)%00%(objectname)%00%(*objectname) refs/tags [1ms]
2025-12-07 19:53:13.384 [info] > git status -z -uall [5ms]
2025-12-07 19:53:13.386 [info] > git for-each-ref --sort -committerdate --format %(refname)%00%(objectname)%00%(*objectname) [3ms]
2025-12-07 19:53:20.065 [info] > git config --get commit.template [5ms]
2025-12-07 19:53:20.066 [info] > git for-each-ref --format=%(refname)%00%(upstream:short)%00%(objectname)%00%(upstream:track)%00%(upstream:remotename)%00%(upstream:remoteref) refs/heads/auton-stuff refs/remotes/auton-stuff [2ms]
2025-12-07 19:53:20.076 [info] > git status -z -uall [5ms]
2025-12-07 19:53:20.078 [info] > git for-each-ref --sort -committerdate --format %(refname)%00%(objectname)%00%(*objectname) [2ms]
2025-12-07 19:53:20.087 [info] > git for-each-ref --format=%(refname)%00%(upstream:short)%00%(objectname)%00%(upstream:track)%00%(upstream:remotename)%00%(upstream:remoteref) refs/heads/auton-stuff refs/remotes/auton-stuff [2ms]
2025-12-07 19:53:20.092 [info] > git config --get --local branch.auton-stuff.vscode-merge-base [2ms]
2025-12-07 19:53:20.097 [info] > git for-each-ref --format=%(refname)%00%(upstream:short)%00%(objectname)%00%(upstream:track)%00%(upstream:remotename)%00%(upstream:remoteref) refs/heads/origin/auton-stuff refs/remotes/origin/auton-stuff [1ms]
2025-12-07 19:53:20.104 [info] > git merge-base refs/heads/auton-stuff refs/remotes/origin/auton-stuff [3ms]
2025-12-07 19:53:20.109 [info] > git log --format=%H%n%aN%n%aE%n%at%n%ct%n%P%n%D%n%B -z --shortstat --diff-merges=first-parent -n50 --skip=0 --topo-order --decorate=full --stdin [5ms]
2025-12-07 19:53:20.113 [info] > git diff --name-status -z --diff-filter=ADMR --find-renames=50% 2cd1e286477674adf409c12a15954dde2cc0f7c6...refs/remotes/origin/auton-stuff -- [6ms]
2025-12-07 19:53:20.118 [info] > git merge-base auton-stuff origin/auton-stuff [1ms]
2025-12-07 19:53:21.123 [info] > git config --get commit.template [6ms]
2025-12-07 19:53:21.125 [info] > git for-each-ref --format=%(refname)%00%(upstream:short)%00%(objectname)%00%(upstream:track)%00%(upstream:remotename)%00%(upstream:remoteref) refs/heads/auton-stuff refs/remotes/auton-stuff [2ms]
2025-12-07 19:53:21.134 [info] > git status -z -uall [5ms]
2025-12-07 19:53:21.135 [info] > git for-each-ref --sort -committerdate --format %(refname)%00%(objectname)%00%(*objectname) [2ms]
2025-12-07 19:53:25.145 [info] > git config --get commit.template [5ms]
2025-12-07 19:53:25.146 [info] > git for-each-ref --format=%(refname)%00%(upstream:short)%00%(objectname)%00%(upstream:track)%00%(upstream:remotename)%00%(upstream:remoteref) refs/heads/auton-stuff refs/remotes/auton-stuff [2ms]
2025-12-07 19:53:25.154 [info] > git status -z -uall [4ms]
2025-12-07 19:53:25.155 [info] > git for-each-ref --sort -committerdate --format %(refname)%00%(objectname)%00%(*objectname) [2ms]
2025-12-07 19:53:25.165 [info] > git merge-base refs/heads/auton-stuff refs/remotes/origin/auton-stuff [3ms]
2025-12-07 19:53:25.173 [info] > git diff --name-status -z --diff-filter=ADMR --find-renames=50% 790cabbd09fb59845ac818f94976a85d4be7c5a6...refs/remotes/origin/auton-stuff -- [5ms]
2025-12-07 19:53:25.175 [info] > git log --format=%H%n%aN%n%aE%n%at%n%ct%n%P%n%D%n%B -z --shortstat --diff-merges=first-parent -n50 --skip=0 --topo-order --decorate=full --stdin [3ms]
2025-12-07 19:53:25.182 [info] > git merge-base auton-stuff origin/auton-stuff [1ms]
2025-12-07 19:53:26.149 [info] > git config --get commit.template [4ms]
2025-12-07 19:53:26.149 [info] > git for-each-ref --format=%(refname)%00%(upstream:short)%00%(objectname)%00%(upstream:track)%00%(upstream:remotename)%00%(upstream:remoteref) refs/heads/auton-stuff refs/remotes/auton-stuff [1ms]
2025-12-07 19:53:26.157 [info] > git status -z -uall [4ms]
2025-12-07 19:53:26.158 [info] > git for-each-ref --sort -committerdate --format %(refname)%00%(objectname)%00%(*objectname) [2ms]
2025-12-07 19:53:31.174 [info] > git config --get commit.template [5ms]
2025-12-07 19:53:31.175 [info] > git for-each-ref --format=%(refname)%00%(upstream:short)%00%(objectname)%00%(upstream:track)%00%(upstream:remotename)%00%(upstream:remoteref) refs/heads/auton-stuff refs/remotes/auton-stuff [2ms]
2025-12-07 19:53:31.185 [info] > git status -z -uall [5ms]
2025-12-07 19:53:31.186 [info] > git for-each-ref --sort -committerdate --format %(refname)%00%(objectname)%00%(*objectname) [2ms]
2025-12-07 19:53:36.333 [info] > git config --get commit.template [6ms]
2025-12-07 19:53:36.334 [info] > git for-each-ref --format=%(refname)%00%(upstream:short)%00%(objectname)%00%(upstream:track)%00%(upstream:remotename)%00%(upstream:remoteref) refs/heads/auton-stuff refs/remotes/auton-stuff [1ms]
2025-12-07 19:53:36.340 [info] > git status -z -uall [3ms]
2025-12-07 19:53:36.342 [info] > git for-each-ref --sort -committerdate --format %(refname)%00%(objectname)%00%(*objectname) [2ms]
2025-12-07 19:53:41.353 [info] > git config --get commit.template [1ms]
2025-12-07 19:53:41.358 [info] > git for-each-ref --format=%(refname)%00%(upstream:short)%00%(objectname)%00%(upstream:track)%00%(upstream:remotename)%00%(upstream:remoteref) refs/heads/auton-stuff refs/remotes/auton-stuff [1ms]
2025-12-07 19:53:41.366 [info] > git status -z -uall [4ms]
2025-12-07 19:53:41.367 [info] > git for-each-ref --sort -committerdate --format %(refname)%00%(objectname)%00%(*objectname) [2ms]
2025-12-07 19:53:46.385 [info] > git config --get commit.template [7ms]
2025-12-07 19:53:46.387 [info] > git for-each-ref --format=%(refname)%00%(upstream:short)%00%(objectname)%00%(upstream:track)%00%(upstream:remotename)%00%(upstream:remoteref) refs/heads/auton-stuff refs/remotes/auton-stuff [2ms]
2025-12-07 19:53:46.393 [info] > git status -z -uall [3ms]
2025-12-07 19:53:46.394 [info] > git for-each-ref --sort -committerdate --format %(refname)%00%(objectname)%00%(*objectname) [1ms]
2025-12-07 19:53:47.013 [info] > git check-ignore -v -z --stdin [1ms]
2025-12-07 19:54:04.571 [info] > git check-ignore -v -z --stdin [2ms]
2025-12-07 19:54:06.091 [info] > git check-ignore -v -z --stdin [2ms]
2025-12-07 19:54:07.310 [info] > git check-ignore -v -z --stdin [2ms]
2025-12-07 19:54:08.941 [info] > git show --textconv :src/main/java/frc/robot/BuildConstants.java [4ms]
2025-12-07 19:54:08.942 [info] > git ls-files --stage -- src/main/java/frc/robot/BuildConstants.java [1ms]
2025-12-07 19:54:08.946 [info] > git cat-file -s 8cc337d368f45db3e9fb11d8f3620e3efdce489b [1ms]
2025-12-07 19:54:11.411 [info] > git check-ignore -v -z --stdin [2ms]
2025-12-07 19:54:12.492 [info] > git check-ignore -v -z --stdin [3ms]
2025-12-07 19:54:14.082 [info] > git show --textconv :src/main/java/frc/robot/subsystems/aprilTagCam/AprilTagCam.java [8ms]
2025-12-07 19:54:14.083 [info] > git ls-files --stage -- src/main/java/frc/robot/subsystems/aprilTagCam/AprilTagCam.java [2ms]
2025-12-07 19:54:14.089 [info] > git cat-file -s 0654256565099fd87c2f0a1d6e868497b293a4d2 [2ms]
2025-12-07 19:54:15.579 [info] > git blame --root --incremental 790cabbd09fb59845ac818f94976a85d4be7c5a6 -- src/main/java/frc/robot/subsystems/aprilTagCam/AprilTagCam.java [3ms]
2025-12-07 19:54:24.227 [info] > git config --get commit.template [7ms]
2025-12-07 19:54:24.229 [info] > git for-each-ref --format=%(refname)%00%(upstream:short)%00%(objectname)%00%(upstream:track)%00%(upstream:remotename)%00%(upstream:remoteref) refs/heads/auton-stuff refs/remotes/auton-stuff [3ms]
2025-12-07 19:54:24.240 [info] > git status -z -uall [6ms]
2025-12-07 19:54:24.241 [info] > git for-each-ref --sort -committerdate --format %(refname)%00%(objectname)%00%(*objectname) [2ms]
2025-12-07 19:54:29.259 [info] > git config --get commit.template [7ms]
2025-12-07 19:54:29.260 [info] > git for-each-ref --format=%(refname)%00%(upstream:short)%00%(objectname)%00%(upstream:track)%00%(upstream:remotename)%00%(upstream:remoteref) refs/heads/auton-stuff refs/remotes/auton-stuff [2ms]
2025-12-07 19:54:29.268 [info] > git status -z -uall [4ms]
2025-12-07 19:54:29.269 [info] > git for-each-ref --sort -committerdate --format %(refname)%00%(objectname)%00%(*objectname) [2ms]
2025-12-07 19:54:36.474 [info] > git config --get commit.template [4ms]
2025-12-07 19:54:36.475 [info] > git for-each-ref --format=%(refname)%00%(upstream:short)%00%(objectname)%00%(upstream:track)%00%(upstream:remotename)%00%(upstream:remoteref) refs/heads/auton-stuff refs/remotes/auton-stuff [1ms]
2025-12-07 19:54:36.481 [info] > git status -z -uall [4ms]
2025-12-07 19:54:36.483 [info] > git for-each-ref --sort -committerdate --format %(refname)%00%(objectname)%00%(*objectname) [2ms]
2025-12-07 19:55:04.466 [info] > git config --get commit.template [5ms]
2025-12-07 19:55:04.468 [info] > git for-each-ref --format=%(refname)%00%(upstream:short)%00%(objectname)%00%(upstream:track)%00%(upstream:remotename)%00%(upstream:remoteref) refs/heads/auton-stuff refs/remotes/auton-stuff [3ms]
2025-12-07 19:55:04.476 [info] > git status -z -uall [4ms]
2025-12-07 19:55:04.477 [info] > git for-each-ref --sort -committerdate --format %(refname)%00%(objectname)%00%(*objectname) [1ms]
2025-12-07 19:55:09.496 [info] > git config --get commit.template [6ms]
2025-12-07 19:55:09.497 [info] > git for-each-ref --format=%(refname)%00%(upstream:short)%00%(objectname)%00%(upstream:track)%00%(upstream:remotename)%00%(upstream:remoteref) refs/heads/auton-stuff refs/remotes/auton-stuff [2ms]
2025-12-07 19:55:09.505 [info] > git status -z -uall [5ms]
2025-12-07 19:55:09.506 [info] > git for-each-ref --sort -committerdate --format %(refname)%00%(objectname)%00%(*objectname) [2ms]
2025-12-07 19:55:15.803 [info] > git config --get commit.template [7ms]
2025-12-07 19:55:15.804 [info] > git for-each-ref --format=%(refname)%00%(upstream:short)%00%(objectname)%00%(upstream:track)%00%(upstream:remotename)%00%(upstream:remoteref) refs/heads/auton-stuff refs/remotes/auton-stuff [2ms]
2025-12-07 19:55:15.814 [info] > git status -z -uall [5ms]
2025-12-07 19:55:15.815 [info] > git for-each-ref --sort -committerdate --format %(refname)%00%(objectname)%00%(*objectname) [2ms]
2025-12-07 19:55:23.546 [info] > git config --get commit.template [7ms]
2025-12-07 19:55:23.547 [info] > git for-each-ref --format=%(refname)%00%(upstream:short)%00%(objectname)%00%(upstream:track)%00%(upstream:remotename)%00%(upstream:remoteref) refs/heads/auton-stuff refs/remotes/auton-stuff [2ms]
2025-12-07 19:55:23.556 [info] > git status -z -uall [5ms]
2025-12-07 19:55:23.557 [info] > git for-each-ref --sort -committerdate --format %(refname)%00%(objectname)%00%(*objectname) [2ms]
2025-12-07 19:55:26.262 [info] > git ls-files --stage -- src/main/java/frc/robot/subsystems/aprilTagCam/AprilTagCam.java [1ms]
2025-12-07 19:55:26.268 [info] > git cat-file -s 383e2197505a84d93b0dcf07b7b74c63e8ff47bf [2ms]
2025-12-07 19:55:26.274 [info] > git show --textconv :src/main/java/frc/robot/subsystems/aprilTagCam/AprilTagCam.java [1ms]
2025-12-07 19:55:28.573 [info] > git config --get commit.template [6ms]
2025-12-07 19:55:28.575 [info] > git for-each-ref --format=%(refname)%00%(upstream:short)%00%(objectname)%00%(upstream:track)%00%(upstream:remotename)%00%(upstream:remoteref) refs/heads/auton-stuff refs/remotes/auton-stuff [3ms]
2025-12-07 19:55:28.583 [info] > git status -z -uall [4ms]
2025-12-07 19:55:28.584 [info] > git for-each-ref --sort -committerdate --format %(refname)%00%(objectname)%00%(*objectname) [2ms]
2025-12-07 19:55:28.595 [info] > git blame --root --incremental 0465596ab174dd41989ce618a28439a86d8fb15d -- src/main/java/frc/robot/subsystems/aprilTagCam/AprilTagCam.java [7ms]
2025-12-07 19:55:28.596 [info] > git merge-base refs/heads/auton-stuff refs/remotes/origin/auton-stuff [3ms]
2025-12-07 19:55:28.601 [info] > git diff --name-status -z --diff-filter=ADMR --find-renames=50% 0465596ab174dd41989ce618a28439a86d8fb15d...refs/remotes/origin/auton-stuff -- [1ms]
2025-12-07 19:55:29.523 [info] > git ls-files --stage -- src/main/java/frc/robot/subsystems/aprilTagCam/AprilTagCam.java [2ms]
2025-12-07 19:55:29.529 [info] > git cat-file -s 383e2197505a84d93b0dcf07b7b74c63e8ff47bf [2ms]
2025-12-07 19:55:29.535 [info] > git show --textconv :src/main/java/frc/robot/subsystems/aprilTagCam/AprilTagCam.java [1ms]
