2025-04-24 16:35:07.577 [info] [main] Log level: Info
2025-04-24 16:35:07.577 [info] [main] Validating found git in: "git"
2025-04-24 16:35:07.577 [info] [main] Using git "2.49.0" from "git"
2025-04-24 16:35:07.577 [info] [Model][doInitialScan] Initial repository scan started
2025-04-24 16:35:07.577 [info] > git rev-parse --show-toplevel [1ms]
2025-04-24 16:35:07.577 [info] fatal: not a git repository (or any of the parent directories): .git
2025-04-24 16:35:07.577 [info] > git rev-parse --show-toplevel [4ms]
2025-04-24 16:35:07.577 [info] fatal: not a git repository (or any of the parent directories): .git
2025-04-24 16:35:07.577 [info] > git rev-parse --show-toplevel [5ms]
2025-04-24 16:35:07.577 [info] fatal: not a git repository (or any of the parent directories): .git
2025-04-24 16:35:07.581 [info] > git rev-parse --show-toplevel [21ms]
2025-04-24 16:35:07.581 [info] fatal: not a git repository (or any of the parent directories): .git
2025-04-24 16:35:07.582 [info] [Model][doInitialScan] Initial repository scan completed - repositories (0), closed repositories (0), parent repositories (0), unsafe repositories (0)
2025-04-24 16:35:07.590 [info] > git rev-parse --show-toplevel [1ms]
2025-04-24 16:35:07.590 [info] fatal: not a git repository (or any of the parent directories): .git
2025-04-24 16:35:08.070 [info] > git rev-parse --show-toplevel [1ms]
2025-04-24 16:35:08.070 [info] fatal: not a git repository (or any of the parent directories): .git
2025-04-24 16:35:09.191 [info] > git rev-parse --show-toplevel [1ms]
2025-04-24 16:35:09.191 [info] fatal: not a git repository (or any of the parent directories): .git
2025-04-24 16:35:12.766 [info] > git rev-parse --show-toplevel [1ms]
2025-04-24 16:35:12.766 [info] fatal: not a git repository (or any of the parent directories): .git
2025-04-24 16:36:19.179 [info] > git rev-parse --show-toplevel [1ms]
2025-04-24 16:36:19.179 [info] fatal: not a git repository (or any of the parent directories): .git
2025-04-24 16:36:28.908 [info] > git rev-parse --show-toplevel [1ms]
2025-04-24 16:36:28.908 [info] fatal: not a git repository (or any of the parent directories): .git
2025-04-24 16:36:50.923 [info] > git rev-parse --show-toplevel [1ms]
2025-04-24 16:36:50.923 [info] fatal: not a git repository (or any of the parent directories): .git
2025-04-24 16:39:54.825 [info] > git rev-parse --show-toplevel [1ms]
2025-04-24 16:39:54.825 [info] fatal: not a git repository (or any of the parent directories): .git
2025-04-24 16:40:04.214 [info] > git rev-parse --show-toplevel [1ms]
2025-04-24 16:40:04.214 [info] fatal: not a git repository (or any of the parent directories): .git
2025-04-24 16:41:06.059 [info] > git rev-parse --show-toplevel [1ms]
2025-04-24 16:41:06.059 [info] fatal: not a git repository (or any of the parent directories): .git
2025-04-24 16:41:08.013 [info] > git rev-parse --show-toplevel [1ms]
2025-04-24 16:41:08.013 [info] fatal: not a git repository (or any of the parent directories): .git
2025-04-24 16:41:12.118 [info] > git rev-parse --show-toplevel [1ms]
2025-04-24 16:41:12.118 [info] fatal: not a git repository (or any of the parent directories): .git
2025-04-24 16:41:14.207 [info] > git rev-parse --show-toplevel [1ms]
2025-04-24 16:41:14.207 [info] fatal: not a git repository (or any of the parent directories): .git
2025-04-24 16:41:20.006 [info] > git rev-parse --show-toplevel [1ms]
2025-04-24 16:41:20.006 [info] fatal: not a git repository (or any of the parent directories): .git
2025-04-24 16:41:21.912 [info] > git rev-parse --show-toplevel [1ms]
2025-04-24 16:41:21.912 [info] fatal: not a git repository (or any of the parent directories): .git
2025-04-24 16:41:24.740 [info] > git rev-parse --show-toplevel [1ms]
2025-04-24 16:41:24.740 [info] fatal: not a git repository (or any of the parent directories): .git
2025-04-24 16:41:32.534 [info] > git rev-parse --show-toplevel [1ms]
2025-04-24 16:41:32.534 [info] fatal: not a git repository (or any of the parent directories): .git
2025-04-24 16:41:35.529 [info] > git rev-parse --show-toplevel [1ms]
2025-04-24 16:41:35.529 [info] fatal: not a git repository (or any of the parent directories): .git
2025-04-24 16:41:36.869 [info] > git rev-parse --show-toplevel [1ms]
2025-04-24 16:41:36.869 [info] fatal: not a git repository (or any of the parent directories): .git
2025-04-24 16:41:41.564 [info] > git rev-parse --show-toplevel [1ms]
2025-04-24 16:41:41.564 [info] fatal: not a git repository (or any of the parent directories): .git
2025-04-24 16:41:48.766 [info] > git rev-parse --show-toplevel [1ms]
2025-04-24 16:41:48.766 [info] fatal: not a git repository (or any of the parent directories): .git
2025-04-24 16:41:53.832 [info] > git rev-parse --show-toplevel [1ms]
2025-04-24 16:41:53.832 [info] fatal: not a git repository (or any of the parent directories): .git
2025-04-24 16:42:05.375 [info] > git rev-parse --show-toplevel [1ms]
2025-04-24 16:42:05.375 [info] fatal: not a git repository (or any of the parent directories): .git
2025-04-24 16:42:17.433 [info] > git rev-parse --show-toplevel [0ms]
2025-04-24 16:42:17.434 [info] fatal: not a git repository (or any of the parent directories): .git
2025-04-24 16:42:34.399 [info] > git rev-parse --show-toplevel [1ms]
2025-04-24 16:42:34.399 [info] fatal: not a git repository (or any of the parent directories): .git
2025-04-24 16:42:58.122 [info] > git rev-parse --show-toplevel [1ms]
2025-04-24 16:42:58.122 [info] fatal: not a git repository (or any of the parent directories): .git
2025-04-24 16:43:08.310 [info] > git rev-parse --show-toplevel [1ms]
2025-04-24 16:43:08.310 [info] fatal: not a git repository (or any of the parent directories): .git
2025-04-24 16:43:14.031 [info] > git rev-parse --show-toplevel [1ms]
2025-04-24 16:43:14.031 [info] fatal: not a git repository (or any of the parent directories): .git
2025-04-24 16:43:16.252 [info] > git rev-parse --show-toplevel [1ms]
2025-04-24 16:43:16.252 [info] fatal: not a git repository (or any of the parent directories): .git
2025-04-24 16:43:25.701 [info] > git rev-parse --show-toplevel [1ms]
2025-04-24 16:43:25.701 [info] fatal: not a git repository (or any of the parent directories): .git
2025-04-24 16:44:30.936 [info] > git rev-parse --show-toplevel [1ms]
2025-04-24 16:44:30.936 [info] fatal: not a git repository (or any of the parent directories): .git
2025-04-24 16:44:32.477 [info] > git rev-parse --show-toplevel [0ms]
2025-04-24 16:44:32.478 [info] fatal: not a git repository (or any of the parent directories): .git
2025-04-24 16:45:06.055 [info] > git rev-parse --show-toplevel [0ms]
2025-04-24 16:45:06.056 [info] fatal: not a git repository (or any of the parent directories): .git
2025-04-24 16:45:07.458 [info] > git rev-parse --show-toplevel [1ms]
2025-04-24 16:45:07.458 [info] fatal: not a git repository (or any of the parent directories): .git
2025-04-24 16:46:11.447 [info] > git rev-parse --show-toplevel [1ms]
2025-04-24 16:46:11.447 [info] fatal: not a git repository (or any of the parent directories): .git
2025-04-24 16:46:12.227 [info] > git rev-parse --show-toplevel [1ms]
2025-04-24 16:46:12.227 [info] fatal: not a git repository (or any of the parent directories): .git
2025-04-24 16:46:21.611 [info] > git rev-parse --show-toplevel [1ms]
2025-04-24 16:46:21.611 [info] fatal: not a git repository (or any of the parent directories): .git
2025-04-24 16:46:28.338 [info] > git rev-parse --show-toplevel [1ms]
2025-04-24 16:46:28.338 [info] fatal: not a git repository (or any of the parent directories): .git
2025-04-24 16:46:29.040 [info] > git rev-parse --show-toplevel [1ms]
2025-04-24 16:46:29.040 [info] fatal: not a git repository (or any of the parent directories): .git
2025-04-24 16:46:41.836 [info] > git rev-parse --show-toplevel [1ms]
2025-04-24 16:46:41.836 [info] fatal: not a git repository (or any of the parent directories): .git
2025-04-24 16:46:50.541 [info] > git rev-parse --show-toplevel [1ms]
2025-04-24 16:46:50.541 [info] fatal: not a git repository (or any of the parent directories): .git
2025-04-24 16:47:17.959 [info] > git rev-parse --show-toplevel [1ms]
2025-04-24 16:47:17.959 [info] fatal: not a git repository (or any of the parent directories): .git
2025-04-24 16:47:27.373 [info] > git rev-parse --show-toplevel [1ms]
2025-04-24 16:47:27.373 [info] fatal: not a git repository (or any of the parent directories): .git
2025-04-24 16:47:49.120 [info] > git rev-parse --show-toplevel [1ms]
2025-04-24 16:47:49.120 [info] fatal: not a git repository (or any of the parent directories): .git
2025-04-24 16:47:51.626 [info] > git rev-parse --show-toplevel [1ms]
2025-04-24 16:47:51.626 [info] fatal: not a git repository (or any of the parent directories): .git
2025-04-24 16:48:09.926 [info] > git rev-parse --show-toplevel [1ms]
2025-04-24 16:48:09.926 [info] fatal: not a git repository (or any of the parent directories): .git
2025-04-24 16:48:47.469 [info] > git rev-parse --show-toplevel [1ms]
2025-04-24 16:48:47.469 [info] fatal: not a git repository (or any of the parent directories): .git
2025-04-24 16:48:52.818 [info] > git rev-parse --show-toplevel [0ms]
2025-04-24 16:48:52.818 [info] fatal: not a git repository (or any of the parent directories): .git
2025-04-24 16:49:10.284 [info] > git rev-parse --show-toplevel [1ms]
2025-04-24 16:49:10.284 [info] fatal: not a git repository (or any of the parent directories): .git
2025-04-24 16:49:11.462 [info] > git rev-parse --show-toplevel [1ms]
2025-04-24 16:49:11.462 [info] fatal: not a git repository (or any of the parent directories): .git
