2025-11-22 12:03:41.886 [info] [main] Log level: Info
2025-11-22 12:03:41.886 [info] [main] Validating found git in: "git"
2025-11-22 12:03:41.886 [info] [main] Using git "2.43.0" from "git"
2025-11-22 12:03:41.886 [info] [Model][doInitialScan] Initial repository scan started
2025-11-22 12:03:41.886 [info] [Model][doInitialScan] Initial repository scan completed - repositories (0), closed repositories (0), parent repositories (0), unsafe repositories (0)
2025-11-22 12:03:55.126 [info] [main] Log level: Info
2025-11-22 12:03:55.126 [info] [main] Validating found git in: "git"
2025-11-22 12:03:55.126 [info] [main] Using git "2.43.0" from "git"
2025-11-22 12:03:55.126 [info] [Model][doInitialScan] Initial repository scan started
2025-11-22 12:03:55.126 [info] > git rev-parse --show-toplevel [3ms]
2025-11-22 12:03:55.126 [info] > git rev-parse --git-dir --git-common-dir --show-superproject-working-tree [3ms]
2025-11-22 12:03:55.126 [info] [Model][openRepository] Opened repository (path): /home/rishy/Documents/Beaklevision
2025-11-22 12:03:55.126 [info] [Model][openRepository] Opened repository (real path): /home/rishy/Documents/Beaklevision
2025-11-22 12:03:55.126 [info] [Model][openRepository] Opened repository (kind): repository
2025-11-22 12:03:55.126 [info] > git config --get commit.template [5ms]
2025-11-22 12:03:55.126 [info] > git rev-parse --show-toplevel [8ms]
2025-11-22 12:03:55.126 [info] > git rev-parse --show-toplevel [2ms]
2025-11-22 12:03:55.126 [info] > git for-each-ref --format=%(refname)%00%(upstream:short)%00%(objectname)%00%(upstream:track)%00%(upstream:remotename)%00%(upstream:remoteref) refs/heads/webhooks refs/remotes/webhooks [9ms]
2025-11-22 12:03:55.127 [info] > git status -z -uall [28ms]
2025-11-22 12:03:55.127 [info] > git for-each-ref --sort -committerdate --format %(refname)%00%(objectname)%00%(*objectname) [22ms]
2025-11-22 12:03:55.146 [info] > git rev-parse --show-toplevel [57ms]
2025-11-22 12:03:55.156 [info] > git for-each-ref --format=%(refname)%00%(upstream:short)%00%(objectname)%00%(upstream:track)%00%(upstream:remotename)%00%(upstream:remoteref) refs/heads/webhooks refs/remotes/webhooks [11ms]
2025-11-22 12:03:55.181 [info] > git config --get --local branch.webhooks.vscode-merge-base [21ms]
2025-11-22 12:03:55.181 [warning] [Git][config] git config failed: Failed to execute git
2025-11-22 12:03:55.185 [info] > git rev-parse --show-toplevel [30ms]
2025-11-22 12:03:55.188 [info] [Model][doInitialScan] Initial repository scan completed - repositories (1), closed repositories (0), parent repositories (0), unsafe repositories (0)
2025-11-22 12:03:55.188 [info] > git config --get commit.template [36ms]
2025-11-22 12:03:55.203 [info] > git reflog webhooks --grep-reflog=branch: Created from *. [18ms]
2025-11-22 12:03:55.219 [info] > git reflog HEAD --grep-reflog=checkout: moving from .* to webhooks [11ms]
2025-11-22 12:03:55.224 [info] > git for-each-ref --format=%(refname)%00%(upstream:short)%00%(objectname)%00%(upstream:track)%00%(upstream:remotename)%00%(upstream:remoteref) refs/heads/webhooks refs/remotes/webhooks [6ms]
2025-11-22 12:03:55.233 [info] > git status -z -uall [5ms]
2025-11-22 12:03:55.233 [info] > git for-each-ref --format=%(refname)%00%(upstream:short)%00%(objectname)%00%(upstream:track)%00%(upstream:remotename)%00%(upstream:remoteref) refs/heads/dev refs/remotes/dev [10ms]
2025-11-22 12:03:55.238 [info] > git for-each-ref --sort -committerdate --format %(refname)%00%(objectname)%00%(*objectname) [6ms]
2025-11-22 12:03:55.240 [info] > git for-each-ref --format=%(refname)%00%(upstream:short)%00%(objectname)%00%(upstream:track)%00%(upstream:remotename)%00%(upstream:remoteref) refs/remotes/origin/dev [3ms]
2025-11-22 12:03:55.246 [info] > git config --add --local branch.webhooks.vscode-merge-base origin/dev [2ms]
2025-11-22 12:03:55.254 [info] > git config --get commit.template [4ms]
2025-11-22 12:03:55.256 [info] > git for-each-ref --format=%(refname)%00%(upstream:short)%00%(objectname)%00%(upstream:track)%00%(upstream:remotename)%00%(upstream:remoteref) refs/heads/webhooks refs/remotes/webhooks [2ms]
2025-11-22 12:03:55.264 [info] > git status -z -uall [5ms]
2025-11-22 12:03:55.265 [info] > git for-each-ref --sort -committerdate --format %(refname)%00%(objectname)%00%(*objectname) [2ms]
2025-11-22 12:03:55.277 [info] > git merge-base refs/heads/webhooks refs/remotes/origin/webhooks [6ms]
2025-11-22 12:03:55.285 [info] > git diff --name-status -z --diff-filter=ADMR --find-renames=50% bafe521fe62271641f7b374ae08e038e0efb5b12...refs/remotes/origin/webhooks -- [4ms]
2025-11-22 12:03:55.286 [info] > git merge-base refs/heads/webhooks refs/remotes/origin/webhooks [10ms]
2025-11-22 12:03:55.292 [info] > git diff --name-status -z --diff-filter=ADMR --find-renames=50% bafe521fe62271641f7b374ae08e038e0efb5b12...refs/remotes/origin/webhooks -- [2ms]
2025-11-22 12:03:55.401 [info] > git show --textconv :backend/src/tba/client.py [5ms]
2025-11-22 12:03:55.402 [info] > git ls-files --stage -- backend/src/tba/client.py [2ms]
2025-11-22 12:03:55.409 [info] > git cat-file -s 6acbcc4cd76b6cd8c09fc5febfcac664d7ca8c84 [2ms]
2025-11-22 12:03:55.546 [info] > git blame --root --incremental bafe521fe62271641f7b374ae08e038e0efb5b12 -- backend/src/tba/client.py [5ms]
2025-11-22 12:03:55.566 [info] > git check-ignore -v -z --stdin [3ms]
2025-11-22 12:04:01.984 [info] > git check-ignore -v -z --stdin [2ms]
2025-11-22 12:04:04.664 [info] > git check-ignore -v -z --stdin [1ms]
2025-11-22 12:04:09.988 [info] > git show --textconv :backend/src/models/webhooks.py [5ms]
2025-11-22 12:04:09.993 [info] > git ls-files --stage -- backend/src/models/webhooks.py [6ms]
2025-11-22 12:04:09.997 [info] > git hash-object -t tree /dev/null [5ms]
2025-11-22 12:04:09.997 [warning] [GitFileSystemProvider][readFile] File not found - git:/home/rishy/Documents/Beaklevision/backend/src/models/webhooks.py.git?%7B%22path%22%3A%22%2Fhome%2Frishy%2FDocuments%2FBeaklevision%2Fbackend%2Fsrc%2Fmodels%2Fwebhooks.py%22%2C%22ref%22%3A%22%22%7D
2025-11-22 12:04:09.999 [info] > git hash-object -t tree /dev/null [2ms]
2025-11-22 12:04:09.999 [warning] [GitFileSystemProvider][stat] File not found - git:/home/rishy/Documents/Beaklevision/backend/src/models/webhooks.py.git?%7B%22path%22%3A%22%2Fhome%2Frishy%2FDocuments%2FBeaklevision%2Fbackend%2Fsrc%2Fmodels%2Fwebhooks.py%22%2C%22ref%22%3A%22%22%7D
2025-11-22 12:04:10.267 [info] > git check-ignore -v -z --stdin [1ms]
2025-11-22 12:04:10.830 [info] > git config --get commit.template [5ms]
2025-11-22 12:04:10.832 [info] > git for-each-ref --format=%(refname)%00%(upstream:short)%00%(objectname)%00%(upstream:track)%00%(upstream:remotename)%00%(upstream:remoteref) refs/heads/webhooks refs/remotes/webhooks [2ms]
2025-11-22 12:04:10.841 [info] > git status -z -uall [5ms]
2025-11-22 12:04:10.843 [info] > git for-each-ref --sort -committerdate --format %(refname)%00%(objectname)%00%(*objectname) [2ms]
2025-11-22 12:04:12.909 [info] > git show --textconv :backend/src/routes/webhooks.py [5ms]
2025-11-22 12:04:12.910 [info] > git ls-files --stage -- backend/src/routes/webhooks.py [1ms]
2025-11-22 12:04:12.917 [info] > git cat-file -s 927e656232700c95b8059dba722a94fbc790df20 [2ms]
2025-11-22 12:04:16.788 [info] > git blame --root --incremental bafe521fe62271641f7b374ae08e038e0efb5b12 -- backend/src/routes/webhooks.py [3ms]
2025-11-22 12:04:31.232 [info] > git config --get commit.template [5ms]
2025-11-22 12:04:31.233 [info] > git for-each-ref --format=%(refname)%00%(upstream:short)%00%(objectname)%00%(upstream:track)%00%(upstream:remotename)%00%(upstream:remoteref) refs/heads/webhooks refs/remotes/webhooks [1ms]
2025-11-22 12:04:31.244 [info] > git status -z -uall [6ms]
2025-11-22 12:04:31.246 [info] > git for-each-ref --sort -committerdate --format %(refname)%00%(objectname)%00%(*objectname) [2ms]
2025-11-22 12:04:33.273 [info] > git show --textconv :backend/src/routes/webhooks.py [5ms]
2025-11-22 12:04:33.274 [info] > git ls-files --stage -- backend/src/routes/webhooks.py [1ms]
2025-11-22 12:04:33.281 [info] > git cat-file -s 927e656232700c95b8059dba722a94fbc790df20 [2ms]
2025-11-22 12:04:36.258 [info] > git config --get commit.template [4ms]
2025-11-22 12:04:36.260 [info] > git for-each-ref --format=%(refname)%00%(upstream:short)%00%(objectname)%00%(upstream:track)%00%(upstream:remotename)%00%(upstream:remoteref) refs/heads/webhooks refs/remotes/webhooks [2ms]
2025-11-22 12:04:36.269 [info] > git status -z -uall [4ms]
2025-11-22 12:04:36.271 [info] > git for-each-ref --sort -committerdate --format %(refname)%00%(objectname)%00%(*objectname) [2ms]
2025-11-22 12:04:41.284 [info] > git config --get commit.template [4ms]
2025-11-22 12:04:41.285 [info] > git for-each-ref --format=%(refname)%00%(upstream:short)%00%(objectname)%00%(upstream:track)%00%(upstream:remotename)%00%(upstream:remoteref) refs/heads/webhooks refs/remotes/webhooks [2ms]
2025-11-22 12:04:41.297 [info] > git status -z -uall [7ms]
2025-11-22 12:04:41.297 [info] > git for-each-ref --sort -committerdate --format %(refname)%00%(objectname)%00%(*objectname) [3ms]
2025-11-22 12:04:58.307 [info] > git config --get commit.template [5ms]
2025-11-22 12:04:58.309 [info] > git for-each-ref --format=%(refname)%00%(upstream:short)%00%(objectname)%00%(upstream:track)%00%(upstream:remotename)%00%(upstream:remoteref) refs/heads/webhooks refs/remotes/webhooks [2ms]
2025-11-22 12:04:58.318 [info] > git status -z -uall [5ms]
2025-11-22 12:04:58.320 [info] > git for-each-ref --sort -committerdate --format %(refname)%00%(objectname)%00%(*objectname) [3ms]
2025-11-22 12:05:03.332 [info] > git config --get commit.template [4ms]
2025-11-22 12:05:03.334 [info] > git for-each-ref --format=%(refname)%00%(upstream:short)%00%(objectname)%00%(upstream:track)%00%(upstream:remotename)%00%(upstream:remoteref) refs/heads/webhooks refs/remotes/webhooks [2ms]
2025-11-22 12:05:03.343 [info] > git status -z -uall [4ms]
2025-11-22 12:05:03.345 [info] > git for-each-ref --sort -committerdate --format %(refname)%00%(objectname)%00%(*objectname) [2ms]
2025-11-22 12:05:08.363 [info] > git config --get commit.template [7ms]
2025-11-22 12:05:08.364 [info] > git for-each-ref --format=%(refname)%00%(upstream:short)%00%(objectname)%00%(upstream:track)%00%(upstream:remotename)%00%(upstream:remoteref) refs/heads/webhooks refs/remotes/webhooks [2ms]
2025-11-22 12:05:08.377 [info] > git status -z -uall [7ms]
2025-11-22 12:05:08.379 [info] > git for-each-ref --sort -committerdate --format %(refname)%00%(objectname)%00%(*objectname) [2ms]
2025-11-22 12:05:30.401 [info] > git config --get commit.template [5ms]
2025-11-22 12:05:30.403 [info] > git for-each-ref --format=%(refname)%00%(upstream:short)%00%(objectname)%00%(upstream:track)%00%(upstream:remotename)%00%(upstream:remoteref) refs/heads/webhooks refs/remotes/webhooks [2ms]
2025-11-22 12:05:30.412 [info] > git status -z -uall [5ms]
2025-11-22 12:05:30.414 [info] > git for-each-ref --sort -committerdate --format %(refname)%00%(objectname)%00%(*objectname) [2ms]
2025-11-22 12:05:35.427 [info] > git config --get commit.template [5ms]
2025-11-22 12:05:35.429 [info] > git for-each-ref --format=%(refname)%00%(upstream:short)%00%(objectname)%00%(upstream:track)%00%(upstream:remotename)%00%(upstream:remoteref) refs/heads/webhooks refs/remotes/webhooks [2ms]
2025-11-22 12:05:35.440 [info] > git for-each-ref --sort -committerdate --format %(refname)%00%(objectname)%00%(*objectname) [2ms]
2025-11-22 12:05:35.441 [info] > git status -z -uall [8ms]
2025-11-22 12:05:35.765 [info] > git show --textconv :backend/src/models/webhooks.py [15ms]
2025-11-22 12:05:35.765 [info] > git show --textconv HEAD:backend/src/models/webhooks.py [10ms]
2025-11-22 12:05:35.765 [info] > git ls-files --stage -- backend/src/models/webhooks.py [5ms]
2025-11-22 12:05:35.770 [warning] [GitFileSystemProvider][readFile] File not found - git:/home/rishy/Documents/Beaklevision/backend/src/models/webhooks.py.git?%7B%22path%22%3A%22%2Fhome%2Frishy%2FDocuments%2FBeaklevision%2Fbackend%2Fsrc%2Fmodels%2Fwebhooks.py%22%2C%22ref%22%3A%22HEAD%22%7D
2025-11-22 12:05:35.771 [info] > git ls-tree -l HEAD -- backend/src/models/webhooks.py [7ms]
2025-11-22 12:05:35.771 [warning] [GitFileSystemProvider][stat] File not found - git:/home/rishy/Documents/Beaklevision/backend/src/models/webhooks.py.git?%7B%22path%22%3A%22%2Fhome%2Frishy%2FDocuments%2FBeaklevision%2Fbackend%2Fsrc%2Fmodels%2Fwebhooks.py%22%2C%22ref%22%3A%22HEAD%22%7D
2025-11-22 12:05:35.771 [info] > git cat-file -s 8b39f9846ca4e719db5302d3c5359b574297b04d [1ms]
2025-11-22 12:05:35.788 [info] > git blame --root --incremental bafe521fe62271641f7b374ae08e038e0efb5b12 -- backend/src/models/webhooks.py [3ms]
2025-11-22 12:05:35.788 [info] fatal: no such path backend/src/models/webhooks.py in bafe521fe62271641f7b374ae08e038e0efb5b12
2025-11-22 12:05:43.459 [info] > git config --get commit.template [6ms]
2025-11-22 12:05:43.460 [info] > git for-each-ref --format=%(refname)%00%(upstream:short)%00%(objectname)%00%(upstream:track)%00%(upstream:remotename)%00%(upstream:remoteref) refs/heads/webhooks refs/remotes/webhooks [2ms]
2025-11-22 12:05:43.470 [info] > git status -z -uall [5ms]
2025-11-22 12:05:43.472 [info] > git for-each-ref --sort -committerdate --format %(refname)%00%(objectname)%00%(*objectname) [3ms]
2025-11-22 12:05:43.484 [info] > git blame --root --incremental c5262617c05a96c61356e2b81a48da2f2b91a0e3 -- backend/src/models/webhooks.py [5ms]
2025-11-22 12:05:43.485 [info] > git merge-base refs/heads/webhooks refs/remotes/origin/webhooks [2ms]
2025-11-22 12:05:43.492 [info] > git diff --name-status -z --diff-filter=ADMR --find-renames=50% bafe521fe62271641f7b374ae08e038e0efb5b12...refs/remotes/origin/webhooks -- [2ms]
2025-11-22 12:05:43.551 [info] > git ls-files --stage -- backend/src/models/webhooks.py [2ms]
2025-11-22 12:05:43.557 [info] > git cat-file -s 8b39f9846ca4e719db5302d3c5359b574297b04d [2ms]
2025-11-22 12:05:43.564 [info] > git show --textconv :backend/src/models/webhooks.py [2ms]
2025-11-22 12:05:46.050 [info] > git ls-files --stage -- backend/src/models/webhooks.py [2ms]
2025-11-22 12:05:46.056 [info] > git cat-file -s 8b39f9846ca4e719db5302d3c5359b574297b04d [2ms]
2025-11-22 12:05:46.062 [info] > git show --textconv :backend/src/models/webhooks.py [2ms]
