2025-04-24 16:34:16.222 [info] Extension host with pid 18839 started
2025-04-24 16:34:16.238 [info] ExtensionService#_doActivateExtension vscode.git-base, startup: true, activationEvent: '*', root cause: vscode.git
2025-04-24 16:34:16.255 [info] ExtensionService#_doActivateExtension vscode.git, startup: true, activationEvent: '*'
2025-04-24 16:34:16.295 [info] ExtensionService#_doActivateExtension vscode.github, startup: true, activationEvent: '*'
2025-04-24 16:34:16.345 [info] Eager extensions activated
2025-04-24 16:34:16.379 [info] ExtensionService#_doActivateExtension vscode.debug-auto-launch, startup: false, activationEvent: 'onStartupFinished'
2025-04-24 16:34:16.381 [info] ExtensionService#_doActivateExtension vscode.merge-conflict, startup: false, activationEvent: 'onStartupFinished'
2025-04-24 16:34:26.349 [info] Extension host terminating: renderer closed the MessagePort
2025-04-24 16:34:26.352 [info] Extension host with pid 18839 exiting with code 0
2025-04-24 16:34:27.081 [info] Extension host with pid 18905 started
2025-04-24 16:34:27.081 [info] Skipping acquiring lock for /home/rishy/.config/VSCodium/User/workspaceStorage/faa897e5de879d18090c924da0a95f44.
2025-04-24 16:34:27.121 [info] ExtensionService#_doActivateExtension vscode.git-base, startup: true, activationEvent: '*'
2025-04-24 16:34:27.128 [info] ExtensionService#_doActivateExtension vscode.github, startup: true, activationEvent: '*'
2025-04-24 16:34:27.149 [info] Eager extensions activated
2025-04-24 16:34:27.150 [info] ExtensionService#_doActivateExtension vscode.debug-auto-launch, startup: false, activationEvent: 'onStartupFinished'
2025-04-24 16:34:27.151 [info] ExtensionService#_doActivateExtension vscode.merge-conflict, startup: false, activationEvent: 'onStartupFinished'
2025-04-24 16:34:31.227 [info] ExtensionService#_doActivateExtension vscode.git, startup: false, activationEvent: 'api', root cause: vscode.github
2025-04-24 16:34:33.113 [info] ExtensionService#_doActivateExtension vscode.emmet, startup: false, activationEvent: 'onLanguage'
2025-04-24 16:35:01.418 [info] Extension host terminating: renderer closed the MessagePort
2025-04-24 16:35:01.423 [info] Extension host with pid 18905 exiting with code 0
