2025-12-07 19:48:13.442 [info] Extension host with pid 2959 started
2025-12-07 19:48:13.467 [info] ExtensionService#_doActivateExtension vscode.github-authentication, startup: false, activationEvent: 'onAuthenticationRequest:github'
2025-12-07 19:48:13.490 [info] ExtensionService#_doActivateExtension vscode.emmet, startup: false, activationEvent: 'onLanguage'
2025-12-07 19:48:13.530 [info] ExtensionService#_doActivateExtension vscode.git-base, startup: true, activationEvent: '*', root cause: vscode.git
2025-12-07 19:48:13.543 [info] ExtensionService#_doActivateExtension vscode.git, startup: true, activationEvent: '*'
2025-12-07 19:48:13.588 [info] ExtensionService#_doActivateExtension vscode.github, startup: true, activationEvent: '*'
2025-12-07 19:48:13.716 [info] Eager extensions activated
2025-12-07 19:48:13.730 [info] ExtensionService#_doActivateExtension vscode.debug-auto-launch, startup: false, activationEvent: 'onStartupFinished'
2025-12-07 19:48:13.732 [info] ExtensionService#_doActivateExtension vscode.merge-conflict, startup: false, activationEvent: 'onStartupFinished'
2025-12-07 19:48:23.492 [info] Extension host terminating: renderer closed the MessagePort
2025-12-07 19:48:23.500 [info] Extension host with pid 2959 exiting with code 0
2025-12-07 19:48:24.408 [info] Extension host with pid 4628 started
2025-12-07 19:48:24.408 [info] Skipping acquiring lock for /home/rishy/.config/Code - OSS/User/workspaceStorage/a03c70d291fa4680126ea16f5e757a51.
2025-12-07 19:48:24.419 [info] ExtensionService#_doActivateExtension vscode.github-authentication, startup: false, activationEvent: 'onAuthenticationRequest:github'
2025-12-07 19:48:24.448 [info] ExtensionService#_doActivateExtension vscode.emmet, startup: false, activationEvent: 'onLanguage'
2025-12-07 19:48:24.489 [info] ExtensionService#_doActivateExtension vscode.git-base, startup: true, activationEvent: '*'
2025-12-07 19:48:24.519 [info] ExtensionService#_doActivateExtension vscode.github, startup: true, activationEvent: '*'
2025-12-07 19:48:24.577 [info] Eager extensions activated
2025-12-07 19:48:24.634 [info] ExtensionService#_doActivateExtension vscode.debug-auto-launch, startup: false, activationEvent: 'onStartupFinished'
2025-12-07 19:48:24.638 [info] ExtensionService#_doActivateExtension vscode.merge-conflict, startup: false, activationEvent: 'onStartupFinished'
2025-12-07 19:48:26.982 [info] ExtensionService#_doActivateExtension vscode.git, startup: false, activationEvent: 'api', root cause: vscode.github
2025-12-07 19:49:06.498 [info] ExtensionService#_doActivateExtension vscode.terminal-suggest, startup: false, activationEvent: 'onTerminalShellIntegration:*'
2025-12-07 19:49:11.089 [info] ExtensionService#_doActivateExtension vscode.npm, startup: false, activationEvent: 'onTerminalQuickFixRequest:ms-vscode.npm-command'
2025-12-07 19:55:29.653 [info] Extension host terminating: renderer closed the MessagePort
2025-12-07 19:55:29.657 [info] Extension host with pid 4628 exiting with code 0
