2025-03-05 20:58:50.347 [info] [main] Log level: Info
2025-03-05 20:58:50.347 [info] [main] Validating found git in: "git"
2025-03-05 20:58:50.347 [info] [main] Using git "2.48.1" from "git"
2025-03-05 20:58:50.347 [info] [Model][doInitialScan] Initial repository scan started
2025-03-05 20:58:50.347 [info] [Model][doInitialScan] Initial repository scan completed - repositories (0), closed repositories (0), parent repositories (0), unsafe repositories (0)
2025-03-05 20:59:12.793 [info] [main] Log level: Info
2025-03-05 20:59:12.793 [info] [main] Validating found git in: "git"
2025-03-05 20:59:12.793 [info] [main] Using git "2.48.1" from "git"
2025-03-05 20:59:12.793 [info] [Model][doInitialScan] Initial repository scan started
2025-03-05 20:59:12.793 [info] > git rev-parse --show-toplevel [4ms]
2025-03-05 20:59:12.801 [info] > git rev-parse --git-dir --git-common-dir [1ms]
2025-03-05 20:59:12.809 [info] [Model][openRepository] Opened repository: /home/rishy/.config
2025-03-05 20:59:12.819 [info] > git for-each-ref --format=%(refname)%00%(upstream:short)%00%(objectname)%00%(upstream:track)%00%(upstream:remotename)%00%(upstream:remoteref) refs/heads/master refs/remotes/master [2ms]
2025-03-05 20:59:12.872 [info] > git status -z -uall [16ms]
2025-03-05 20:59:12.872 [info] > git for-each-ref --sort -committerdate --format %(refname) %(objectname) %(*objectname) [10ms]
2025-03-05 20:59:12.893 [info] > git for-each-ref --format=%(refname)%00%(upstream:short)%00%(objectname)%00%(upstream:track)%00%(upstream:remotename)%00%(upstream:remoteref) refs/heads/master refs/remotes/master [2ms]
2025-03-05 20:59:12.899 [info] > git rev-parse --show-toplevel [32ms]
2025-03-05 20:59:12.906 [info] > git config --get --local branch.master.vscode-merge-base [7ms]
2025-03-05 20:59:12.906 [warning] [Git][config] git config failed: Failed to execute git
2025-03-05 20:59:12.922 [info] > git reflog master --grep-reflog=branch: Created from *. [11ms]
2025-03-05 20:59:12.927 [info] > git rev-parse --show-toplevel [21ms]
2025-03-05 20:59:12.956 [info] > git symbolic-ref --short refs/remotes/origin/HEAD [29ms]
2025-03-05 20:59:12.963 [info] > git for-each-ref --format=%(refname)%00%(upstream:short)%00%(objectname)%00%(upstream:track)%00%(upstream:remotename)%00%(upstream:remoteref) refs/heads/origin/master refs/remotes/origin/master [1ms]
2025-03-05 20:59:12.968 [info] > git rev-parse --show-toplevel [11ms]
2025-03-05 20:59:12.968 [info] > git for-each-ref --format=%(refname)%00%(upstream:short)%00%(objectname)%00%(upstream:track)%00%(upstream:remotename)%00%(upstream:remoteref) refs/heads/master refs/remotes/master [17ms]
2025-03-05 20:59:12.975 [info] > git rev-parse --show-toplevel [1ms]
2025-03-05 20:59:12.975 [info] > git config --add --local branch.master.vscode-merge-base origin/master [8ms]
2025-03-05 20:59:12.987 [info] > git for-each-ref --format=%(refname)%00%(upstream:short)%00%(objectname)%00%(upstream:track)%00%(upstream:remotename)%00%(upstream:remoteref) refs/heads/master refs/remotes/master [2ms]
2025-03-05 20:59:12.992 [info] > git rev-parse --show-toplevel [12ms]
2025-03-05 20:59:13.003 [info] > git for-each-ref --format=%(refname)%00%(upstream:short)%00%(objectname)%00%(upstream:track)%00%(upstream:remotename)%00%(upstream:remoteref) refs/heads/master refs/remotes/master [5ms]
2025-03-05 20:59:13.003 [info] > git config --get --local branch.master.vscode-merge-base [11ms]
2025-03-05 20:59:13.008 [info] > git rev-parse --show-toplevel [6ms]
2025-03-05 20:59:13.013 [info] > git for-each-ref --format=%(refname)%00%(upstream:short)%00%(objectname)%00%(upstream:track)%00%(upstream:remotename)%00%(upstream:remoteref) refs/heads/origin/master refs/remotes/origin/master [5ms]
2025-03-05 20:59:13.029 [info] > git status -z -uall [5ms]
2025-03-05 20:59:13.029 [info] > git rev-parse --show-toplevel [16ms]
2025-03-05 20:59:13.035 [info] > git merge-base refs/heads/master refs/remotes/origin/master [17ms]
2025-03-05 20:59:13.040 [info] > git rev-parse --show-toplevel [6ms]
2025-03-05 20:59:13.041 [info] > git for-each-ref --sort -committerdate --format %(refname) %(objectname) %(*objectname) [13ms]
2025-03-05 20:59:13.059 [info] > git merge-base refs/heads/master refs/remotes/origin/master [11ms]
2025-03-05 20:59:13.064 [info] > git diff --name-status -z --diff-filter=ADMR 58c9d21275f46567764e5b7548b2ce02a09a5e8b...refs/remotes/origin/master [24ms]
2025-03-05 20:59:13.066 [info] > git diff --name-status -z --diff-filter=ADMR 58c9d21275f46567764e5b7548b2ce02a09a5e8b...refs/remotes/origin/master [2ms]
2025-03-05 20:59:13.066 [info] > git rev-parse --show-toplevel [7ms]
2025-03-05 20:59:13.066 [info] > git merge-base refs/heads/master refs/remotes/origin/master [12ms]
2025-03-05 20:59:13.077 [info] > git diff --name-status -z --diff-filter=ADMR 58c9d21275f46567764e5b7548b2ce02a09a5e8b...refs/remotes/origin/master [5ms]
2025-03-05 20:59:13.078 [info] > git rev-parse --show-toplevel [1ms]
2025-03-05 20:59:13.084 [info] > git rev-parse --show-toplevel [1ms]
2025-03-05 20:59:13.090 [info] > git rev-parse --show-toplevel [2ms]
2025-03-05 20:59:13.095 [info] > git rev-parse --show-toplevel [1ms]
2025-03-05 20:59:13.101 [info] > git rev-parse --show-toplevel [1ms]
2025-03-05 20:59:13.106 [info] > git rev-parse --show-toplevel [1ms]
2025-03-05 20:59:13.113 [info] > git rev-parse --show-toplevel [1ms]
2025-03-05 20:59:13.118 [info] > git rev-parse --show-toplevel [1ms]
2025-03-05 20:59:13.124 [info] > git rev-parse --show-toplevel [1ms]
2025-03-05 20:59:13.125 [info] [Model][doInitialScan] Initial repository scan completed - repositories (1), closed repositories (0), parent repositories (0), unsafe repositories (0)
2025-03-05 20:59:13.318 [info] > git check-ignore -v -z --stdin [1ms]
2025-03-05 20:59:14.898 [info] > git log --format=%H%n%aN%n%aE%n%at%n%ct%n%P%n%D%n%B -z --shortstat --diff-merges=first-parent -n50 --skip=0 --topo-order --decorate=full --stdin [23ms]
2025-03-05 20:59:15.502 [info] > git check-ignore -v -z --stdin [1ms]
2025-03-05 20:59:16.255 [info] > git for-each-ref --format=%(refname)%00%(upstream:short)%00%(objectname)%00%(upstream:track)%00%(upstream:remotename)%00%(upstream:remoteref) refs/heads/master refs/remotes/master [1ms]
2025-03-05 20:59:16.265 [info] > git status -z -uall [5ms]
2025-03-05 20:59:16.267 [info] > git for-each-ref --sort -committerdate --format %(refname) %(objectname) %(*objectname) [1ms]
2025-03-05 20:59:21.277 [info] > git for-each-ref --format=%(refname)%00%(upstream:short)%00%(objectname)%00%(upstream:track)%00%(upstream:remotename)%00%(upstream:remoteref) refs/heads/master refs/remotes/master [1ms]
2025-03-05 20:59:21.288 [info] > git status -z -uall [6ms]
2025-03-05 20:59:21.289 [info] > git for-each-ref --sort -committerdate --format %(refname) %(objectname) %(*objectname) [2ms]
2025-03-05 20:59:23.014 [info] > git show -s --decorate=full --shortstat --format=%H%n%aN%n%aE%n%at%n%ct%n%P%n%D%n%B -z MERGE_HEAD [5ms]
2025-03-05 20:59:23.015 [info] > git show -s --decorate=full --shortstat --format=%H%n%aN%n%aE%n%at%n%ct%n%P%n%D%n%B -z HEAD [10ms]
2025-03-05 20:59:23.016 [info] > git diff --name-status -z --diff-filter=ADMR MERGE_HEAD...HEAD [2ms]
2025-03-05 20:59:23.084 [info] > git show --textconv :1:hypr/onstart.conf [30ms]
2025-03-05 20:59:23.084 [info] > git show --textconv b8671d1bae5b4885ad96091fda1c634ec515e9dc:hypr/onstart.conf [24ms]
2025-03-05 20:59:23.084 [info] > git show --textconv 8c2b4150dc2db17b3af3853bcb8a0acad2e971b1:hypr/onstart.conf [18ms]
2025-03-05 20:59:23.084 [info] > git ls-tree -l b8671d1bae5b4885ad96091fda1c634ec515e9dc -- /home/rishy/.config/hypr/onstart.conf [7ms]
2025-03-05 20:59:23.085 [info] > git ls-files --stage -- /home/rishy/.config/hypr/onstart.conf [13ms]
2025-03-05 20:59:23.091 [info] > git cat-file -s 35a4827715d42e71c727625990ebc1bae05dd783 [2ms]
2025-03-05 20:59:23.091 [info] > git ls-tree -l 8c2b4150dc2db17b3af3853bcb8a0acad2e971b1 -- /home/rishy/.config/hypr/onstart.conf [8ms]
2025-03-05 20:59:26.299 [info] > git for-each-ref --format=%(refname)%00%(upstream:short)%00%(objectname)%00%(upstream:track)%00%(upstream:remotename)%00%(upstream:remoteref) refs/heads/master refs/remotes/master [1ms]
2025-03-05 20:59:26.309 [info] > git status -z -uall [5ms]
2025-03-05 20:59:26.310 [info] > git for-each-ref --sort -committerdate --format %(refname) %(objectname) %(*objectname) [1ms]
2025-03-05 20:59:26.948 [info] > git check-ignore -v -z --stdin [1ms]
2025-03-05 20:59:31.779 [info] > git for-each-ref --format=%(refname)%00%(upstream:short)%00%(objectname)%00%(upstream:track)%00%(upstream:remotename)%00%(upstream:remoteref) refs/heads/master refs/remotes/master [1ms]
2025-03-05 20:59:31.790 [info] > git status -z -uall [6ms]
2025-03-05 20:59:31.791 [info] > git for-each-ref --sort -committerdate --format %(refname) %(objectname) %(*objectname) [2ms]
2025-03-05 20:59:32.815 [info] > git add -A -- /home/rishy/.config/hypr/onstart.conf [2ms]
2025-03-05 20:59:32.822 [info] > git for-each-ref --format=%(refname)%00%(upstream:short)%00%(objectname)%00%(upstream:track)%00%(upstream:remotename)%00%(upstream:remoteref) refs/heads/master refs/remotes/master [1ms]
2025-03-05 20:59:32.832 [info] > git status -z -uall [5ms]
2025-03-05 20:59:32.833 [info] > git for-each-ref --sort -committerdate --format %(refname) %(objectname) %(*objectname) [1ms]
2025-03-05 20:59:36.801 [info] > git for-each-ref --format=%(refname)%00%(upstream:short)%00%(objectname)%00%(upstream:track)%00%(upstream:remotename)%00%(upstream:remoteref) refs/heads/master refs/remotes/master [2ms]
2025-03-05 20:59:36.811 [info] > git status -z -uall [5ms]
2025-03-05 20:59:36.812 [info] > git for-each-ref --sort -committerdate --format %(refname) %(objectname) %(*objectname) [1ms]
2025-03-05 20:59:37.403 [info] > git show -s --decorate=full --shortstat --format=%H%n%aN%n%aE%n%at%n%ct%n%P%n%D%n%B -z MERGE_HEAD [5ms]
2025-03-05 20:59:37.404 [info] > git show -s --decorate=full --shortstat --format=%H%n%aN%n%aE%n%at%n%ct%n%P%n%D%n%B -z HEAD [11ms]
2025-03-05 20:59:37.405 [info] > git diff --name-status -z --diff-filter=ADMR MERGE_HEAD...HEAD [2ms]
2025-03-05 20:59:37.458 [info] > git show --textconv :1:.gitignore [34ms]
2025-03-05 20:59:37.458 [info] > git show --textconv b8671d1bae5b4885ad96091fda1c634ec515e9dc:.gitignore [25ms]
2025-03-05 20:59:37.458 [info] > git show --textconv 8c2b4150dc2db17b3af3853bcb8a0acad2e971b1:.gitignore [18ms]
2025-03-05 20:59:37.458 [info] > git ls-tree -l b8671d1bae5b4885ad96091fda1c634ec515e9dc -- /home/rishy/.config/.gitignore [5ms]
2025-03-05 20:59:37.459 [info] > git ls-files --stage -- /home/rishy/.config/.gitignore [13ms]
2025-03-05 20:59:37.464 [info] > git ls-tree -l 8c2b4150dc2db17b3af3853bcb8a0acad2e971b1 -- /home/rishy/.config/.gitignore [7ms]
2025-03-05 20:59:37.465 [info] > git cat-file -s a2c4c3de63019da0bb6bf83d62f394f110c6c3b1 [2ms]
2025-03-05 20:59:41.090 [info] > git blame --root --incremental b8671d1bae5b4885ad96091fda1c634ec515e9dc -- /home/rishy/.config/.gitignore [2ms]
2025-03-05 20:59:41.821 [info] > git for-each-ref --format=%(refname)%00%(upstream:short)%00%(objectname)%00%(upstream:track)%00%(upstream:remotename)%00%(upstream:remoteref) refs/heads/master refs/remotes/master [1ms]
2025-03-05 20:59:41.832 [info] > git status -z -uall [6ms]
2025-03-05 20:59:41.833 [info] > git for-each-ref --sort -committerdate --format %(refname) %(objectname) %(*objectname) [2ms]
2025-03-05 20:59:42.472 [info] > git check-ignore -v -z --stdin [1ms]
2025-03-05 20:59:46.844 [info] > git for-each-ref --format=%(refname)%00%(upstream:short)%00%(objectname)%00%(upstream:track)%00%(upstream:remotename)%00%(upstream:remoteref) refs/heads/master refs/remotes/master [1ms]
2025-03-05 20:59:46.854 [info] > git status -z -uall [5ms]
2025-03-05 20:59:46.855 [info] > git for-each-ref --sort -committerdate --format %(refname) %(objectname) %(*objectname) [1ms]
2025-03-05 20:59:48.769 [info] > git add -A -- /home/rishy/.config/.gitignore [2ms]
2025-03-05 20:59:48.777 [info] > git for-each-ref --format=%(refname)%00%(upstream:short)%00%(objectname)%00%(upstream:track)%00%(upstream:remotename)%00%(upstream:remoteref) refs/heads/master refs/remotes/master [2ms]
2025-03-05 20:59:48.787 [info] > git status -z -uall [5ms]
2025-03-05 20:59:48.788 [info] > git for-each-ref --sort -committerdate --format %(refname) %(objectname) %(*objectname) [1ms]
2025-03-05 20:59:49.429 [info] > git check-ignore -v -z --stdin [2ms]
2025-03-05 20:59:50.629 [info] > git merge --continue [5ms]
2025-03-05 20:59:50.635 [info] > git config --get commit.template [1ms]
2025-03-05 20:59:50.647 [info] > git config --get commit.template [6ms]
2025-03-05 20:59:50.647 [info] > git for-each-ref --format=%(refname)%00%(upstream:short)%00%(objectname)%00%(upstream:track)%00%(upstream:remotename)%00%(upstream:remoteref) refs/heads/master refs/remotes/master [1ms]
2025-03-05 20:59:50.659 [info] > git status -z -uall [6ms]
2025-03-05 20:59:50.660 [info] > git for-each-ref --sort -committerdate --format %(refname) %(objectname) %(*objectname) [2ms]
2025-03-05 20:59:50.670 [info] > git merge-base refs/heads/master refs/remotes/origin/master [2ms]
2025-03-05 20:59:50.676 [info] > git diff --name-status -z --diff-filter=ADMR b8671d1bae5b4885ad96091fda1c634ec515e9dc...refs/remotes/origin/master [1ms]
2025-03-05 20:59:50.710 [info] > git log --format=%H%n%aN%n%aE%n%at%n%ct%n%P%n%D%n%B -z --shortstat --diff-merges=first-parent -n50 --skip=0 --topo-order --decorate=full --stdin [16ms]
2025-03-05 20:59:51.308 [info] > git check-ignore -v -z --stdin [1ms]
2025-03-05 20:59:51.869 [info] > git config --get commit.template [5ms]
2025-03-05 20:59:51.870 [info] > git for-each-ref --format=%(refname)%00%(upstream:short)%00%(objectname)%00%(upstream:track)%00%(upstream:remotename)%00%(upstream:remoteref) refs/heads/master refs/remotes/master [1ms]
2025-03-05 20:59:51.880 [info] > git status -z -uall [5ms]
2025-03-05 20:59:51.881 [info] > git for-each-ref --sort -committerdate --format %(refname) %(objectname) %(*objectname) [1ms]
2025-03-05 20:59:54.762 [info] > git add -A -- . [152ms]
2025-03-05 20:59:55.110 [info] > git show --textconv :.git/COMMIT_EDITMSG [6ms]
2025-03-05 20:59:55.116 [info] > git ls-files --stage -- /home/rishy/.config/.git/COMMIT_EDITMSG [7ms]
2025-03-05 20:59:55.122 [info] > git hash-object -t tree /dev/null [2ms]
2025-03-05 20:59:55.122 [warning] [GitFileSystemProvider][stat] File not found - git:/home/rishy/.config/.git/COMMIT_EDITMSG.git?%7B%22path%22%3A%22%2Fhome%2Frishy%2F.config%2F.git%2FCOMMIT_EDITMSG%22%2C%22ref%22%3A%22%22%7D
2025-03-05 20:59:55.123 [info] > git hash-object -t tree /dev/null [8ms]
2025-03-05 20:59:55.123 [warning] [GitFileSystemProvider][readFile] File not found - git:/home/rishy/.config/.git/COMMIT_EDITMSG.git?%7B%22path%22%3A%22%2Fhome%2Frishy%2F.config%2F.git%2FCOMMIT_EDITMSG%22%2C%22ref%22%3A%22%22%7D
2025-03-05 20:59:55.442 [info] > git check-ignore -v -z --stdin [1ms]
2025-03-05 21:00:01.086 [info] > git blame --root --incremental 0b60e793d6860580827a6b2efe41bfd3a75fe526 -- /home/rishy/.config/.git/COMMIT_EDITMSG [1ms]
2025-03-05 21:00:01.086 [info] fatal: no such path .git/COMMIT_EDITMSG in 0b60e793d6860580827a6b2efe41bfd3a75fe526
2025-03-05 21:00:06.146 [info] > git check-ignore -v -z --stdin [1ms]
2025-03-05 21:00:11.365 [info] > git show --textconv :.gitignore [5ms]
2025-03-05 21:00:11.366 [info] > git ls-files --stage -- /home/rishy/.config/.gitignore [2ms]
2025-03-05 21:00:11.372 [info] > git cat-file -s 491a8ba5491e4490dda5af91718142d789f85806 [1ms]
2025-03-05 21:00:12.180 [info] > git blame --root --incremental 0b60e793d6860580827a6b2efe41bfd3a75fe526 -- /home/rishy/.config/.gitignore [2ms]
2025-03-05 21:00:14.690 [info] > git check-ignore -v -z --stdin [1ms]
2025-03-05 21:00:25.583 [info] > git log --format=%H%n%aN%n%aE%n%at%n%ct%n%P%n%D%n%B -z --shortstat --diff-merges=first-parent -n50 --skip=0 --topo-order --decorate=full --stdin [16ms]
2025-03-05 21:00:26.119 [info] > git check-ignore -v -z --stdin [2ms]
