2025-11-20 18:43:37.635 [info] Reading sessions from keychain...
2025-11-20 18:43:37.635 [info] Getting sessions for all scopes...
2025-11-20 18:43:37.635 [info] Got 0 sessions for ...
2025-11-20 18:43:37.635 [info] Getting sessions for all scopes...
2025-11-20 18:43:37.635 [info] Got 0 sessions for ...
2025-11-20 18:43:37.635 [info] Getting sessions for all scopes...
2025-11-20 18:43:37.635 [info] Got 0 sessions for ...
2025-11-20 18:43:37.635 [info] Getting sessions for all scopes...
2025-11-20 18:43:37.635 [info] Got 0 sessions for ...
2025-11-20 18:43:37.635 [info] Getting sessions for all scopes...
2025-11-20 18:43:37.635 [info] Got 0 sessions for ...
2025-11-20 18:43:37.635 [info] Getting sessions for all scopes...
2025-11-20 18:43:37.635 [info] Got 0 sessions for ...
2025-11-20 18:43:37.635 [info] Getting sessions for all scopes...
2025-11-20 18:43:37.635 [info] Got 0 sessions for ...
2025-11-20 18:43:37.635 [info] Getting sessions for all scopes...
2025-11-20 18:43:37.637 [info] Got 0 sessions for ...
2025-11-20 18:43:37.637 [info] Getting sessions for all scopes...
2025-11-20 18:43:37.637 [info] Got 0 sessions for ...
2025-11-20 18:43:37.637 [info] Getting sessions for all scopes...
2025-11-20 18:43:37.637 [info] Got 0 sessions for ...
2025-11-20 18:43:37.637 [info] Getting sessions for all scopes...
2025-11-20 18:43:37.637 [info] Got 0 sessions for ...
2025-11-20 18:43:37.637 [info] Getting sessions for all scopes...
2025-11-20 18:43:37.637 [info] Got 0 sessions for ...
2025-11-20 18:43:37.637 [info] Getting sessions for all scopes...
2025-11-20 18:43:37.637 [info] Got 0 sessions for ...
2025-11-20 18:43:37.637 [info] Getting sessions for all scopes...
2025-11-20 18:43:37.637 [info] Got 0 sessions for ...
2025-11-20 18:43:37.637 [info] Getting sessions for all scopes...
2025-11-20 18:43:37.637 [info] Got 0 sessions for ...
2025-11-20 18:43:37.637 [info] Getting sessions for all scopes...
2025-11-20 18:43:37.637 [info] Got 0 sessions for ...
2025-11-20 18:43:38.087 [info] Getting sessions for read:user,repo,user:email,workflow...
2025-11-20 18:43:38.087 [info] Got 0 sessions for read:user,repo,user:email,workflow...
2025-11-20 18:43:38.303 [info] Getting sessions for all scopes...
2025-11-20 18:43:38.303 [info] Got 0 sessions for ...
2025-11-20 18:43:45.408 [info] Reading sessions from keychain...
2025-11-20 18:43:45.408 [info] Getting sessions for all scopes...
2025-11-20 18:43:45.408 [info] Got 0 sessions for ...
2025-11-20 18:43:45.408 [info] Getting sessions for all scopes...
2025-11-20 18:43:45.408 [info] Got 0 sessions for ...
2025-11-20 18:43:45.408 [info] Getting sessions for all scopes...
2025-11-20 18:43:45.408 [info] Got 0 sessions for ...
2025-11-20 18:43:45.408 [info] Getting sessions for all scopes...
2025-11-20 18:43:45.408 [info] Got 0 sessions for ...
2025-11-20 18:43:45.408 [info] Getting sessions for all scopes...
2025-11-20 18:43:45.408 [info] Got 0 sessions for ...
2025-11-20 18:43:45.408 [info] Getting sessions for all scopes...
2025-11-20 18:43:45.408 [info] Got 0 sessions for ...
2025-11-20 18:43:45.408 [info] Getting sessions for all scopes...
2025-11-20 18:43:45.408 [info] Got 0 sessions for ...
2025-11-20 18:43:45.429 [info] Getting sessions for all scopes...
2025-11-20 18:43:45.429 [info] Got 0 sessions for ...
2025-11-20 18:43:45.429 [info] Getting sessions for all scopes...
2025-11-20 18:43:45.429 [info] Got 0 sessions for ...
2025-11-20 18:43:45.429 [info] Getting sessions for all scopes...
2025-11-20 18:43:45.429 [info] Got 0 sessions for ...
2025-11-20 18:43:45.429 [info] Getting sessions for all scopes...
2025-11-20 18:43:45.429 [info] Got 0 sessions for ...
2025-11-20 18:43:45.430 [info] Getting sessions for all scopes...
2025-11-20 18:43:45.430 [info] Got 0 sessions for ...
2025-11-20 18:43:45.430 [info] Getting sessions for all scopes...
2025-11-20 18:43:45.430 [info] Got 0 sessions for ...
2025-11-20 18:43:45.432 [info] Getting sessions for all scopes...
2025-11-20 18:43:45.432 [info] Got 0 sessions for ...
2025-11-20 18:43:45.734 [info] Getting sessions for all scopes...
2025-11-20 18:43:45.734 [info] Got 0 sessions for ...
2025-11-20 18:43:47.302 [info] Getting sessions for all scopes...
2025-11-20 18:43:47.302 [info] Got 0 sessions for ...
