4/7/2026, 7:44:55 PM PDT 0: 

----------------------------------------------
4/7/2026, 7:44:55 PM PDT 1: Discord starting: {"releaseChannel":"stable","version":"0.0.132"}, modulepath: /home/rishy/.config/discord/0.0.132/modules
4/7/2026, 7:44:55 PM PDT 2: ✅ webContents.created web1 ""
4/7/2026, 7:44:55 PM PDT 3: ✅ window.created win1 "discord"
4/7/2026, 7:44:55 PM PDT 4: ✅ webContents.did-finish-load web1
4/7/2026, 7:45:03 PM PDT 5: ✅ webContents.created web2 ""
4/7/2026, 7:45:03 PM PDT 6: ✅ window.created win2 "Discord"
4/7/2026, 7:45:05 PM PDT 7: ✅ webContents.did-finish-load web2
4/7/2026, 7:45:05 PM PDT 8: window.close win1
4/7/2026, 7:45:05 PM PDT 9: webContents.destroyed web1
4/7/2026, 7:45:05 PM PDT 10: window.closed win1
4/7/2026, 7:50:18 PM PDT 11: window.close win2
4/8/2026, 8:03:39 PM PDT 0: 

----------------------------------------------
4/8/2026, 8:03:39 PM PDT 1: Discord starting: {"releaseChannel":"stable","version":"0.0.132"}, modulepath: /home/rishy/.config/discord/0.0.132/modules
4/8/2026, 8:03:39 PM PDT 2: ✅ webContents.created web1 ""
4/8/2026, 8:03:39 PM PDT 3: ✅ window.created win1 "discord"
4/8/2026, 8:03:40 PM PDT 4: ✅ webContents.did-finish-load web1
4/8/2026, 8:03:40 PM PDT 5: ✅ webContents.created web2 ""
4/8/2026, 8:03:40 PM PDT 6: ✅ window.created win2 "Discord"
4/8/2026, 8:03:41 PM PDT 7: ✅ webContents.did-finish-load web2
4/8/2026, 8:03:41 PM PDT 8: window.close win1
4/8/2026, 8:03:41 PM PDT 9: webContents.destroyed web1
4/8/2026, 8:03:41 PM PDT 10: window.closed win1
4/8/2026, 8:18:28 PM PDT 11: window.close win2
4/8/2026, 8:33:32 PM PDT 0: 

----------------------------------------------
4/8/2026, 8:33:32 PM PDT 1: Discord starting: {"releaseChannel":"stable","version":"0.0.132"}, modulepath: /home/rishy/.config/discord/0.0.132/modules
4/8/2026, 8:35:41 PM PDT 12: window.close win2
4/8/2026, 8:43:39 PM PDT 0: 

----------------------------------------------
4/8/2026, 8:43:39 PM PDT 1: Discord starting: {"releaseChannel":"stable","version":"0.0.132"}, modulepath: /home/rishy/.config/discord/0.0.132/modules
4/8/2026, 9:01:51 PM PDT 13: window.close win2
