2025-03-05 20:58:50.073 [info] Extension host with pid 17933 started
2025-03-05 20:58:50.195 [info] ExtensionService#_doActivateExtension vscode.git-base, startup: true, activationEvent: '*', root cause: vscode.git
2025-03-05 20:58:50.201 [info] ExtensionService#_doActivateExtension vscode.git, startup: true, activationEvent: '*'
2025-03-05 20:58:50.265 [info] ExtensionService#_doActivateExtension vscode.github, startup: true, activationEvent: '*'
2025-03-05 20:58:50.316 [info] Eager extensions activated
2025-03-05 20:58:50.326 [info] ExtensionService#_doActivateExtension vscode.debug-auto-launch, startup: false, activationEvent: 'onStartupFinished'
2025-03-05 20:58:50.328 [info] ExtensionService#_doActivateExtension vscode.merge-conflict, startup: false, activationEvent: 'onStartupFinished'
2025-03-05 20:59:05.781 [info] Extension host terminating: renderer closed the MessagePort
2025-03-05 20:59:05.785 [info] Extension host with pid 17933 exiting with code 0
2025-03-05 20:59:06.577 [info] Extension host with pid 18137 started
2025-03-05 20:59:06.577 [info] Skipping acquiring lock for /home/rishy/.config/Code - OSS/User/workspaceStorage/cbf2fd2df9367eeebeb78ef4bfa899f3.
2025-03-05 20:59:06.630 [info] ExtensionService#_doActivateExtension vscode.git-base, startup: true, activationEvent: '*'
2025-03-05 20:59:06.636 [info] ExtensionService#_doActivateExtension vscode.github, startup: true, activationEvent: '*'
2025-03-05 20:59:06.666 [info] Eager extensions activated
2025-03-05 20:59:06.667 [info] ExtensionService#_doActivateExtension vscode.debug-auto-launch, startup: false, activationEvent: 'onStartupFinished'
2025-03-05 20:59:06.668 [info] ExtensionService#_doActivateExtension vscode.merge-conflict, startup: false, activationEvent: 'onStartupFinished'
2025-03-05 20:59:12.687 [info] ExtensionService#_doActivateExtension vscode.git, startup: false, activationEvent: 'api', root cause: vscode.github
2025-03-05 20:59:12.820 [info] ExtensionService#_doActivateExtension vscode.emmet, startup: false, activationEvent: 'onLanguage'
2025-03-05 20:59:12.927 [info] ExtensionService#_doActivateExtension vscode.github-authentication, startup: false, activationEvent: 'onAuthenticationRequest:github'
2025-03-05 20:59:54.656 [info] ExtensionService#_doActivateExtension vscode.configuration-editing, startup: false, activationEvent: 'onLanguage:jsonc'
2025-03-05 20:59:54.666 [info] ExtensionService#_doActivateExtension vscode.json-language-features, startup: false, activationEvent: 'onLanguage:jsonc'
2025-03-05 20:59:54.716 [info] ExtensionService#_doActivateExtension vscode.typescript-language-features, startup: false, activationEvent: 'onLanguage:jsonc'
