2025-11-19 20:31:53.406 [info] Reading sessions from keychain...
2025-11-19 20:31:53.406 [info] Getting sessions for all scopes...
2025-11-19 20:31:53.446 [info] Got 0 sessions for ...
2025-11-19 20:31:53.446 [info] Getting sessions for all scopes...
2025-11-19 20:31:53.446 [info] Got 0 sessions for ...
2025-11-19 20:31:53.446 [info] Getting sessions for all scopes...
2025-11-19 20:31:53.446 [info] Got 0 sessions for ...
2025-11-19 20:31:53.446 [info] Getting sessions for all scopes...
2025-11-19 20:31:53.446 [info] Got 0 sessions for ...
2025-11-19 20:31:53.446 [info] Getting sessions for all scopes...
2025-11-19 20:31:53.446 [info] Got 0 sessions for ...
2025-11-19 20:31:53.446 [info] Getting sessions for all scopes...
2025-11-19 20:31:53.446 [info] Got 0 sessions for ...
2025-11-19 20:31:53.446 [info] Getting sessions for all scopes...
2025-11-19 20:31:53.446 [info] Got 0 sessions for ...
2025-11-19 20:31:53.446 [info] Getting sessions for all scopes...
2025-11-19 20:31:53.446 [info] Got 0 sessions for ...
2025-11-19 20:31:53.446 [info] Getting sessions for all scopes...
2025-11-19 20:31:53.446 [info] Got 0 sessions for ...
2025-11-19 20:31:53.463 [info] Getting sessions for all scopes...
2025-11-19 20:31:53.463 [info] Got 0 sessions for ...
2025-11-19 20:31:53.463 [info] Getting sessions for all scopes...
2025-11-19 20:31:53.463 [info] Got 0 sessions for ...
2025-11-19 20:31:53.463 [info] Getting sessions for all scopes...
2025-11-19 20:31:53.463 [info] Got 0 sessions for ...
2025-11-19 20:31:53.464 [info] Getting sessions for all scopes...
2025-11-19 20:31:53.464 [info] Got 0 sessions for ...
2025-11-19 20:31:53.464 [info] Getting sessions for all scopes...
2025-11-19 20:31:53.464 [info] Got 0 sessions for ...
2025-11-19 20:31:53.464 [info] Getting sessions for all scopes...
2025-11-19 20:31:53.464 [info] Got 0 sessions for ...
2025-11-19 20:31:53.589 [info] Getting sessions for all scopes...
2025-11-19 20:31:53.589 [info] Got 0 sessions for ...
2025-11-19 20:31:55.160 [info] Getting sessions for all scopes...
2025-11-19 20:31:55.160 [info] Got 0 sessions for ...
2025-11-19 20:32:01.629 [info] Reading sessions from keychain...
2025-11-19 20:32:01.629 [info] Getting sessions for all scopes...
2025-11-19 20:32:01.629 [info] Got 0 sessions for ...
2025-11-19 20:32:01.629 [info] Getting sessions for all scopes...
2025-11-19 20:32:01.629 [info] Got 0 sessions for ...
2025-11-19 20:32:01.629 [info] Getting sessions for all scopes...
2025-11-19 20:32:01.629 [info] Got 0 sessions for ...
2025-11-19 20:32:01.629 [info] Getting sessions for all scopes...
2025-11-19 20:32:01.629 [info] Got 0 sessions for ...
2025-11-19 20:32:01.640 [info] Getting sessions for all scopes...
2025-11-19 20:32:01.640 [info] Got 0 sessions for ...
2025-11-19 20:32:01.640 [info] Getting sessions for all scopes...
2025-11-19 20:32:01.640 [info] Got 0 sessions for ...
2025-11-19 20:32:01.640 [info] Getting sessions for all scopes...
2025-11-19 20:32:01.640 [info] Got 0 sessions for ...
2025-11-19 20:32:01.640 [info] Getting sessions for all scopes...
2025-11-19 20:32:01.640 [info] Got 0 sessions for ...
2025-11-19 20:32:01.640 [info] Getting sessions for all scopes...
2025-11-19 20:32:01.640 [info] Got 0 sessions for ...
2025-11-19 20:32:01.653 [info] Getting sessions for all scopes...
2025-11-19 20:32:01.653 [info] Got 0 sessions for ...
2025-11-19 20:32:01.653 [info] Getting sessions for all scopes...
2025-11-19 20:32:01.653 [info] Got 0 sessions for ...
2025-11-19 20:32:01.653 [info] Getting sessions for all scopes...
2025-11-19 20:32:01.653 [info] Got 0 sessions for ...
2025-11-19 20:32:01.654 [info] Getting sessions for all scopes...
2025-11-19 20:32:01.654 [info] Got 0 sessions for ...
2025-11-19 20:32:01.654 [info] Getting sessions for all scopes...
2025-11-19 20:32:01.654 [info] Got 0 sessions for ...
2025-11-19 20:32:01.654 [info] Getting sessions for all scopes...
2025-11-19 20:32:01.654 [info] Got 0 sessions for ...
2025-11-19 20:32:01.817 [info] Getting sessions for all scopes...
2025-11-19 20:32:01.817 [info] Got 0 sessions for ...
2025-11-19 20:32:03.380 [info] Getting sessions for read:user,repo,user:email,workflow...
2025-11-19 20:32:03.380 [info] Got 0 sessions for read:user,repo,user:email,workflow...
2025-11-19 20:32:03.531 [info] Getting sessions for all scopes...
2025-11-19 20:32:03.531 [info] Got 0 sessions for ...
2025-11-19 20:32:05.209 [info] Getting sessions for read:user,repo,user:email,workflow...
2025-11-19 20:32:05.209 [info] Got 0 sessions for read:user,repo,user:email,workflow...
